<?xml version="1.0" encoding="UTF-8"?>
<OmniDataTransform xmlns="http://soap.sforce.com/2006/04/metadata">
    <active>true</active>
    <assignmentRulesUsed>false</assignmentRulesUsed>
    <deletedOnSuccess>false</deletedOnSuccess>
    <description>Creates the card replacement case record. Part of the RegE demo.</description>
    <errorIgnored>false</errorIgnored>
    <fieldLevelSecurityEnabled>false</fieldLevelSecurityEnabled>
    <inputType>JSON</inputType>
    <name>createCardReplacementCase</name>
    <nullInputsIncludedInOutput>false</nullInputsIncludedInOutput>
    <omniDataTransformItem>
        <disabled>false</disabled>
        <filterGroup>0.0</filterGroup>
        <globalKey>401ce528-0b6f-4b0b-ac01-adf786eec407</globalKey>
        <inputFieldName>CaseStatus</inputFieldName>
        <inputObjectQuerySequence>0.0</inputObjectQuerySequence>
        <linkedObjectSequence>0.0</linkedObjectSequence>
        <name>createCardReplacementCase</name>
        <outputCreationSequence>1.0</outputCreationSequence>
        <outputFieldName>Status</outputFieldName>
        <outputObjectName>Case</outputObjectName>
        <requiredForUpsert>false</requiredForUpsert>
        <upsertKey>false</upsertKey>
    </omniDataTransformItem>
    <omniDataTransformItem>
        <disabled>false</disabled>
        <filterGroup>0.0</filterGroup>
        <globalKey>09a1dd04-633a-4f2c-ac87-dadad1c38a35</globalKey>
        <inputFieldName>CaseSLAStartDate</inputFieldName>
        <inputObjectQuerySequence>0.0</inputObjectQuerySequence>
        <linkedObjectSequence>0.0</linkedObjectSequence>
        <name>createCardReplacementCase</name>
        <outputCreationSequence>1.0</outputCreationSequence>
        <outputFieldName>SlaStartDate</outputFieldName>
        <outputObjectName>Case</outputObjectName>
        <requiredForUpsert>false</requiredForUpsert>
        <upsertKey>false</upsertKey>
    </omniDataTransformItem>
    <omniDataTransformItem>
        <disabled>false</disabled>
        <filterGroup>0.0</filterGroup>
        <globalKey>c4e53d66-21d8-4b44-98ef-51b57eba7bac</globalKey>
        <inputFieldName>CaseRequestMethod</inputFieldName>
        <inputObjectQuerySequence>0.0</inputObjectQuerySequence>
        <linkedObjectSequence>0.0</linkedObjectSequence>
        <name>createCardReplacementCase</name>
        <outputCreationSequence>1.0</outputCreationSequence>
        <outputFieldName>Request_Method__c</outputFieldName>
        <outputObjectName>Case</outputObjectName>
        <requiredForUpsert>false</requiredForUpsert>
        <upsertKey>false</upsertKey>
    </omniDataTransformItem>
    <omniDataTransformItem>
        <disabled>false</disabled>
        <filterGroup>0.0</filterGroup>
        <globalKey>f09712c1-7ea8-4ba7-8e2b-9993f33e5137</globalKey>
        <inputFieldName>CaseRecordTypeName</inputFieldName>
        <inputObjectQuerySequence>0.0</inputObjectQuerySequence>
        <linkedObjectSequence>0.0</linkedObjectSequence>
        <lookupByFieldName>Name</lookupByFieldName>
        <lookupObjectName>RecordType</lookupObjectName>
        <lookupReturnedFieldName>Id</lookupReturnedFieldName>
        <name>createCardReplacementCase</name>
        <outputCreationSequence>1.0</outputCreationSequence>
        <outputFieldName>RecordTypeId</outputFieldName>
        <outputObjectName>Case</outputObjectName>
        <requiredForUpsert>false</requiredForUpsert>
        <upsertKey>false</upsertKey>
    </omniDataTransformItem>
    <omniDataTransformItem>
        <disabled>false</disabled>
        <filterGroup>0.0</filterGroup>
        <globalKey>f3edf6ab-35ea-4bbc-8fd4-c3384092c759</globalKey>
        <inputFieldName>CaseContactId</inputFieldName>
        <inputObjectQuerySequence>0.0</inputObjectQuerySequence>
        <linkedObjectSequence>0.0</linkedObjectSequence>
        <name>createCardReplacementCase</name>
        <outputCreationSequence>1.0</outputCreationSequence>
        <outputFieldName>ContactId</outputFieldName>
        <outputObjectName>Case</outputObjectName>
        <requiredForUpsert>false</requiredForUpsert>
        <upsertKey>false</upsertKey>
    </omniDataTransformItem>
    <omniDataTransformItem>
        <disabled>false</disabled>
        <filterGroup>0.0</filterGroup>
        <globalKey>5d2a9420-1048-47d8-a76b-0e2c04a0301d</globalKey>
        <inputFieldName>CaseTrxId</inputFieldName>
        <inputObjectQuerySequence>0.0</inputObjectQuerySequence>
        <linkedObjectSequence>0.0</linkedObjectSequence>
        <name>createCardReplacementCase</name>
        <outputCreationSequence>1.0</outputCreationSequence>
        <outputFieldName>TransactionId__c</outputFieldName>
        <outputObjectName>Case</outputObjectName>
        <requiredForUpsert>false</requiredForUpsert>
        <upsertKey>false</upsertKey>
    </omniDataTransformItem>
    <omniDataTransformItem>
        <disabled>false</disabled>
        <filterGroup>0.0</filterGroup>
        <filterOperator>=</filterOperator>
        <globalKey>0f1286a7-bd76-46bc-aa25-dfa78afc5df7</globalKey>
        <inputObjectQuerySequence>0.0</inputObjectQuerySequence>
        <linkedObjectSequence>0.0</linkedObjectSequence>
        <migrationValue>FAKEMAPPING</migrationValue>
        <name>createCardReplacementCase</name>
        <outputCreationSequence>1.0</outputCreationSequence>
        <outputFieldName>Id</outputFieldName>
        <outputObjectName>Case</outputObjectName>
        <requiredForUpsert>false</requiredForUpsert>
        <upsertKey>false</upsertKey>
    </omniDataTransformItem>
    <omniDataTransformItem>
        <disabled>false</disabled>
        <filterGroup>0.0</filterGroup>
        <globalKey>8d9bc6de-bca1-4aee-a27e-5e9815a92ad7</globalKey>
        <inputFieldName>CaseRegEFlag</inputFieldName>
        <inputObjectQuerySequence>0.0</inputObjectQuerySequence>
        <linkedObjectSequence>0.0</linkedObjectSequence>
        <name>createCardReplacementCase</name>
        <outputCreationSequence>1.0</outputCreationSequence>
        <outputFieldFormat>Boolean</outputFieldFormat>
        <outputFieldName>Subject_to_Reg_E__c</outputFieldName>
        <outputObjectName>Case</outputObjectName>
        <requiredForUpsert>false</requiredForUpsert>
        <upsertKey>false</upsertKey>
    </omniDataTransformItem>
    <omniDataTransformItem>
        <disabled>false</disabled>
        <filterGroup>0.0</filterGroup>
        <globalKey>5facf385-d6ee-4955-8aaf-92752d4c4cf9</globalKey>
        <inputFieldName>CaseFinancialAccountId</inputFieldName>
        <inputObjectQuerySequence>0.0</inputObjectQuerySequence>
        <linkedObjectSequence>0.0</linkedObjectSequence>
        <name>createCardReplacementCase</name>
        <outputCreationSequence>1.0</outputCreationSequence>
        <outputFieldName>FinServ__FinancialAccount__c</outputFieldName>
        <outputObjectName>Case</outputObjectName>
        <requiredForUpsert>false</requiredForUpsert>
        <upsertKey>false</upsertKey>
    </omniDataTransformItem>
    <omniDataTransformItem>
        <disabled>false</disabled>
        <filterGroup>0.0</filterGroup>
        <globalKey>99ea28f5-3478-436c-bcbf-f4cb3e9ed3b9</globalKey>
        <inputFieldName>CaseSubject</inputFieldName>
        <inputObjectQuerySequence>0.0</inputObjectQuerySequence>
        <linkedObjectSequence>0.0</linkedObjectSequence>
        <name>createCardReplacementCase</name>
        <outputCreationSequence>1.0</outputCreationSequence>
        <outputFieldName>Subject</outputFieldName>
        <outputObjectName>Case</outputObjectName>
        <requiredForUpsert>false</requiredForUpsert>
        <upsertKey>false</upsertKey>
    </omniDataTransformItem>
    <omniDataTransformItem>
        <disabled>false</disabled>
        <filterGroup>0.0</filterGroup>
        <globalKey>f8a8d3a0-197b-430e-bf5b-d53c494a1852</globalKey>
        <inputFieldName>CaseDescription</inputFieldName>
        <inputObjectQuerySequence>0.0</inputObjectQuerySequence>
        <linkedObjectSequence>0.0</linkedObjectSequence>
        <name>createCardReplacementCase</name>
        <outputCreationSequence>1.0</outputCreationSequence>
        <outputFieldName>Description</outputFieldName>
        <outputObjectName>Case</outputObjectName>
        <requiredForUpsert>false</requiredForUpsert>
        <upsertKey>false</upsertKey>
    </omniDataTransformItem>
    <omniDataTransformItem>
        <disabled>false</disabled>
        <filterGroup>0.0</filterGroup>
        <globalKey>e53268f4-e12d-4018-b126-2fee6f7d7366</globalKey>
        <inputFieldName>CaseCardScriptReadToCustomer</inputFieldName>
        <inputObjectQuerySequence>0.0</inputObjectQuerySequence>
        <linkedObjectSequence>0.0</linkedObjectSequence>
        <name>createCardReplacementCase</name>
        <outputCreationSequence>1.0</outputCreationSequence>
        <outputFieldName>Card_Script_Read_To_Customer__c</outputFieldName>
        <outputObjectName>Case</outputObjectName>
        <requiredForUpsert>false</requiredForUpsert>
        <upsertKey>false</upsertKey>
    </omniDataTransformItem>
    <omniDataTransformItem>
        <disabled>false</disabled>
        <filterGroup>0.0</filterGroup>
        <globalKey>902e2ad4-2482-41c4-9670-76e335566ffb</globalKey>
        <inputFieldName>additionalFields</inputFieldName>
        <inputObjectQuerySequence>0.0</inputObjectQuerySequence>
        <linkedObjectSequence>0.0</linkedObjectSequence>
        <name>createCardReplacementCase</name>
        <outputCreationSequence>1.0</outputCreationSequence>
        <outputFieldFormat>Object</outputFieldFormat>
        <outputFieldName>vlocity_ins__InteractionNotes__c</outputFieldName>
        <outputObjectName>Case</outputObjectName>
        <requiredForUpsert>false</requiredForUpsert>
        <upsertKey>false</upsertKey>
    </omniDataTransformItem>
    <omniDataTransformItem>
        <disabled>false</disabled>
        <filterGroup>0.0</filterGroup>
        <globalKey>4c5d802b-e31b-4034-ab90-ce75034ac4bc</globalKey>
        <inputFieldName>CaseAccountAccess</inputFieldName>
        <inputObjectQuerySequence>0.0</inputObjectQuerySequence>
        <linkedObjectSequence>0.0</linkedObjectSequence>
        <name>createCardReplacementCase</name>
        <outputCreationSequence>1.0</outputCreationSequence>
        <outputFieldName>Account_Access__c</outputFieldName>
        <outputObjectName>Case</outputObjectName>
        <requiredForUpsert>false</requiredForUpsert>
        <upsertKey>false</upsertKey>
    </omniDataTransformItem>
    <omniDataTransformItem>
        <defaultValue>Medium</defaultValue>
        <disabled>false</disabled>
        <filterGroup>0.0</filterGroup>
        <globalKey>8c34040f-1da2-4d15-84e9-c649b705ff3d</globalKey>
        <inputFieldName>CasePriority</inputFieldName>
        <inputObjectQuerySequence>0.0</inputObjectQuerySequence>
        <linkedObjectSequence>0.0</linkedObjectSequence>
        <name>createCardReplacementCase</name>
        <outputCreationSequence>1.0</outputCreationSequence>
        <outputFieldName>Priority</outputFieldName>
        <outputObjectName>Case</outputObjectName>
        <requiredForUpsert>false</requiredForUpsert>
        <upsertKey>false</upsertKey>
    </omniDataTransformItem>
    <omniDataTransformItem>
        <disabled>false</disabled>
        <filterGroup>0.0</filterGroup>
        <globalKey>2c2d4407-b284-4a1d-8ec1-3e4c540da4b4</globalKey>
        <inputFieldName>CaseOrigin</inputFieldName>
        <inputObjectQuerySequence>0.0</inputObjectQuerySequence>
        <linkedObjectSequence>0.0</linkedObjectSequence>
        <name>createCardReplacementCase</name>
        <outputCreationSequence>1.0</outputCreationSequence>
        <outputFieldName>Origin</outputFieldName>
        <outputObjectName>Case</outputObjectName>
        <requiredForUpsert>false</requiredForUpsert>
        <upsertKey>false</upsertKey>
    </omniDataTransformItem>
    <omniDataTransformItem>
        <disabled>false</disabled>
        <filterGroup>0.0</filterGroup>
        <globalKey>d19ae2a5-c5ef-41a4-8819-154f17701d25</globalKey>
        <inputFieldName>CasePINInformation</inputFieldName>
        <inputObjectQuerySequence>0.0</inputObjectQuerySequence>
        <linkedObjectSequence>0.0</linkedObjectSequence>
        <name>createCardReplacementCase</name>
        <outputCreationSequence>1.0</outputCreationSequence>
        <outputFieldName>PIN_Information__c</outputFieldName>
        <outputObjectName>Case</outputObjectName>
        <requiredForUpsert>false</requiredForUpsert>
        <upsertKey>false</upsertKey>
    </omniDataTransformItem>
    <omniDataTransformItem>
        <disabled>false</disabled>
        <filterGroup>0.0</filterGroup>
        <globalKey>82e95353-253c-40b5-8a28-7916345610ee</globalKey>
        <inputFieldName>CaseReason</inputFieldName>
        <inputObjectQuerySequence>0.0</inputObjectQuerySequence>
        <linkedObjectSequence>0.0</linkedObjectSequence>
        <name>createCardReplacementCase</name>
        <outputCreationSequence>1.0</outputCreationSequence>
        <outputFieldName>Type</outputFieldName>
        <outputObjectName>Case</outputObjectName>
        <requiredForUpsert>false</requiredForUpsert>
        <upsertKey>false</upsertKey>
    </omniDataTransformItem>
    <omniDataTransformItem>
        <disabled>false</disabled>
        <filterGroup>0.0</filterGroup>
        <globalKey>362c2ada-a1cf-496b-9a3d-162d4f4b8223</globalKey>
        <inputFieldName>CaseAccountId</inputFieldName>
        <inputObjectQuerySequence>0.0</inputObjectQuerySequence>
        <linkedObjectSequence>0.0</linkedObjectSequence>
        <name>createCardReplacementCase</name>
        <outputCreationSequence>1.0</outputCreationSequence>
        <outputFieldName>AccountId</outputFieldName>
        <outputObjectName>Case</outputObjectName>
        <requiredForUpsert>false</requiredForUpsert>
        <upsertKey>false</upsertKey>
    </omniDataTransformItem>
    <omniDataTransformItem>
        <defaultValue>$Vlocity.NOW</defaultValue>
        <disabled>false</disabled>
        <filterGroup>0.0</filterGroup>
        <globalKey>bf439618-fb91-4362-8c64-95ad9535aa60</globalKey>
        <inputObjectQuerySequence>0.0</inputObjectQuerySequence>
        <linkedObjectSequence>0.0</linkedObjectSequence>
        <name>createCardReplacementCase</name>
        <outputCreationSequence>1.0</outputCreationSequence>
        <outputFieldName>Notification_Date__c</outputFieldName>
        <outputObjectName>Case</outputObjectName>
        <requiredForUpsert>false</requiredForUpsert>
        <upsertKey>false</upsertKey>
    </omniDataTransformItem>
    <omniDataTransformItem>
        <disabled>false</disabled>
        <filterGroup>0.0</filterGroup>
        <globalKey>4f83f2b9-89b5-4b18-80c0-d88488aa4958</globalKey>
        <inputFieldName>CaseFinancialAccountType</inputFieldName>
        <inputObjectQuerySequence>0.0</inputObjectQuerySequence>
        <linkedObjectSequence>0.0</linkedObjectSequence>
        <name>createCardReplacementCase</name>
        <outputCreationSequence>1.0</outputCreationSequence>
        <outputFieldName>Transaction_Type__c</outputFieldName>
        <outputObjectName>Case</outputObjectName>
        <requiredForUpsert>false</requiredForUpsert>
        <upsertKey>false</upsertKey>
    </omniDataTransformItem>
    <omniDataTransformItem>
        <disabled>false</disabled>
        <filterGroup>0.0</filterGroup>
        <globalKey>646114ec-6034-49f0-af98-7717ee35106c</globalKey>
        <inputFieldName>CaseStatementToDays</inputFieldName>
        <inputObjectQuerySequence>0.0</inputObjectQuerySequence>
        <linkedObjectSequence>0.0</linkedObjectSequence>
        <name>createCardReplacementCase</name>
        <outputCreationSequence>1.0</outputCreationSequence>
        <outputFieldName>LastStatementToReported__c</outputFieldName>
        <outputObjectName>Case</outputObjectName>
        <requiredForUpsert>false</requiredForUpsert>
        <upsertKey>false</upsertKey>
    </omniDataTransformItem>
    <outputType>SObject</outputType>
    <previewJsonData>{
  &quot;CaseAccountAccess&quot; : &quot;Checking &amp; Saving&quot;,
  &quot;CaseAccountId&quot; : &quot;0014W000024fX5xQAE&quot;,
  &quot;CaseCardScriptReadToCustomer&quot; : true,
  &quot;CaseContactId&quot; : &quot;0034W00002DFUmzQAH&quot;,
  &quot;CaseDescription&quot; : &quot;Fraud - SectionII; hkjhkjh&quot;,
  &quot;CaseFinancialAccountId&quot; : &quot;a4l4W0000026TmTQAU&quot;,
  &quot;CaseFinancialAccountType&quot; : &quot;Checking&quot;,
  &quot;CaseOrigin&quot; : &quot;Phone&quot;,
  &quot;CasePINInformation&quot; : &quot;Same&quot;,
  &quot;CasePriority&quot; : &quot;High&quot;,
  &quot;CaseReason&quot; : &quot;Card Replacement&quot;,
  &quot;CaseRecordTypeName&quot; : &quot;Lost Stolen Card&quot;,
  &quot;CaseRegEFlag&quot; : true,
  &quot;CaseRequestMethod&quot; : &quot;Oral&quot;,
  &quot;CaseStatementToDays&quot; : 26,
  &quot;CaseStatus&quot; : &quot;Lost - on hold&quot;,
  &quot;CaseSubject&quot; : &quot;Card Replacement&quot;,
  &quot;additionalFields&quot; : {
    &quot;OrderDispute&quot; : &quot;Yes&quot;,
    &quot;PortionDisputed&quot; : 89,
    &quot;RecurringCharge&quot; : &quot;No&quot;,
    &quot;SectionChosen&quot; : &quot;SectionII&quot;,
    &quot;SubscriptionCharge&quot; : &quot;Yes&quot;,
    &quot;SuspiciousActivity&quot; : &quot;No&quot;,
    &quot;TransactionId&quot; : &quot;100115011&quot;,
    &quot;TrxDate&quot; : &quot;2020-08-31&quot;,
    &quot;TrxDescription&quot; : &quot;GINOS PIZZA&quot;,
    &quot;TrxSourceCode&quot; : &quot;DEB&quot;,
    &quot;TrxWithdrawalAmt&quot; : 567.89
  }
}</previewJsonData>
    <processSuperBulk>false</processSuperBulk>
    <responseCacheTtlMinutes>0.0</responseCacheTtlMinutes>
    <rollbackOnError>false</rollbackOnError>
    <sourceObject>json</sourceObject>
    <sourceObjectDefault>false</sourceObjectDefault>
    <synchronousProcessThreshold>-1.0</synchronousProcessThreshold>
    <type>Load</type>
    <uniqueName>createCardReplacementCase_1</uniqueName>
    <versionNumber>1.0</versionNumber>
    <xmlDeclarationRemoved>false</xmlDeclarationRemoved>
</OmniDataTransform>
