<?xml version="1.0" encoding="UTF-8"?>
<OmniDataTransform xmlns="http://soap.sforce.com/2006/04/metadata">
    <active>false</active>
    <assignmentRulesUsed>false</assignmentRulesUsed>
    <deletedOnSuccess>false</deletedOnSuccess>
    <description>Creates cases and individual applications.</description>
    <errorIgnored>false</errorIgnored>
    <fieldLevelSecurityEnabled>false</fieldLevelSecurityEnabled>
    <inputType>JSON</inputType>
    <name>CreateIndividualApplicationAndRelatedRecordsDCT</name>
    <nullInputsIncludedInOutput>false</nullInputsIncludedInOutput>
    <omniDataTransformItem>
        <defaultValue>Submitted</defaultValue>
        <disabled>false</disabled>
        <filterGroup>0.0</filterGroup>
        <globalKey>CreateIndividualApplicationAndRelatedRecordsDCTCustom0jI4V000000CdPHUA0Item3</globalKey>
        <inputObjectQuerySequence>0.0</inputObjectQuerySequence>
        <linkedObjectSequence>0.0</linkedObjectSequence>
        <name>CreateIndividualApplicationAndRelatedRecordsDCT</name>
        <outputCreationSequence>2.0</outputCreationSequence>
        <outputFieldFormat>String</outputFieldFormat>
        <outputFieldName>Status</outputFieldName>
        <outputObjectName>IndividualApplication</outputObjectName>
        <requiredForUpsert>false</requiredForUpsert>
        <upsertKey>false</upsertKey>
    </omniDataTransformItem>
    <omniDataTransformItem>
        <disabled>false</disabled>
        <filterGroup>0.0</filterGroup>
        <filterOperator>=</filterOperator>
        <globalKey>CreateIndividualApplicationAndRelatedRecordsDCTCustom0jI4V000000CdPHUA0Item4</globalKey>
        <inputObjectQuerySequence>0.0</inputObjectQuerySequence>
        <linkedFieldName>Id</linkedFieldName>
        <linkedObjectSequence>1.0</linkedObjectSequence>
        <migrationValue>FAKEMAPPING</migrationValue>
        <name>CreateIndividualApplicationAndRelatedRecordsDCT</name>
        <outputCreationSequence>2.0</outputCreationSequence>
        <outputFieldName>ApplicationCaseId</outputFieldName>
        <outputObjectName>IndividualApplication</outputObjectName>
        <requiredForUpsert>false</requiredForUpsert>
        <upsertKey>false</upsertKey>
    </omniDataTransformItem>
    <omniDataTransformItem>
        <disabled>false</disabled>
        <filterGroup>0.0</filterGroup>
        <globalKey>CreateIndividualApplicationAndRelatedRecordsDCTCustom0jI4V000000CdPHUA0Item5</globalKey>
        <inputFieldName>CaseSubject</inputFieldName>
        <inputObjectQuerySequence>0.0</inputObjectQuerySequence>
        <linkedObjectSequence>0.0</linkedObjectSequence>
        <name>CreateIndividualApplicationAndRelatedRecordsDCT</name>
        <outputCreationSequence>1.0</outputCreationSequence>
        <outputFieldName>Subject</outputFieldName>
        <outputObjectName>Case</outputObjectName>
        <requiredForUpsert>false</requiredForUpsert>
        <upsertKey>false</upsertKey>
    </omniDataTransformItem>
    <omniDataTransformItem>
        <defaultValue>Submitted</defaultValue>
        <disabled>false</disabled>
        <filterGroup>0.0</filterGroup>
        <globalKey>CreateIndividualApplicationAndRelatedRecordsDCTCustom0jI4V000000CdPHUA0Item6</globalKey>
        <inputObjectQuerySequence>0.0</inputObjectQuerySequence>
        <linkedObjectSequence>0.0</linkedObjectSequence>
        <name>CreateIndividualApplicationAndRelatedRecordsDCT</name>
        <outputCreationSequence>1.0</outputCreationSequence>
        <outputFieldFormat>String</outputFieldFormat>
        <outputFieldName>Status</outputFieldName>
        <outputObjectName>Case</outputObjectName>
        <requiredForUpsert>false</requiredForUpsert>
        <upsertKey>false</upsertKey>
    </omniDataTransformItem>
    <omniDataTransformItem>
        <defaultValue>Web</defaultValue>
        <disabled>false</disabled>
        <filterGroup>0.0</filterGroup>
        <globalKey>CreateIndividualApplicationAndRelatedRecordsDCTCustom0jI4V000000CdPHUA0Item7</globalKey>
        <inputObjectQuerySequence>0.0</inputObjectQuerySequence>
        <linkedObjectSequence>0.0</linkedObjectSequence>
        <name>CreateIndividualApplicationAndRelatedRecordsDCT</name>
        <outputCreationSequence>1.0</outputCreationSequence>
        <outputFieldFormat>String</outputFieldFormat>
        <outputFieldName>Origin</outputFieldName>
        <outputObjectName>Case</outputObjectName>
        <requiredForUpsert>false</requiredForUpsert>
        <upsertKey>false</upsertKey>
    </omniDataTransformItem>
    <omniDataTransformItem>
        <defaultValue>Benefit</defaultValue>
        <disabled>false</disabled>
        <filterGroup>0.0</filterGroup>
        <globalKey>CreateIndividualApplicationAndRelatedRecordsDCTCustom0jI4V000000CdPHUA0Item8</globalKey>
        <inputObjectQuerySequence>0.0</inputObjectQuerySequence>
        <linkedObjectSequence>0.0</linkedObjectSequence>
        <name>CreateIndividualApplicationAndRelatedRecordsDCT</name>
        <outputCreationSequence>2.0</outputCreationSequence>
        <outputFieldFormat>String</outputFieldFormat>
        <outputFieldName>Category</outputFieldName>
        <outputObjectName>IndividualApplication</outputObjectName>
        <requiredForUpsert>false</requiredForUpsert>
        <upsertKey>false</upsertKey>
    </omniDataTransformItem>
    <omniDataTransformItem>
        <disabled>false</disabled>
        <filterGroup>0.0</filterGroup>
        <formulaConverted>| NOW</formulaConverted>
        <formulaExpression>NOW()</formulaExpression>
        <formulaResultPath>AppliedDate</formulaResultPath>
        <formulaSequence>2.0</formulaSequence>
        <globalKey>CreateIndividualApplicationAndRelatedRecordsDCTCustom0jI4V000000CdPHUA0Item9</globalKey>
        <inputObjectQuerySequence>0.0</inputObjectQuerySequence>
        <linkedObjectSequence>0.0</linkedObjectSequence>
        <name>CreateIndividualApplicationAndRelatedRecordsDCT</name>
        <outputCreationSequence>0.0</outputCreationSequence>
        <outputFieldName>Formula</outputFieldName>
        <outputObjectName>Formula</outputObjectName>
        <requiredForUpsert>false</requiredForUpsert>
        <upsertKey>false</upsertKey>
    </omniDataTransformItem>
    <omniDataTransformItem>
        <disabled>false</disabled>
        <filterGroup>0.0</filterGroup>
        <filterOperator>=</filterOperator>
        <globalKey>CreateIndividualApplicationAndRelatedRecordsDCTCustom0jI4V000000CdPHUA0Item10</globalKey>
        <inputObjectQuerySequence>0.0</inputObjectQuerySequence>
        <linkedObjectSequence>0.0</linkedObjectSequence>
        <migrationValue>FAKEMAPPING</migrationValue>
        <name>CreateIndividualApplicationAndRelatedRecordsDCT</name>
        <outputCreationSequence>2.0</outputCreationSequence>
        <outputFieldName>Id</outputFieldName>
        <outputObjectName>IndividualApplication</outputObjectName>
        <requiredForUpsert>false</requiredForUpsert>
        <upsertKey>false</upsertKey>
    </omniDataTransformItem>
    <omniDataTransformItem>
        <disabled>false</disabled>
        <filterGroup>0.0</filterGroup>
        <filterOperator>=</filterOperator>
        <globalKey>CreateIndividualApplicationAndRelatedRecordsDCTCustom0jI4V000000CdPHUA0Item11</globalKey>
        <inputObjectQuerySequence>0.0</inputObjectQuerySequence>
        <linkedObjectSequence>0.0</linkedObjectSequence>
        <migrationValue>FAKEMAPPING</migrationValue>
        <name>CreateIndividualApplicationAndRelatedRecordsDCT</name>
        <outputCreationSequence>1.0</outputCreationSequence>
        <outputFieldName>Id</outputFieldName>
        <outputObjectName>Case</outputObjectName>
        <requiredForUpsert>false</requiredForUpsert>
        <upsertKey>false</upsertKey>
    </omniDataTransformItem>
    <omniDataTransformItem>
        <disabled>false</disabled>
        <filterGroup>0.0</filterGroup>
        <globalKey>CreateIndividualApplicationAndRelatedRecordsDCTCustom0jI4V000000CdPHUA0Item12</globalKey>
        <inputFieldName>User:AccountId</inputFieldName>
        <inputObjectQuerySequence>0.0</inputObjectQuerySequence>
        <linkedObjectSequence>0.0</linkedObjectSequence>
        <name>CreateIndividualApplicationAndRelatedRecordsDCT</name>
        <outputCreationSequence>2.0</outputCreationSequence>
        <outputFieldName>AccountId</outputFieldName>
        <outputObjectName>IndividualApplication</outputObjectName>
        <requiredForUpsert>true</requiredForUpsert>
        <upsertKey>false</upsertKey>
    </omniDataTransformItem>
    <omniDataTransformItem>
        <disabled>false</disabled>
        <filterGroup>0.0</filterGroup>
        <formulaConverted>var:HeadOfHouseholdDetails:HeadOfHouseholdDetailsInputBlock:HeadOfHouseholdName &quot;_LIHEAP&quot; +</formulaConverted>
        <formulaExpression>HeadOfHouseholdDetails:HeadOfHouseholdDetailsInputBlock:HeadOfHouseholdName+&quot;_LIHEAP&quot;</formulaExpression>
        <formulaResultPath>CaseSubject</formulaResultPath>
        <formulaSequence>1.0</formulaSequence>
        <globalKey>CreateIndividualApplicationAndRelatedRecordsDCTCustom0jI4V000000CdPHUA0Item0</globalKey>
        <inputObjectQuerySequence>0.0</inputObjectQuerySequence>
        <linkedObjectSequence>0.0</linkedObjectSequence>
        <name>CreateIndividualApplicationAndRelatedRecordsDCT</name>
        <outputCreationSequence>0.0</outputCreationSequence>
        <outputFieldName>Formula</outputFieldName>
        <outputObjectName>Formula</outputObjectName>
        <requiredForUpsert>false</requiredForUpsert>
        <upsertKey>false</upsertKey>
    </omniDataTransformItem>
    <omniDataTransformItem>
        <disabled>false</disabled>
        <filterGroup>0.0</filterGroup>
        <globalKey>CreateIndividualApplicationAndRelatedRecordsDCTCustom0jI4V000000CdPHUA0Item1</globalKey>
        <inputFieldName>AppliedDate</inputFieldName>
        <inputObjectQuerySequence>0.0</inputObjectQuerySequence>
        <linkedObjectSequence>0.0</linkedObjectSequence>
        <name>CreateIndividualApplicationAndRelatedRecordsDCT</name>
        <outputCreationSequence>2.0</outputCreationSequence>
        <outputFieldName>AppliedDate</outputFieldName>
        <outputObjectName>IndividualApplication</outputObjectName>
        <requiredForUpsert>false</requiredForUpsert>
        <upsertKey>false</upsertKey>
    </omniDataTransformItem>
    <omniDataTransformItem>
        <disabled>false</disabled>
        <filterGroup>0.0</filterGroup>
        <globalKey>CreateIndividualApplicationAndRelatedRecordsDCTCustom0jI4V000000CdPHUA0Item2</globalKey>
        <inputFieldName>DRId_PreliminaryApplicationRef</inputFieldName>
        <inputObjectQuerySequence>0.0</inputObjectQuerySequence>
        <linkedObjectSequence>0.0</linkedObjectSequence>
        <name>CreateIndividualApplicationAndRelatedRecordsDCT</name>
        <outputCreationSequence>2.0</outputCreationSequence>
        <outputFieldName>SavedApplicationRefId</outputFieldName>
        <outputObjectName>IndividualApplication</outputObjectName>
        <requiredForUpsert>false</requiredForUpsert>
        <upsertKey>false</upsertKey>
    </omniDataTransformItem>
    <outputType>SObject</outputType>
    <processSuperBulk>false</processSuperBulk>
    <responseCacheTtlMinutes>0.0</responseCacheTtlMinutes>
    <rollbackOnError>true</rollbackOnError>
    <sourceObject>json</sourceObject>
    <sourceObjectDefault>false</sourceObjectDefault>
    <synchronousProcessThreshold>0.0</synchronousProcessThreshold>
    <type>Load</type>
    <uniqueName>CreateIndividualApplicationAndRelatedRecordsDCT_1</uniqueName>
    <versionNumber>1.0</versionNumber>
    <xmlDeclarationRemoved>false</xmlDeclarationRemoved>
</OmniDataTransform>
