<?xml version="1.0" encoding="UTF-8"?>
<OmniDataTransform xmlns="http://soap.sforce.com/2006/04/metadata">
    <active>true</active>
    <assignmentRulesUsed>false</assignmentRulesUsed>
    <deletedOnSuccess>false</deletedOnSuccess>
    <description>Creates the action plans based on the previously retrieved template Ids for the RegE process.</description>
    <errorIgnored>false</errorIgnored>
    <expectedInputJson>{
  &quot;Name&quot; : &quot;y&quot;,
  &quot;actionPlanTemplateVersionId&quot; : &quot;z&quot;,
  &quot;caseId&quot; : &quot;x&quot;
}</expectedInputJson>
    <fieldLevelSecurityEnabled>false</fieldLevelSecurityEnabled>
    <inputType>JSON</inputType>
    <name>createRegEActionPlan</name>
    <nullInputsIncludedInOutput>false</nullInputsIncludedInOutput>
    <omniDataTransformItem>
        <disabled>false</disabled>
        <filterGroup>0.0</filterGroup>
        <globalKey>0e1cc94d-44b7-44c2-8d22-4a83b9ab697e</globalKey>
        <inputFieldName>templateVersionId</inputFieldName>
        <inputObjectQuerySequence>0.0</inputObjectQuerySequence>
        <linkedObjectSequence>0.0</linkedObjectSequence>
        <name>createRegEActionPlan</name>
        <outputCreationSequence>1.0</outputCreationSequence>
        <outputFieldName>ActionPlanTemplateVersionId</outputFieldName>
        <outputObjectName>ActionPlan</outputObjectName>
        <requiredForUpsert>false</requiredForUpsert>
        <upsertKey>false</upsertKey>
    </omniDataTransformItem>
    <omniDataTransformItem>
        <defaultValue>$Vlocity.TODAY</defaultValue>
        <disabled>false</disabled>
        <filterGroup>0.0</filterGroup>
        <globalKey>f6596609-8c1f-4f1d-907e-885e1e371eb0</globalKey>
        <inputObjectQuerySequence>0.0</inputObjectQuerySequence>
        <linkedObjectSequence>0.0</linkedObjectSequence>
        <name>createRegEActionPlan</name>
        <outputCreationSequence>1.0</outputCreationSequence>
        <outputFieldName>StartDate</outputFieldName>
        <outputObjectName>ActionPlan</outputObjectName>
        <requiredForUpsert>false</requiredForUpsert>
        <upsertKey>false</upsertKey>
    </omniDataTransformItem>
    <omniDataTransformItem>
        <disabled>false</disabled>
        <filterGroup>0.0</filterGroup>
        <globalKey>c671c9ad-a8cc-49e8-9665-0615bca010a9</globalKey>
        <inputFieldName>Name</inputFieldName>
        <inputObjectQuerySequence>0.0</inputObjectQuerySequence>
        <linkedObjectSequence>0.0</linkedObjectSequence>
        <name>createRegEActionPlan</name>
        <outputCreationSequence>1.0</outputCreationSequence>
        <outputFieldName>Name</outputFieldName>
        <outputObjectName>ActionPlan</outputObjectName>
        <requiredForUpsert>false</requiredForUpsert>
        <upsertKey>true</upsertKey>
    </omniDataTransformItem>
    <omniDataTransformItem>
        <disabled>false</disabled>
        <filterGroup>0.0</filterGroup>
        <filterOperator>=</filterOperator>
        <globalKey>febb0073-69c3-449e-96e4-c477125c1f94</globalKey>
        <inputObjectQuerySequence>0.0</inputObjectQuerySequence>
        <linkedObjectSequence>0.0</linkedObjectSequence>
        <migrationValue>FAKEMAPPING</migrationValue>
        <name>createRegEActionPlan</name>
        <outputCreationSequence>1.0</outputCreationSequence>
        <outputFieldName>Id</outputFieldName>
        <outputObjectName>ActionPlan</outputObjectName>
        <requiredForUpsert>false</requiredForUpsert>
        <upsertKey>false</upsertKey>
    </omniDataTransformItem>
    <omniDataTransformItem>
        <defaultValue>Industries</defaultValue>
        <disabled>false</disabled>
        <filterGroup>0.0</filterGroup>
        <globalKey>ffb6e109-0a76-4897-8f31-512b8ae6a35a</globalKey>
        <inputObjectQuerySequence>0.0</inputObjectQuerySequence>
        <linkedObjectSequence>0.0</linkedObjectSequence>
        <name>createRegEActionPlan</name>
        <outputCreationSequence>1.0</outputCreationSequence>
        <outputFieldName>ActionPlanType</outputFieldName>
        <outputObjectName>ActionPlan</outputObjectName>
        <requiredForUpsert>false</requiredForUpsert>
        <upsertKey>false</upsertKey>
    </omniDataTransformItem>
    <omniDataTransformItem>
        <disabled>false</disabled>
        <filterGroup>0.0</filterGroup>
        <globalKey>71f1a1ca-cc0a-4e3a-9aec-46b9a5a7ad3a</globalKey>
        <inputFieldName>caseId</inputFieldName>
        <inputObjectQuerySequence>0.0</inputObjectQuerySequence>
        <linkedObjectSequence>0.0</linkedObjectSequence>
        <name>createRegEActionPlan</name>
        <outputCreationSequence>1.0</outputCreationSequence>
        <outputFieldName>TargetId</outputFieldName>
        <outputObjectName>ActionPlan</outputObjectName>
        <requiredForUpsert>false</requiredForUpsert>
        <upsertKey>true</upsertKey>
    </omniDataTransformItem>
    <outputType>SObject</outputType>
    <previewJsonData>{
  &quot;Name&quot; : &quot;Provisional Credit - Ad&quot;,
  &quot;caseId&quot; : &quot;5005f00000HvPg2AAF&quot;,
  &quot;templateVersionId&quot; : &quot;0PT5f000000sulFGAQ&quot;
}</previewJsonData>
    <processSuperBulk>false</processSuperBulk>
    <responseCacheTtlMinutes>0.0</responseCacheTtlMinutes>
    <rollbackOnError>false</rollbackOnError>
    <sourceObject>json</sourceObject>
    <sourceObjectDefault>false</sourceObjectDefault>
    <synchronousProcessThreshold>0.0</synchronousProcessThreshold>
    <type>Load</type>
    <uniqueName>createRegEActionPlan_1</uniqueName>
    <versionNumber>1.0</versionNumber>
    <xmlDeclarationRemoved>false</xmlDeclarationRemoved>
</OmniDataTransform>
