<?xml version="1.0" encoding="UTF-8"?>
<OmniDataTransform xmlns="http://soap.sforce.com/2006/04/metadata">
    <active>true</active>
    <assignmentRulesUsed>true</assignmentRulesUsed>
    <deletedOnSuccess>false</deletedOnSuccess>
    <errorIgnored>false</errorIgnored>
    <expectedInputJson>{
  &quot;omniscriptId&quot; : &quot;0jNHn0000008byfMAA&quot;,
  &quot;language&quot; : &quot;English&quot;,
  &quot;type&quot; : &quot;Commercial&quot;,
  &quot;runMode&quot; : &quot;preview&quot;,
  &quot;sId&quot; : &quot;0jNHn0000008byfMAA&quot;,
  &quot;theme&quot; : &quot;lightning&quot;,
  &quot;subType&quot; : &quot;AccountChange&quot;,
  &quot;timeStamp&quot; : &quot;2023-07-26T21:37:56.901Z&quot;,
  &quot;userProfile&quot; : &quot;System Administrator&quot;,
  &quot;userTimeZoneName&quot; : &quot;America/Los_Angeles&quot;,
  &quot;userTimeZone&quot; : &quot;-420&quot;,
  &quot;userCurrencyCode&quot; : &quot;USD&quot;,
  &quot;userName&quot; : &quot;admin@nxgcb244r2dev.ido&quot;,
  &quot;userId&quot; : &quot;005Hn00000GvBlaIAF&quot;,
  &quot;omniProcessId&quot; : &quot;0jNHn0000008byfMAA&quot;,
  &quot;localTimeZoneName&quot; : &quot;America/Los_Angeles&quot;,
  &quot;StNewUser&quot; : {
    &quot;Type&quot; : &quot;Transactor&quot;,
    &quot;Block1&quot; : {
      &quot;IdentificationNumber&quot; : &quot;CA -267282L&quot;,
      &quot;TextIdentificationType&quot; : &quot;Driver&apos;s License&quot;,
      &quot;TextIssuingBody&quot; : &quot;California&quot;
    },
    &quot;Email&quot; : &quot;tbaker@example.com&quot;,
    &quot;LastName&quot; : &quot;Baker&quot;,
    &quot;FirstName&quot; : &quot;Tim&quot;
  },
  &quot;StNewService&quot; : {
    &quot;NewServices&quot; : &quot;ACH Origination;Lockbox&quot;,
    &quot;FormulaNewServiceACHOrigination&quot; : true,
    &quot;FormulaNewServiceWireOrigination&quot; : false,
    &quot;FormulaNewServiceRDC&quot; : false,
    &quot;FormulaNewServiceLockbox&quot; : true,
    &quot;FormulaNewServicePositivePay&quot; : false,
    &quot;FormulaNewServiceOnlineBanking&quot; : false,
    &quot;Block2&quot; : {
      &quot;Transaction Type&quot; : null,
      &quot;Subject&quot; : &quot;Add ACH Origination Services&quot;,
      &quot;Return Notification&quot; : &quot;Online&quot;,
      &quot;Transaction Limits&quot; : 25000
    }
  },
  &quot;DomesticPaymentsName&quot; : &quot;Domestic Payments Enrollment&quot;,
  &quot;DomesticKycID&quot; : &quot;0jNHn0000008bEqMAI&quot;,
  &quot;ContextId&quot; : &quot;001Hn00001udQRiIAM&quot;,
  &quot;CashMgmtEnrollmentId&quot; : &quot;0jNHn0000008bElMAI&quot;,
  &quot;CashMgmtEnrollmentName&quot; : &quot;Online Cash Management Enrollment&quot;,
  &quot;DomesticKycName&quot; : &quot;Domestic Payments KYC&quot;,
  &quot;DomesticPaymentsId&quot; : &quot;0jNHn0000008bEvMAI&quot;,
  &quot;StUpdateOptions&quot; : {
    &quot;SelectedOptions&quot; : &quot;Add New User/Signer;Add New Service&quot;,
    &quot;FormulaIsNewUser&quot; : true,
    &quot;FormulaIsRemoveUser&quot; : false,
    &quot;FormulaIsAddNewService&quot; : true,
    &quot;FormulaIsRemoveExistingService&quot; : false,
    &quot;FormulaIsOrderChecks&quot; : false
  }
}</expectedInputJson>
    <fieldLevelSecurityEnabled>false</fieldLevelSecurityEnabled>
    <inputType>JSON</inputType>
    <name>CreateCase</name>
    <nullInputsIncludedInOutput>false</nullInputsIncludedInOutput>
    <omniDataTransformItem>
        <disabled>false</disabled>
        <filterGroup>0.0</filterGroup>
        <globalKey>CreateCaseCustom9126</globalKey>
        <inputFieldName>userId</inputFieldName>
        <inputObjectQuerySequence>0.0</inputObjectQuerySequence>
        <linkedObjectSequence>0.0</linkedObjectSequence>
        <name>CreateCase</name>
        <outputCreationSequence>1.0</outputCreationSequence>
        <outputFieldName>OwnerId</outputFieldName>
        <outputObjectName>Case</outputObjectName>
        <requiredForUpsert>false</requiredForUpsert>
        <upsertKey>false</upsertKey>
    </omniDataTransformItem>
    <omniDataTransformItem>
        <disabled>false</disabled>
        <filterGroup>0.0</filterGroup>
        <globalKey>CreateCaseCustom5405</globalKey>
        <inputFieldName>StNewService:Block2:Subject</inputFieldName>
        <inputObjectQuerySequence>0.0</inputObjectQuerySequence>
        <linkedObjectSequence>0.0</linkedObjectSequence>
        <name>CreateCase</name>
        <outputCreationSequence>1.0</outputCreationSequence>
        <outputFieldName>Subject</outputFieldName>
        <outputObjectName>Case</outputObjectName>
        <requiredForUpsert>false</requiredForUpsert>
        <upsertKey>false</upsertKey>
    </omniDataTransformItem>
    <omniDataTransformItem>
        <disabled>true</disabled>
        <filterGroup>0.0</filterGroup>
        <filterOperator>=</filterOperator>
        <globalKey>CreateCaseCustom4963</globalKey>
        <inputObjectQuerySequence>0.0</inputObjectQuerySequence>
        <linkedObjectSequence>0.0</linkedObjectSequence>
        <migrationValue>FAKEMAPPING</migrationValue>
        <name>CreateCase</name>
        <outputCreationSequence>1.0</outputCreationSequence>
        <outputFieldName>Id</outputFieldName>
        <outputObjectName>Case</outputObjectName>
        <requiredForUpsert>false</requiredForUpsert>
        <upsertKey>false</upsertKey>
    </omniDataTransformItem>
    <omniDataTransformItem>
        <disabled>false</disabled>
        <filterGroup>0.0</filterGroup>
        <globalKey>CreateCaseCustom3361</globalKey>
        <inputFieldName>Step1:Email</inputFieldName>
        <inputObjectQuerySequence>0.0</inputObjectQuerySequence>
        <linkedObjectSequence>0.0</linkedObjectSequence>
        <name>CreateCase</name>
        <outputCreationSequence>1.0</outputCreationSequence>
        <outputFieldName>ContactEmail</outputFieldName>
        <outputObjectName>Case</outputObjectName>
        <requiredForUpsert>false</requiredForUpsert>
        <upsertKey>false</upsertKey>
    </omniDataTransformItem>
    <omniDataTransformItem>
        <defaultValue>Adding ACH Transaction Services</defaultValue>
        <disabled>false</disabled>
        <filterGroup>0.0</filterGroup>
        <globalKey>CreateCaseCustom1725</globalKey>
        <inputObjectQuerySequence>0.0</inputObjectQuerySequence>
        <linkedObjectSequence>0.0</linkedObjectSequence>
        <name>CreateCase</name>
        <outputCreationSequence>1.0</outputCreationSequence>
        <outputFieldFormat>String</outputFieldFormat>
        <outputFieldName>Description</outputFieldName>
        <outputObjectName>Case</outputObjectName>
        <requiredForUpsert>false</requiredForUpsert>
        <upsertKey>false</upsertKey>
    </omniDataTransformItem>
    <omniDataTransformItem>
        <disabled>false</disabled>
        <filterGroup>0.0</filterGroup>
        <globalKey>CreateCaseCustom1492</globalKey>
        <inputFieldName>ContextId</inputFieldName>
        <inputObjectQuerySequence>0.0</inputObjectQuerySequence>
        <linkedObjectSequence>0.0</linkedObjectSequence>
        <name>CreateCase</name>
        <outputCreationSequence>1.0</outputCreationSequence>
        <outputFieldName>AccountId</outputFieldName>
        <outputObjectName>Case</outputObjectName>
        <requiredForUpsert>false</requiredForUpsert>
        <upsertKey>false</upsertKey>
    </omniDataTransformItem>
    <outputType>SObject</outputType>
    <previewJsonData>{
  &quot;ContextId&quot; : &quot;0014V00003rGRA0QAO&quot;,
  &quot;userId&quot; : &quot;0054V00000Geq76QAB&quot;,
  &quot;Subject&quot; : &quot;Add ACH Origination Services&quot;
}</previewJsonData>
    <processSuperBulk>false</processSuperBulk>
    <responseCacheTtlMinutes>0.0</responseCacheTtlMinutes>
    <rollbackOnError>false</rollbackOnError>
    <sourceObject>json</sourceObject>
    <sourceObjectDefault>false</sourceObjectDefault>
    <synchronousProcessThreshold>0.0</synchronousProcessThreshold>
    <type>Load</type>
    <uniqueName>CreateCase_1</uniqueName>
    <versionNumber>1.0</versionNumber>
    <xmlDeclarationRemoved>false</xmlDeclarationRemoved>
</OmniDataTransform>
