<?xml version="1.0" encoding="UTF-8"?>
<OmniDataTransform xmlns="http://soap.sforce.com/2006/04/metadata">
    <active>true</active>
    <assignmentRulesUsed>false</assignmentRulesUsed>
    <deletedOnSuccess>false</deletedOnSuccess>
    <description>Creates the card replacement case record. Part of the RegE demo.</description>
    <errorIgnored>false</errorIgnored>
    <fieldLevelSecurityEnabled>false</fieldLevelSecurityEnabled>
    <inputType>JSON</inputType>
    <name>createRetailOnboardingCase</name>
    <nullInputsIncludedInOutput>false</nullInputsIncludedInOutput>
    <omniDataTransformItem>
        <disabled>false</disabled>
        <filterGroup>0.0</filterGroup>
        <globalKey>0bf1a1e1-fb6d-4c49-aefd-53445a39fc47</globalKey>
        <inputFieldName>CaseFinancialAccountId</inputFieldName>
        <inputObjectQuerySequence>0.0</inputObjectQuerySequence>
        <linkedObjectSequence>0.0</linkedObjectSequence>
        <name>createRetailOnboardingCase</name>
        <outputCreationSequence>1.0</outputCreationSequence>
        <outputFieldName>FinServ__FinancialAccount__c</outputFieldName>
        <outputObjectName>Case</outputObjectName>
        <requiredForUpsert>false</requiredForUpsert>
        <upsertKey>false</upsertKey>
    </omniDataTransformItem>
    <omniDataTransformItem>
        <disabled>false</disabled>
        <filterGroup>0.0</filterGroup>
        <globalKey>1d5654d8-e391-46dc-a24c-b215400c5acd</globalKey>
        <inputFieldName>CaseRecordTypeName</inputFieldName>
        <inputObjectQuerySequence>0.0</inputObjectQuerySequence>
        <linkedObjectSequence>0.0</linkedObjectSequence>
        <lookupByFieldName>Name</lookupByFieldName>
        <lookupObjectName>RecordType</lookupObjectName>
        <lookupReturnedFieldName>Id</lookupReturnedFieldName>
        <name>createRetailOnboardingCase</name>
        <outputCreationSequence>1.0</outputCreationSequence>
        <outputFieldName>RecordTypeId</outputFieldName>
        <outputObjectName>Case</outputObjectName>
        <requiredForUpsert>false</requiredForUpsert>
        <upsertKey>false</upsertKey>
    </omniDataTransformItem>
    <omniDataTransformItem>
        <defaultValue>Medium</defaultValue>
        <disabled>false</disabled>
        <filterGroup>0.0</filterGroup>
        <globalKey>5adab687-4749-440a-b4cc-1ea4afcb1825</globalKey>
        <inputFieldName>CasePriority</inputFieldName>
        <inputObjectQuerySequence>0.0</inputObjectQuerySequence>
        <linkedObjectSequence>0.0</linkedObjectSequence>
        <name>createRetailOnboardingCase</name>
        <outputCreationSequence>1.0</outputCreationSequence>
        <outputFieldName>Priority</outputFieldName>
        <outputObjectName>Case</outputObjectName>
        <requiredForUpsert>false</requiredForUpsert>
        <upsertKey>false</upsertKey>
    </omniDataTransformItem>
    <omniDataTransformItem>
        <disabled>false</disabled>
        <filterGroup>0.0</filterGroup>
        <globalKey>7f76e6b3-c692-45e7-81bf-b89bc0096e57</globalKey>
        <inputFieldName>CaseStatus</inputFieldName>
        <inputObjectQuerySequence>0.0</inputObjectQuerySequence>
        <linkedObjectSequence>0.0</linkedObjectSequence>
        <name>createRetailOnboardingCase</name>
        <outputCreationSequence>1.0</outputCreationSequence>
        <outputFieldName>Status</outputFieldName>
        <outputObjectName>Case</outputObjectName>
        <requiredForUpsert>false</requiredForUpsert>
        <upsertKey>false</upsertKey>
    </omniDataTransformItem>
    <omniDataTransformItem>
        <disabled>false</disabled>
        <filterGroup>0.0</filterGroup>
        <globalKey>d5056661-9b2a-44ec-8a6c-e68e1262dbd6</globalKey>
        <inputFieldName>CaseAccountId</inputFieldName>
        <inputObjectQuerySequence>0.0</inputObjectQuerySequence>
        <linkedObjectSequence>0.0</linkedObjectSequence>
        <name>createRetailOnboardingCase</name>
        <outputCreationSequence>1.0</outputCreationSequence>
        <outputFieldName>AccountId</outputFieldName>
        <outputObjectName>Case</outputObjectName>
        <requiredForUpsert>false</requiredForUpsert>
        <upsertKey>false</upsertKey>
    </omniDataTransformItem>
    <omniDataTransformItem>
        <disabled>false</disabled>
        <filterGroup>0.0</filterGroup>
        <globalKey>81ccce8b-1656-4249-a575-93362e02cbcf</globalKey>
        <inputFieldName>CaseTrxId</inputFieldName>
        <inputObjectQuerySequence>0.0</inputObjectQuerySequence>
        <linkedObjectSequence>0.0</linkedObjectSequence>
        <name>createRetailOnboardingCase</name>
        <outputCreationSequence>1.0</outputCreationSequence>
        <outputFieldName>TransactionId__c</outputFieldName>
        <outputObjectName>Case</outputObjectName>
        <requiredForUpsert>false</requiredForUpsert>
        <upsertKey>false</upsertKey>
    </omniDataTransformItem>
    <omniDataTransformItem>
        <disabled>false</disabled>
        <filterGroup>0.0</filterGroup>
        <globalKey>571a541f-1cf8-49ea-b863-1fc0b7ad9f2b</globalKey>
        <inputFieldName>CaseRequestMethod</inputFieldName>
        <inputObjectQuerySequence>0.0</inputObjectQuerySequence>
        <linkedObjectSequence>0.0</linkedObjectSequence>
        <name>createRetailOnboardingCase</name>
        <outputCreationSequence>1.0</outputCreationSequence>
        <outputFieldName>Request_Method__c</outputFieldName>
        <outputObjectName>Case</outputObjectName>
        <requiredForUpsert>false</requiredForUpsert>
        <upsertKey>false</upsertKey>
    </omniDataTransformItem>
    <omniDataTransformItem>
        <disabled>false</disabled>
        <filterGroup>0.0</filterGroup>
        <globalKey>8b9d2242-f251-4a73-9e1a-8f94be5131e0</globalKey>
        <inputFieldName>CaseSubject</inputFieldName>
        <inputObjectQuerySequence>0.0</inputObjectQuerySequence>
        <linkedObjectSequence>0.0</linkedObjectSequence>
        <name>createRetailOnboardingCase</name>
        <outputCreationSequence>1.0</outputCreationSequence>
        <outputFieldName>Subject</outputFieldName>
        <outputObjectName>Case</outputObjectName>
        <requiredForUpsert>false</requiredForUpsert>
        <upsertKey>false</upsertKey>
    </omniDataTransformItem>
    <omniDataTransformItem>
        <disabled>false</disabled>
        <filterGroup>0.0</filterGroup>
        <filterOperator>=</filterOperator>
        <globalKey>8df1872a-159f-4b8a-9cda-3ef255654b53</globalKey>
        <inputObjectQuerySequence>0.0</inputObjectQuerySequence>
        <linkedObjectSequence>0.0</linkedObjectSequence>
        <migrationValue>FAKEMAPPING</migrationValue>
        <name>createRetailOnboardingCase</name>
        <outputCreationSequence>1.0</outputCreationSequence>
        <outputFieldName>Id</outputFieldName>
        <outputObjectName>Case</outputObjectName>
        <requiredForUpsert>false</requiredForUpsert>
        <upsertKey>false</upsertKey>
    </omniDataTransformItem>
    <omniDataTransformItem>
        <disabled>false</disabled>
        <filterGroup>0.0</filterGroup>
        <globalKey>d5053b94-326c-4af0-9c87-949a8c03ea46</globalKey>
        <inputFieldName>CaseOrigin</inputFieldName>
        <inputObjectQuerySequence>0.0</inputObjectQuerySequence>
        <linkedObjectSequence>0.0</linkedObjectSequence>
        <name>createRetailOnboardingCase</name>
        <outputCreationSequence>1.0</outputCreationSequence>
        <outputFieldName>Origin</outputFieldName>
        <outputObjectName>Case</outputObjectName>
        <requiredForUpsert>false</requiredForUpsert>
        <upsertKey>false</upsertKey>
    </omniDataTransformItem>
    <omniDataTransformItem>
        <disabled>false</disabled>
        <filterGroup>0.0</filterGroup>
        <globalKey>add5d0bf-c8b4-4e17-988b-c98b1ffe1bbc</globalKey>
        <inputFieldName>CaseRegEFlag</inputFieldName>
        <inputObjectQuerySequence>0.0</inputObjectQuerySequence>
        <linkedObjectSequence>0.0</linkedObjectSequence>
        <name>createRetailOnboardingCase</name>
        <outputCreationSequence>1.0</outputCreationSequence>
        <outputFieldFormat>Boolean</outputFieldFormat>
        <outputFieldName>Subject_to_Reg_E__c</outputFieldName>
        <outputObjectName>Case</outputObjectName>
        <requiredForUpsert>false</requiredForUpsert>
        <upsertKey>false</upsertKey>
    </omniDataTransformItem>
    <omniDataTransformItem>
        <disabled>false</disabled>
        <filterGroup>0.0</filterGroup>
        <globalKey>a45753b1-e191-47f8-a2ec-a7e550e6f005</globalKey>
        <inputFieldName>CaseSLAStartDate</inputFieldName>
        <inputObjectQuerySequence>0.0</inputObjectQuerySequence>
        <linkedObjectSequence>0.0</linkedObjectSequence>
        <name>createRetailOnboardingCase</name>
        <outputCreationSequence>1.0</outputCreationSequence>
        <outputFieldName>SlaStartDate</outputFieldName>
        <outputObjectName>Case</outputObjectName>
        <requiredForUpsert>false</requiredForUpsert>
        <upsertKey>false</upsertKey>
    </omniDataTransformItem>
    <omniDataTransformItem>
        <disabled>false</disabled>
        <filterGroup>0.0</filterGroup>
        <globalKey>96b18f94-ee8d-4152-8da4-b60fd96da68e</globalKey>
        <inputFieldName>CaseFinancialAccountType</inputFieldName>
        <inputObjectQuerySequence>0.0</inputObjectQuerySequence>
        <linkedObjectSequence>0.0</linkedObjectSequence>
        <name>createRetailOnboardingCase</name>
        <outputCreationSequence>1.0</outputCreationSequence>
        <outputFieldName>Transaction_Type__c</outputFieldName>
        <outputObjectName>Case</outputObjectName>
        <requiredForUpsert>false</requiredForUpsert>
        <upsertKey>false</upsertKey>
    </omniDataTransformItem>
    <omniDataTransformItem>
        <disabled>false</disabled>
        <filterGroup>0.0</filterGroup>
        <globalKey>a265f3a4-f1c6-4d48-bd45-68d7b0088047</globalKey>
        <inputFieldName>CaseAccountAccess</inputFieldName>
        <inputObjectQuerySequence>0.0</inputObjectQuerySequence>
        <linkedObjectSequence>0.0</linkedObjectSequence>
        <name>createRetailOnboardingCase</name>
        <outputCreationSequence>1.0</outputCreationSequence>
        <outputFieldName>Account_Access__c</outputFieldName>
        <outputObjectName>Case</outputObjectName>
        <requiredForUpsert>false</requiredForUpsert>
        <upsertKey>false</upsertKey>
    </omniDataTransformItem>
    <omniDataTransformItem>
        <disabled>false</disabled>
        <filterGroup>0.0</filterGroup>
        <globalKey>fd04dbec-2559-494e-b03f-7db2c9d17274</globalKey>
        <inputFieldName>CaseStatementToDays</inputFieldName>
        <inputObjectQuerySequence>0.0</inputObjectQuerySequence>
        <linkedObjectSequence>0.0</linkedObjectSequence>
        <name>createRetailOnboardingCase</name>
        <outputCreationSequence>1.0</outputCreationSequence>
        <outputFieldName>LastStatementToReported__c</outputFieldName>
        <outputObjectName>Case</outputObjectName>
        <requiredForUpsert>false</requiredForUpsert>
        <upsertKey>false</upsertKey>
    </omniDataTransformItem>
    <omniDataTransformItem>
        <disabled>false</disabled>
        <filterGroup>0.0</filterGroup>
        <globalKey>9ca3d261-f3ed-4ceb-a79b-51f99589ce4c</globalKey>
        <inputFieldName>CaseContactId</inputFieldName>
        <inputObjectQuerySequence>0.0</inputObjectQuerySequence>
        <linkedObjectSequence>0.0</linkedObjectSequence>
        <name>createRetailOnboardingCase</name>
        <outputCreationSequence>1.0</outputCreationSequence>
        <outputFieldName>ContactId</outputFieldName>
        <outputObjectName>Case</outputObjectName>
        <requiredForUpsert>false</requiredForUpsert>
        <upsertKey>false</upsertKey>
    </omniDataTransformItem>
    <omniDataTransformItem>
        <disabled>false</disabled>
        <filterGroup>0.0</filterGroup>
        <globalKey>d30c4e07-a335-48cb-960e-b8c53d8169c0</globalKey>
        <inputFieldName>CaseCardScriptReadToCustomer</inputFieldName>
        <inputObjectQuerySequence>0.0</inputObjectQuerySequence>
        <linkedObjectSequence>0.0</linkedObjectSequence>
        <name>createRetailOnboardingCase</name>
        <outputCreationSequence>1.0</outputCreationSequence>
        <outputFieldName>Card_Script_Read_To_Customer__c</outputFieldName>
        <outputObjectName>Case</outputObjectName>
        <requiredForUpsert>false</requiredForUpsert>
        <upsertKey>false</upsertKey>
    </omniDataTransformItem>
    <omniDataTransformItem>
        <disabled>false</disabled>
        <filterGroup>0.0</filterGroup>
        <globalKey>d6d61f45-3a51-4c65-8e3b-dd17270c4904</globalKey>
        <inputFieldName>CasePINInformation</inputFieldName>
        <inputObjectQuerySequence>0.0</inputObjectQuerySequence>
        <linkedObjectSequence>0.0</linkedObjectSequence>
        <name>createRetailOnboardingCase</name>
        <outputCreationSequence>1.0</outputCreationSequence>
        <outputFieldName>PIN_Information__c</outputFieldName>
        <outputObjectName>Case</outputObjectName>
        <requiredForUpsert>false</requiredForUpsert>
        <upsertKey>false</upsertKey>
    </omniDataTransformItem>
    <omniDataTransformItem>
        <disabled>false</disabled>
        <filterGroup>0.0</filterGroup>
        <globalKey>c308b3a5-57fd-48dd-992e-7b3ca96d8843</globalKey>
        <inputFieldName>CaseDescription</inputFieldName>
        <inputObjectQuerySequence>0.0</inputObjectQuerySequence>
        <linkedObjectSequence>0.0</linkedObjectSequence>
        <name>createRetailOnboardingCase</name>
        <outputCreationSequence>1.0</outputCreationSequence>
        <outputFieldName>Description</outputFieldName>
        <outputObjectName>Case</outputObjectName>
        <requiredForUpsert>false</requiredForUpsert>
        <upsertKey>false</upsertKey>
    </omniDataTransformItem>
    <omniDataTransformItem>
        <defaultValue>$Vlocity.NOW</defaultValue>
        <disabled>false</disabled>
        <filterGroup>0.0</filterGroup>
        <globalKey>6d3860b5-91cb-490a-a1d1-60d0e38f98a0</globalKey>
        <inputObjectQuerySequence>0.0</inputObjectQuerySequence>
        <linkedObjectSequence>0.0</linkedObjectSequence>
        <name>createRetailOnboardingCase</name>
        <outputCreationSequence>1.0</outputCreationSequence>
        <outputFieldName>Notification_Date__c</outputFieldName>
        <outputObjectName>Case</outputObjectName>
        <requiredForUpsert>false</requiredForUpsert>
        <upsertKey>false</upsertKey>
    </omniDataTransformItem>
    <omniDataTransformItem>
        <disabled>false</disabled>
        <filterGroup>0.0</filterGroup>
        <globalKey>011fbea4-48b5-48a4-ba4d-9102015f98a3</globalKey>
        <inputFieldName>CaseReason</inputFieldName>
        <inputObjectQuerySequence>0.0</inputObjectQuerySequence>
        <linkedObjectSequence>0.0</linkedObjectSequence>
        <name>createRetailOnboardingCase</name>
        <outputCreationSequence>1.0</outputCreationSequence>
        <outputFieldName>Type</outputFieldName>
        <outputObjectName>Case</outputObjectName>
        <requiredForUpsert>false</requiredForUpsert>
        <upsertKey>false</upsertKey>
    </omniDataTransformItem>
    <omniDataTransformItem>
        <disabled>false</disabled>
        <filterGroup>0.0</filterGroup>
        <globalKey>74107c2c-f459-4fdb-8c2a-177cd9f697c0</globalKey>
        <inputFieldName>additionalFields</inputFieldName>
        <inputObjectQuerySequence>0.0</inputObjectQuerySequence>
        <linkedObjectSequence>0.0</linkedObjectSequence>
        <name>createRetailOnboardingCase</name>
        <outputCreationSequence>1.0</outputCreationSequence>
        <outputFieldFormat>Object</outputFieldFormat>
        <outputFieldName>vlocity_ins__InteractionNotes__c</outputFieldName>
        <outputObjectName>Case</outputObjectName>
        <requiredForUpsert>false</requiredForUpsert>
        <upsertKey>false</upsertKey>
    </omniDataTransformItem>
    <outputType>SObject</outputType>
    <previewJsonData>{
  &quot;CaseReason&quot; : &quot;Card Replacement&quot;,
  &quot;CaseSubject&quot; : &quot;Card Replacement&quot;,
  &quot;CaseStatus&quot; : &quot;Lost - on hold&quot;,
  &quot;CaseRecordTypeName&quot; : &quot;Lost Stolen Card&quot;,
  &quot;CaseFinancialAccountId&quot; : &quot;a4l4W0000026TmTQAU&quot;,
  &quot;CaseDescription&quot; : &quot;Fraud - SectionII; hkjhkjh&quot;,
  &quot;CaseAccountId&quot; : &quot;0014W000024fX5xQAE&quot;,
  &quot;CaseContactId&quot; : &quot;0034W00002DFUmzQAH&quot;,
  &quot;CaseFinancialAccountType&quot; : &quot;Checking&quot;,
  &quot;CaseCardScriptReadToCustomer&quot; : true,
  &quot;CaseAccountAccess&quot; : &quot;Checking &amp; Saving&quot;,
  &quot;CaseRequestMethod&quot; : &quot;Oral&quot;,
  &quot;CasePriority&quot; : &quot;High&quot;,
  &quot;CasePINInformation&quot; : &quot;Same&quot;,
  &quot;CaseOrigin&quot; : &quot;Phone&quot;,
  &quot;CaseRegEFlag&quot; : true,
  &quot;additionalFields&quot; : {
    &quot;TrxSourceCode&quot; : &quot;DEB&quot;,
    &quot;TrxWithdrawalAmt&quot; : 567.89,
    &quot;TrxDescription&quot; : &quot;GINOS PIZZA&quot;,
    &quot;TrxDate&quot; : &quot;2020-08-31&quot;,
    &quot;TransactionId&quot; : &quot;100115011&quot;,
    &quot;OrderDispute&quot; : &quot;Yes&quot;,
    &quot;PortionDisputed&quot; : 89,
    &quot;SectionChosen&quot; : &quot;SectionII&quot;,
    &quot;SubscriptionCharge&quot; : &quot;Yes&quot;,
    &quot;RecurringCharge&quot; : &quot;No&quot;,
    &quot;SuspiciousActivity&quot; : &quot;No&quot;
  },
  &quot;CaseStatementToDays&quot; : 26
}</previewJsonData>
    <processSuperBulk>false</processSuperBulk>
    <responseCacheTtlMinutes>0.0</responseCacheTtlMinutes>
    <rollbackOnError>false</rollbackOnError>
    <sourceObject>json</sourceObject>
    <sourceObjectDefault>false</sourceObjectDefault>
    <synchronousProcessThreshold>-1.0</synchronousProcessThreshold>
    <type>Load</type>
    <uniqueName>createRetailOnboardingCase_1</uniqueName>
    <versionNumber>1.0</versionNumber>
    <xmlDeclarationRemoved>false</xmlDeclarationRemoved>
</OmniDataTransform>
