<?xml version="1.0" encoding="UTF-8"?>
<OmniDataTransform xmlns="http://soap.sforce.com/2006/04/metadata">
    <active>true</active>
    <assignmentRulesUsed>false</assignmentRulesUsed>
    <deletedOnSuccess>false</deletedOnSuccess>
    <errorIgnored>false</errorIgnored>
    <expectedInputJson>{
  &quot;timeStamp&quot; : &quot;2021-10-29T15:24:24.485Z&quot;,
  &quot;userProfile&quot; : &quot;Custom: System Administrator&quot;,
  &quot;userTimeZone&quot; : &quot;-420&quot;,
  &quot;userCurrencyCode&quot; : &quot;USD&quot;,
  &quot;userName&quot; : &quot;demo.org@vdo.demo.1628272570154&quot;,
  &quot;userId&quot; : &quot;0055e000002hZFYAA2&quot;,
  &quot;LaunchCommercialODraft&quot; : null,
  &quot;LaunchCommercialLOC&quot; : null,
  &quot;LaunchB_comm_merchant&quot; : null,
  &quot;Note-Laundering&quot; : null,
  &quot;paymentDetails&quot; : null,
  &quot;ach&quot; : null,
  &quot;CreditCard&quot; : null,
  &quot;achAuthorization&quot; : null,
  &quot;TransferDeposit&quot; : null,
  &quot;Contact&quot; : { },
  &quot;AccountType&quot; : &quot;Banking Account&quot;,
  &quot;prodBundleFCParams&quot; : {
    &quot;bundleText2Multi&quot; : &quot;Please select any you are intested in:&quot;,
    &quot;bundleText2Single&quot; : &quot;&quot;,
    &quot;bundleText1Multi&quot; : &quot;The following additional services are often requested with this type of account.&quot;,
    &quot;bundleText1Single&quot; : &quot;The following additional service is often requested with this type of account:&quot;,
    &quot;bundleCode&quot; : &quot;B_Comm&quot;
  },
  &quot;primaryProdDesc&quot; : &quot;Business Checking - Basic&quot;,
  &quot;primaryPCode&quot; : &quot;B_commChk1&quot;,
  &quot;demoStartPage&quot; : {
    &quot;rdAuthWBusiness&quot; : &quot;authWBusiness&quot;
  },
  &quot;PreExistingEIN&quot; : &quot;TRUE&quot;,
  &quot;PhysicalBusinessAddress&quot; : &quot;6655 Alvarado Road San Diego, CA 92120&quot;,
  &quot;StepInfoPageWhatYouWillNeed&quot; : {
    &quot;Block6&quot; : { }
  },
  &quot;StepBusinessInformation&quot; : {
    &quot;MailingAddressSameAsPhysicalAddress&quot; : false,
    &quot;TAMailAddress-Block&quot; : null,
    &quot;taSIC-Block&quot; : {
      &quot;SICName&quot; : &quot;5461 - Retail Bakeries&quot;,
      &quot;SICCode&quot; : &quot;5461&quot;,
      &quot;SICDescription&quot; : &quot;Retail Bakeries&quot;,
      &quot;taSIC&quot; : &quot;5461 - Retail Bakeries&quot;
    },
    &quot;DateBusinessRegistered&quot; : &quot;2016-07-18&quot;,
    &quot;DBA&quot; : &quot;Refresh Coffee&quot;,
    &quot;TAPhysicalBusinessAddress-Block&quot; : {
      &quot;TAPhysicalBusinessAddress&quot; : &quot;6655 Alvarado Road San Diego, CA 92120&quot;
    },
    &quot;BusinessEINTaxID&quot; : &quot;44-4444444&quot;,
    &quot;MenuBusinessType&quot; : &quot;SoleProprietor&quot;,
    &quot;BusinessTelephone&quot; : &quot;858-555-1111&quot;,
    &quot;StateBusinessIsRegisteredIn&quot; : &quot;CA&quot;,
    &quot;BusinessName&quot; : &quot;Refresh Coffee&quot;
  },
  &quot;stepSignorsOwners&quot; : {
    &quot;AuthorizedSignerInformation&quot; : [ {
      &quot;AuthSignerPhysicalAddressMailingAddressSame&quot; : true,
      &quot;AuthSignerMailingAddress-Block&quot; : null,
      &quot;AuthSignerIssueDebitCardYesNo&quot; : false,
      &quot;AuthSignerSSN&quot; : &quot;667077777&quot;,
      &quot;AuthSignerIDExpirationDate&quot; : &quot;2024-02-12&quot;,
      &quot;AuthSignerDateOfBirth&quot; : &quot;1984-02-12&quot;,
      &quot;AuthSignerIDIssueDate&quot; : &quot;2000-02-12&quot;,
      &quot;AuthSignMulti-select1&quot; : &quot;BusinessChecking;BusinessSavings&quot;,
      &quot;AuthSingerIdType&quot; : &quot;DriversLicense&quot;,
      &quot;AuthSignerPhoneNumber&quot; : &quot;8582125500&quot;,
      &quot;AuthSignerLastName&quot; : &quot;Neal&quot;,
      &quot;AuthSignerPhysicalAddress-Block&quot; : {
        &quot;AuthSignerPhysicalAddress&quot; : &quot;8383 Fresno Ave., La Mesa CA 91941 &quot;
      },
      &quot;AuthSignerEmailAddress&quot; : &quot;pneal@refresh.co&quot;,
      &quot;AuthSignerFirstName&quot; : &quot;Patrick&quot;,
      &quot;AuthSignerIDNumber&quot; : &quot;B9999999&quot;
    }, {
      &quot;AuthSignerPhysicalAddressMailingAddressSame&quot; : true,
      &quot;AuthSignerMailingAddress-Block&quot; : null,
      &quot;AuthSignerIssueDebitCardYesNo&quot; : false,
      &quot;AuthSignerSSN&quot; : &quot;767038574&quot;,
      &quot;AuthSignerIDExpirationDate&quot; : &quot;2023-10-09&quot;,
      &quot;AuthSignerDateOfBirth&quot; : &quot;1983-08-07&quot;,
      &quot;AuthSignerIDIssueDate&quot; : &quot;2001-10-09&quot;,
      &quot;AuthSignMulti-select1&quot; : &quot;BusinessChecking;BusinessSavings&quot;,
      &quot;AuthSingerIdType&quot; : &quot;DriversLicense&quot;,
      &quot;AuthSignerPhoneNumber&quot; : &quot;8582125501&quot;,
      &quot;AuthSignerLastName&quot; : &quot;Neal&quot;,
      &quot;AuthSignerPhysicalAddress-Block&quot; : {
        &quot;AuthSignerPhysicalAddress&quot; : &quot;8383 Fresno Ave. La Mesa CA 91941&quot;
      },
      &quot;AuthSignerEmailAddress&quot; : &quot;saraneal@yahoo.com&quot;,
      &quot;AuthSignerFirstName&quot; : &quot;Sarah&quot;,
      &quot;AuthSignerIDNumber&quot; : &quot;B933333333&quot;
    }, {
      &quot;AuthSignerPhysicalAddressMailingAddressSame&quot; : true,
      &quot;AuthSignerMailingAddress-Block&quot; : null,
      &quot;AuthSignerIssueDebitCardYesNo&quot; : false,
      &quot;AuthSignerSSN&quot; : &quot;829034352&quot;,
      &quot;AuthSignerIDExpirationDate&quot; : &quot;2023-05-28&quot;,
      &quot;AuthSignerDateOfBirth&quot; : &quot;2005-05-28&quot;,
      &quot;AuthSignerIDIssueDate&quot; : &quot;2021-05-28&quot;,
      &quot;AuthSignMulti-select1&quot; : &quot;BusinessSavings&quot;,
      &quot;AuthSingerIdType&quot; : &quot;DriversLicense&quot;,
      &quot;AuthSignerPhoneNumber&quot; : &quot;8582125500&quot;,
      &quot;AuthSignerLastName&quot; : &quot;Neal&quot;,
      &quot;AuthSignerPhysicalAddress-Block&quot; : {
        &quot;AuthSignerPhysicalAddress&quot; : &quot; 8383 Fresno Ave. La Mesa CA 91941&quot;
      },
      &quot;AuthSignerEmailAddress&quot; : &quot;benneal@icloud.com&quot;,
      &quot;AuthSignerFirstName&quot; : &quot;Ben&quot;,
      &quot;AuthSignerIDNumber&quot; : &quot;D564728133&quot;
    } ]
  },
  &quot;stepTcAgreement&quot; : {
    &quot;Disclosure1&quot; : false
  }
}</expectedInputJson>
    <fieldLevelSecurityEnabled>false</fieldLevelSecurityEnabled>
    <inputType>JSON</inputType>
    <name>drDocuSignBusinessAccountApplication</name>
    <nullInputsIncludedInOutput>false</nullInputsIncludedInOutput>
    <omniDataTransformItem>
        <disabled>false</disabled>
        <filterGroup>0.0</filterGroup>
        <globalKey>62a57af0-add1-45fb-85fa-b15fef4570e2</globalKey>
        <inputFieldName>stepSignersOwners:AuthorizedSignerInformation|1:AuthSignerEmailAddress</inputFieldName>
        <inputObjectQuerySequence>0.0</inputObjectQuerySequence>
        <linkedObjectSequence>0.0</linkedObjectSequence>
        <name>drDocuSignBusinessAccountApplication</name>
        <outputCreationSequence>1.0</outputCreationSequence>
        <outputFieldName>tabs:emailTabs:ApplicantEmail</outputFieldName>
        <outputObjectName>json</outputObjectName>
        <requiredForUpsert>false</requiredForUpsert>
        <upsertKey>false</upsertKey>
    </omniDataTransformItem>
    <omniDataTransformItem>
        <defaultValue>1121 Dundas St E., Whitby, ON L1N 2K4</defaultValue>
        <disabled>false</disabled>
        <filterGroup>0.0</filterGroup>
        <globalKey>d42f4ffd-9c73-40c8-a6c4-b1172e5f942f</globalKey>
        <inputFieldName>BusinessMailAddress</inputFieldName>
        <inputObjectQuerySequence>0.0</inputObjectQuerySequence>
        <linkedObjectSequence>0.0</linkedObjectSequence>
        <name>drDocuSignBusinessAccountApplication</name>
        <outputCreationSequence>1.0</outputCreationSequence>
        <outputFieldName>tabs:textTabs:MailingAddress</outputFieldName>
        <outputObjectName>json</outputObjectName>
        <requiredForUpsert>false</requiredForUpsert>
        <upsertKey>false</upsertKey>
    </omniDataTransformItem>
    <omniDataTransformItem>
        <defaultValue>ON</defaultValue>
        <disabled>false</disabled>
        <filterGroup>0.0</filterGroup>
        <globalKey>415425d0-89af-4cdd-bbfe-45b2975f17e1</globalKey>
        <inputFieldName>StepBusinessInformation:StateBusinessIsRegisteredIn</inputFieldName>
        <inputObjectQuerySequence>0.0</inputObjectQuerySequence>
        <linkedObjectSequence>0.0</linkedObjectSequence>
        <name>drDocuSignBusinessAccountApplication</name>
        <outputCreationSequence>1.0</outputCreationSequence>
        <outputFieldName>tabs:textTabs:State-fill</outputFieldName>
        <outputObjectName>json</outputObjectName>
        <requiredForUpsert>false</requiredForUpsert>
        <upsertKey>false</upsertKey>
    </omniDataTransformItem>
    <omniDataTransformItem>
        <defaultValue>06/21/1985</defaultValue>
        <disabled>false</disabled>
        <filterGroup>0.0</filterGroup>
        <globalKey>d40980a0-865b-43c5-8ef4-b53b7f36c8e6</globalKey>
        <inputFieldName>StepBusinessInformation:DateBusinessRegistered</inputFieldName>
        <inputObjectQuerySequence>0.0</inputObjectQuerySequence>
        <linkedObjectSequence>0.0</linkedObjectSequence>
        <name>drDocuSignBusinessAccountApplication</name>
        <outputCreationSequence>1.0</outputCreationSequence>
        <outputFieldName>tabs:textTabs:DateBusinessRegistered</outputFieldName>
        <outputObjectName>json</outputObjectName>
        <requiredForUpsert>false</requiredForUpsert>
        <upsertKey>false</upsertKey>
    </omniDataTransformItem>
    <omniDataTransformItem>
        <defaultValue>Fiona Rider</defaultValue>
        <disabled>false</disabled>
        <filterGroup>0.0</filterGroup>
        <globalKey>efa70319-5430-4a0d-b919-a0216f79f6f5</globalKey>
        <inputFieldName>ApplicantFullName</inputFieldName>
        <inputObjectQuerySequence>0.0</inputObjectQuerySequence>
        <linkedObjectSequence>0.0</linkedObjectSequence>
        <name>drDocuSignBusinessAccountApplication</name>
        <outputCreationSequence>1.0</outputCreationSequence>
        <outputFieldName>tabs:textTabs:ApplicantFirstName</outputFieldName>
        <outputObjectName>json</outputObjectName>
        <requiredForUpsert>false</requiredForUpsert>
        <upsertKey>false</upsertKey>
    </omniDataTransformItem>
    <omniDataTransformItem>
        <defaultValue>1121 Dundas St E., Whitby, ON L1N 2K4</defaultValue>
        <disabled>false</disabled>
        <filterGroup>0.0</filterGroup>
        <globalKey>3301d4c4-e832-43f0-bbce-dff860f53cc0</globalKey>
        <inputFieldName>BusinessMailAddress</inputFieldName>
        <inputObjectQuerySequence>0.0</inputObjectQuerySequence>
        <linkedObjectSequence>0.0</linkedObjectSequence>
        <name>drDocuSignBusinessAccountApplication</name>
        <outputCreationSequence>1.0</outputCreationSequence>
        <outputFieldName>tabs:textTabs:ApplicantAddress</outputFieldName>
        <outputObjectName>json</outputObjectName>
        <requiredForUpsert>false</requiredForUpsert>
        <upsertKey>false</upsertKey>
    </omniDataTransformItem>
    <omniDataTransformItem>
        <defaultValue>713210</defaultValue>
        <disabled>false</disabled>
        <filterGroup>0.0</filterGroup>
        <globalKey>4e6f6315-fc4c-4f62-987c-240fc448d68c</globalKey>
        <inputFieldName>StepBusinessInformation:taSIC-Block:SICCode</inputFieldName>
        <inputObjectQuerySequence>0.0</inputObjectQuerySequence>
        <linkedObjectSequence>0.0</linkedObjectSequence>
        <name>drDocuSignBusinessAccountApplication</name>
        <outputCreationSequence>1.0</outputCreationSequence>
        <outputFieldName>tabs:textTabs:NAICSindustryCode</outputFieldName>
        <outputObjectName>json</outputObjectName>
        <requiredForUpsert>false</requiredForUpsert>
        <upsertKey>false</upsertKey>
    </omniDataTransformItem>
    <omniDataTransformItem>
        <defaultValue>785403459SK0001</defaultValue>
        <disabled>false</disabled>
        <filterGroup>0.0</filterGroup>
        <globalKey>fea785e9-1788-47d3-8341-608b044148de</globalKey>
        <inputFieldName>StepBusinessInformation:BusinessEINTaxID</inputFieldName>
        <inputObjectQuerySequence>0.0</inputObjectQuerySequence>
        <linkedObjectSequence>0.0</linkedObjectSequence>
        <name>drDocuSignBusinessAccountApplication</name>
        <outputCreationSequence>1.0</outputCreationSequence>
        <outputFieldName>tabs:textTabs:AccountSSN</outputFieldName>
        <outputObjectName>json</outputObjectName>
        <requiredForUpsert>false</requiredForUpsert>
        <upsertKey>false</upsertKey>
    </omniDataTransformItem>
    <omniDataTransformItem>
        <disabled>false</disabled>
        <filterGroup>0.0</filterGroup>
        <formulaConverted>| var:prodInfo:AccountType &quot;Deposit/\/\/Account&quot; == true false IF</formulaConverted>
        <formulaExpression>IF( (%prodInfo:AccountType% == &quot;Deposit Account&quot;), true, false)</formulaExpression>
        <formulaResultPath>IsDepositAccount</formulaResultPath>
        <formulaSequence>3.0</formulaSequence>
        <globalKey>badae488-ad6e-4c61-b667-9b659c734c9a</globalKey>
        <inputObjectQuerySequence>0.0</inputObjectQuerySequence>
        <linkedObjectSequence>0.0</linkedObjectSequence>
        <name>drDocuSignBusinessAccountApplication</name>
        <outputCreationSequence>0.0</outputCreationSequence>
        <outputFieldName>Formula</outputFieldName>
        <outputObjectName>Formula</outputObjectName>
        <requiredForUpsert>false</requiredForUpsert>
        <upsertKey>false</upsertKey>
    </omniDataTransformItem>
    <omniDataTransformItem>
        <defaultValue>true</defaultValue>
        <disabled>false</disabled>
        <filterGroup>0.0</filterGroup>
        <globalKey>f336bd4d-41d6-4bd2-bf8c-eb88f2eb0f93</globalKey>
        <inputFieldName>IsDepositAccount</inputFieldName>
        <inputObjectQuerySequence>0.0</inputObjectQuerySequence>
        <linkedObjectSequence>0.0</linkedObjectSequence>
        <name>drDocuSignBusinessAccountApplication</name>
        <outputCreationSequence>1.0</outputCreationSequence>
        <outputFieldFormat>Boolean</outputFieldFormat>
        <outputFieldName>tabs:checkboxTabs:IsDepositAccount</outputFieldName>
        <outputObjectName>json</outputObjectName>
        <requiredForUpsert>false</requiredForUpsert>
        <upsertKey>false</upsertKey>
    </omniDataTransformItem>
    <omniDataTransformItem>
        <defaultValue>true</defaultValue>
        <disabled>false</disabled>
        <filterGroup>0.0</filterGroup>
        <globalKey>94843cf0-1bbc-4d15-8f4b-60e7024a9e87</globalKey>
        <inputFieldName>IsOverdraftFacility</inputFieldName>
        <inputObjectQuerySequence>0.0</inputObjectQuerySequence>
        <linkedObjectSequence>0.0</linkedObjectSequence>
        <name>drDocuSignBusinessAccountApplication</name>
        <outputCreationSequence>1.0</outputCreationSequence>
        <outputFieldFormat>Boolean</outputFieldFormat>
        <outputFieldName>tabs:checkboxTabs:IsDepositAccount</outputFieldName>
        <outputObjectName>json</outputObjectName>
        <requiredForUpsert>false</requiredForUpsert>
        <upsertKey>false</upsertKey>
    </omniDataTransformItem>
    <omniDataTransformItem>
        <defaultValue>Goldfinch Asset Management</defaultValue>
        <disabled>false</disabled>
        <filterGroup>0.0</filterGroup>
        <globalKey>f790a172-1b2d-4736-856d-0f3f358f26ee</globalKey>
        <inputFieldName>StepBusinessInformation:BusinessName</inputFieldName>
        <inputObjectQuerySequence>0.0</inputObjectQuerySequence>
        <linkedObjectSequence>0.0</linkedObjectSequence>
        <name>drDocuSignBusinessAccountApplication</name>
        <outputCreationSequence>1.0</outputCreationSequence>
        <outputFieldName>tabs:textTabs:BusinessName</outputFieldName>
        <outputObjectName>json</outputObjectName>
        <requiredForUpsert>false</requiredForUpsert>
        <upsertKey>false</upsertKey>
    </omniDataTransformItem>
    <omniDataTransformItem>
        <defaultValue>1121 Dundas St E., Whitby, ON L1N 2K4</defaultValue>
        <disabled>false</disabled>
        <filterGroup>0.0</filterGroup>
        <globalKey>74ff2326-e957-46cc-9dbd-1901839e0ea3</globalKey>
        <inputFieldName>StepBusinessInformation:TAPhysicalBusinessAddress-Block:TAPhysicalBusinessAddress</inputFieldName>
        <inputObjectQuerySequence>0.0</inputObjectQuerySequence>
        <linkedObjectSequence>0.0</linkedObjectSequence>
        <name>drDocuSignBusinessAccountApplication</name>
        <outputCreationSequence>1.0</outputCreationSequence>
        <outputFieldName>tabs:textTabs:BusinessAddress</outputFieldName>
        <outputObjectName>json</outputObjectName>
        <requiredForUpsert>false</requiredForUpsert>
        <upsertKey>false</upsertKey>
    </omniDataTransformItem>
    <omniDataTransformItem>
        <disabled>false</disabled>
        <filterGroup>0.0</filterGroup>
        <formulaConverted>| var:prodInfo:AccountType &quot;Overdraft/\/\/Facility&quot; == true false IF</formulaConverted>
        <formulaExpression>IF( (%prodInfo:AccountType% == &quot;Overdraft Facility&quot;), true, false)</formulaExpression>
        <formulaResultPath>IsOverdraftFacility</formulaResultPath>
        <formulaSequence>2.0</formulaSequence>
        <globalKey>65094b2a-f561-4b62-a133-80e7792cded5</globalKey>
        <inputObjectQuerySequence>0.0</inputObjectQuerySequence>
        <linkedObjectSequence>0.0</linkedObjectSequence>
        <name>drDocuSignBusinessAccountApplication</name>
        <outputCreationSequence>0.0</outputCreationSequence>
        <outputFieldName>Formula</outputFieldName>
        <outputObjectName>Formula</outputObjectName>
        <requiredForUpsert>false</requiredForUpsert>
        <upsertKey>false</upsertKey>
    </omniDataTransformItem>
    <omniDataTransformItem>
        <disabled>false</disabled>
        <filterGroup>0.0</filterGroup>
        <formulaConverted>| var:StepBusinessInformation:MailingAddressSameAsPhysicalAddress var:StepBusinessInformation:TAPhysicalBusinessAddress-Block:TAPhysicalBusinessAddress var:StepBusinessInformation:TAMailAddress-Block:TAMailAddress IF</formulaConverted>
        <formulaExpression>IF( %StepBusinessInformation:MailingAddressSameAsPhysicalAddress%, 
%StepBusinessInformation:TAPhysicalBusinessAddress-Block:TAPhysicalBusinessAddress%,
%StepBusinessInformation:TAMailAddress-Block:TAMailAddress%
)</formulaExpression>
        <formulaResultPath>BusinessMailAddress</formulaResultPath>
        <formulaSequence>4.0</formulaSequence>
        <globalKey>2bb77ea0-8080-4b94-90b1-0cd9b8f71bf7</globalKey>
        <inputObjectQuerySequence>0.0</inputObjectQuerySequence>
        <linkedObjectSequence>0.0</linkedObjectSequence>
        <name>drDocuSignBusinessAccountApplication</name>
        <outputCreationSequence>0.0</outputCreationSequence>
        <outputFieldName>Formula</outputFieldName>
        <outputObjectName>Formula</outputObjectName>
        <requiredForUpsert>false</requiredForUpsert>
        <upsertKey>false</upsertKey>
    </omniDataTransformItem>
    <omniDataTransformItem>
        <disabled>false</disabled>
        <filterGroup>0.0</filterGroup>
        <formulaConverted>| var:stepSignersOwners:AuthorizedSignerInformation|1:AuthSignerFirstName &apos;/\/\/&apos; var:stepSignersOwners:AuthorizedSignerInformation|1:AuthSignerLastName CONCAT</formulaConverted>
        <formulaExpression>CONCAT(%stepSignersOwners:AuthorizedSignerInformation|1:AuthSignerFirstName%, &apos; &apos;,
 %stepSignersOwners:AuthorizedSignerInformation|1:AuthSignerLastName%)</formulaExpression>
        <formulaResultPath>ApplicantFullName</formulaResultPath>
        <formulaSequence>5.0</formulaSequence>
        <globalKey>6dd9cb78-ed6c-4fe3-aa48-0cc63fcd8b29</globalKey>
        <inputObjectQuerySequence>0.0</inputObjectQuerySequence>
        <linkedObjectSequence>0.0</linkedObjectSequence>
        <name>drDocuSignBusinessAccountApplication</name>
        <outputCreationSequence>0.0</outputCreationSequence>
        <outputFieldName>Formula</outputFieldName>
        <outputObjectName>Formula</outputObjectName>
        <requiredForUpsert>false</requiredForUpsert>
        <upsertKey>false</upsertKey>
    </omniDataTransformItem>
    <omniDataTransformItem>
        <disabled>false</disabled>
        <filterGroup>0.0</filterGroup>
        <globalKey>bdb02b90-6cca-404b-b0fa-93fba88bba1e</globalKey>
        <inputFieldName>stepSignersOwners:AuthorizedSignerInformation|1:AuthSignerDateOfBirth</inputFieldName>
        <inputObjectQuerySequence>0.0</inputObjectQuerySequence>
        <linkedObjectSequence>0.0</linkedObjectSequence>
        <name>drDocuSignBusinessAccountApplication</name>
        <outputCreationSequence>1.0</outputCreationSequence>
        <outputFieldName>tabs:textTabs:ApplicantDOB</outputFieldName>
        <outputObjectName>json</outputObjectName>
        <requiredForUpsert>false</requiredForUpsert>
        <upsertKey>false</upsertKey>
    </omniDataTransformItem>
    <omniDataTransformItem>
        <disabled>false</disabled>
        <filterGroup>0.0</filterGroup>
        <globalKey>1e8bc30c-bcde-44dc-a6c4-aefc8845f1cb</globalKey>
        <inputFieldName>stepSignersOwners:AuthorizedSignerInformation|1:AuthSingerIdType</inputFieldName>
        <inputObjectQuerySequence>0.0</inputObjectQuerySequence>
        <linkedObjectSequence>0.0</linkedObjectSequence>
        <name>drDocuSignBusinessAccountApplication</name>
        <outputCreationSequence>1.0</outputCreationSequence>
        <outputFieldName>tabs:textTabs:IDType</outputFieldName>
        <outputObjectName>json</outputObjectName>
        <requiredForUpsert>false</requiredForUpsert>
        <upsertKey>false</upsertKey>
    </omniDataTransformItem>
    <omniDataTransformItem>
        <defaultValue>NA</defaultValue>
        <disabled>false</disabled>
        <filterGroup>0.0</filterGroup>
        <globalKey>6e824c5d-a1cd-4b91-acb4-fb57ea955a7c</globalKey>
        <inputFieldName>StepBusinessInformation:DBA</inputFieldName>
        <inputObjectQuerySequence>0.0</inputObjectQuerySequence>
        <linkedObjectSequence>0.0</linkedObjectSequence>
        <name>drDocuSignBusinessAccountApplication</name>
        <outputCreationSequence>1.0</outputCreationSequence>
        <outputFieldName>tabs:textTabs:DoingBusinessAs</outputFieldName>
        <outputObjectName>json</outputObjectName>
        <requiredForUpsert>false</requiredForUpsert>
        <upsertKey>false</upsertKey>
    </omniDataTransformItem>
    <omniDataTransformItem>
        <disabled>false</disabled>
        <filterGroup>0.0</filterGroup>
        <formulaConverted>| var:prodInfo:AccountType &quot;Commercial/\/\/Checking&quot; == true false IF</formulaConverted>
        <formulaExpression>IF( (%prodInfo:AccountType% == &quot;Commercial Checking&quot; ), true, false)</formulaExpression>
        <formulaResultPath>IsCheckingAccount</formulaResultPath>
        <formulaSequence>1.0</formulaSequence>
        <globalKey>630ed100-2f70-4f8e-bbcb-4d33f13ed393</globalKey>
        <inputObjectQuerySequence>0.0</inputObjectQuerySequence>
        <linkedObjectSequence>0.0</linkedObjectSequence>
        <name>drDocuSignBusinessAccountApplication</name>
        <outputCreationSequence>0.0</outputCreationSequence>
        <outputFieldName>Formula</outputFieldName>
        <outputObjectName>Formula</outputObjectName>
        <requiredForUpsert>false</requiredForUpsert>
        <upsertKey>false</upsertKey>
    </omniDataTransformItem>
    <omniDataTransformItem>
        <defaultValue>true</defaultValue>
        <disabled>false</disabled>
        <filterGroup>0.0</filterGroup>
        <globalKey>42cf16be-f063-4675-90fd-bf1af7ced230</globalKey>
        <inputFieldName>IsCheckingAccount</inputFieldName>
        <inputObjectQuerySequence>0.0</inputObjectQuerySequence>
        <linkedObjectSequence>0.0</linkedObjectSequence>
        <name>drDocuSignBusinessAccountApplication</name>
        <outputCreationSequence>1.0</outputCreationSequence>
        <outputFieldFormat>Boolean</outputFieldFormat>
        <outputFieldName>tabs:checkboxTabs:IsCheckingAccount</outputFieldName>
        <outputObjectName>json</outputObjectName>
        <requiredForUpsert>false</requiredForUpsert>
        <upsertKey>false</upsertKey>
    </omniDataTransformItem>
    <omniDataTransformItem>
        <defaultValue>Limited Liability Company</defaultValue>
        <disabled>false</disabled>
        <filterGroup>0.0</filterGroup>
        <globalKey>d90afca8-f722-41de-8ecf-c4c82f4041a1</globalKey>
        <inputFieldName>StepBusinessInformation:MenuBusinessType</inputFieldName>
        <inputObjectQuerySequence>0.0</inputObjectQuerySequence>
        <linkedObjectSequence>0.0</linkedObjectSequence>
        <name>drDocuSignBusinessAccountApplication</name>
        <outputCreationSequence>1.0</outputCreationSequence>
        <outputFieldName>tabs:textTabs:BusinessType</outputFieldName>
        <outputObjectName>json</outputObjectName>
        <requiredForUpsert>false</requiredForUpsert>
        <upsertKey>false</upsertKey>
    </omniDataTransformItem>
    <omniDataTransformItem>
        <disabled>false</disabled>
        <filterGroup>0.0</filterGroup>
        <globalKey>4fca79f1-b1dd-456c-97dd-894139a76f30</globalKey>
        <inputFieldName>stepSignersOwners:AuthorizedSignerInformation|1:AuthSignerIDNumber</inputFieldName>
        <inputObjectQuerySequence>0.0</inputObjectQuerySequence>
        <linkedObjectSequence>0.0</linkedObjectSequence>
        <name>drDocuSignBusinessAccountApplication</name>
        <outputCreationSequence>1.0</outputCreationSequence>
        <outputFieldName>tabs:textTabs:IDNumber</outputFieldName>
        <outputObjectName>json</outputObjectName>
        <requiredForUpsert>false</requiredForUpsert>
        <upsertKey>false</upsertKey>
    </omniDataTransformItem>
    <omniDataTransformItem>
        <defaultValue>(416) 656-9912</defaultValue>
        <disabled>false</disabled>
        <filterGroup>0.0</filterGroup>
        <globalKey>fd0c99e6-5da5-4fa8-a8f8-5647c13c3bfa</globalKey>
        <inputFieldName>StepBusinessInformation:BusinessTelephone</inputFieldName>
        <inputObjectQuerySequence>0.0</inputObjectQuerySequence>
        <linkedObjectSequence>0.0</linkedObjectSequence>
        <name>drDocuSignBusinessAccountApplication</name>
        <outputCreationSequence>1.0</outputCreationSequence>
        <outputFieldName>tabs:textTabs:BusinessPhone</outputFieldName>
        <outputObjectName>json</outputObjectName>
        <requiredForUpsert>false</requiredForUpsert>
        <upsertKey>false</upsertKey>
    </omniDataTransformItem>
    <outputType>DocuSign</outputType>
    <previewJsonData>{
  &quot;timeStamp&quot; : &quot;2021-11-24T06:06:10.618Z&quot;,
  &quot;userProfile&quot; : &quot;*FINS - Internal - Admin&quot;,
  &quot;userTimeZone&quot; : &quot;-480&quot;,
  &quot;userCurrencyCode&quot; : &quot;USD&quot;,
  &quot;userName&quot; : &quot;aheaney@vdo.demo.1637594253367&quot;,
  &quot;userId&quot; : &quot;0055f000005eZGXAA2&quot;,
  &quot;StepApplicationSummary&quot; : {
    &quot;B_comm_ODraft&quot; : false,
    &quot;B_comm_loc&quot; : false,
    &quot;B_comm_merchant&quot; : false,
    &quot;B_comm_mobile&quot; : false,
    &quot;fBundlesPicked&quot; : false,
    &quot;rdDoMore&quot; : null
  },
  &quot;paymentDetails&quot; : null,
  &quot;ach&quot; : null,
  &quot;CreditCard&quot; : null,
  &quot;CCPaymentCompleted&quot; : null,
  &quot;achCompleted&quot; : null,
  &quot;LaunchCommercialODraft&quot; : null,
  &quot;LaunchCommercialLOC&quot; : null,
  &quot;LaunchB_comm_merchant&quot; : null,
  &quot;LaunchB_comm_mobile&quot; : null,
  &quot;vlcTimeTracking&quot; : {
    &quot;OmniScriptSessionToken&quot; : &quot;62dbc5ac-aa3d-46b2-b4cc-2cde0dcc53ee&quot;,
    &quot;svDemoValues&quot; : 0,
    &quot;getContextIdDetails&quot; : 225,
    &quot;getProductInfo&quot; : 213,
    &quot;StepInfoPageWhatYouWillNeed&quot; : 2286,
    &quot;StepBusinessInformation&quot; : 14183,
    &quot;StepAboutYourBusinessKYC&quot; : 6132,
    &quot;ForeignDealingsKYC&quot; : 2423,
    &quot;stepSignersOwners&quot; : 10038,
    &quot;setProceedFlag&quot; : 0,
    &quot;IPSubmitApplication&quot; : 9762,
    &quot;svSetCongratsFlag&quot; : 0
  },
  &quot;prodInfo&quot; : {
    &quot;primaryPCode&quot; : &quot;A_commChk1&quot;,
    &quot;AccountType&quot; : &quot;Commercial Checking&quot;,
    &quot;ProductType&quot; : &quot;Bank Account&quot;,
    &quot;primaryProdDesc&quot; : &quot;Commercial Checking - Basic Account&quot;
  },
  &quot;newRecordDefaults&quot; : {
    &quot;SignerRole&quot; : &quot;Signatory&quot;,
    &quot;FinServ__Ownership__c&quot; : &quot;Individual&quot;,
    &quot;DefaultFinancialAccountStatus&quot; : &quot;Open&quot;,
    &quot;OwnerRecordTypeName&quot; : &quot;Business&quot;,
    &quot;SignerContactTypeName&quot; : &quot;Customer&quot;,
    &quot;SignerRecordTypeName&quot; : &quot;Contact Role&quot;,
    &quot;BusAccountRecordTypeName&quot; : &quot;Business&quot;
  },
  &quot;Contact&quot; : { },
  &quot;StepBusinessInformation&quot; : {
    &quot;busMailingPhysicalAddressDifferent&quot; : false,
    &quot;TAMailAddress-Block&quot; : null,
    &quot;taSIC-Block&quot; : {
      &quot;SICName&quot; : &quot;1382 - Geophysical Surveying and Mapping Services&quot;,
      &quot;taSIC&quot; : &quot;1382 - Geophysical Surveying and Mapping Services&quot;,
      &quot;SICDescription&quot; : &quot;Geophysical Surveying and Mapping Services&quot;,
      &quot;SICCode&quot; : &quot;1382&quot;
    },
    &quot;DateBusinessRegistered&quot; : &quot;2016-07-18&quot;,
    &quot;BusinessEINTaxID&quot; : &quot;889345244&quot;,
    &quot;DBA&quot; : &quot;Allied Formations&quot;,
    &quot;TAPhysicalBusinessAddress-Block&quot; : {
      &quot;PhysicalAdd2&quot; : null,
      &quot;PhysicalZip&quot; : &quot;67301&quot;,
      &quot;PhysicalCountry&quot; : &quot;United States&quot;,
      &quot;PhysicalState&quot; : &quot;KS&quot;,
      &quot;PhysicalCity&quot; : &quot;Independence&quot;,
      &quot;PhysicalStreet&quot; : &quot;4447 County Road 4300&quot;,
      &quot;TAPhysicalBusinessAddress&quot; : &quot;4447 Co Rd 4300, Independence, KS 67301, USA&quot;
    },
    &quot;MenuBusinessType&quot; : &quot;SoleProprietor&quot;,
    &quot;BusinessName&quot; : &quot;Allied Formations Corp.&quot;,
    &quot;StateBusinessIsRegisteredIn&quot; : &quot;SD&quot;,
    &quot;BusinessTelephone&quot; : &quot;858-555-1111&quot;
  },
  &quot;PhysicalBusinessAddress&quot; : &quot;85 Leroy St, Delapre Township, SD 57064, USA&quot;,
  &quot;StepAboutYourBusinessKYC&quot; : {
    &quot;otherBusinessCannabisState&quot; : null,
    &quot;otherBusinessCannabisLicense&quot; : null,
    &quot;rbMoneyServicesAcceptFunds&quot; : &quot;No&quot;,
    &quot;rbMoneyServicesMoneyBack&quot; : &quot;No&quot;,
    &quot;rbMoneyServicesSellMoneyOrders&quot; : &quot;No&quot;,
    &quot;rbMoneyServicesThirdParty&quot; : &quot;No&quot;,
    &quot;rbMoneyServicesATMsOnSite&quot; : &quot;No&quot;,
    &quot;rbMoneyServicesPrePaidCards&quot; : &quot;No&quot;,
    &quot;rbOtherBusinessCannabis&quot; : &quot;No&quot;,
    &quot;rbOtherBusinessGambling&quot; : &quot;No&quot;
  },
  &quot;ForeignDealingsKYC&quot; : {
    &quot;NonOperatingEntityIncome&quot; : null,
    &quot;NotForProfitTypeKYC&quot; : null,
    &quot;rbBusScheduledCountries&quot; : null,
    &quot;rbBusOperating&quot; : &quot;No&quot;,
    &quot;rbBusCharity&quot; : &quot;No&quot;,
    &quot;rbBusOverseas&quot; : &quot;No&quot;,
    &quot;rbBusForeignCurrency&quot; : &quot;No&quot;,
    &quot;rbBusForeignActivityLevel&quot; : &quot;No&quot;,
    &quot;rbBusForeignPolitical&quot; : &quot;No&quot;
  },
  &quot;stepSignersOwners&quot; : {
    &quot;fNumOfSignatories&quot; : 3,
    &quot;fNumOfOwners&quot; : 1,
    &quot;blkSupportingDocs&quot; : {
      &quot;fileBusDocA&quot; : null,
      &quot;fileBusDocD&quot; : null
    },
    &quot;OwnershipDesignation&quot; : {
      &quot;OwnershipDesignationControllingIndividual&quot; : false,
      &quot;ownerMailingPhysicalAddressDifferent&quot; : false,
      &quot;busOwnerMailAddress-Block&quot; : null,
      &quot;busOwnerIdExpDate&quot; : &quot;2024-03-12&quot;,
      &quot;busOwnerIdIssueDate&quot; : &quot;2002-02-12&quot;,
      &quot;busOwnerBDate&quot; : &quot;1984-03-12&quot;,
      &quot;OwnershipDesignationPercentage&quot; : 100,
      &quot;busOwnerIdNumber&quot; : &quot;667075577&quot;,
      &quot;busOwnerIdType&quot; : &quot;DriversLicense&quot;,
      &quot;busOwnerPhysicalAddress-Block&quot; : {
        &quot;busOwnerPhysicalCountry&quot; : &quot;United States&quot;,
        &quot;busOwnerPhysicalZip&quot; : &quot;33065&quot;,
        &quot;busOwnerPhysicalState&quot; : &quot;FL&quot;,
        &quot;busOwnerPhysicalCity&quot; : &quot;Coral Springs&quot;,
        &quot;busOwnerPhysicalStreet&quot; : &quot;3017 Riverside Drive&quot;,
        &quot;busOwnerPhysicalAddress&quot; : &quot;3017 Riverside Dr, Coral Springs, FL 33065, USA&quot;
      },
      &quot;busOwnerPhone&quot; : &quot;8585555500&quot;,
      &quot;busOwnerEmail&quot; : &quot;afriedman@alliedformations.com&quot;,
      &quot;busOwnerSSN&quot; : &quot;667075577&quot;,
      &quot;busOwnerLastName&quot; : &quot;Friedman&quot;,
      &quot;busOwnerFirstName&quot; : &quot;Alec&quot;
    },
    &quot;AuthorizedSignerInformation&quot; : [ {
      &quot;signerMailingPhysicalAddressDifferent&quot; : false,
      &quot;busSignerMailAddress-Block&quot; : null,
      &quot;AuthSignerIssueDebitCardYesNo&quot; : false,
      &quot;AuthSignerIDIssueDate&quot; : &quot;2000-02-12&quot;,
      &quot;AuthSignerDateOfBirth&quot; : &quot;1984-03-12&quot;,
      &quot;AuthSignerIDExpirationDate&quot; : &quot;2024-03-12&quot;,
      &quot;busSignerPhysicalAddress-Block&quot; : {
        &quot;busSignerPhysicalZip&quot; : &quot;33065&quot;,
        &quot;busSignerPhysicalCountry&quot; : &quot;United States&quot;,
        &quot;busSignerPhysicalState&quot; : &quot;FL&quot;,
        &quot;busSignerPhysicalCity&quot; : &quot;Coral Springs&quot;,
        &quot;busSignerPhysicalStreet&quot; : &quot;3017 Riverside Drive&quot;,
        &quot;busSignerPhysicalAddress&quot; : &quot;3017 Riverside Dr, Coral Springs, FL 33065, USA&quot;
      },
      &quot;AuthSignerIDNumber&quot; : &quot;B9999999&quot;,
      &quot;AuthSignerFirstName&quot; : &quot;Alec&quot;,
      &quot;AuthSignerEmailAddress&quot; : &quot;afriedman@alliedformations.com&quot;,
      &quot;AuthSignerLastName&quot; : &quot;Friedman&quot;,
      &quot;AuthSignerPhoneNumber&quot; : &quot;8585555500&quot;,
      &quot;AuthSignerSSN&quot; : &quot;667075577&quot;,
      &quot;AuthSingerIdType&quot; : &quot;DriversLicense&quot;
    }, {
      &quot;signerMailingPhysicalAddressDifferent&quot; : false,
      &quot;busSignerMailAddress-Block&quot; : null,
      &quot;AuthSignerIssueDebitCardYesNo&quot; : false,
      &quot;AuthSignerIDIssueDate&quot; : &quot;2001-11-09&quot;,
      &quot;AuthSignerDateOfBirth&quot; : &quot;1981-09-07&quot;,
      &quot;AuthSignerIDExpirationDate&quot; : &quot;2023-08-09&quot;,
      &quot;AuthSignerMailingAddress-Block&quot; : null,
      &quot;busSignerPhysicalAddress-Block&quot; : {
        &quot;busSignerPhysicalZip&quot; : &quot;33065&quot;,
        &quot;busSignerPhysicalCountry&quot; : &quot;United States&quot;,
        &quot;busSignerPhysicalState&quot; : &quot;FL&quot;,
        &quot;busSignerPhysicalCity&quot; : &quot;Coral Springs&quot;,
        &quot;busSignerPhysicalStreet&quot; : &quot;3017 Riverside Drive&quot;,
        &quot;busSignerPhysicalAddress&quot; : &quot;3017 Riverside Dr, Coral Springs, FL 33065, USA&quot;
      },
      &quot;AuthSignerIDNumber&quot; : &quot;B933333333&quot;,
      &quot;AuthSignerFirstName&quot; : &quot;Samantha&quot;,
      &quot;AuthSignerEmailAddress&quot; : &quot;samsilver@yahoo.com&quot;,
      &quot;AuthSignerLastName&quot; : &quot;Silver&quot;,
      &quot;AuthSignerPhoneNumber&quot; : &quot;8582125501&quot;,
      &quot;AuthSignerSSN&quot; : &quot;767076574&quot;,
      &quot;AuthSingerIdType&quot; : &quot;DriversLicense&quot;
    }, {
      &quot;signerMailingPhysicalAddressDifferent&quot; : false,
      &quot;busSignerMailAddress-Block&quot; : null,
      &quot;AuthSignerIssueDebitCardYesNo&quot; : false,
      &quot;AuthSignerIDIssueDate&quot; : &quot;2021-04-28&quot;,
      &quot;AuthSignerDateOfBirth&quot; : &quot;1995-07-28&quot;,
      &quot;AuthSignerIDExpirationDate&quot; : &quot;2028-04-28&quot;,
      &quot;AuthSignerMailingAddress-Block&quot; : null,
      &quot;busSignerPhysicalAddress-Block&quot; : {
        &quot;busSignerPhysicalZip&quot; : &quot;67335&quot;,
        &quot;busSignerPhysicalCountry&quot; : &quot;United States&quot;,
        &quot;busSignerPhysicalState&quot; : &quot;KS&quot;,
        &quot;busSignerPhysicalCity&quot; : &quot;Cherryvale&quot;,
        &quot;busSignerPhysicalStreet&quot; : &quot;432 West Walnut Street&quot;,
        &quot;busSignerPhysicalAddress&quot; : &quot;432 W Walnut St, Cherryvale, KS 67335, USA&quot;
      },
      &quot;AuthSignerIDNumber&quot; : &quot;D564668133&quot;,
      &quot;AuthSignerFirstName&quot; : &quot;Lee&quot;,
      &quot;AuthSignerEmailAddress&quot; : &quot;leelands@icloud.com&quot;,
      &quot;AuthSignerLastName&quot; : &quot;Lands&quot;,
      &quot;AuthSignerPhoneNumber&quot; : &quot;8585558909&quot;,
      &quot;AuthSignerSSN&quot; : &quot;845034352&quot;,
      &quot;AuthSingerIdType&quot; : &quot;DriversLicense&quot;
    } ]
  },
  &quot;proceedFlag&quot; : true,
  &quot;AccountHolders&quot; : {
    &quot;AccountId&quot; : &quot;0015f00000DUmyZAAT&quot;,
    &quot;ContactId&quot; : &quot;0035f000008q4f1AAA&quot;,
    &quot;FinancialAccountId&quot; : &quot;a4l5f000000I7AfAAK&quot;,
    &quot;FinancialAccountRole&quot; : null
  },
  &quot;congratsFlag&quot; : true
}</previewJsonData>
    <processSuperBulk>false</processSuperBulk>
    <responseCacheTtlMinutes>0.0</responseCacheTtlMinutes>
    <rollbackOnError>false</rollbackOnError>
    <sourceObject>json</sourceObject>
    <sourceObjectDefault>false</sourceObjectDefault>
    <synchronousProcessThreshold>0.0</synchronousProcessThreshold>
    <targetOutputDocumentIdentifier>e16c3c03-218d-4373-9baf-5ead425c9de5</targetOutputDocumentIdentifier>
    <type>Transform</type>
    <uniqueName>drDocuSignBusinessAccountApplication_1</uniqueName>
    <versionNumber>1.0</versionNumber>
    <xmlDeclarationRemoved>false</xmlDeclarationRemoved>
</OmniDataTransform>
