<?xml version="1.0" encoding="UTF-8"?>
<OmniDataTransform xmlns="http://soap.sforce.com/2006/04/metadata">
    <active>true</active>
    <assignmentRulesUsed>false</assignmentRulesUsed>
    <deletedOnSuccess>false</deletedOnSuccess>
    <errorIgnored>false</errorIgnored>
    <fieldLevelSecurityEnabled>false</fieldLevelSecurityEnabled>
    <inputType>JSON</inputType>
    <name>DRGetTreasuryServiceAssessments</name>
    <nullInputsIncludedInOutput>false</nullInputsIncludedInOutput>
    <omniDataTransformItem>
        <disabled>false</disabled>
        <filterGroup>0.0</filterGroup>
        <globalKey>DRGetTreasuryServiceAssessmentsCustom6967</globalKey>
        <inputFieldName>DomesticKYC:Name</inputFieldName>
        <inputObjectQuerySequence>0.0</inputObjectQuerySequence>
        <linkedObjectSequence>0.0</linkedObjectSequence>
        <name>DRGetTreasuryServiceAssessments</name>
        <outputCreationSequence>1.0</outputCreationSequence>
        <outputFieldName>DomesticKycName</outputFieldName>
        <outputObjectName>json</outputObjectName>
        <requiredForUpsert>false</requiredForUpsert>
        <upsertKey>false</upsertKey>
    </omniDataTransformItem>
    <omniDataTransformItem>
        <disabled>false</disabled>
        <filterGroup>0.0</filterGroup>
        <filterOperator>=</filterOperator>
        <filterValue>&quot;Domestic Payments KYC&quot;</filterValue>
        <globalKey>DRGetTreasuryServiceAssessmentsCustom5048</globalKey>
        <inputFieldName>Name</inputFieldName>
        <inputObjectName>OmniProcess</inputObjectName>
        <inputObjectQuerySequence>1.0</inputObjectQuerySequence>
        <linkedObjectSequence>0.0</linkedObjectSequence>
        <name>DRGetTreasuryServiceAssessments</name>
        <outputCreationSequence>0.0</outputCreationSequence>
        <outputFieldName>DomesticKYC</outputFieldName>
        <outputObjectName>json</outputObjectName>
        <requiredForUpsert>false</requiredForUpsert>
        <upsertKey>false</upsertKey>
    </omniDataTransformItem>
    <omniDataTransformItem>
        <disabled>false</disabled>
        <filterGroup>0.0</filterGroup>
        <filterOperator>=</filterOperator>
        <filterValue>&quot;Online Cash Management Enrollment&quot;</filterValue>
        <globalKey>DRGetTreasuryServiceAssessmentsCustom1523</globalKey>
        <inputFieldName>Name</inputFieldName>
        <inputObjectName>OmniProcess</inputObjectName>
        <inputObjectQuerySequence>3.0</inputObjectQuerySequence>
        <linkedObjectSequence>0.0</linkedObjectSequence>
        <name>DRGetTreasuryServiceAssessments</name>
        <outputCreationSequence>0.0</outputCreationSequence>
        <outputFieldName>CashMgmtEnrollment</outputFieldName>
        <outputObjectName>json</outputObjectName>
        <requiredForUpsert>false</requiredForUpsert>
        <upsertKey>false</upsertKey>
    </omniDataTransformItem>
    <omniDataTransformItem>
        <disabled>false</disabled>
        <filterGroup>0.0</filterGroup>
        <filterOperator>=</filterOperator>
        <filterValue>&quot;Domestic Payments Enrollment&quot;</filterValue>
        <globalKey>DRGetTreasuryServiceAssessmentsCustom4103</globalKey>
        <inputFieldName>Name</inputFieldName>
        <inputObjectName>OmniProcess</inputObjectName>
        <inputObjectQuerySequence>2.0</inputObjectQuerySequence>
        <linkedObjectSequence>0.0</linkedObjectSequence>
        <name>DRGetTreasuryServiceAssessments</name>
        <outputCreationSequence>0.0</outputCreationSequence>
        <outputFieldName>DomesticPayments</outputFieldName>
        <outputObjectName>json</outputObjectName>
        <requiredForUpsert>false</requiredForUpsert>
        <upsertKey>false</upsertKey>
    </omniDataTransformItem>
    <omniDataTransformItem>
        <disabled>false</disabled>
        <filterGroup>0.0</filterGroup>
        <filterOperator>=</filterOperator>
        <filterValue>&quot;FINS_Account.1&quot;</filterValue>
        <globalKey>DRGetTreasuryServiceAssessmentsCustom1749</globalKey>
        <inputFieldName>External_ID__c</inputFieldName>
        <inputObjectName>Account</inputObjectName>
        <inputObjectQuerySequence>4.0</inputObjectQuerySequence>
        <linkedObjectSequence>0.0</linkedObjectSequence>
        <name>DRGetTreasuryServiceAssessments</name>
        <outputCreationSequence>0.0</outputCreationSequence>
        <outputFieldName>Account</outputFieldName>
        <outputObjectName>json</outputObjectName>
        <requiredForUpsert>false</requiredForUpsert>
        <upsertKey>false</upsertKey>
    </omniDataTransformItem>
    <omniDataTransformItem>
        <disabled>false</disabled>
        <filterGroup>0.0</filterGroup>
        <globalKey>DRGetTreasuryServiceAssessmentsCustom7759</globalKey>
        <inputFieldName>CashMgmtEnrollment:Id</inputFieldName>
        <inputObjectQuerySequence>0.0</inputObjectQuerySequence>
        <linkedObjectSequence>0.0</linkedObjectSequence>
        <name>DRGetTreasuryServiceAssessments</name>
        <outputCreationSequence>1.0</outputCreationSequence>
        <outputFieldName>CashMgmtEnrollmentId</outputFieldName>
        <outputObjectName>json</outputObjectName>
        <requiredForUpsert>false</requiredForUpsert>
        <upsertKey>false</upsertKey>
    </omniDataTransformItem>
    <omniDataTransformItem>
        <disabled>false</disabled>
        <filterGroup>0.0</filterGroup>
        <globalKey>DRGetTreasuryServiceAssessmentsCustom2939</globalKey>
        <inputFieldName>DomesticPayments:Name</inputFieldName>
        <inputObjectQuerySequence>0.0</inputObjectQuerySequence>
        <linkedObjectSequence>0.0</linkedObjectSequence>
        <name>DRGetTreasuryServiceAssessments</name>
        <outputCreationSequence>1.0</outputCreationSequence>
        <outputFieldName>DomesticPaymentsName</outputFieldName>
        <outputObjectName>json</outputObjectName>
        <requiredForUpsert>false</requiredForUpsert>
        <upsertKey>false</upsertKey>
    </omniDataTransformItem>
    <omniDataTransformItem>
        <disabled>false</disabled>
        <filterGroup>0.0</filterGroup>
        <filterOperator>=</filterOperator>
        <filterValue>&quot;true&quot;</filterValue>
        <globalKey>DRGetTreasuryServiceAssessmentsCustom7738</globalKey>
        <inputFieldName>IsActive</inputFieldName>
        <inputObjectName>OmniProcess</inputObjectName>
        <inputObjectQuerySequence>3.0</inputObjectQuerySequence>
        <linkedObjectSequence>0.0</linkedObjectSequence>
        <name>DRGetTreasuryServiceAssessments</name>
        <outputCreationSequence>0.0</outputCreationSequence>
        <outputFieldName>CashMgmtEnrollment</outputFieldName>
        <outputObjectName>json</outputObjectName>
        <requiredForUpsert>false</requiredForUpsert>
        <upsertKey>false</upsertKey>
    </omniDataTransformItem>
    <omniDataTransformItem>
        <disabled>false</disabled>
        <filterGroup>0.0</filterGroup>
        <globalKey>DRGetTreasuryServiceAssessmentsCustom6635</globalKey>
        <inputFieldName>DomesticKYC:Id</inputFieldName>
        <inputObjectQuerySequence>0.0</inputObjectQuerySequence>
        <linkedObjectSequence>0.0</linkedObjectSequence>
        <name>DRGetTreasuryServiceAssessments</name>
        <outputCreationSequence>1.0</outputCreationSequence>
        <outputFieldName>DomesticKycID</outputFieldName>
        <outputObjectName>json</outputObjectName>
        <requiredForUpsert>false</requiredForUpsert>
        <upsertKey>false</upsertKey>
    </omniDataTransformItem>
    <omniDataTransformItem>
        <disabled>false</disabled>
        <filterGroup>0.0</filterGroup>
        <globalKey>DRGetTreasuryServiceAssessmentsCustom5161</globalKey>
        <inputFieldName>Account:Id</inputFieldName>
        <inputObjectQuerySequence>0.0</inputObjectQuerySequence>
        <linkedObjectSequence>0.0</linkedObjectSequence>
        <name>DRGetTreasuryServiceAssessments</name>
        <outputCreationSequence>1.0</outputCreationSequence>
        <outputFieldName>ContextId</outputFieldName>
        <outputObjectName>json</outputObjectName>
        <requiredForUpsert>false</requiredForUpsert>
        <upsertKey>false</upsertKey>
    </omniDataTransformItem>
    <omniDataTransformItem>
        <disabled>false</disabled>
        <filterGroup>0.0</filterGroup>
        <filterOperator>=</filterOperator>
        <filterValue>&quot;true&quot;</filterValue>
        <globalKey>DRGetTreasuryServiceAssessmentsCustom531</globalKey>
        <inputFieldName>IsActive</inputFieldName>
        <inputObjectName>OmniProcess</inputObjectName>
        <inputObjectQuerySequence>2.0</inputObjectQuerySequence>
        <linkedObjectSequence>0.0</linkedObjectSequence>
        <name>DRGetTreasuryServiceAssessments</name>
        <outputCreationSequence>0.0</outputCreationSequence>
        <outputFieldName>DomesticPayments</outputFieldName>
        <outputObjectName>json</outputObjectName>
        <requiredForUpsert>false</requiredForUpsert>
        <upsertKey>false</upsertKey>
    </omniDataTransformItem>
    <omniDataTransformItem>
        <disabled>false</disabled>
        <filterGroup>0.0</filterGroup>
        <globalKey>DRGetTreasuryServiceAssessmentsCustom5733</globalKey>
        <inputFieldName>DomesticPayments:Id</inputFieldName>
        <inputObjectQuerySequence>0.0</inputObjectQuerySequence>
        <linkedObjectSequence>0.0</linkedObjectSequence>
        <name>DRGetTreasuryServiceAssessments</name>
        <outputCreationSequence>1.0</outputCreationSequence>
        <outputFieldName>DomesticPaymentsId</outputFieldName>
        <outputObjectName>json</outputObjectName>
        <requiredForUpsert>false</requiredForUpsert>
        <upsertKey>false</upsertKey>
    </omniDataTransformItem>
    <omniDataTransformItem>
        <disabled>false</disabled>
        <filterGroup>0.0</filterGroup>
        <filterOperator>=</filterOperator>
        <filterValue>&quot;true&quot;</filterValue>
        <globalKey>DRGetTreasuryServiceAssessmentsCustom9463</globalKey>
        <inputFieldName>IsActive</inputFieldName>
        <inputObjectName>OmniProcess</inputObjectName>
        <inputObjectQuerySequence>1.0</inputObjectQuerySequence>
        <linkedObjectSequence>0.0</linkedObjectSequence>
        <name>DRGetTreasuryServiceAssessments</name>
        <outputCreationSequence>0.0</outputCreationSequence>
        <outputFieldName>DomesticKYC</outputFieldName>
        <outputObjectName>json</outputObjectName>
        <requiredForUpsert>false</requiredForUpsert>
        <upsertKey>false</upsertKey>
    </omniDataTransformItem>
    <omniDataTransformItem>
        <disabled>false</disabled>
        <filterGroup>0.0</filterGroup>
        <globalKey>DRGetTreasuryServiceAssessmentsCustom1897</globalKey>
        <inputFieldName>CashMgmtEnrollment:Name</inputFieldName>
        <inputObjectQuerySequence>0.0</inputObjectQuerySequence>
        <linkedObjectSequence>0.0</linkedObjectSequence>
        <name>DRGetTreasuryServiceAssessments</name>
        <outputCreationSequence>1.0</outputCreationSequence>
        <outputFieldName>CashMgmtEnrollmentName</outputFieldName>
        <outputObjectName>json</outputObjectName>
        <requiredForUpsert>false</requiredForUpsert>
        <upsertKey>false</upsertKey>
    </omniDataTransformItem>
    <outputType>JSON</outputType>
    <previewJsonData>{ }</previewJsonData>
    <processSuperBulk>false</processSuperBulk>
    <responseCacheTtlMinutes>0.0</responseCacheTtlMinutes>
    <rollbackOnError>false</rollbackOnError>
    <sourceObject>json</sourceObject>
    <sourceObjectDefault>false</sourceObjectDefault>
    <synchronousProcessThreshold>0.0</synchronousProcessThreshold>
    <type>Extract</type>
    <uniqueName>DRGetTreasuryServiceAssessments_1</uniqueName>
    <versionNumber>1.0</versionNumber>
    <xmlDeclarationRemoved>false</xmlDeclarationRemoved>
</OmniDataTransform>
