<?xml version="1.0" encoding="UTF-8"?>
<OmniDataTransform xmlns="http://soap.sforce.com/2006/04/metadata">
    <active>true</active>
    <assignmentRulesUsed>false</assignmentRulesUsed>
    <deletedOnSuccess>false</deletedOnSuccess>
    <errorIgnored>false</errorIgnored>
    <fieldLevelSecurityEnabled>false</fieldLevelSecurityEnabled>
    <inputType>JSON</inputType>
    <name>DRGetAccountContacts</name>
    <nullInputsIncludedInOutput>false</nullInputsIncludedInOutput>
    <omniDataTransformItem>
        <disabled>false</disabled>
        <filterGroup>0.0</filterGroup>
        <globalKey>a1394a40-2977-4798-8ab8-a829d0561ee3</globalKey>
        <inputFieldName>Contact:Email</inputFieldName>
        <inputObjectQuerySequence>0.0</inputObjectQuerySequence>
        <linkedObjectSequence>0.0</linkedObjectSequence>
        <name>DRGetAccountContacts</name>
        <outputCreationSequence>1.0</outputCreationSequence>
        <outputFieldName>GroupContactEmail</outputFieldName>
        <outputObjectName>json</outputObjectName>
        <requiredForUpsert>false</requiredForUpsert>
        <upsertKey>false</upsertKey>
    </omniDataTransformItem>
    <omniDataTransformItem>
        <disabled>true</disabled>
        <filterGroup>0.0</filterGroup>
        <formulaConverted>| var:Contact:Name &quot;/\/\/&quot; + var:Contact:Email + CONCAT</formulaConverted>
        <formulaExpression>CONCAT(Contact:Name + &quot; &quot; +Contact:Email)</formulaExpression>
        <formulaResultPath>Contact:ContactNameAndEmail</formulaResultPath>
        <formulaSequence>3.0</formulaSequence>
        <globalKey>85163b75-a74b-4cc6-84f7-a3e25399a6af</globalKey>
        <inputObjectQuerySequence>0.0</inputObjectQuerySequence>
        <linkedObjectSequence>0.0</linkedObjectSequence>
        <name>DRGetAccountContacts</name>
        <outputCreationSequence>0.0</outputCreationSequence>
        <outputFieldName>Formula</outputFieldName>
        <outputObjectName>Formula</outputObjectName>
        <requiredForUpsert>false</requiredForUpsert>
        <upsertKey>false</upsertKey>
    </omniDataTransformItem>
    <omniDataTransformItem>
        <disabled>false</disabled>
        <filterGroup>0.0</filterGroup>
        <globalKey>3f17bcb9-ea68-4e10-84a8-2ad28f1e4453</globalKey>
        <inputFieldName>Contact:ContactNameAndEmail</inputFieldName>
        <inputObjectQuerySequence>0.0</inputObjectQuerySequence>
        <linkedObjectSequence>0.0</linkedObjectSequence>
        <name>DRGetAccountContacts</name>
        <outputCreationSequence>1.0</outputCreationSequence>
        <outputFieldName>ContactNameAndEmail</outputFieldName>
        <outputObjectName>json</outputObjectName>
        <requiredForUpsert>false</requiredForUpsert>
        <upsertKey>false</upsertKey>
    </omniDataTransformItem>
    <omniDataTransformItem>
        <disabled>false</disabled>
        <filterGroup>0.0</filterGroup>
        <formulaConverted>| var:Contact:Name &quot;/\/\/-/\/\/&quot; + var:Contact:ContactHasEmail + CONCAT</formulaConverted>
        <formulaExpression>CONCAT(Contact:Name + &quot; - &quot; +Contact:ContactHasEmail)</formulaExpression>
        <formulaResultPath>Contact:ContactNameAndEmail</formulaResultPath>
        <formulaSequence>2.0</formulaSequence>
        <globalKey>a34da1fc-320b-41f8-b001-2cc0e05f35b1</globalKey>
        <inputObjectQuerySequence>0.0</inputObjectQuerySequence>
        <linkedObjectSequence>0.0</linkedObjectSequence>
        <name>DRGetAccountContacts</name>
        <outputCreationSequence>0.0</outputCreationSequence>
        <outputFieldName>Formula</outputFieldName>
        <outputObjectName>Formula</outputObjectName>
        <requiredForUpsert>false</requiredForUpsert>
        <upsertKey>false</upsertKey>
    </omniDataTransformItem>
    <omniDataTransformItem>
        <disabled>false</disabled>
        <filterGroup>0.0</filterGroup>
        <globalKey>d4979a79-d7eb-49f8-9c2a-c2401b3bf995</globalKey>
        <inputFieldName>Contact:ContactHasEmail</inputFieldName>
        <inputObjectQuerySequence>0.0</inputObjectQuerySequence>
        <linkedObjectSequence>0.0</linkedObjectSequence>
        <name>DRGetAccountContacts</name>
        <outputCreationSequence>1.0</outputCreationSequence>
        <outputFieldName>ContactHasEmail</outputFieldName>
        <outputObjectName>json</outputObjectName>
        <requiredForUpsert>false</requiredForUpsert>
        <upsertKey>false</upsertKey>
    </omniDataTransformItem>
    <omniDataTransformItem>
        <disabled>false</disabled>
        <filterGroup>0.0</filterGroup>
        <formulaConverted>| var:Contact:Email $Vlocity.NULL = &quot;Contact/\/\/Has/\/\/No/\/\/Email&quot; var:Contact:Email IF</formulaConverted>
        <formulaExpression>IF(Contact:Email=$Vlocity.NULL,&quot;Contact Has No Email&quot;,Contact:Email)</formulaExpression>
        <formulaResultPath>Contact:ContactHasEmail</formulaResultPath>
        <formulaSequence>1.0</formulaSequence>
        <globalKey>d7e3fab0-2836-4205-abca-017535b36d88</globalKey>
        <inputObjectQuerySequence>0.0</inputObjectQuerySequence>
        <linkedObjectSequence>0.0</linkedObjectSequence>
        <name>DRGetAccountContacts</name>
        <outputCreationSequence>0.0</outputCreationSequence>
        <outputFieldName>Formula</outputFieldName>
        <outputObjectName>Formula</outputObjectName>
        <requiredForUpsert>false</requiredForUpsert>
        <upsertKey>false</upsertKey>
    </omniDataTransformItem>
    <omniDataTransformItem>
        <disabled>false</disabled>
        <filterGroup>0.0</filterGroup>
        <filterOperator>=</filterOperator>
        <filterValue>AccountId</filterValue>
        <globalKey>fd732ee7-a14e-4a80-827e-33b3f7d2375c</globalKey>
        <inputFieldName>AccountId</inputFieldName>
        <inputObjectName>Contact</inputObjectName>
        <inputObjectQuerySequence>1.0</inputObjectQuerySequence>
        <linkedObjectSequence>0.0</linkedObjectSequence>
        <name>DRGetAccountContacts</name>
        <outputCreationSequence>0.0</outputCreationSequence>
        <outputFieldName>Contact</outputFieldName>
        <outputObjectName>json</outputObjectName>
        <requiredForUpsert>false</requiredForUpsert>
        <upsertKey>false</upsertKey>
    </omniDataTransformItem>
    <omniDataTransformItem>
        <disabled>false</disabled>
        <filterGroup>0.0</filterGroup>
        <globalKey>254f4273-4aed-44bd-bb96-9f45f48967d1</globalKey>
        <inputFieldName>Contact:Name</inputFieldName>
        <inputObjectQuerySequence>0.0</inputObjectQuerySequence>
        <linkedObjectSequence>0.0</linkedObjectSequence>
        <name>DRGetAccountContacts</name>
        <outputCreationSequence>1.0</outputCreationSequence>
        <outputFieldName>GroupContactName</outputFieldName>
        <outputObjectName>json</outputObjectName>
        <requiredForUpsert>false</requiredForUpsert>
        <upsertKey>false</upsertKey>
    </omniDataTransformItem>
    <outputType>JSON</outputType>
    <previewJsonData>{
  &quot;AccountId&quot; : &quot;0014V00003LetNtQAJ&quot;
}</previewJsonData>
    <processSuperBulk>false</processSuperBulk>
    <responseCacheTtlMinutes>0.0</responseCacheTtlMinutes>
    <rollbackOnError>false</rollbackOnError>
    <sourceObject>json</sourceObject>
    <sourceObjectDefault>false</sourceObjectDefault>
    <synchronousProcessThreshold>-1.0</synchronousProcessThreshold>
    <type>Extract</type>
    <uniqueName>DRGetAccountContacts_1</uniqueName>
    <versionNumber>1.0</versionNumber>
    <xmlDeclarationRemoved>false</xmlDeclarationRemoved>
</OmniDataTransform>
