<?xml version="1.0" encoding="UTF-8"?>
<OmniDataTransform xmlns="http://soap.sforce.com/2006/04/metadata">
    <active>false</active>
    <assignmentRulesUsed>false</assignmentRulesUsed>
    <deletedOnSuccess>false</deletedOnSuccess>
    <description>2024-04-02 szerby.  Cloned from ExtractPrototypeConfigurationIds</description>
    <errorIgnored>false</errorIgnored>
    <fieldLevelSecurityEnabled>false</fieldLevelSecurityEnabled>
    <inputType>JSON</inputType>
    <name>FINSExtractPrototypeConfigurationIDsForMatureAndNew</name>
    <nullInputsIncludedInOutput>false</nullInputsIncludedInOutput>
    <omniDataTransformItem>
        <disabled>false</disabled>
        <filterGroup>0.0</filterGroup>
        <filterOperator>=</filterOperator>
        <filterValue>&quot;FINS_Planning_Mature_Cl&quot;</filterValue>
        <globalKey>FINSExtractPrototypeConfigurationIDsForMatureAndNewCustom0jIao0000003dEXEAYItem0</globalKey>
        <inputFieldName>External_ID__c</inputFieldName>
        <inputObjectName>PrototypeConfiguration__c</inputObjectName>
        <inputObjectQuerySequence>1.0</inputObjectQuerySequence>
        <linkedObjectSequence>0.0</linkedObjectSequence>
        <name>FINSExtractPrototypeConfigurationIDsForMatureAndNew</name>
        <outputCreationSequence>0.0</outputCreationSequence>
        <outputFieldName>PrototypeMature</outputFieldName>
        <outputObjectName>json</outputObjectName>
        <requiredForUpsert>false</requiredForUpsert>
        <upsertKey>false</upsertKey>
    </omniDataTransformItem>
    <omniDataTransformItem>
        <disabled>false</disabled>
        <filterGroup>0.0</filterGroup>
        <filterOperator>=</filterOperator>
        <filterValue>&quot;FINS_Planning_New_Client&quot;</filterValue>
        <globalKey>FINSExtractPrototypeConfigurationIDsForMatureAndNewCustom0jIao0000003dEXEAYItem1</globalKey>
        <inputFieldName>External_ID__c</inputFieldName>
        <inputObjectName>PrototypeConfiguration__c</inputObjectName>
        <inputObjectQuerySequence>2.0</inputObjectQuerySequence>
        <linkedObjectSequence>0.0</linkedObjectSequence>
        <name>FINSExtractPrototypeConfigurationIDsForMatureAndNew</name>
        <outputCreationSequence>0.0</outputCreationSequence>
        <outputFieldName>PrototypeNew</outputFieldName>
        <outputObjectName>json</outputObjectName>
        <requiredForUpsert>false</requiredForUpsert>
        <upsertKey>false</upsertKey>
    </omniDataTransformItem>
    <omniDataTransformItem>
        <disabled>false</disabled>
        <filterGroup>0.0</filterGroup>
        <globalKey>FINSExtractPrototypeConfigurationIDsForMatureAndNewCustom0jIao0000003dEXEAYItem2</globalKey>
        <inputFieldName>PrototypeMature:Id</inputFieldName>
        <inputObjectQuerySequence>0.0</inputObjectQuerySequence>
        <linkedObjectSequence>0.0</linkedObjectSequence>
        <name>FINSExtractPrototypeConfigurationIDsForMatureAndNew</name>
        <outputCreationSequence>1.0</outputCreationSequence>
        <outputFieldName>MatureId</outputFieldName>
        <outputObjectName>json</outputObjectName>
        <requiredForUpsert>false</requiredForUpsert>
        <upsertKey>false</upsertKey>
    </omniDataTransformItem>
    <omniDataTransformItem>
        <disabled>false</disabled>
        <filterGroup>0.0</filterGroup>
        <globalKey>FINSExtractPrototypeConfigurationIDsForMatureAndNewCustom0jIao0000003dEXEAYItem3</globalKey>
        <inputFieldName>PrototypeNew:Id</inputFieldName>
        <inputObjectQuerySequence>0.0</inputObjectQuerySequence>
        <linkedObjectSequence>0.0</linkedObjectSequence>
        <name>FINSExtractPrototypeConfigurationIDsForMatureAndNew</name>
        <outputCreationSequence>1.0</outputCreationSequence>
        <outputFieldName>NewId</outputFieldName>
        <outputObjectName>json</outputObjectName>
        <requiredForUpsert>false</requiredForUpsert>
        <upsertKey>false</upsertKey>
    </omniDataTransformItem>
    <outputType>JSON</outputType>
    <previewJsonData>{ }</previewJsonData>
    <processSuperBulk>false</processSuperBulk>
    <responseCacheTtlMinutes>0.0</responseCacheTtlMinutes>
    <rollbackOnError>false</rollbackOnError>
    <sourceObject>json</sourceObject>
    <sourceObjectDefault>false</sourceObjectDefault>
    <synchronousProcessThreshold>0.0</synchronousProcessThreshold>
    <type>Extract</type>
    <uniqueName>FINSExtractPrototypeConfigurationIDsForMatureAndNew_1</uniqueName>
    <versionNumber>1.0</versionNumber>
    <xmlDeclarationRemoved>false</xmlDeclarationRemoved>
</OmniDataTransform>
