<?xml version="1.0" encoding="UTF-8"?>
<OmniDataTransform xmlns="http://soap.sforce.com/2006/04/metadata">
    <active>false</active>
    <assignmentRulesUsed>false</assignmentRulesUsed>
    <deletedOnSuccess>false</deletedOnSuccess>
    <description>2024-04-05 Szerby.  Cloned from RIAFSCClientSnapshotExtract</description>
    <errorIgnored>false</errorIgnored>
    <expectedOutputJson>{
  &quot;BillingState&quot; : &quot;Text&quot;,
  &quot;BillingCity&quot; : &quot;Text&quot;,
  &quot;AccountContactRelationId&quot; : &quot;Text&quot;,
  &quot;HouseholdAUM&quot; : &quot;Text&quot;,
  &quot;FirstName&quot; : &quot;Text&quot;
}</expectedOutputJson>
    <fieldLevelSecurityEnabled>false</fieldLevelSecurityEnabled>
    <inputType>JSON</inputType>
    <name>FINSRIAClientSnapshotExtract</name>
    <nullInputsIncludedInOutput>false</nullInputsIncludedInOutput>
    <omniDataTransformItem>
        <disabled>false</disabled>
        <filterGroup>0.0</filterGroup>
        <filterOperator>=</filterOperator>
        <filterValue>&apos;true&apos;</filterValue>
        <globalKey>FINSRIAClientSnapshotExtractCustom0jIao0000003qIDEAYItem3</globalKey>
        <inputFieldName>FinServ__PrimaryGroup__c</inputFieldName>
        <inputObjectName>AccountContactRelation</inputObjectName>
        <inputObjectQuerySequence>2.0</inputObjectQuerySequence>
        <linkedObjectSequence>0.0</linkedObjectSequence>
        <name>FINSRIAClientSnapshotExtract</name>
        <outputCreationSequence>0.0</outputCreationSequence>
        <outputFieldName>AccountContactRelation</outputFieldName>
        <outputObjectName>json</outputObjectName>
        <requiredForUpsert>false</requiredForUpsert>
        <upsertKey>false</upsertKey>
    </omniDataTransformItem>
    <omniDataTransformItem>
        <defaultValue>Not Provided</defaultValue>
        <disabled>false</disabled>
        <filterGroup>0.0</filterGroup>
        <globalKey>FINSRIAClientSnapshotExtractCustom0jIao0000003qIDEAYItem15</globalKey>
        <inputFieldName>HouseholdAccount:Name</inputFieldName>
        <inputObjectQuerySequence>0.0</inputObjectQuerySequence>
        <linkedObjectSequence>0.0</linkedObjectSequence>
        <name>FINSRIAClientSnapshotExtract</name>
        <outputCreationSequence>1.0</outputCreationSequence>
        <outputFieldName>HouseholdAccountName</outputFieldName>
        <outputObjectName>json</outputObjectName>
        <requiredForUpsert>false</requiredForUpsert>
        <upsertKey>false</upsertKey>
    </omniDataTransformItem>
    <omniDataTransformItem>
        <disabled>false</disabled>
        <filterGroup>0.0</filterGroup>
        <filterOperator>=</filterOperator>
        <filterValue>PersonAccount:PersonContactId</filterValue>
        <globalKey>FINSRIAClientSnapshotExtractCustom0jIao0000003qIDEAYItem2</globalKey>
        <inputFieldName>ContactId</inputFieldName>
        <inputObjectName>AccountContactRelation</inputObjectName>
        <inputObjectQuerySequence>2.0</inputObjectQuerySequence>
        <linkedObjectSequence>0.0</linkedObjectSequence>
        <name>FINSRIAClientSnapshotExtract</name>
        <outputCreationSequence>0.0</outputCreationSequence>
        <outputFieldName>AccountContactRelation</outputFieldName>
        <outputObjectName>json</outputObjectName>
        <requiredForUpsert>false</requiredForUpsert>
        <upsertKey>false</upsertKey>
    </omniDataTransformItem>
    <omniDataTransformItem>
        <defaultValue>Not Provided</defaultValue>
        <disabled>false</disabled>
        <filterGroup>0.0</filterGroup>
        <globalKey>FINSRIAClientSnapshotExtractCustom0jIao0000003qIDEAYItem14</globalKey>
        <inputFieldName>HouseholdAccount:AccountNumber</inputFieldName>
        <inputObjectQuerySequence>0.0</inputObjectQuerySequence>
        <linkedObjectSequence>0.0</linkedObjectSequence>
        <name>FINSRIAClientSnapshotExtract</name>
        <outputCreationSequence>1.0</outputCreationSequence>
        <outputFieldName>HouseholdAccountNumber</outputFieldName>
        <outputObjectName>json</outputObjectName>
        <requiredForUpsert>false</requiredForUpsert>
        <upsertKey>false</upsertKey>
    </omniDataTransformItem>
    <omniDataTransformItem>
        <disabled>false</disabled>
        <filterGroup>0.0</filterGroup>
        <formulaConverted>| var:HouseholdAccount:BillingCity &quot;,/\/\/&quot; var:HouseholdAccount:BillingState CONCAT</formulaConverted>
        <formulaExpression>CONCAT(HouseholdAccount:BillingCity, &quot;, &quot;,HouseholdAccount:BillingState)</formulaExpression>
        <formulaResultPath>HouseholdAddress</formulaResultPath>
        <formulaSequence>1.0</formulaSequence>
        <globalKey>FINSRIAClientSnapshotExtractCustom0jIao0000003qIDEAYItem1</globalKey>
        <inputObjectQuerySequence>0.0</inputObjectQuerySequence>
        <linkedObjectSequence>0.0</linkedObjectSequence>
        <name>FINSRIAClientSnapshotExtract</name>
        <outputCreationSequence>0.0</outputCreationSequence>
        <outputFieldName>Formula</outputFieldName>
        <outputObjectName>Formula</outputObjectName>
        <requiredForUpsert>false</requiredForUpsert>
        <upsertKey>false</upsertKey>
    </omniDataTransformItem>
    <omniDataTransformItem>
        <defaultValue>Not Provided</defaultValue>
        <disabled>false</disabled>
        <filterGroup>0.0</filterGroup>
        <globalKey>FINSRIAClientSnapshotExtractCustom0jIao0000003qIDEAYItem13</globalKey>
        <inputFieldName>PersonAccount:Name</inputFieldName>
        <inputObjectQuerySequence>0.0</inputObjectQuerySequence>
        <linkedObjectSequence>0.0</linkedObjectSequence>
        <name>FINSRIAClientSnapshotExtract</name>
        <outputCreationSequence>1.0</outputCreationSequence>
        <outputFieldName>FullName</outputFieldName>
        <outputObjectName>json</outputObjectName>
        <requiredForUpsert>false</requiredForUpsert>
        <upsertKey>false</upsertKey>
    </omniDataTransformItem>
    <omniDataTransformItem>
        <disabled>false</disabled>
        <filterGroup>0.0</filterGroup>
        <filterOperator>=</filterOperator>
        <filterValue>recordId</filterValue>
        <globalKey>FINSRIAClientSnapshotExtractCustom0jIao0000003qIDEAYItem0</globalKey>
        <inputFieldName>Id</inputFieldName>
        <inputObjectName>Account</inputObjectName>
        <inputObjectQuerySequence>1.0</inputObjectQuerySequence>
        <linkedObjectSequence>0.0</linkedObjectSequence>
        <name>FINSRIAClientSnapshotExtract</name>
        <outputCreationSequence>0.0</outputCreationSequence>
        <outputFieldName>PersonAccount</outputFieldName>
        <outputObjectName>json</outputObjectName>
        <requiredForUpsert>false</requiredForUpsert>
        <upsertKey>false</upsertKey>
    </omniDataTransformItem>
    <omniDataTransformItem>
        <disabled>false</disabled>
        <filterGroup>0.0</filterGroup>
        <globalKey>FINSRIAClientSnapshotExtractCustom0jIao0000003qIDEAYItem12</globalKey>
        <inputFieldName>AccountContactRelation:Id</inputFieldName>
        <inputObjectQuerySequence>0.0</inputObjectQuerySequence>
        <linkedObjectSequence>0.0</linkedObjectSequence>
        <name>FINSRIAClientSnapshotExtract</name>
        <outputCreationSequence>1.0</outputCreationSequence>
        <outputFieldName>AccountContactRelationId</outputFieldName>
        <outputObjectName>json</outputObjectName>
        <requiredForUpsert>false</requiredForUpsert>
        <upsertKey>false</upsertKey>
    </omniDataTransformItem>
    <omniDataTransformItem>
        <defaultValue>0</defaultValue>
        <disabled>false</disabled>
        <filterGroup>0.0</filterGroup>
        <globalKey>FINSRIAClientSnapshotExtractCustom0jIao0000003qIDEAYItem11</globalKey>
        <inputFieldName>HouseholdAccount:FinServ__AUM__c</inputFieldName>
        <inputObjectQuerySequence>0.0</inputObjectQuerySequence>
        <linkedObjectSequence>0.0</linkedObjectSequence>
        <name>FINSRIAClientSnapshotExtract</name>
        <outputCreationSequence>1.0</outputCreationSequence>
        <outputFieldFormat>CurrencyRounded</outputFieldFormat>
        <outputFieldName>HouseholdAUM</outputFieldName>
        <outputObjectName>json</outputObjectName>
        <requiredForUpsert>false</requiredForUpsert>
        <upsertKey>false</upsertKey>
    </omniDataTransformItem>
    <omniDataTransformItem>
        <defaultValue>Not Provided</defaultValue>
        <disabled>false</disabled>
        <filterGroup>0.0</filterGroup>
        <globalKey>FINSRIAClientSnapshotExtractCustom0jIao0000003qIDEAYItem10</globalKey>
        <inputFieldName>PersonAccount:BillingState</inputFieldName>
        <inputObjectQuerySequence>0.0</inputObjectQuerySequence>
        <linkedObjectSequence>0.0</linkedObjectSequence>
        <name>FINSRIAClientSnapshotExtract</name>
        <outputCreationSequence>1.0</outputCreationSequence>
        <outputFieldName>BillingState</outputFieldName>
        <outputObjectName>json</outputObjectName>
        <requiredForUpsert>false</requiredForUpsert>
        <upsertKey>false</upsertKey>
    </omniDataTransformItem>
    <omniDataTransformItem>
        <defaultValue>Not Provided</defaultValue>
        <disabled>false</disabled>
        <filterGroup>0.0</filterGroup>
        <globalKey>FINSRIAClientSnapshotExtractCustom0jIao0000003qIDEAYItem9</globalKey>
        <inputFieldName>PersonAccount:Phone</inputFieldName>
        <inputObjectQuerySequence>0.0</inputObjectQuerySequence>
        <linkedObjectSequence>0.0</linkedObjectSequence>
        <name>FINSRIAClientSnapshotExtract</name>
        <outputCreationSequence>1.0</outputCreationSequence>
        <outputFieldName>Phone</outputFieldName>
        <outputObjectName>json</outputObjectName>
        <requiredForUpsert>false</requiredForUpsert>
        <upsertKey>false</upsertKey>
    </omniDataTransformItem>
    <omniDataTransformItem>
        <defaultValue>0</defaultValue>
        <disabled>false</disabled>
        <filterGroup>0.0</filterGroup>
        <globalKey>FINSRIAClientSnapshotExtractCustom0jIao0000003qIDEAYItem8</globalKey>
        <inputFieldName>HouseholdAccount:FinServ__TotalFinancialAccounts__c</inputFieldName>
        <inputObjectQuerySequence>0.0</inputObjectQuerySequence>
        <linkedObjectSequence>0.0</linkedObjectSequence>
        <name>FINSRIAClientSnapshotExtract</name>
        <outputCreationSequence>1.0</outputCreationSequence>
        <outputFieldFormat>CurrencyRounded</outputFieldFormat>
        <outputFieldName>HouseholdTotalFinancialAccounts</outputFieldName>
        <outputObjectName>json</outputObjectName>
        <requiredForUpsert>false</requiredForUpsert>
        <upsertKey>false</upsertKey>
    </omniDataTransformItem>
    <omniDataTransformItem>
        <disabled>false</disabled>
        <filterGroup>0.0</filterGroup>
        <globalKey>FINSRIAClientSnapshotExtractCustom0jIao0000003qIDEAYItem7</globalKey>
        <inputFieldName>PersonAccount:PhotoUrl</inputFieldName>
        <inputObjectQuerySequence>0.0</inputObjectQuerySequence>
        <linkedObjectSequence>0.0</linkedObjectSequence>
        <name>FINSRIAClientSnapshotExtract</name>
        <outputCreationSequence>1.0</outputCreationSequence>
        <outputFieldName>PhotoUrl</outputFieldName>
        <outputObjectName>json</outputObjectName>
        <requiredForUpsert>false</requiredForUpsert>
        <upsertKey>false</upsertKey>
    </omniDataTransformItem>
    <omniDataTransformItem>
        <defaultValue>Not Provided</defaultValue>
        <disabled>false</disabled>
        <filterGroup>0.0</filterGroup>
        <globalKey>FINSRIAClientSnapshotExtractCustom0jIao0000003qIDEAYItem6</globalKey>
        <inputFieldName>PersonAccount:FinServ__CustomerSegment__c</inputFieldName>
        <inputObjectQuerySequence>0.0</inputObjectQuerySequence>
        <linkedObjectSequence>0.0</linkedObjectSequence>
        <name>FINSRIAClientSnapshotExtract</name>
        <outputCreationSequence>1.0</outputCreationSequence>
        <outputFieldName>LoyaltyStatus</outputFieldName>
        <outputObjectName>json</outputObjectName>
        <requiredForUpsert>false</requiredForUpsert>
        <upsertKey>false</upsertKey>
    </omniDataTransformItem>
    <omniDataTransformItem>
        <disabled>false</disabled>
        <filterGroup>0.0</filterGroup>
        <globalKey>FINSRIAClientSnapshotExtractCustom0jIao0000003qIDEAYItem18</globalKey>
        <inputFieldName>HouseholdAddress</inputFieldName>
        <inputObjectQuerySequence>0.0</inputObjectQuerySequence>
        <linkedObjectSequence>0.0</linkedObjectSequence>
        <name>FINSRIAClientSnapshotExtract</name>
        <outputCreationSequence>1.0</outputCreationSequence>
        <outputFieldFormat>String</outputFieldFormat>
        <outputFieldName>HouseholdAddress</outputFieldName>
        <outputObjectName>json</outputObjectName>
        <requiredForUpsert>false</requiredForUpsert>
        <upsertKey>false</upsertKey>
    </omniDataTransformItem>
    <omniDataTransformItem>
        <defaultValue>0</defaultValue>
        <disabled>false</disabled>
        <filterGroup>0.0</filterGroup>
        <globalKey>FINSRIAClientSnapshotExtractCustom0jIao0000003qIDEAYItem5</globalKey>
        <inputFieldName>PersonAccount:FinServ__AUM__c</inputFieldName>
        <inputObjectQuerySequence>0.0</inputObjectQuerySequence>
        <linkedObjectSequence>0.0</linkedObjectSequence>
        <name>FINSRIAClientSnapshotExtract</name>
        <outputCreationSequence>1.0</outputCreationSequence>
        <outputFieldFormat>CurrencyRounded</outputFieldFormat>
        <outputFieldName>AUM</outputFieldName>
        <outputObjectName>json</outputObjectName>
        <requiredForUpsert>false</requiredForUpsert>
        <upsertKey>false</upsertKey>
    </omniDataTransformItem>
    <omniDataTransformItem>
        <defaultValue>Not Provided</defaultValue>
        <disabled>false</disabled>
        <filterGroup>0.0</filterGroup>
        <globalKey>FINSRIAClientSnapshotExtractCustom0jIao0000003qIDEAYItem17</globalKey>
        <inputFieldName>HouseholdAccount:FinServ__LastInteraction__c</inputFieldName>
        <inputObjectQuerySequence>0.0</inputObjectQuerySequence>
        <linkedObjectSequence>0.0</linkedObjectSequence>
        <name>FINSRIAClientSnapshotExtract</name>
        <outputCreationSequence>1.0</outputCreationSequence>
        <outputFieldFormat>Date(MM/dd/yyyy)</outputFieldFormat>
        <outputFieldName>HouseholdLastInteraction</outputFieldName>
        <outputObjectName>json</outputObjectName>
        <requiredForUpsert>false</requiredForUpsert>
        <upsertKey>false</upsertKey>
    </omniDataTransformItem>
    <omniDataTransformItem>
        <disabled>false</disabled>
        <filterGroup>0.0</filterGroup>
        <filterOperator>=</filterOperator>
        <filterValue>AccountContactRelation:AccountId</filterValue>
        <globalKey>FINSRIAClientSnapshotExtractCustom0jIao0000003qIDEAYItem4</globalKey>
        <inputFieldName>Id</inputFieldName>
        <inputObjectName>Account</inputObjectName>
        <inputObjectQuerySequence>3.0</inputObjectQuerySequence>
        <linkedObjectSequence>0.0</linkedObjectSequence>
        <name>FINSRIAClientSnapshotExtract</name>
        <outputCreationSequence>0.0</outputCreationSequence>
        <outputFieldName>HouseholdAccount</outputFieldName>
        <outputObjectName>json</outputObjectName>
        <requiredForUpsert>false</requiredForUpsert>
        <upsertKey>false</upsertKey>
    </omniDataTransformItem>
    <omniDataTransformItem>
        <defaultValue>Not Provided</defaultValue>
        <disabled>false</disabled>
        <filterGroup>0.0</filterGroup>
        <globalKey>FINSRIAClientSnapshotExtractCustom0jIao0000003qIDEAYItem16</globalKey>
        <inputFieldName>PersonAccount:BillingCity</inputFieldName>
        <inputObjectQuerySequence>0.0</inputObjectQuerySequence>
        <linkedObjectSequence>0.0</linkedObjectSequence>
        <name>FINSRIAClientSnapshotExtract</name>
        <outputCreationSequence>1.0</outputCreationSequence>
        <outputFieldName>BillingCity</outputFieldName>
        <outputObjectName>json</outputObjectName>
        <requiredForUpsert>false</requiredForUpsert>
        <upsertKey>false</upsertKey>
    </omniDataTransformItem>
    <outputType>JSON</outputType>
    <previewJsonData>{
  &quot;recordId&quot; : &quot;001ao00000G5IBDAA3&quot;
}</previewJsonData>
    <processSuperBulk>false</processSuperBulk>
    <responseCacheTtlMinutes>0.0</responseCacheTtlMinutes>
    <rollbackOnError>false</rollbackOnError>
    <sourceObject>json</sourceObject>
    <sourceObjectDefault>false</sourceObjectDefault>
    <synchronousProcessThreshold>0.0</synchronousProcessThreshold>
    <type>Extract</type>
    <uniqueName>FINSRIAClientSnapshotExtract_1</uniqueName>
    <versionNumber>1.0</versionNumber>
    <xmlDeclarationRemoved>false</xmlDeclarationRemoved>
</OmniDataTransform>
