<?xml version="1.0" encoding="UTF-8"?>
<OmniDataTransform xmlns="http://soap.sforce.com/2006/04/metadata">
    <active>false</active>
    <assignmentRulesUsed>false</assignmentRulesUsed>
    <deletedOnSuccess>false</deletedOnSuccess>
    <errorIgnored>false</errorIgnored>
    <fieldLevelSecurityEnabled>false</fieldLevelSecurityEnabled>
    <inputType>JSON</inputType>
    <name>FINSSharedGetDataCloudMock</name>
    <nullInputsIncludedInOutput>false</nullInputsIncludedInOutput>
    <omniDataTransformItem>
        <disabled>false</disabled>
        <filterGroup>0.0</filterGroup>
        <globalKey>FINSSharedGetDataCloudMock49216383493723104</globalKey>
        <inputFieldName>DataCloudMockery:Total_Surplus__c</inputFieldName>
        <inputObjectQuerySequence>0.0</inputObjectQuerySequence>
        <linkedObjectSequence>0.0</linkedObjectSequence>
        <name>FINSSharedGetDataCloudMock</name>
        <outputCreationSequence>1.0</outputCreationSequence>
        <outputFieldName>TotalSurplus</outputFieldName>
        <outputObjectName>json</outputObjectName>
        <requiredForUpsert>false</requiredForUpsert>
        <upsertKey>false</upsertKey>
    </omniDataTransformItem>
    <omniDataTransformItem>
        <disabled>false</disabled>
        <filterGroup>0.0</filterGroup>
        <globalKey>FINSSharedGetDataCloudMock8564342852044151</globalKey>
        <inputFieldName>DataCloudMockery:Average_Monthly_Expenses__c</inputFieldName>
        <inputObjectQuerySequence>0.0</inputObjectQuerySequence>
        <linkedObjectSequence>0.0</linkedObjectSequence>
        <name>FINSSharedGetDataCloudMock</name>
        <outputCreationSequence>1.0</outputCreationSequence>
        <outputFieldName>AverageMonthlyExpenses</outputFieldName>
        <outputObjectName>json</outputObjectName>
        <requiredForUpsert>false</requiredForUpsert>
        <upsertKey>false</upsertKey>
    </omniDataTransformItem>
    <omniDataTransformItem>
        <disabled>false</disabled>
        <filterGroup>0.0</filterGroup>
        <globalKey>FINSSharedGetDataCloudMock5718090779327212</globalKey>
        <inputFieldName>DataCloudMockery:Average_Monthly_Income__c</inputFieldName>
        <inputObjectQuerySequence>0.0</inputObjectQuerySequence>
        <linkedObjectSequence>0.0</linkedObjectSequence>
        <name>FINSSharedGetDataCloudMock</name>
        <outputCreationSequence>1.0</outputCreationSequence>
        <outputFieldName>AverageMonthlyIncome</outputFieldName>
        <outputObjectName>json</outputObjectName>
        <requiredForUpsert>false</requiredForUpsert>
        <upsertKey>false</upsertKey>
    </omniDataTransformItem>
    <omniDataTransformItem>
        <disabled>false</disabled>
        <filterGroup>0.0</filterGroup>
        <globalKey>FINSSharedGetDataCloudMock2063963997844871</globalKey>
        <inputFieldName>DataCloudMockery:Average_Monthly_Surplus__c</inputFieldName>
        <inputObjectQuerySequence>0.0</inputObjectQuerySequence>
        <linkedObjectSequence>0.0</linkedObjectSequence>
        <name>FINSSharedGetDataCloudMock</name>
        <outputCreationSequence>1.0</outputCreationSequence>
        <outputFieldName>AverageMonthlySurplus</outputFieldName>
        <outputObjectName>json</outputObjectName>
        <requiredForUpsert>false</requiredForUpsert>
        <upsertKey>false</upsertKey>
    </omniDataTransformItem>
    <omniDataTransformItem>
        <disabled>false</disabled>
        <filterGroup>0.0</filterGroup>
        <globalKey>FINSSharedGetDataCloudMock30137633326168656</globalKey>
        <inputFieldName>DataCloudMockery:CurrencyIsoCode</inputFieldName>
        <inputObjectQuerySequence>0.0</inputObjectQuerySequence>
        <linkedObjectSequence>0.0</linkedObjectSequence>
        <name>FINSSharedGetDataCloudMock</name>
        <outputCreationSequence>1.0</outputCreationSequence>
        <outputFieldName>Currency</outputFieldName>
        <outputObjectName>json</outputObjectName>
        <requiredForUpsert>false</requiredForUpsert>
        <upsertKey>false</upsertKey>
    </omniDataTransformItem>
    <omniDataTransformItem>
        <disabled>false</disabled>
        <filterGroup>0.0</filterGroup>
        <globalKey>FINSSharedGetDataCloudMock969467581190889</globalKey>
        <inputFieldName>DataCloudMockery:RecordType.Name</inputFieldName>
        <inputObjectQuerySequence>0.0</inputObjectQuerySequence>
        <linkedObjectSequence>0.0</linkedObjectSequence>
        <name>FINSSharedGetDataCloudMock</name>
        <outputCreationSequence>1.0</outputCreationSequence>
        <outputFieldName>RecordTypeName</outputFieldName>
        <outputObjectName>json</outputObjectName>
        <requiredForUpsert>false</requiredForUpsert>
        <upsertKey>false</upsertKey>
    </omniDataTransformItem>
    <omniDataTransformItem>
        <disabled>false</disabled>
        <filterGroup>0.0</filterGroup>
        <globalKey>FINSSharedGetDataCloudMock3181213012317672</globalKey>
        <inputFieldName>DataCloudMockery:Total_Expense__c</inputFieldName>
        <inputObjectQuerySequence>0.0</inputObjectQuerySequence>
        <linkedObjectSequence>0.0</linkedObjectSequence>
        <name>FINSSharedGetDataCloudMock</name>
        <outputCreationSequence>1.0</outputCreationSequence>
        <outputFieldName>TotalExpense</outputFieldName>
        <outputObjectName>json</outputObjectName>
        <requiredForUpsert>false</requiredForUpsert>
        <upsertKey>false</upsertKey>
    </omniDataTransformItem>
    <omniDataTransformItem>
        <disabled>false</disabled>
        <filterGroup>0.0</filterGroup>
        <globalKey>FINSSharedGetDataCloudMock429603668231209</globalKey>
        <inputFieldName>DataCloudMockery:Total_Income__c</inputFieldName>
        <inputObjectQuerySequence>0.0</inputObjectQuerySequence>
        <linkedObjectSequence>0.0</linkedObjectSequence>
        <name>FINSSharedGetDataCloudMock</name>
        <outputCreationSequence>1.0</outputCreationSequence>
        <outputFieldName>TotalIncome</outputFieldName>
        <outputObjectName>json</outputObjectName>
        <requiredForUpsert>false</requiredForUpsert>
        <upsertKey>false</upsertKey>
    </omniDataTransformItem>
    <omniDataTransformItem>
        <disabled>false</disabled>
        <filterGroup>0.0</filterGroup>
        <filterOperator>=</filterOperator>
        <filterValue>AccountId</filterValue>
        <globalKey>FINSSharedGetDataCloudMockCustom9495</globalKey>
        <inputFieldName>Client_Account__c</inputFieldName>
        <inputObjectName>FINS_Data_Cloud_Mock__c</inputObjectName>
        <inputObjectQuerySequence>1.0</inputObjectQuerySequence>
        <linkedObjectSequence>0.0</linkedObjectSequence>
        <name>FINSSharedGetDataCloudMock</name>
        <outputCreationSequence>0.0</outputCreationSequence>
        <outputFieldName>DataCloudMockery</outputFieldName>
        <outputObjectName>json</outputObjectName>
        <requiredForUpsert>false</requiredForUpsert>
        <upsertKey>false</upsertKey>
    </omniDataTransformItem>
    <omniDataTransformItem>
        <disabled>false</disabled>
        <filterGroup>0.0</filterGroup>
        <filterOperator>=</filterOperator>
        <filterValue>RecordTypeName</filterValue>
        <globalKey>FINSSharedGetDataCloudMockCustom865</globalKey>
        <inputFieldName>RecordType.Name</inputFieldName>
        <inputObjectName>FINS_Data_Cloud_Mock__c</inputObjectName>
        <inputObjectQuerySequence>1.0</inputObjectQuerySequence>
        <linkedObjectSequence>0.0</linkedObjectSequence>
        <name>FINSSharedGetDataCloudMock</name>
        <outputCreationSequence>0.0</outputCreationSequence>
        <outputFieldName>DataCloudMockery</outputFieldName>
        <outputObjectName>json</outputObjectName>
        <requiredForUpsert>false</requiredForUpsert>
        <upsertKey>false</upsertKey>
    </omniDataTransformItem>
    <outputType>JSON</outputType>
    <previewJsonData>{
  &quot;AccountId&quot; : &quot;0014V00003rGRHNQA4&quot;,
  &quot;RecordTypeName&quot; : &quot;Cashflow&quot;
}</previewJsonData>
    <processSuperBulk>false</processSuperBulk>
    <responseCacheTtlMinutes>0.0</responseCacheTtlMinutes>
    <rollbackOnError>false</rollbackOnError>
    <sourceObject>json</sourceObject>
    <sourceObjectDefault>false</sourceObjectDefault>
    <synchronousProcessThreshold>0.0</synchronousProcessThreshold>
    <type>Extract</type>
    <uniqueName>FINSSharedGetDataCloudMock_1</uniqueName>
    <versionNumber>1.0</versionNumber>
    <xmlDeclarationRemoved>false</xmlDeclarationRemoved>
</OmniDataTransform>
