<?xml version="1.0" encoding="UTF-8"?>
<OmniDataTransform xmlns="http://soap.sforce.com/2006/04/metadata">
    <active>true</active>
    <assignmentRulesUsed>false</assignmentRulesUsed>
    <deletedOnSuccess>false</deletedOnSuccess>
    <errorIgnored>false</errorIgnored>
    <expectedInputJson>{
  &quot;InputForCreate&quot; : {
    &quot;PartyProfileId&quot; : &quot;%PartyProfileId%&quot;,
    &quot;FirstName&quot; : &quot;%PartyProfile:FirstName%&quot;,
    &quot;LastName&quot; : &quot;%PartyProfile:LastName%&quot;
  }
}</expectedInputJson>
    <fieldLevelSecurityEnabled>false</fieldLevelSecurityEnabled>
    <inputType>JSON</inputType>
    <name>FINSCreatePartyIDverificationAndPartyScreeningSummary</name>
    <nullInputsIncludedInOutput>false</nullInputsIncludedInOutput>
    <omniDataTransformItem>
        <disabled>false</disabled>
        <filterGroup>0.0</filterGroup>
        <globalKey>FINSCreatePartyIDverificationAndPartyScreeningSummaryCustom5167</globalKey>
        <inputFieldName>InputForCreate:PartyProfileId</inputFieldName>
        <inputObjectQuerySequence>0.0</inputObjectQuerySequence>
        <linkedObjectSequence>0.0</linkedObjectSequence>
        <name>FINSCreatePartyIDverificationAndPartyScreeningSummary</name>
        <outputCreationSequence>1.0</outputCreationSequence>
        <outputFieldName>PartyProfileId</outputFieldName>
        <outputObjectName>PartyIdentityVerification</outputObjectName>
        <requiredForUpsert>false</requiredForUpsert>
        <upsertKey>false</upsertKey>
    </omniDataTransformItem>
    <omniDataTransformItem>
        <disabled>false</disabled>
        <filterGroup>0.0</filterGroup>
        <globalKey>FINSCreatePartyIDverificationAndPartyScreeningSummaryCustom7250</globalKey>
        <inputFieldName>TodaysDate</inputFieldName>
        <inputObjectQuerySequence>0.0</inputObjectQuerySequence>
        <linkedObjectSequence>0.0</linkedObjectSequence>
        <name>FINSCreatePartyIDverificationAndPartyScreeningSummary</name>
        <outputCreationSequence>1.0</outputCreationSequence>
        <outputFieldName>VerificationRequestDate</outputFieldName>
        <outputObjectName>PartyIdentityVerification</outputObjectName>
        <requiredForUpsert>false</requiredForUpsert>
        <upsertKey>false</upsertKey>
    </omniDataTransformItem>
    <omniDataTransformItem>
        <disabled>false</disabled>
        <filterGroup>0.0</filterGroup>
        <formulaConverted>| var:InputForCreate:FirstName &quot;/\/\/&quot; var:InputForCreate:LastName CONCAT</formulaConverted>
        <formulaExpression>CONCAT(InputForCreate:FirstName, &quot; &quot;, InputForCreate:LastName)</formulaExpression>
        <formulaResultPath>WholeName</formulaResultPath>
        <formulaSequence>1.0</formulaSequence>
        <globalKey>FINSCreatePartyIDverificationAndPartyScreeningSummaryCustom3597</globalKey>
        <inputObjectQuerySequence>0.0</inputObjectQuerySequence>
        <linkedObjectSequence>0.0</linkedObjectSequence>
        <name>FINSCreatePartyIDverificationAndPartyScreeningSummary</name>
        <outputCreationSequence>0.0</outputCreationSequence>
        <outputFieldName>Formula</outputFieldName>
        <outputObjectName>Formula</outputObjectName>
        <requiredForUpsert>false</requiredForUpsert>
        <upsertKey>false</upsertKey>
    </omniDataTransformItem>
    <omniDataTransformItem>
        <defaultValue>Clear</defaultValue>
        <disabled>false</disabled>
        <filterGroup>0.0</filterGroup>
        <globalKey>FINSCreatePartyIDverificationAndPartyScreeningSummaryCustom4995</globalKey>
        <inputObjectQuerySequence>0.0</inputObjectQuerySequence>
        <linkedObjectSequence>0.0</linkedObjectSequence>
        <name>FINSCreatePartyIDverificationAndPartyScreeningSummary</name>
        <outputCreationSequence>2.0</outputCreationSequence>
        <outputFieldName>ScreeningDecision</outputFieldName>
        <outputObjectName>PartyScreeningSummary</outputObjectName>
        <requiredForUpsert>false</requiredForUpsert>
        <upsertKey>false</upsertKey>
    </omniDataTransformItem>
    <omniDataTransformItem>
        <disabled>false</disabled>
        <filterGroup>0.0</filterGroup>
        <globalKey>FINSCreatePartyIDverificationAndPartyScreeningSummaryCustom8079</globalKey>
        <inputFieldName>TodaysDate</inputFieldName>
        <inputObjectQuerySequence>0.0</inputObjectQuerySequence>
        <linkedObjectSequence>0.0</linkedObjectSequence>
        <name>FINSCreatePartyIDverificationAndPartyScreeningSummary</name>
        <outputCreationSequence>1.0</outputCreationSequence>
        <outputFieldName>RequestCompletionDate</outputFieldName>
        <outputObjectName>PartyIdentityVerification</outputObjectName>
        <requiredForUpsert>false</requiredForUpsert>
        <upsertKey>false</upsertKey>
    </omniDataTransformItem>
    <omniDataTransformItem>
        <disabled>false</disabled>
        <filterGroup>0.0</filterGroup>
        <globalKey>FINSCreatePartyIDverificationAndPartyScreeningSummaryCustom746</globalKey>
        <inputFieldName>WholeName</inputFieldName>
        <inputObjectQuerySequence>0.0</inputObjectQuerySequence>
        <linkedObjectSequence>0.0</linkedObjectSequence>
        <name>FINSCreatePartyIDverificationAndPartyScreeningSummary</name>
        <outputCreationSequence>2.0</outputCreationSequence>
        <outputFieldName>Name</outputFieldName>
        <outputObjectName>PartyScreeningSummary</outputObjectName>
        <requiredForUpsert>false</requiredForUpsert>
        <upsertKey>false</upsertKey>
    </omniDataTransformItem>
    <omniDataTransformItem>
        <disabled>true</disabled>
        <filterGroup>0.0</filterGroup>
        <filterOperator>=</filterOperator>
        <globalKey>FINSCreatePartyIDverificationAndPartyScreeningSummaryCustom8293</globalKey>
        <inputObjectQuerySequence>0.0</inputObjectQuerySequence>
        <linkedObjectSequence>0.0</linkedObjectSequence>
        <migrationValue>FAKEMAPPING</migrationValue>
        <name>FINSCreatePartyIDverificationAndPartyScreeningSummary</name>
        <outputCreationSequence>2.0</outputCreationSequence>
        <outputFieldName>Id</outputFieldName>
        <outputObjectName>PartyScreeningSummary</outputObjectName>
        <requiredForUpsert>false</requiredForUpsert>
        <upsertKey>false</upsertKey>
    </omniDataTransformItem>
    <omniDataTransformItem>
        <disabled>false</disabled>
        <filterGroup>0.0</filterGroup>
        <globalKey>FINSCreatePartyIDverificationAndPartyScreeningSummaryCustom4886</globalKey>
        <inputFieldName>TodaysDate</inputFieldName>
        <inputObjectQuerySequence>0.0</inputObjectQuerySequence>
        <linkedObjectSequence>0.0</linkedObjectSequence>
        <name>FINSCreatePartyIDverificationAndPartyScreeningSummary</name>
        <outputCreationSequence>2.0</outputCreationSequence>
        <outputFieldName>RequestCompletionDate</outputFieldName>
        <outputObjectName>PartyScreeningSummary</outputObjectName>
        <requiredForUpsert>false</requiredForUpsert>
        <upsertKey>false</upsertKey>
    </omniDataTransformItem>
    <omniDataTransformItem>
        <disabled>true</disabled>
        <filterGroup>0.0</filterGroup>
        <filterOperator>=</filterOperator>
        <globalKey>FINSCreatePartyIDverificationAndPartyScreeningSummaryCustom5865</globalKey>
        <inputObjectQuerySequence>0.0</inputObjectQuerySequence>
        <linkedObjectSequence>0.0</linkedObjectSequence>
        <migrationValue>FAKEMAPPING</migrationValue>
        <name>FINSCreatePartyIDverificationAndPartyScreeningSummary</name>
        <outputCreationSequence>3.0</outputCreationSequence>
        <outputFieldName>Id</outputFieldName>
        <outputObjectName>PartyProfile</outputObjectName>
        <requiredForUpsert>false</requiredForUpsert>
        <upsertKey>false</upsertKey>
    </omniDataTransformItem>
    <omniDataTransformItem>
        <disabled>false</disabled>
        <filterGroup>0.0</filterGroup>
        <globalKey>FINSCreatePartyIDverificationAndPartyScreeningSummaryCustom5709</globalKey>
        <inputFieldName>InputForCreate:PartyProfileId</inputFieldName>
        <inputObjectQuerySequence>0.0</inputObjectQuerySequence>
        <linkedObjectSequence>0.0</linkedObjectSequence>
        <name>FINSCreatePartyIDverificationAndPartyScreeningSummary</name>
        <outputCreationSequence>2.0</outputCreationSequence>
        <outputFieldName>PartyProfileId</outputFieldName>
        <outputObjectName>PartyScreeningSummary</outputObjectName>
        <requiredForUpsert>false</requiredForUpsert>
        <upsertKey>false</upsertKey>
    </omniDataTransformItem>
    <omniDataTransformItem>
        <disabled>false</disabled>
        <filterGroup>0.0</filterGroup>
        <globalKey>FINSCreatePartyIDverificationAndPartyScreeningSummaryCustom877</globalKey>
        <inputFieldName>InputForCreate:PartyProfileId</inputFieldName>
        <inputObjectQuerySequence>0.0</inputObjectQuerySequence>
        <linkedObjectSequence>0.0</linkedObjectSequence>
        <name>FINSCreatePartyIDverificationAndPartyScreeningSummary</name>
        <outputCreationSequence>3.0</outputCreationSequence>
        <outputFieldName>Id</outputFieldName>
        <outputObjectName>PartyProfile</outputObjectName>
        <requiredForUpsert>true</requiredForUpsert>
        <upsertKey>false</upsertKey>
    </omniDataTransformItem>
    <omniDataTransformItem>
        <defaultValue>Completed</defaultValue>
        <disabled>false</disabled>
        <filterGroup>0.0</filterGroup>
        <globalKey>FINSCreatePartyIDverificationAndPartyScreeningSummaryCustom78</globalKey>
        <inputObjectQuerySequence>0.0</inputObjectQuerySequence>
        <linkedObjectSequence>0.0</linkedObjectSequence>
        <name>FINSCreatePartyIDverificationAndPartyScreeningSummary</name>
        <outputCreationSequence>1.0</outputCreationSequence>
        <outputFieldName>Status</outputFieldName>
        <outputObjectName>PartyIdentityVerification</outputObjectName>
        <requiredForUpsert>false</requiredForUpsert>
        <upsertKey>false</upsertKey>
    </omniDataTransformItem>
    <omniDataTransformItem>
        <disabled>true</disabled>
        <filterGroup>0.0</filterGroup>
        <filterOperator>=</filterOperator>
        <globalKey>FINSCreatePartyIDverificationAndPartyScreeningSummaryCustom1158</globalKey>
        <inputObjectQuerySequence>0.0</inputObjectQuerySequence>
        <linkedObjectSequence>0.0</linkedObjectSequence>
        <migrationValue>FAKEMAPPING</migrationValue>
        <name>FINSCreatePartyIDverificationAndPartyScreeningSummary</name>
        <outputCreationSequence>1.0</outputCreationSequence>
        <outputFieldName>Id</outputFieldName>
        <outputObjectName>PartyIdentityVerification</outputObjectName>
        <requiredForUpsert>false</requiredForUpsert>
        <upsertKey>false</upsertKey>
    </omniDataTransformItem>
    <omniDataTransformItem>
        <defaultValue>Risk Screening</defaultValue>
        <disabled>false</disabled>
        <filterGroup>0.0</filterGroup>
        <globalKey>FINSCreatePartyIDverificationAndPartyScreeningSummaryCustom6134</globalKey>
        <inputObjectQuerySequence>0.0</inputObjectQuerySequence>
        <linkedObjectSequence>0.0</linkedObjectSequence>
        <name>FINSCreatePartyIDverificationAndPartyScreeningSummary</name>
        <outputCreationSequence>3.0</outputCreationSequence>
        <outputFieldName>Stage</outputFieldName>
        <outputObjectName>PartyProfile</outputObjectName>
        <requiredForUpsert>false</requiredForUpsert>
        <upsertKey>false</upsertKey>
    </omniDataTransformItem>
    <omniDataTransformItem>
        <disabled>false</disabled>
        <filterGroup>0.0</filterGroup>
        <globalKey>FINSCreatePartyIDverificationAndPartyScreeningSummaryCustom5293</globalKey>
        <inputFieldName>TodaysDate</inputFieldName>
        <inputObjectQuerySequence>0.0</inputObjectQuerySequence>
        <linkedObjectSequence>0.0</linkedObjectSequence>
        <name>FINSCreatePartyIDverificationAndPartyScreeningSummary</name>
        <outputCreationSequence>2.0</outputCreationSequence>
        <outputFieldName>ScreeningRequestDate</outputFieldName>
        <outputObjectName>PartyScreeningSummary</outputObjectName>
        <requiredForUpsert>false</requiredForUpsert>
        <upsertKey>false</upsertKey>
    </omniDataTransformItem>
    <omniDataTransformItem>
        <disabled>false</disabled>
        <filterGroup>0.0</filterGroup>
        <formulaConverted>| TODAY</formulaConverted>
        <formulaExpression>TODAY()</formulaExpression>
        <formulaResultPath>TodaysDate</formulaResultPath>
        <formulaSequence>2.0</formulaSequence>
        <globalKey>FINSCreatePartyIDverificationAndPartyScreeningSummaryCustom1280</globalKey>
        <inputObjectQuerySequence>0.0</inputObjectQuerySequence>
        <linkedObjectSequence>0.0</linkedObjectSequence>
        <name>FINSCreatePartyIDverificationAndPartyScreeningSummary</name>
        <outputCreationSequence>0.0</outputCreationSequence>
        <outputFieldName>Formula</outputFieldName>
        <outputObjectName>Formula</outputObjectName>
        <requiredForUpsert>false</requiredForUpsert>
        <upsertKey>false</upsertKey>
    </omniDataTransformItem>
    <omniDataTransformItem>
        <defaultValue>Completed</defaultValue>
        <disabled>false</disabled>
        <filterGroup>0.0</filterGroup>
        <globalKey>FINSCreatePartyIDverificationAndPartyScreeningSummaryCustom5974</globalKey>
        <inputObjectQuerySequence>0.0</inputObjectQuerySequence>
        <linkedObjectSequence>0.0</linkedObjectSequence>
        <name>FINSCreatePartyIDverificationAndPartyScreeningSummary</name>
        <outputCreationSequence>2.0</outputCreationSequence>
        <outputFieldName>Status</outputFieldName>
        <outputObjectName>PartyScreeningSummary</outputObjectName>
        <requiredForUpsert>false</requiredForUpsert>
        <upsertKey>false</upsertKey>
    </omniDataTransformItem>
    <omniDataTransformItem>
        <disabled>false</disabled>
        <filterGroup>0.0</filterGroup>
        <globalKey>FINSCreatePartyIDverificationAndPartyScreeningSummaryCustom5956</globalKey>
        <inputFieldName>WholeName</inputFieldName>
        <inputObjectQuerySequence>0.0</inputObjectQuerySequence>
        <linkedObjectSequence>0.0</linkedObjectSequence>
        <name>FINSCreatePartyIDverificationAndPartyScreeningSummary</name>
        <outputCreationSequence>1.0</outputCreationSequence>
        <outputFieldName>Name</outputFieldName>
        <outputObjectName>PartyIdentityVerification</outputObjectName>
        <requiredForUpsert>false</requiredForUpsert>
        <upsertKey>false</upsertKey>
    </omniDataTransformItem>
    <omniDataTransformItem>
        <defaultValue>Accepted</defaultValue>
        <disabled>false</disabled>
        <filterGroup>0.0</filterGroup>
        <globalKey>FINSCreatePartyIDverificationAndPartyScreeningSummaryCustom7584</globalKey>
        <inputObjectQuerySequence>0.0</inputObjectQuerySequence>
        <linkedObjectSequence>0.0</linkedObjectSequence>
        <name>FINSCreatePartyIDverificationAndPartyScreeningSummary</name>
        <outputCreationSequence>1.0</outputCreationSequence>
        <outputFieldName>Result</outputFieldName>
        <outputObjectName>PartyIdentityVerification</outputObjectName>
        <requiredForUpsert>false</requiredForUpsert>
        <upsertKey>false</upsertKey>
    </omniDataTransformItem>
    <outputType>SObject</outputType>
    <previewJsonData>{
  &quot;InputForCreate&quot; : {
    &quot;PartyProfileId&quot; : &quot;0xU4V000000000QUAQ&quot;,
    &quot;FirstName&quot; : &quot;Testy&quot;,
    &quot;LastName&quot; : &quot;Testerton&quot;
  }
}</previewJsonData>
    <processSuperBulk>false</processSuperBulk>
    <responseCacheTtlMinutes>0.0</responseCacheTtlMinutes>
    <rollbackOnError>false</rollbackOnError>
    <sourceObject>json</sourceObject>
    <sourceObjectDefault>false</sourceObjectDefault>
    <synchronousProcessThreshold>0.0</synchronousProcessThreshold>
    <type>Load</type>
    <uniqueName>FINSCreatePartyIDverificationAndPartyScreeningSummary_1</uniqueName>
    <versionNumber>1.0</versionNumber>
    <xmlDeclarationRemoved>false</xmlDeclarationRemoved>
</OmniDataTransform>
