<?xml version="1.0" encoding="UTF-8"?>
<OmniDataTransform xmlns="http://soap.sforce.com/2006/04/metadata">
    <active>false</active>
    <assignmentRulesUsed>false</assignmentRulesUsed>
    <deletedOnSuccess>false</deletedOnSuccess>
    <description>2024-02-20 szerby. Cloned from FSCDisputeManagementCaseDeflection to avoid DR can&apos;t be found erros on export (i.e. because of file based DR).</description>
    <errorIgnored>false</errorIgnored>
    <fieldLevelSecurityEnabled>false</fieldLevelSecurityEnabled>
    <inputType>JSON</inputType>
    <name>FINSDisputeManagementCaseDeflection</name>
    <nullInputsIncludedInOutput>false</nullInputsIncludedInOutput>
    <omniDataTransformItem>
        <disabled>false</disabled>
        <filterGroup>0.0</filterGroup>
        <globalKey>FINSDisputeManagementCaseDeflectionCustom0jI4V000000CdCAUA0Item25</globalKey>
        <inputFieldName>DisputedTransactionsAfterEnrichment:CardLastFour</inputFieldName>
        <inputObjectQuerySequence>0.0</inputObjectQuerySequence>
        <linkedObjectSequence>0.0</linkedObjectSequence>
        <name>FINSDisputeManagementCaseDeflection</name>
        <outputCreationSequence>1.0</outputCreationSequence>
        <outputFieldName>CardLastFour</outputFieldName>
        <outputObjectName>json</outputObjectName>
        <requiredForUpsert>false</requiredForUpsert>
        <upsertKey>false</upsertKey>
    </omniDataTransformItem>
    <omniDataTransformItem>
        <disabled>false</disabled>
        <filterGroup>0.0</filterGroup>
        <globalKey>FINSDisputeManagementCaseDeflectionCustom0jI4V000000CdCAUA0Item26</globalKey>
        <inputFieldName>DisputedTransactionsAfterEnrichment:Image</inputFieldName>
        <inputObjectQuerySequence>0.0</inputObjectQuerySequence>
        <linkedObjectSequence>0.0</linkedObjectSequence>
        <name>FINSDisputeManagementCaseDeflection</name>
        <outputCreationSequence>1.0</outputCreationSequence>
        <outputFieldName>Image</outputFieldName>
        <outputObjectName>json</outputObjectName>
        <requiredForUpsert>false</requiredForUpsert>
        <upsertKey>false</upsertKey>
    </omniDataTransformItem>
    <omniDataTransformItem>
        <disabled>false</disabled>
        <filterGroup>0.0</filterGroup>
        <globalKey>FINSDisputeManagementCaseDeflectionCustom0jI4V000000CdCAUA0Item27</globalKey>
        <inputFieldName>DisputedTransactionsAfterEnrichment:TransactionDateFormatted</inputFieldName>
        <inputObjectQuerySequence>0.0</inputObjectQuerySequence>
        <linkedObjectSequence>0.0</linkedObjectSequence>
        <name>FINSDisputeManagementCaseDeflection</name>
        <outputCreationSequence>1.0</outputCreationSequence>
        <outputFieldName>TransactionDateFormatted</outputFieldName>
        <outputObjectName>json</outputObjectName>
        <requiredForUpsert>false</requiredForUpsert>
        <upsertKey>false</upsertKey>
    </omniDataTransformItem>
    <omniDataTransformItem>
        <disabled>false</disabled>
        <filterGroup>0.0</filterGroup>
        <globalKey>FINSDisputeManagementCaseDeflectionCustom0jI4V000000CdCAUA0Item28</globalKey>
        <inputFieldName>DisputedTransactionsAfterEnrichment:TransactionPostedDate</inputFieldName>
        <inputObjectQuerySequence>0.0</inputObjectQuerySequence>
        <linkedObjectSequence>0.0</linkedObjectSequence>
        <name>FINSDisputeManagementCaseDeflection</name>
        <outputCreationSequence>1.0</outputCreationSequence>
        <outputFieldName>TransactionPostedDate</outputFieldName>
        <outputObjectName>json</outputObjectName>
        <requiredForUpsert>false</requiredForUpsert>
        <upsertKey>false</upsertKey>
    </omniDataTransformItem>
    <omniDataTransformItem>
        <disabled>false</disabled>
        <filterGroup>0.0</filterGroup>
        <globalKey>FINSDisputeManagementCaseDeflectionCustom0jI4V000000CdCAUA0Item29</globalKey>
        <inputFieldName>DisputedTransactionsAfterEnrichment:disputedAmount</inputFieldName>
        <inputObjectQuerySequence>0.0</inputObjectQuerySequence>
        <linkedObjectSequence>0.0</linkedObjectSequence>
        <name>FINSDisputeManagementCaseDeflection</name>
        <outputCreationSequence>1.0</outputCreationSequence>
        <outputFieldName>disputedAmount</outputFieldName>
        <outputObjectName>json</outputObjectName>
        <requiredForUpsert>false</requiredForUpsert>
        <upsertKey>false</upsertKey>
    </omniDataTransformItem>
    <omniDataTransformItem>
        <disabled>false</disabled>
        <filterGroup>0.0</filterGroup>
        <globalKey>FINSDisputeManagementCaseDeflectionCustom0jI4V000000CdCAUA0Item30</globalKey>
        <inputFieldName>DisputedTransactionsAfterEnrichment:Id</inputFieldName>
        <inputObjectQuerySequence>0.0</inputObjectQuerySequence>
        <linkedObjectSequence>0.0</linkedObjectSequence>
        <name>FINSDisputeManagementCaseDeflection</name>
        <outputCreationSequence>1.0</outputCreationSequence>
        <outputFieldName>Id</outputFieldName>
        <outputObjectName>json</outputObjectName>
        <requiredForUpsert>false</requiredForUpsert>
        <upsertKey>false</upsertKey>
    </omniDataTransformItem>
    <omniDataTransformItem>
        <disabled>false</disabled>
        <filterGroup>0.0</filterGroup>
        <globalKey>FINSDisputeManagementCaseDeflectionCustom0jI4V000000CdCAUA0Item31</globalKey>
        <inputFieldName>DisputedTransactionsAfterEnrichment:TransactionCode</inputFieldName>
        <inputObjectQuerySequence>0.0</inputObjectQuerySequence>
        <linkedObjectSequence>0.0</linkedObjectSequence>
        <name>FINSDisputeManagementCaseDeflection</name>
        <outputCreationSequence>1.0</outputCreationSequence>
        <outputFieldName>TransactionCode</outputFieldName>
        <outputObjectName>json</outputObjectName>
        <requiredForUpsert>false</requiredForUpsert>
        <upsertKey>false</upsertKey>
    </omniDataTransformItem>
    <omniDataTransformItem>
        <disabled>false</disabled>
        <filterGroup>0.0</filterGroup>
        <globalKey>FINSDisputeManagementCaseDeflectionCustom0jI4V000000CdCAUA0Item32</globalKey>
        <inputFieldName>CaseDeflectionExpressionSetAction:output:calculationResults|1:AgeThresholdCheck</inputFieldName>
        <inputObjectQuerySequence>0.0</inputObjectQuerySequence>
        <linkedObjectSequence>0.0</linkedObjectSequence>
        <name>FINSDisputeManagementCaseDeflection</name>
        <outputCreationSequence>1.0</outputCreationSequence>
        <outputFieldName>AgeThresholdCheck</outputFieldName>
        <outputObjectName>json</outputObjectName>
        <requiredForUpsert>false</requiredForUpsert>
        <upsertKey>false</upsertKey>
    </omniDataTransformItem>
    <omniDataTransformItem>
        <disabled>false</disabled>
        <filterGroup>0.0</filterGroup>
        <globalKey>FINSDisputeManagementCaseDeflectionCustom0jI4V000000CdCAUA0Item33</globalKey>
        <inputFieldName>DisputedTransactionsAfterEnrichment:MerchantCountry</inputFieldName>
        <inputObjectQuerySequence>0.0</inputObjectQuerySequence>
        <linkedObjectSequence>0.0</linkedObjectSequence>
        <name>FINSDisputeManagementCaseDeflection</name>
        <outputCreationSequence>1.0</outputCreationSequence>
        <outputFieldName>MerchantCountry</outputFieldName>
        <outputObjectName>json</outputObjectName>
        <requiredForUpsert>false</requiredForUpsert>
        <upsertKey>false</upsertKey>
    </omniDataTransformItem>
    <omniDataTransformItem>
        <disabled>false</disabled>
        <filterGroup>0.0</filterGroup>
        <globalKey>FINSDisputeManagementCaseDeflectionCustom0jI4V000000CdCAUA0Item22</globalKey>
        <inputFieldName>DisputedTransactionsAfterEnrichment:MerchantName</inputFieldName>
        <inputObjectQuerySequence>0.0</inputObjectQuerySequence>
        <linkedObjectSequence>0.0</linkedObjectSequence>
        <name>FINSDisputeManagementCaseDeflection</name>
        <outputCreationSequence>1.0</outputCreationSequence>
        <outputFieldName>MerchantName</outputFieldName>
        <outputObjectName>json</outputObjectName>
        <requiredForUpsert>false</requiredForUpsert>
        <transformValuesMappings>{ }</transformValuesMappings>
        <upsertKey>false</upsertKey>
    </omniDataTransformItem>
    <omniDataTransformItem>
        <disabled>false</disabled>
        <filterGroup>0.0</filterGroup>
        <globalKey>FINSDisputeManagementCaseDeflectionCustom0jI4V000000CdCAUA0Item23</globalKey>
        <inputFieldName>DisputedTransactionsAfterEnrichment:TransactionDate</inputFieldName>
        <inputObjectQuerySequence>0.0</inputObjectQuerySequence>
        <linkedObjectSequence>0.0</linkedObjectSequence>
        <name>FINSDisputeManagementCaseDeflection</name>
        <outputCreationSequence>1.0</outputCreationSequence>
        <outputFieldName>TransactionDate</outputFieldName>
        <outputObjectName>json</outputObjectName>
        <requiredForUpsert>false</requiredForUpsert>
        <upsertKey>false</upsertKey>
    </omniDataTransformItem>
    <omniDataTransformItem>
        <disabled>false</disabled>
        <filterGroup>0.0</filterGroup>
        <globalKey>FINSDisputeManagementCaseDeflectionCustom0jI4V000000CdCAUA0Item24</globalKey>
        <inputFieldName>CaseDeflectionExpressionSetAction:output:calculationResults|1:Outcome</inputFieldName>
        <inputObjectQuerySequence>0.0</inputObjectQuerySequence>
        <linkedObjectSequence>0.0</linkedObjectSequence>
        <name>FINSDisputeManagementCaseDeflection</name>
        <outputCreationSequence>1.0</outputCreationSequence>
        <outputFieldName>ValidationOutcome</outputFieldName>
        <outputObjectName>json</outputObjectName>
        <requiredForUpsert>false</requiredForUpsert>
        <upsertKey>false</upsertKey>
    </omniDataTransformItem>
    <omniDataTransformItem>
        <disabled>false</disabled>
        <filterGroup>0.0</filterGroup>
        <globalKey>FINSDisputeManagementCaseDeflectionCustom0jI4V000000CdCAUA0Item6</globalKey>
        <inputFieldName>DisputedTransactionsAfterEnrichment:TransactionAmountCurrency</inputFieldName>
        <inputObjectQuerySequence>0.0</inputObjectQuerySequence>
        <linkedObjectSequence>0.0</linkedObjectSequence>
        <name>FINSDisputeManagementCaseDeflection</name>
        <outputCreationSequence>1.0</outputCreationSequence>
        <outputFieldName>TransactionAmountCurrency</outputFieldName>
        <outputObjectName>json</outputObjectName>
        <requiredForUpsert>false</requiredForUpsert>
        <upsertKey>false</upsertKey>
    </omniDataTransformItem>
    <omniDataTransformItem>
        <disabled>false</disabled>
        <filterGroup>0.0</filterGroup>
        <globalKey>FINSDisputeManagementCaseDeflectionCustom0jI4V000000CdCAUA0Item7</globalKey>
        <inputFieldName>DisputedTransactionsAfterEnrichment:TransactionId</inputFieldName>
        <inputObjectQuerySequence>0.0</inputObjectQuerySequence>
        <linkedObjectSequence>0.0</linkedObjectSequence>
        <name>FINSDisputeManagementCaseDeflection</name>
        <outputCreationSequence>1.0</outputCreationSequence>
        <outputFieldName>TransactionId</outputFieldName>
        <outputObjectName>json</outputObjectName>
        <requiredForUpsert>false</requiredForUpsert>
        <upsertKey>false</upsertKey>
    </omniDataTransformItem>
    <omniDataTransformItem>
        <disabled>false</disabled>
        <filterGroup>0.0</filterGroup>
        <globalKey>FINSDisputeManagementCaseDeflectionCustom0jI4V000000CdCAUA0Item8</globalKey>
        <inputFieldName>DisputedTransactionsAfterEnrichment:_flex</inputFieldName>
        <inputObjectQuerySequence>0.0</inputObjectQuerySequence>
        <linkedObjectSequence>0.0</linkedObjectSequence>
        <name>FINSDisputeManagementCaseDeflection</name>
        <outputCreationSequence>1.0</outputCreationSequence>
        <outputFieldName>_flex</outputFieldName>
        <outputObjectName>json</outputObjectName>
        <requiredForUpsert>false</requiredForUpsert>
        <upsertKey>false</upsertKey>
    </omniDataTransformItem>
    <omniDataTransformItem>
        <disabled>false</disabled>
        <filterGroup>0.0</filterGroup>
        <globalKey>FINSDisputeManagementCaseDeflectionCustom0jI4V000000CdCAUA0Item9</globalKey>
        <inputFieldName>DisputedTransactionsAfterEnrichment:MerchantPostalCode</inputFieldName>
        <inputObjectQuerySequence>0.0</inputObjectQuerySequence>
        <linkedObjectSequence>0.0</linkedObjectSequence>
        <name>FINSDisputeManagementCaseDeflection</name>
        <outputCreationSequence>1.0</outputCreationSequence>
        <outputFieldName>MerchantPostalCode</outputFieldName>
        <outputObjectName>json</outputObjectName>
        <requiredForUpsert>false</requiredForUpsert>
        <upsertKey>false</upsertKey>
    </omniDataTransformItem>
    <omniDataTransformItem>
        <disabled>false</disabled>
        <filterGroup>0.0</filterGroup>
        <globalKey>FINSDisputeManagementCaseDeflectionCustom0jI4V000000CdCAUA0Item10</globalKey>
        <inputFieldName>DisputedTransactionsAfterEnrichment:TransactionAmount</inputFieldName>
        <inputObjectQuerySequence>0.0</inputObjectQuerySequence>
        <linkedObjectSequence>0.0</linkedObjectSequence>
        <name>FINSDisputeManagementCaseDeflection</name>
        <outputCreationSequence>1.0</outputCreationSequence>
        <outputFieldName>TransactionAmount</outputFieldName>
        <outputObjectName>json</outputObjectName>
        <requiredForUpsert>false</requiredForUpsert>
        <upsertKey>false</upsertKey>
    </omniDataTransformItem>
    <omniDataTransformItem>
        <disabled>false</disabled>
        <filterGroup>0.0</filterGroup>
        <globalKey>FINSDisputeManagementCaseDeflectionCustom0jI4V000000CdCAUA0Item11</globalKey>
        <inputFieldName>DisputedTransactionsAfterEnrichment:FinancialAccountType</inputFieldName>
        <inputObjectQuerySequence>0.0</inputObjectQuerySequence>
        <linkedObjectSequence>0.0</linkedObjectSequence>
        <name>FINSDisputeManagementCaseDeflection</name>
        <outputCreationSequence>1.0</outputCreationSequence>
        <outputFieldName>FinancialAccountType</outputFieldName>
        <outputObjectName>json</outputObjectName>
        <requiredForUpsert>false</requiredForUpsert>
        <upsertKey>false</upsertKey>
    </omniDataTransformItem>
    <omniDataTransformItem>
        <disabled>false</disabled>
        <filterGroup>0.0</filterGroup>
        <globalKey>FINSDisputeManagementCaseDeflectionCustom0jI4V000000CdCAUA0Item12</globalKey>
        <inputFieldName>CaseDeflectionExpressionSetAction:output:calculationResults|1:AmountThresholdCheck</inputFieldName>
        <inputObjectQuerySequence>0.0</inputObjectQuerySequence>
        <linkedObjectSequence>0.0</linkedObjectSequence>
        <name>FINSDisputeManagementCaseDeflection</name>
        <outputCreationSequence>1.0</outputCreationSequence>
        <outputFieldName>AmountThresholdCheck</outputFieldName>
        <outputObjectName>json</outputObjectName>
        <requiredForUpsert>false</requiredForUpsert>
        <upsertKey>false</upsertKey>
    </omniDataTransformItem>
    <omniDataTransformItem>
        <disabled>false</disabled>
        <filterGroup>0.0</filterGroup>
        <globalKey>FINSDisputeManagementCaseDeflectionCustom0jI4V000000CdCAUA0Item13</globalKey>
        <inputFieldName>DisputedTransactionsAfterEnrichment:MerchantDescription</inputFieldName>
        <inputObjectQuerySequence>0.0</inputObjectQuerySequence>
        <linkedObjectSequence>0.0</linkedObjectSequence>
        <name>FINSDisputeManagementCaseDeflection</name>
        <outputCreationSequence>1.0</outputCreationSequence>
        <outputFieldName>MerchantDescription</outputFieldName>
        <outputObjectName>json</outputObjectName>
        <requiredForUpsert>false</requiredForUpsert>
        <upsertKey>false</upsertKey>
    </omniDataTransformItem>
    <omniDataTransformItem>
        <disabled>false</disabled>
        <filterGroup>0.0</filterGroup>
        <globalKey>FINSDisputeManagementCaseDeflectionCustom0jI4V000000CdCAUA0Item14</globalKey>
        <inputFieldName>DisputedTransactionsAfterEnrichment:HttpStatusCode</inputFieldName>
        <inputObjectQuerySequence>0.0</inputObjectQuerySequence>
        <linkedObjectSequence>0.0</linkedObjectSequence>
        <name>FINSDisputeManagementCaseDeflection</name>
        <outputCreationSequence>1.0</outputCreationSequence>
        <outputFieldName>HttpStatusCode</outputFieldName>
        <outputObjectName>json</outputObjectName>
        <requiredForUpsert>false</requiredForUpsert>
        <upsertKey>false</upsertKey>
    </omniDataTransformItem>
    <omniDataTransformItem>
        <disabled>false</disabled>
        <filterGroup>0.0</filterGroup>
        <globalKey>FINSDisputeManagementCaseDeflectionCustom0jI4V000000CdCAUA0Item15</globalKey>
        <inputFieldName>DisputedTransactionsAfterEnrichment:ProviderName</inputFieldName>
        <inputObjectQuerySequence>0.0</inputObjectQuerySequence>
        <linkedObjectSequence>0.0</linkedObjectSequence>
        <name>FINSDisputeManagementCaseDeflection</name>
        <outputCreationSequence>1.0</outputCreationSequence>
        <outputFieldName>ProviderName</outputFieldName>
        <outputObjectName>json</outputObjectName>
        <requiredForUpsert>false</requiredForUpsert>
        <upsertKey>false</upsertKey>
    </omniDataTransformItem>
    <omniDataTransformItem>
        <disabled>false</disabled>
        <filterGroup>0.0</filterGroup>
        <globalKey>FINSDisputeManagementCaseDeflectionCustom0jI4V000000CdCAUA0Item16</globalKey>
        <inputFieldName>DisputedTransactionsAfterEnrichment:FormattedDisputedAmount</inputFieldName>
        <inputObjectQuerySequence>0.0</inputObjectQuerySequence>
        <linkedObjectSequence>0.0</linkedObjectSequence>
        <name>FINSDisputeManagementCaseDeflection</name>
        <outputCreationSequence>1.0</outputCreationSequence>
        <outputFieldName>FormattedDisputedAmount</outputFieldName>
        <outputObjectName>json</outputObjectName>
        <requiredForUpsert>false</requiredForUpsert>
        <upsertKey>false</upsertKey>
    </omniDataTransformItem>
    <omniDataTransformItem>
        <disabled>false</disabled>
        <filterGroup>0.0</filterGroup>
        <globalKey>FINSDisputeManagementCaseDeflectionCustom0jI4V000000CdCAUA0Item17</globalKey>
        <inputFieldName>CaseDeflectionExpressionSetAction:output:calculationResults|1:OutcomeReason</inputFieldName>
        <inputObjectQuerySequence>0.0</inputObjectQuerySequence>
        <linkedObjectSequence>0.0</linkedObjectSequence>
        <name>FINSDisputeManagementCaseDeflection</name>
        <outputCreationSequence>1.0</outputCreationSequence>
        <outputFieldName>ValidationOutcomeReason</outputFieldName>
        <outputObjectName>json</outputObjectName>
        <requiredForUpsert>false</requiredForUpsert>
        <upsertKey>false</upsertKey>
    </omniDataTransformItem>
    <omniDataTransformItem>
        <disabled>false</disabled>
        <filterGroup>0.0</filterGroup>
        <globalKey>FINSDisputeManagementCaseDeflectionCustom0jI4V000000CdCAUA0Item18</globalKey>
        <inputFieldName>DisputedTransactionsAfterEnrichment:CardFirstSix</inputFieldName>
        <inputObjectQuerySequence>0.0</inputObjectQuerySequence>
        <linkedObjectSequence>0.0</linkedObjectSequence>
        <name>FINSDisputeManagementCaseDeflection</name>
        <outputCreationSequence>1.0</outputCreationSequence>
        <outputFieldName>CardFirstSix</outputFieldName>
        <outputObjectName>json</outputObjectName>
        <requiredForUpsert>false</requiredForUpsert>
        <upsertKey>false</upsertKey>
    </omniDataTransformItem>
    <omniDataTransformItem>
        <disabled>false</disabled>
        <filterGroup>0.0</filterGroup>
        <globalKey>FINSDisputeManagementCaseDeflectionCustom0jI4V000000CdCAUA0Item19</globalKey>
        <inputFieldName>DisputedTransactionsAfterEnrichment:MerchantCity</inputFieldName>
        <inputObjectQuerySequence>0.0</inputObjectQuerySequence>
        <linkedObjectSequence>0.0</linkedObjectSequence>
        <name>FINSDisputeManagementCaseDeflection</name>
        <outputCreationSequence>1.0</outputCreationSequence>
        <outputFieldName>MerchantCity</outputFieldName>
        <outputObjectName>json</outputObjectName>
        <requiredForUpsert>false</requiredForUpsert>
        <upsertKey>false</upsertKey>
    </omniDataTransformItem>
    <omniDataTransformItem>
        <disabled>false</disabled>
        <filterGroup>0.0</filterGroup>
        <globalKey>FINSDisputeManagementCaseDeflectionCustom0jI4V000000CdCAUA0Item20</globalKey>
        <inputFieldName>DisputedTransactionsAfterEnrichment:Address</inputFieldName>
        <inputObjectQuerySequence>0.0</inputObjectQuerySequence>
        <linkedObjectSequence>0.0</linkedObjectSequence>
        <name>FINSDisputeManagementCaseDeflection</name>
        <outputCreationSequence>1.0</outputCreationSequence>
        <outputFieldName>Address</outputFieldName>
        <outputObjectName>json</outputObjectName>
        <requiredForUpsert>false</requiredForUpsert>
        <upsertKey>false</upsertKey>
    </omniDataTransformItem>
    <omniDataTransformItem>
        <disabled>false</disabled>
        <filterGroup>0.0</filterGroup>
        <globalKey>FINSDisputeManagementCaseDeflectionCustom0jI4V000000CdCAUA0Item21</globalKey>
        <inputFieldName>DisputedTransactionsAfterEnrichment:MerchantCategory</inputFieldName>
        <inputObjectQuerySequence>0.0</inputObjectQuerySequence>
        <linkedObjectSequence>0.0</linkedObjectSequence>
        <name>FINSDisputeManagementCaseDeflection</name>
        <outputCreationSequence>1.0</outputCreationSequence>
        <outputFieldName>MerchantCategory</outputFieldName>
        <outputObjectName>json</outputObjectName>
        <requiredForUpsert>false</requiredForUpsert>
        <upsertKey>false</upsertKey>
    </omniDataTransformItem>
    <omniDataTransformItem>
        <disabled>false</disabled>
        <filterGroup>0.0</filterGroup>
        <globalKey>FINSDisputeManagementCaseDeflectionCustom0jI4V000000CdCAUA0Item34</globalKey>
        <inputFieldName>DisputedTransactionsAfterEnrichment:TransactionDescription</inputFieldName>
        <inputObjectQuerySequence>0.0</inputObjectQuerySequence>
        <linkedObjectSequence>0.0</linkedObjectSequence>
        <name>FINSDisputeManagementCaseDeflection</name>
        <outputCreationSequence>1.0</outputCreationSequence>
        <outputFieldName>TransactionDescription</outputFieldName>
        <outputObjectName>json</outputObjectName>
        <requiredForUpsert>false</requiredForUpsert>
        <upsertKey>false</upsertKey>
    </omniDataTransformItem>
    <omniDataTransformItem>
        <disabled>false</disabled>
        <filterGroup>0.0</filterGroup>
        <globalKey>FINSDisputeManagementCaseDeflectionCustom0jI4V000000CdCAUA0Item35</globalKey>
        <inputFieldName>DisputedTransactionsAfterEnrichment:TransactionType</inputFieldName>
        <inputObjectQuerySequence>0.0</inputObjectQuerySequence>
        <linkedObjectSequence>0.0</linkedObjectSequence>
        <name>FINSDisputeManagementCaseDeflection</name>
        <outputCreationSequence>1.0</outputCreationSequence>
        <outputFieldName>TransactionType</outputFieldName>
        <outputObjectName>json</outputObjectName>
        <requiredForUpsert>false</requiredForUpsert>
        <upsertKey>false</upsertKey>
    </omniDataTransformItem>
    <omniDataTransformItem>
        <disabled>false</disabled>
        <filterGroup>0.0</filterGroup>
        <globalKey>FINSDisputeManagementCaseDeflectionCustom0jI4V000000CdCAUA0Item0</globalKey>
        <inputFieldName>DisputedTransactionsAfterEnrichment:HasAddress</inputFieldName>
        <inputObjectQuerySequence>0.0</inputObjectQuerySequence>
        <linkedObjectSequence>0.0</linkedObjectSequence>
        <name>FINSDisputeManagementCaseDeflection</name>
        <outputCreationSequence>1.0</outputCreationSequence>
        <outputFieldName>HasAddress</outputFieldName>
        <outputObjectName>json</outputObjectName>
        <requiredForUpsert>false</requiredForUpsert>
        <upsertKey>false</upsertKey>
    </omniDataTransformItem>
    <omniDataTransformItem>
        <disabled>false</disabled>
        <filterGroup>0.0</filterGroup>
        <globalKey>FINSDisputeManagementCaseDeflectionCustom0jI4V000000CdCAUA0Item1</globalKey>
        <inputFieldName>DisputedTransactionsAfterEnrichment:selectedRows</inputFieldName>
        <inputObjectQuerySequence>0.0</inputObjectQuerySequence>
        <linkedObjectSequence>0.0</linkedObjectSequence>
        <name>FINSDisputeManagementCaseDeflection</name>
        <outputCreationSequence>1.0</outputCreationSequence>
        <outputFieldName>selectedRows</outputFieldName>
        <outputObjectName>json</outputObjectName>
        <requiredForUpsert>false</requiredForUpsert>
        <upsertKey>false</upsertKey>
    </omniDataTransformItem>
    <omniDataTransformItem>
        <disabled>false</disabled>
        <filterGroup>0.0</filterGroup>
        <globalKey>FINSDisputeManagementCaseDeflectionCustom0jI4V000000CdCAUA0Item2</globalKey>
        <inputFieldName>CaseDeflectionExpressionSetAction:output:calculationResults|1:Status</inputFieldName>
        <inputObjectQuerySequence>0.0</inputObjectQuerySequence>
        <linkedObjectSequence>0.0</linkedObjectSequence>
        <name>FINSDisputeManagementCaseDeflection</name>
        <outputCreationSequence>1.0</outputCreationSequence>
        <outputFieldName>CaseDeflectionStatus</outputFieldName>
        <outputObjectName>json</outputObjectName>
        <requiredForUpsert>false</requiredForUpsert>
        <upsertKey>false</upsertKey>
    </omniDataTransformItem>
    <omniDataTransformItem>
        <disabled>false</disabled>
        <filterGroup>0.0</filterGroup>
        <globalKey>FINSDisputeManagementCaseDeflectionCustom0jI4V000000CdCAUA0Item3</globalKey>
        <inputFieldName>DisputedTransactionsAfterEnrichment:uniqueKey</inputFieldName>
        <inputObjectQuerySequence>0.0</inputObjectQuerySequence>
        <linkedObjectSequence>0.0</linkedObjectSequence>
        <name>FINSDisputeManagementCaseDeflection</name>
        <outputCreationSequence>1.0</outputCreationSequence>
        <outputFieldName>uniqueKey</outputFieldName>
        <outputObjectName>json</outputObjectName>
        <requiredForUpsert>false</requiredForUpsert>
        <upsertKey>false</upsertKey>
    </omniDataTransformItem>
    <omniDataTransformItem>
        <disabled>false</disabled>
        <filterGroup>0.0</filterGroup>
        <globalKey>FINSDisputeManagementCaseDeflectionCustom0jI4V000000CdCAUA0Item4</globalKey>
        <inputFieldName>DisputedTransactionsAfterEnrichment:MerchantAddressLine1</inputFieldName>
        <inputObjectQuerySequence>0.0</inputObjectQuerySequence>
        <linkedObjectSequence>0.0</linkedObjectSequence>
        <name>FINSDisputeManagementCaseDeflection</name>
        <outputCreationSequence>1.0</outputCreationSequence>
        <outputFieldName>MerchantAddressLine1</outputFieldName>
        <outputObjectName>json</outputObjectName>
        <requiredForUpsert>false</requiredForUpsert>
        <upsertKey>false</upsertKey>
    </omniDataTransformItem>
    <omniDataTransformItem>
        <disabled>false</disabled>
        <filterGroup>0.0</filterGroup>
        <globalKey>FINSDisputeManagementCaseDeflectionCustom0jI4V000000CdCAUA0Item5</globalKey>
        <inputFieldName>DisputedTransactionsAfterEnrichment:Website</inputFieldName>
        <inputObjectQuerySequence>0.0</inputObjectQuerySequence>
        <linkedObjectSequence>0.0</linkedObjectSequence>
        <name>FINSDisputeManagementCaseDeflection</name>
        <outputCreationSequence>1.0</outputCreationSequence>
        <outputFieldName>Website</outputFieldName>
        <outputObjectName>json</outputObjectName>
        <requiredForUpsert>false</requiredForUpsert>
        <upsertKey>false</upsertKey>
    </omniDataTransformItem>
    <outputType>JSON</outputType>
    <processSuperBulk>false</processSuperBulk>
    <responseCacheTtlMinutes>0.0</responseCacheTtlMinutes>
    <rollbackOnError>false</rollbackOnError>
    <sourceObject>json</sourceObject>
    <sourceObjectDefault>false</sourceObjectDefault>
    <synchronousProcessThreshold>0.0</synchronousProcessThreshold>
    <type>Transform</type>
    <uniqueName>FINSDisputeManagementCaseDeflection_1</uniqueName>
    <versionNumber>1.0</versionNumber>
    <xmlDeclarationRemoved>false</xmlDeclarationRemoved>
</OmniDataTransform>
