<?xml version="1.0" encoding="UTF-8"?>
<OmniDataTransform xmlns="http://soap.sforce.com/2006/04/metadata">
    <active>false</active>
    <assignmentRulesUsed>false</assignmentRulesUsed>
    <deletedOnSuccess>false</deletedOnSuccess>
    <errorIgnored>false</errorIgnored>
    <fieldLevelSecurityEnabled>false</fieldLevelSecurityEnabled>
    <inputType>JSON</inputType>
    <name>FINSSharedGetDataCloudMockery</name>
    <nullInputsIncludedInOutput>false</nullInputsIncludedInOutput>
    <omniDataTransformItem>
        <disabled>false</disabled>
        <filterGroup>0.0</filterGroup>
        <globalKey>FINSSharedGetDataCloudMockery9224352118753818</globalKey>
        <inputFieldName>DataCloudMockery:RecordType.Name</inputFieldName>
        <inputObjectQuerySequence>0.0</inputObjectQuerySequence>
        <linkedObjectSequence>0.0</linkedObjectSequence>
        <name>FINSSharedGetDataCloudMockery</name>
        <outputCreationSequence>1.0</outputCreationSequence>
        <outputFieldName>RecordTypeName</outputFieldName>
        <outputObjectName>json</outputObjectName>
        <requiredForUpsert>false</requiredForUpsert>
        <upsertKey>false</upsertKey>
    </omniDataTransformItem>
    <omniDataTransformItem>
        <disabled>false</disabled>
        <filterGroup>0.0</filterGroup>
        <globalKey>FINSSharedGetDataCloudMockery3557171354979842</globalKey>
        <inputFieldName>DataCloudMockery:Average_Monthly_Expenses__c</inputFieldName>
        <inputObjectQuerySequence>0.0</inputObjectQuerySequence>
        <linkedObjectSequence>0.0</linkedObjectSequence>
        <name>FINSSharedGetDataCloudMockery</name>
        <outputCreationSequence>1.0</outputCreationSequence>
        <outputFieldName>AverageMonthlyExpenses</outputFieldName>
        <outputObjectName>json</outputObjectName>
        <requiredForUpsert>false</requiredForUpsert>
        <upsertKey>false</upsertKey>
    </omniDataTransformItem>
    <omniDataTransformItem>
        <disabled>false</disabled>
        <filterGroup>0.0</filterGroup>
        <globalKey>FINSSharedGetDataCloudMockery6447216094308779</globalKey>
        <inputFieldName>DataCloudMockery:Total_Surplus__c</inputFieldName>
        <inputObjectQuerySequence>0.0</inputObjectQuerySequence>
        <linkedObjectSequence>0.0</linkedObjectSequence>
        <name>FINSSharedGetDataCloudMockery</name>
        <outputCreationSequence>1.0</outputCreationSequence>
        <outputFieldName>TotalSurplus</outputFieldName>
        <outputObjectName>json</outputObjectName>
        <requiredForUpsert>false</requiredForUpsert>
        <upsertKey>false</upsertKey>
    </omniDataTransformItem>
    <omniDataTransformItem>
        <disabled>false</disabled>
        <filterGroup>0.0</filterGroup>
        <globalKey>FINSSharedGetDataCloudMockery17576668298452613</globalKey>
        <inputFieldName>DataCloudMockery:CurrencyIsoCode</inputFieldName>
        <inputObjectQuerySequence>0.0</inputObjectQuerySequence>
        <linkedObjectSequence>0.0</linkedObjectSequence>
        <name>FINSSharedGetDataCloudMockery</name>
        <outputCreationSequence>1.0</outputCreationSequence>
        <outputFieldName>Currency</outputFieldName>
        <outputObjectName>json</outputObjectName>
        <requiredForUpsert>false</requiredForUpsert>
        <upsertKey>false</upsertKey>
    </omniDataTransformItem>
    <omniDataTransformItem>
        <disabled>false</disabled>
        <filterGroup>0.0</filterGroup>
        <globalKey>FINSSharedGetDataCloudMockery22140613597094694</globalKey>
        <inputFieldName>DataCloudMockery:Average_Monthly_Income__c</inputFieldName>
        <inputObjectQuerySequence>0.0</inputObjectQuerySequence>
        <linkedObjectSequence>0.0</linkedObjectSequence>
        <name>FINSSharedGetDataCloudMockery</name>
        <outputCreationSequence>1.0</outputCreationSequence>
        <outputFieldName>AverageMonthlyIncome</outputFieldName>
        <outputObjectName>json</outputObjectName>
        <requiredForUpsert>false</requiredForUpsert>
        <upsertKey>false</upsertKey>
    </omniDataTransformItem>
    <omniDataTransformItem>
        <disabled>false</disabled>
        <filterGroup>0.0</filterGroup>
        <globalKey>FINSSharedGetDataCloudMockery26711367569241795</globalKey>
        <inputFieldName>DataCloudMockery:Average_Monthly_Surplus__c</inputFieldName>
        <inputObjectQuerySequence>0.0</inputObjectQuerySequence>
        <linkedObjectSequence>0.0</linkedObjectSequence>
        <name>FINSSharedGetDataCloudMockery</name>
        <outputCreationSequence>1.0</outputCreationSequence>
        <outputFieldName>AverageMonthlySurplus</outputFieldName>
        <outputObjectName>json</outputObjectName>
        <requiredForUpsert>false</requiredForUpsert>
        <upsertKey>false</upsertKey>
    </omniDataTransformItem>
    <omniDataTransformItem>
        <disabled>false</disabled>
        <filterGroup>0.0</filterGroup>
        <filterOperator>=</filterOperator>
        <filterValue>RecordTypeName</filterValue>
        <globalKey>FINSSharedGetDataCloudMockery8994984218800726</globalKey>
        <inputFieldName>RecordType.Name</inputFieldName>
        <inputObjectName>FINS_Data_Cloud_Mockery__c</inputObjectName>
        <inputObjectQuerySequence>1.0</inputObjectQuerySequence>
        <linkedObjectSequence>0.0</linkedObjectSequence>
        <name>FINSSharedGetDataCloudMockery</name>
        <outputCreationSequence>0.0</outputCreationSequence>
        <outputFieldName>DataCloudMockery</outputFieldName>
        <outputObjectName>json</outputObjectName>
        <requiredForUpsert>false</requiredForUpsert>
        <upsertKey>false</upsertKey>
    </omniDataTransformItem>
    <omniDataTransformItem>
        <disabled>false</disabled>
        <filterGroup>0.0</filterGroup>
        <globalKey>FINSSharedGetDataCloudMockery5878169942701807</globalKey>
        <inputFieldName>DataCloudMockery:Total_Expense__c</inputFieldName>
        <inputObjectQuerySequence>0.0</inputObjectQuerySequence>
        <linkedObjectSequence>0.0</linkedObjectSequence>
        <name>FINSSharedGetDataCloudMockery</name>
        <outputCreationSequence>1.0</outputCreationSequence>
        <outputFieldName>TotalExpense</outputFieldName>
        <outputObjectName>json</outputObjectName>
        <requiredForUpsert>false</requiredForUpsert>
        <upsertKey>false</upsertKey>
    </omniDataTransformItem>
    <omniDataTransformItem>
        <disabled>false</disabled>
        <filterGroup>0.0</filterGroup>
        <globalKey>FINSSharedGetDataCloudMockery9729483491529358</globalKey>
        <inputFieldName>DataCloudMockery:Total_Income__c</inputFieldName>
        <inputObjectQuerySequence>0.0</inputObjectQuerySequence>
        <linkedObjectSequence>0.0</linkedObjectSequence>
        <name>FINSSharedGetDataCloudMockery</name>
        <outputCreationSequence>1.0</outputCreationSequence>
        <outputFieldName>TotalIncome</outputFieldName>
        <outputObjectName>json</outputObjectName>
        <requiredForUpsert>false</requiredForUpsert>
        <upsertKey>false</upsertKey>
    </omniDataTransformItem>
    <omniDataTransformItem>
        <disabled>false</disabled>
        <filterGroup>0.0</filterGroup>
        <filterOperator>=</filterOperator>
        <filterValue>AccountId</filterValue>
        <globalKey>FINSSharedGetDataCloudMockery1524806089911548</globalKey>
        <inputFieldName>Client_Account__c</inputFieldName>
        <inputObjectName>FINS_Data_Cloud_Mockery__c</inputObjectName>
        <inputObjectQuerySequence>1.0</inputObjectQuerySequence>
        <linkedObjectSequence>0.0</linkedObjectSequence>
        <name>FINSSharedGetDataCloudMockery</name>
        <outputCreationSequence>0.0</outputCreationSequence>
        <outputFieldName>DataCloudMockery</outputFieldName>
        <outputObjectName>json</outputObjectName>
        <requiredForUpsert>false</requiredForUpsert>
        <upsertKey>false</upsertKey>
    </omniDataTransformItem>
    <outputType>JSON</outputType>
    <previewJsonData>{
  &quot;AccountId&quot; : &quot;001ao00000G5IBDAA3&quot;,
  &quot;RecordTypeName&quot; : &quot;Cashflow&quot;
}</previewJsonData>
    <processSuperBulk>false</processSuperBulk>
    <responseCacheTtlMinutes>0.0</responseCacheTtlMinutes>
    <rollbackOnError>false</rollbackOnError>
    <sourceObject>json</sourceObject>
    <sourceObjectDefault>false</sourceObjectDefault>
    <synchronousProcessThreshold>0.0</synchronousProcessThreshold>
    <type>Extract</type>
    <uniqueName>FINSSharedGetDataCloudMockery_1</uniqueName>
    <versionNumber>1.0</versionNumber>
    <xmlDeclarationRemoved>false</xmlDeclarationRemoved>
</OmniDataTransform>
