<?xml version="1.0" encoding="UTF-8"?>
<OmniDataTransform xmlns="http://soap.sforce.com/2006/04/metadata">
    <active>true</active>
    <assignmentRulesUsed>false</assignmentRulesUsed>
    <deletedOnSuccess>false</deletedOnSuccess>
    <errorIgnored>false</errorIgnored>
    <expectedInputJson>{
  &quot;ContextId&quot; : &quot;0ls4V000000blNTQAY&quot;,
  &quot;omniscriptId&quot; : &quot;0jN4V000000sYKnUAM&quot;,
  &quot;language&quot; : &quot;English&quot;,
  &quot;type&quot; : &quot;ConflictCheck&quot;,
  &quot;runMode&quot; : &quot;preview&quot;,
  &quot;sId&quot; : &quot;0jN4V000000sYKnUAM&quot;,
  &quot;theme&quot; : &quot;lightning&quot;,
  &quot;subType&quot; : &quot;AddParticipantConflictCheck&quot;,
  &quot;timeStamp&quot; : &quot;2023-01-18T09:00:48.259Z&quot;,
  &quot;userProfile&quot; : &quot;*FINS - Internal - Admin&quot;,
  &quot;userTimeZoneName&quot; : &quot;America/Los_Angeles&quot;,
  &quot;userTimeZone&quot; : &quot;-480&quot;,
  &quot;userCurrencyCode&quot; : &quot;USD&quot;,
  &quot;userName&quot; : &quot;admin@bankdev242-1.finsido&quot;,
  &quot;userId&quot; : &quot;0054V00000GOJQgQAP&quot;,
  &quot;omniProcessId&quot; : &quot;0jN4V000000sYKnUAM&quot;,
  &quot;FinancialDealOwnerId&quot; : &quot;0054V00000GXifwQAD&quot;,
  &quot;FinancialDealAccountId&quot; : &quot;0014V00003LetIiQAJ&quot;,
  &quot;Conflict Check Overview&quot; : {
    &quot;FinancialDealName&quot; : &quot;Project X&quot;,
    &quot;FinancialDealStage&quot; : &quot;Pitch&quot;
  },
  &quot;case:Status&quot; : &quot;New&quot;,
  &quot;case:OwnerId&quot; : &quot;0054V00000GXifwQAD&quot;,
  &quot;case&quot; : {
    &quot;FinancialDealID&quot; : &quot;0ls4V000000blNTQAY&quot;,
    &quot;Subject&quot; : &quot;Conflict check case&quot;,
    &quot;AccountId&quot; : &quot;0014V00003LetIiQAJ&quot;
  }
}</expectedInputJson>
    <fieldLevelSecurityEnabled>false</fieldLevelSecurityEnabled>
    <inputType>JSON</inputType>
    <name>FINScreateCase</name>
    <nullInputsIncludedInOutput>false</nullInputsIncludedInOutput>
    <omniDataTransformItem>
        <disabled>false</disabled>
        <filterGroup>0.0</filterGroup>
        <globalKey>FINScreateCaseCustom3144</globalKey>
        <inputFieldName>case:Description</inputFieldName>
        <inputObjectQuerySequence>0.0</inputObjectQuerySequence>
        <linkedObjectSequence>0.0</linkedObjectSequence>
        <name>FINScreateCase</name>
        <outputCreationSequence>1.0</outputCreationSequence>
        <outputFieldName>Description</outputFieldName>
        <outputObjectName>Case</outputObjectName>
        <requiredForUpsert>false</requiredForUpsert>
        <upsertKey>false</upsertKey>
    </omniDataTransformItem>
    <omniDataTransformItem>
        <disabled>false</disabled>
        <filterGroup>0.0</filterGroup>
        <globalKey>FINScreateCaseCustom0jIHr000000TzKxMAKItem2</globalKey>
        <inputFieldName>case:AccountId</inputFieldName>
        <inputObjectQuerySequence>0.0</inputObjectQuerySequence>
        <linkedObjectSequence>0.0</linkedObjectSequence>
        <name>FINScreateCase</name>
        <outputCreationSequence>1.0</outputCreationSequence>
        <outputFieldName>AccountId</outputFieldName>
        <outputObjectName>Case</outputObjectName>
        <requiredForUpsert>false</requiredForUpsert>
        <upsertKey>false</upsertKey>
    </omniDataTransformItem>
    <omniDataTransformItem>
        <disabled>false</disabled>
        <filterGroup>0.0</filterGroup>
        <globalKey>FINScreateCaseCustom0jIHr000000TzKxMAKItem3</globalKey>
        <inputFieldName>case:Type</inputFieldName>
        <inputObjectName>json</inputObjectName>
        <inputObjectQuerySequence>0.0</inputObjectQuerySequence>
        <linkedObjectSequence>0.0</linkedObjectSequence>
        <name>FINScreateCase</name>
        <outputCreationSequence>1.0</outputCreationSequence>
        <outputFieldName>Type</outputFieldName>
        <outputObjectName>Case</outputObjectName>
        <requiredForUpsert>false</requiredForUpsert>
        <upsertKey>false</upsertKey>
    </omniDataTransformItem>
    <omniDataTransformItem>
        <disabled>false</disabled>
        <filterGroup>0.0</filterGroup>
        <globalKey>FINScreateCaseCustom0jIHr000000TzKxMAKItem4</globalKey>
        <inputFieldName>case:FinancialDealID</inputFieldName>
        <inputObjectQuerySequence>0.0</inputObjectQuerySequence>
        <linkedObjectSequence>0.0</linkedObjectSequence>
        <name>FINScreateCase</name>
        <outputCreationSequence>1.0</outputCreationSequence>
        <outputFieldName>Financial_Deal__c</outputFieldName>
        <outputObjectName>Case</outputObjectName>
        <requiredForUpsert>false</requiredForUpsert>
        <upsertKey>false</upsertKey>
    </omniDataTransformItem>
    <omniDataTransformItem>
        <disabled>false</disabled>
        <filterGroup>0.0</filterGroup>
        <globalKey>FINScreateCaseCustom6724</globalKey>
        <inputFieldName>case:ContactId</inputFieldName>
        <inputObjectQuerySequence>0.0</inputObjectQuerySequence>
        <linkedObjectSequence>0.0</linkedObjectSequence>
        <name>FINScreateCase</name>
        <outputCreationSequence>1.0</outputCreationSequence>
        <outputFieldName>ContactId</outputFieldName>
        <outputObjectName>Case</outputObjectName>
        <requiredForUpsert>false</requiredForUpsert>
        <upsertKey>false</upsertKey>
    </omniDataTransformItem>
    <omniDataTransformItem>
        <disabled>false</disabled>
        <filterGroup>0.0</filterGroup>
        <globalKey>FINScreateCaseCustom0jIHr000000TzKxMAKItem9</globalKey>
        <inputFieldName>case:Origin</inputFieldName>
        <inputObjectName>json</inputObjectName>
        <inputObjectQuerySequence>0.0</inputObjectQuerySequence>
        <linkedObjectSequence>0.0</linkedObjectSequence>
        <name>FINScreateCase</name>
        <outputCreationSequence>1.0</outputCreationSequence>
        <outputFieldName>Origin</outputFieldName>
        <outputObjectName>Case</outputObjectName>
        <requiredForUpsert>false</requiredForUpsert>
        <upsertKey>false</upsertKey>
    </omniDataTransformItem>
    <omniDataTransformItem>
        <disabled>false</disabled>
        <filterGroup>0.0</filterGroup>
        <globalKey>FINScreateCaseCustom0jIHr000000TzKxMAKItem5</globalKey>
        <inputFieldName>case:Auto_Claim_NBA__c</inputFieldName>
        <inputObjectQuerySequence>0.0</inputObjectQuerySequence>
        <linkedObjectSequence>0.0</linkedObjectSequence>
        <name>FINScreateCase</name>
        <outputCreationSequence>1.0</outputCreationSequence>
        <outputFieldName>Auto_Claim_NBA__c</outputFieldName>
        <outputObjectName>Case</outputObjectName>
        <requiredForUpsert>false</requiredForUpsert>
        <upsertKey>false</upsertKey>
    </omniDataTransformItem>
    <omniDataTransformItem>
        <disabled>false</disabled>
        <filterGroup>0.0</filterGroup>
        <globalKey>FINScreateCaseCustom0jIHr000000TzKxMAKItem7</globalKey>
        <inputFieldName>case:Subject</inputFieldName>
        <inputObjectName>json</inputObjectName>
        <inputObjectQuerySequence>0.0</inputObjectQuerySequence>
        <linkedObjectSequence>0.0</linkedObjectSequence>
        <name>FINScreateCase</name>
        <outputCreationSequence>1.0</outputCreationSequence>
        <outputFieldName>Subject</outputFieldName>
        <outputObjectName>Case</outputObjectName>
        <requiredForUpsert>false</requiredForUpsert>
        <upsertKey>false</upsertKey>
    </omniDataTransformItem>
    <omniDataTransformItem>
        <disabled>false</disabled>
        <filterGroup>0.0</filterGroup>
        <globalKey>FINScreateCaseCustom0jIHr000000TzKxMAKItem8</globalKey>
        <inputFieldName>case:Home_Claim_NBA__c</inputFieldName>
        <inputObjectQuerySequence>0.0</inputObjectQuerySequence>
        <linkedObjectSequence>0.0</linkedObjectSequence>
        <name>FINScreateCase</name>
        <outputCreationSequence>1.0</outputCreationSequence>
        <outputFieldName>Home_Claim_NBA__c</outputFieldName>
        <outputObjectName>Case</outputObjectName>
        <requiredForUpsert>false</requiredForUpsert>
        <upsertKey>false</upsertKey>
    </omniDataTransformItem>
    <omniDataTransformItem>
        <disabled>false</disabled>
        <filterGroup>0.0</filterGroup>
        <globalKey>FINScreateCaseCustom0jIHr000000TzKxMAKItem1</globalKey>
        <inputFieldName>case:Status</inputFieldName>
        <inputObjectName>json</inputObjectName>
        <inputObjectQuerySequence>0.0</inputObjectQuerySequence>
        <linkedObjectSequence>0.0</linkedObjectSequence>
        <name>FINScreateCase</name>
        <outputCreationSequence>1.0</outputCreationSequence>
        <outputFieldName>Status</outputFieldName>
        <outputObjectName>Case</outputObjectName>
        <requiredForUpsert>false</requiredForUpsert>
        <upsertKey>false</upsertKey>
    </omniDataTransformItem>
    <omniDataTransformItem>
        <disabled>false</disabled>
        <filterGroup>0.0</filterGroup>
        <globalKey>FINScreateCaseCustom0jIHr000000TzKxMAKItem12</globalKey>
        <inputFieldName>case:RecordTypeId</inputFieldName>
        <inputObjectQuerySequence>0.0</inputObjectQuerySequence>
        <linkedObjectSequence>0.0</linkedObjectSequence>
        <name>FINScreateCase</name>
        <outputCreationSequence>1.0</outputCreationSequence>
        <outputFieldName>RecordTypeId</outputFieldName>
        <outputObjectName>Case</outputObjectName>
        <requiredForUpsert>false</requiredForUpsert>
        <upsertKey>false</upsertKey>
    </omniDataTransformItem>
    <omniDataTransformItem>
        <disabled>false</disabled>
        <filterGroup>0.0</filterGroup>
        <globalKey>FINScreateCaseCustom0jIHr000000TzKxMAKItem10</globalKey>
        <inputFieldName>case:OwnerId</inputFieldName>
        <inputObjectQuerySequence>0.0</inputObjectQuerySequence>
        <linkedObjectSequence>0.0</linkedObjectSequence>
        <name>FINScreateCase</name>
        <outputCreationSequence>1.0</outputCreationSequence>
        <outputFieldName>OwnerId</outputFieldName>
        <outputObjectName>Case</outputObjectName>
        <requiredForUpsert>false</requiredForUpsert>
        <upsertKey>false</upsertKey>
    </omniDataTransformItem>
    <omniDataTransformItem>
        <disabled>false</disabled>
        <filterGroup>0.0</filterGroup>
        <globalKey>FINScreateCaseCustom0jIHr000000TzKxMAKItem11</globalKey>
        <inputFieldName>case:Priority</inputFieldName>
        <inputObjectName>json</inputObjectName>
        <inputObjectQuerySequence>0.0</inputObjectQuerySequence>
        <linkedObjectSequence>0.0</linkedObjectSequence>
        <name>FINScreateCase</name>
        <outputCreationSequence>1.0</outputCreationSequence>
        <outputFieldName>Priority</outputFieldName>
        <outputObjectName>Case</outputObjectName>
        <requiredForUpsert>false</requiredForUpsert>
        <upsertKey>false</upsertKey>
    </omniDataTransformItem>
    <omniDataTransformItem>
        <disabled>false</disabled>
        <filterGroup>0.0</filterGroup>
        <globalKey>FINScreateCaseCustom0jIHr000000TzKxMAKItem0</globalKey>
        <inputFieldName>case:ClaimId</inputFieldName>
        <inputObjectQuerySequence>0.0</inputObjectQuerySequence>
        <linkedObjectSequence>0.0</linkedObjectSequence>
        <name>FINScreateCase</name>
        <outputCreationSequence>1.0</outputCreationSequence>
        <outputFieldName>Claim__c</outputFieldName>
        <outputObjectName>Case</outputObjectName>
        <requiredForUpsert>false</requiredForUpsert>
        <upsertKey>false</upsertKey>
    </omniDataTransformItem>
    <outputType>SObject</outputType>
    <previewJsonData>{
  &quot;case&quot; : {
    &quot;Subject&quot; : &quot;New Auto Claim&quot;,
    &quot;RecordTypeId&quot; : &quot;0124V000001uOJjQAM&quot;,
    &quot;Priority&quot; : &quot;Medium&quot;,
    &quot;Home_Claim_NBA__c&quot; : false,
    &quot;OwnerId&quot; : &quot;00G4V000004TzvDUAS&quot;,
    &quot;Description&quot; : &quot;Claim has been created&quot;,
    &quot;AccountId&quot; : &quot;0014S000005rIMhQAM&quot;,
    &quot;ClaimId&quot; : &quot;0Zk4S000000L283SAC&quot;,
    &quot;Type&quot; : &quot;Insurance - Claim&quot;,
    &quot;Auto_Claim_NBA__c&quot; : true,
    &quot;Origin&quot; : &quot;&quot;,
    &quot;Status&quot; : &quot;FNOL&quot;
  }
}</previewJsonData>
    <processSuperBulk>false</processSuperBulk>
    <responseCacheTtlMinutes>0.0</responseCacheTtlMinutes>
    <rollbackOnError>false</rollbackOnError>
    <sourceObject>json</sourceObject>
    <sourceObjectDefault>false</sourceObjectDefault>
    <synchronousProcessThreshold>0.0</synchronousProcessThreshold>
    <type>Load</type>
    <uniqueName>FINScreateCase_1</uniqueName>
    <versionNumber>1.0</versionNumber>
    <xmlDeclarationRemoved>false</xmlDeclarationRemoved>
</OmniDataTransform>
