<?xml version="1.0" encoding="UTF-8"?>
<OmniDataTransform xmlns="http://soap.sforce.com/2006/04/metadata">
    <active>true</active>
    <assignmentRulesUsed>false</assignmentRulesUsed>
    <deletedOnSuccess>false</deletedOnSuccess>
    <errorIgnored>false</errorIgnored>
    <fieldLevelSecurityEnabled>false</fieldLevelSecurityEnabled>
    <inputType>JSON</inputType>
    <name>FSCComplaintManagementTransformFinancialAccounts</name>
    <nullInputsIncludedInOutput>false</nullInputsIncludedInOutput>
    <omniDataTransformItem>
        <disabled>false</disabled>
        <filterGroup>0.0</filterGroup>
        <globalKey>FSCComplaintManagementTransformFinancialAccountsCustom0jI4V000000L00SUASItem0</globalKey>
        <inputFieldName>FinancialAccount:ConvertedAccount</inputFieldName>
        <inputObjectQuerySequence>0.0</inputObjectQuerySequence>
        <linkedObjectSequence>0.0</linkedObjectSequence>
        <name>FSCComplaintManagementTransformFinancialAccounts</name>
        <outputCreationSequence>1.0</outputCreationSequence>
        <outputFieldName>ConvertedAccountNumber</outputFieldName>
        <outputObjectName>json</outputObjectName>
        <requiredForUpsert>false</requiredForUpsert>
        <upsertKey>false</upsertKey>
    </omniDataTransformItem>
    <omniDataTransformItem>
        <disabled>false</disabled>
        <filterGroup>0.0</filterGroup>
        <formulaConverted>| | var:FinServ__FinancialAccountNumber__c &quot;$&quot; CONCAT &quot;$&quot; STRINGINDEXOF</formulaConverted>
        <formulaExpression>STRINGINDEXOF(CONCAT(%FinServ__FinancialAccountNumber__c%,&quot;$&quot;),&quot;$&quot;)</formulaExpression>
        <formulaResultPath>FinancialAccount:TotalDigits</formulaResultPath>
        <formulaSequence>1.0</formulaSequence>
        <globalKey>FSCComplaintManagementTransformFinancialAccountsCustom0jI4V000000L00SUASItem1</globalKey>
        <inputObjectQuerySequence>0.0</inputObjectQuerySequence>
        <linkedObjectSequence>0.0</linkedObjectSequence>
        <name>FSCComplaintManagementTransformFinancialAccounts</name>
        <outputCreationSequence>0.0</outputCreationSequence>
        <outputFieldName>Formula</outputFieldName>
        <outputObjectName>Formula</outputObjectName>
        <requiredForUpsert>false</requiredForUpsert>
        <upsertKey>false</upsertKey>
    </omniDataTransformItem>
    <omniDataTransformItem>
        <disabled>false</disabled>
        <filterGroup>0.0</filterGroup>
        <formulaConverted>| &quot;x&quot; | var:FinServ__FinancialAccountNumber__c var:FinancialAccount:TotalDigits 4 - SUBSTRING CONCAT</formulaConverted>
        <formulaExpression>CONCAT(&quot;x&quot;,SUBSTRING(%FinServ__FinancialAccountNumber__c%,FinancialAccount:TotalDigits-4))</formulaExpression>
        <formulaResultPath>FinancialAccount:last4</formulaResultPath>
        <formulaSequence>2.0</formulaSequence>
        <globalKey>FSCComplaintManagementTransformFinancialAccountsCustom0jI4V000000L00SUASItem2</globalKey>
        <inputObjectQuerySequence>0.0</inputObjectQuerySequence>
        <linkedObjectSequence>0.0</linkedObjectSequence>
        <name>FSCComplaintManagementTransformFinancialAccounts</name>
        <outputCreationSequence>0.0</outputCreationSequence>
        <outputFieldName>Formula</outputFieldName>
        <outputObjectName>Formula</outputObjectName>
        <requiredForUpsert>false</requiredForUpsert>
        <upsertKey>false</upsertKey>
    </omniDataTransformItem>
    <omniDataTransformItem>
        <disabled>false</disabled>
        <filterGroup>0.0</filterGroup>
        <formulaConverted>| var:FinServ__RecordTypeName__c &quot;/\/\/&quot; var:FinancialAccount:last4 CONCAT</formulaConverted>
        <formulaExpression>CONCAT(%FinServ__RecordTypeName__c%,&quot; &quot;,FinancialAccount:last4)</formulaExpression>
        <formulaResultPath>FinancialAccount:ConvertedAccount</formulaResultPath>
        <formulaSequence>3.0</formulaSequence>
        <globalKey>FSCComplaintManagementTransformFinancialAccountsCustom0jI4V000000L00SUASItem3</globalKey>
        <inputObjectQuerySequence>0.0</inputObjectQuerySequence>
        <linkedObjectSequence>0.0</linkedObjectSequence>
        <name>FSCComplaintManagementTransformFinancialAccounts</name>
        <outputCreationSequence>0.0</outputCreationSequence>
        <outputFieldName>Formula</outputFieldName>
        <outputObjectName>Formula</outputObjectName>
        <requiredForUpsert>false</requiredForUpsert>
        <upsertKey>false</upsertKey>
    </omniDataTransformItem>
    <omniDataTransformItem>
        <disabled>false</disabled>
        <filterGroup>0.0</filterGroup>
        <globalKey>FSCComplaintManagementTransformFinancialAccountsCustom0jI4V000000L00SUASItem4</globalKey>
        <inputFieldName>FinServ__FinancialAccountNumber__c</inputFieldName>
        <inputObjectQuerySequence>0.0</inputObjectQuerySequence>
        <linkedObjectSequence>0.0</linkedObjectSequence>
        <name>FSCComplaintManagementTransformFinancialAccounts</name>
        <outputCreationSequence>1.0</outputCreationSequence>
        <outputFieldName>AccountNumber</outputFieldName>
        <outputObjectName>json</outputObjectName>
        <requiredForUpsert>false</requiredForUpsert>
        <upsertKey>false</upsertKey>
    </omniDataTransformItem>
    <omniDataTransformItem>
        <disabled>false</disabled>
        <filterGroup>0.0</filterGroup>
        <globalKey>FSCComplaintManagementTransformFinancialAccountsCustom0jI4V000000L00SUASItem5</globalKey>
        <inputFieldName>Id</inputFieldName>
        <inputObjectQuerySequence>0.0</inputObjectQuerySequence>
        <linkedObjectSequence>0.0</linkedObjectSequence>
        <name>FSCComplaintManagementTransformFinancialAccounts</name>
        <outputCreationSequence>1.0</outputCreationSequence>
        <outputFieldName>Id</outputFieldName>
        <outputObjectName>json</outputObjectName>
        <requiredForUpsert>false</requiredForUpsert>
        <upsertKey>false</upsertKey>
    </omniDataTransformItem>
    <omniDataTransformItem>
        <disabled>false</disabled>
        <filterGroup>0.0</filterGroup>
        <globalKey>FSCComplaintManagementTransformFinancialAccountsCustom0jI4V000000L00SUASItem6</globalKey>
        <inputFieldName>FinServ__RecordTypeName__c</inputFieldName>
        <inputObjectQuerySequence>0.0</inputObjectQuerySequence>
        <linkedObjectSequence>0.0</linkedObjectSequence>
        <name>FSCComplaintManagementTransformFinancialAccounts</name>
        <outputCreationSequence>1.0</outputCreationSequence>
        <outputFieldName>AccountType</outputFieldName>
        <outputObjectName>json</outputObjectName>
        <requiredForUpsert>false</requiredForUpsert>
        <upsertKey>false</upsertKey>
    </omniDataTransformItem>
    <outputType>JSON</outputType>
    <overrideKey>fsccomplaintmanagement__FSCComplaintManagementTransformFinancialAccounts_1</overrideKey>
    <previewJsonData>[ {
  &quot;RecordTypeId&quot; : &quot;012xx0000005pnBAAQ&quot;,
  &quot;FinServ__RecordTypeName__c&quot; : &quot;Credit Card&quot;,
  &quot;FinServ__FinancialAccountNumber__c&quot; : &quot;21784561234&quot;,
  &quot;Id&quot; : &quot;a0Uxx000000j2yoEAA&quot;
}, {
  &quot;RecordTypeId&quot; : &quot;012xx0000005pnBAAQ&quot;,
  &quot;FinServ__RecordTypeName__c&quot; : &quot;Savings&quot;,
  &quot;FinServ__FinancialAccountNumber__c&quot; : &quot;123671234&quot;,
  &quot;Id&quot; : &quot;a0Uxx000000j30QEAQ&quot;
}, {
  &quot;RecordTypeId&quot; : &quot;012xx0000005pnBAAQ&quot;,
  &quot;FinServ__RecordTypeName__c&quot; : &quot;Checking&quot;,
  &quot;FinServ__FinancialAccountNumber__c&quot; : &quot;12875316424&quot;,
  &quot;Id&quot; : &quot;a0Uxx000000j33eEAA&quot;
}, {
  &quot;RecordTypeId&quot; : &quot;012xx0000005pnBAAQ&quot;,
  &quot;FinServ__RecordTypeName__c&quot; : &quot;Checking&quot;,
  &quot;FinServ__FinancialAccountNumber__c&quot; : &quot;213571234&quot;,
  &quot;Id&quot; : &quot;a0Uxx000000j35GEAQ&quot;
}, {
  &quot;RecordTypeId&quot; : &quot;012xx0000005pnBAAQ&quot;,
  &quot;FinServ__RecordTypeName__c&quot; : &quot;Checking&quot;,
  &quot;FinServ__FinancialAccountNumber__c&quot; : &quot;218754312&quot;,
  &quot;Id&quot; : &quot;a0Uxx000000j36sEAA&quot;
} ]</previewJsonData>
    <processSuperBulk>false</processSuperBulk>
    <responseCacheTtlMinutes>0.0</responseCacheTtlMinutes>
    <rollbackOnError>false</rollbackOnError>
    <sourceObject>json</sourceObject>
    <sourceObjectDefault>false</sourceObjectDefault>
    <synchronousProcessThreshold>0.0</synchronousProcessThreshold>
    <type>Transform</type>
    <uniqueName>FSCComplaintManagementTransformFinancialAccounts_2</uniqueName>
    <versionNumber>2.0</versionNumber>
    <xmlDeclarationRemoved>false</xmlDeclarationRemoved>
</OmniDataTransform>
