<?xml version="1.0" encoding="UTF-8"?>
<OmniDataTransform xmlns="http://soap.sforce.com/2006/04/metadata">
    <active>true</active>
    <assignmentRulesUsed>false</assignmentRulesUsed>
    <deletedOnSuccess>false</deletedOnSuccess>
    <errorIgnored>false</errorIgnored>
    <fieldLevelSecurityEnabled>false</fieldLevelSecurityEnabled>
    <inputType>JSON</inputType>
    <name>FSCComplaintManagementCreateContactContactRelation</name>
    <nullInputsIncludedInOutput>false</nullInputsIncludedInOutput>
    <omniDataTransformItem>
        <disabled>false</disabled>
        <filterGroup>0.0</filterGroup>
        <globalKey>FSCComplaintManagementCreateContactContactRelationCustom0jI4V000000L00IUASItem1</globalKey>
        <inputFieldName>active</inputFieldName>
        <inputObjectQuerySequence>0.0</inputObjectQuerySequence>
        <linkedObjectSequence>0.0</linkedObjectSequence>
        <name>FSCComplaintManagementCreateContactContactRelation</name>
        <outputCreationSequence>1.0</outputCreationSequence>
        <outputFieldName>FinServ__Active__c</outputFieldName>
        <outputObjectName>FinServ__ContactContactRelation__c</outputObjectName>
        <requiredForUpsert>false</requiredForUpsert>
        <upsertKey>false</upsertKey>
    </omniDataTransformItem>
    <omniDataTransformItem>
        <disabled>false</disabled>
        <filterGroup>0.0</filterGroup>
        <globalKey>FSCComplaintManagementCreateContactContactRelationCustom0jI4V000000L00IUASItem2</globalKey>
        <inputFieldName>role</inputFieldName>
        <inputObjectQuerySequence>0.0</inputObjectQuerySequence>
        <linkedObjectSequence>0.0</linkedObjectSequence>
        <name>FSCComplaintManagementCreateContactContactRelation</name>
        <outputCreationSequence>1.0</outputCreationSequence>
        <outputFieldName>FinServ__Role__c</outputFieldName>
        <outputObjectName>FinServ__ContactContactRelation__c</outputObjectName>
        <requiredForUpsert>false</requiredForUpsert>
        <upsertKey>false</upsertKey>
    </omniDataTransformItem>
    <omniDataTransformItem>
        <disabled>false</disabled>
        <filterGroup>0.0</filterGroup>
        <globalKey>FSCComplaintManagementCreateContactContactRelationCustom0jI4V000000L00IUASItem3</globalKey>
        <inputFieldName>secondContact</inputFieldName>
        <inputObjectQuerySequence>0.0</inputObjectQuerySequence>
        <linkedObjectSequence>0.0</linkedObjectSequence>
        <name>FSCComplaintManagementCreateContactContactRelation</name>
        <outputCreationSequence>1.0</outputCreationSequence>
        <outputFieldName>FinServ__RelatedContact__c</outputFieldName>
        <outputObjectName>FinServ__ContactContactRelation__c</outputObjectName>
        <requiredForUpsert>false</requiredForUpsert>
        <upsertKey>false</upsertKey>
    </omniDataTransformItem>
    <omniDataTransformItem>
        <disabled>false</disabled>
        <filterGroup>0.0</filterGroup>
        <filterOperator>=</filterOperator>
        <globalKey>FSCComplaintManagementCreateContactContactRelationCustom0jI4V000000L00IUASItem4</globalKey>
        <inputObjectQuerySequence>0.0</inputObjectQuerySequence>
        <linkedObjectSequence>0.0</linkedObjectSequence>
        <migrationValue>FAKEMAPPING</migrationValue>
        <name>FSCComplaintManagementCreateContactContactRelation</name>
        <outputCreationSequence>1.0</outputCreationSequence>
        <outputFieldName>Id</outputFieldName>
        <outputObjectName>FinServ__ContactContactRelation__c</outputObjectName>
        <requiredForUpsert>false</requiredForUpsert>
        <upsertKey>false</upsertKey>
    </omniDataTransformItem>
    <omniDataTransformItem>
        <disabled>false</disabled>
        <filterGroup>0.0</filterGroup>
        <globalKey>FSCComplaintManagementCreateContactContactRelationCustom0jI4V000000L00IUASItem0</globalKey>
        <inputFieldName>firstContact</inputFieldName>
        <inputObjectQuerySequence>0.0</inputObjectQuerySequence>
        <linkedObjectSequence>0.0</linkedObjectSequence>
        <name>FSCComplaintManagementCreateContactContactRelation</name>
        <outputCreationSequence>1.0</outputCreationSequence>
        <outputFieldName>FinServ__Contact__c</outputFieldName>
        <outputObjectName>FinServ__ContactContactRelation__c</outputObjectName>
        <requiredForUpsert>false</requiredForUpsert>
        <upsertKey>false</upsertKey>
    </omniDataTransformItem>
    <outputType>SObject</outputType>
    <overrideKey>fsccomplaintmanagement__FSCComplaintManagementCreateContactContactRelation_1</overrideKey>
    <previewJsonData>{
  &quot;firstContact&quot; : &quot;003RO000003J9wjYAC&quot;,
  &quot;active&quot; : true,
  &quot;secondContact&quot; : &quot;003RO000003d3zRYAQ&quot;,
  &quot;role&quot; : &quot;a0QRO000000CbxS2AS&quot;
}</previewJsonData>
    <processSuperBulk>false</processSuperBulk>
    <responseCacheTtlMinutes>0.0</responseCacheTtlMinutes>
    <rollbackOnError>false</rollbackOnError>
    <sourceObject>json</sourceObject>
    <sourceObjectDefault>false</sourceObjectDefault>
    <synchronousProcessThreshold>0.0</synchronousProcessThreshold>
    <type>Load</type>
    <uniqueName>FSCComplaintManagementCreateContactContactRelation_2</uniqueName>
    <versionNumber>2.0</versionNumber>
    <xmlDeclarationRemoved>false</xmlDeclarationRemoved>
</OmniDataTransform>
