<?xml version="1.0" encoding="UTF-8"?>
<OmniDataTransform xmlns="http://soap.sforce.com/2006/04/metadata">
    <active>true</active>
    <assignmentRulesUsed>false</assignmentRulesUsed>
    <deletedOnSuccess>false</deletedOnSuccess>
    <errorIgnored>false</errorIgnored>
    <fieldLevelSecurityEnabled>false</fieldLevelSecurityEnabled>
    <inputType>JSON</inputType>
    <name>FSCComplaintManagementGetCaseNumber</name>
    <nullInputsIncludedInOutput>false</nullInputsIncludedInOutput>
    <omniDataTransformItem>
        <disabled>false</disabled>
        <filterGroup>0.0</filterGroup>
        <globalKey>FSCComplaintManagementGetCaseNumberCustom0jI4V000000KzzeUACItem2</globalKey>
        <inputFieldName>createdDate</inputFieldName>
        <inputObjectQuerySequence>0.0</inputObjectQuerySequence>
        <linkedObjectSequence>0.0</linkedObjectSequence>
        <name>FSCComplaintManagementGetCaseNumber</name>
        <outputCreationSequence>1.0</outputCreationSequence>
        <outputFieldName>case:createdDate</outputFieldName>
        <outputObjectName>json</outputObjectName>
        <requiredForUpsert>false</requiredForUpsert>
        <upsertKey>false</upsertKey>
    </omniDataTransformItem>
    <omniDataTransformItem>
        <disabled>false</disabled>
        <filterGroup>0.0</filterGroup>
        <filterOperator>=</filterOperator>
        <filterValue>caseId</filterValue>
        <globalKey>FSCComplaintManagementGetCaseNumberCustom0jI4V000000KzzeUACItem3</globalKey>
        <inputFieldName>Id</inputFieldName>
        <inputObjectName>Case</inputObjectName>
        <inputObjectQuerySequence>1.0</inputObjectQuerySequence>
        <linkedObjectSequence>0.0</linkedObjectSequence>
        <name>FSCComplaintManagementGetCaseNumber</name>
        <outputCreationSequence>0.0</outputCreationSequence>
        <outputFieldName>cases</outputFieldName>
        <outputObjectName>json</outputObjectName>
        <requiredForUpsert>false</requiredForUpsert>
        <upsertKey>false</upsertKey>
    </omniDataTransformItem>
    <omniDataTransformItem>
        <disabled>false</disabled>
        <filterGroup>0.0</filterGroup>
        <formulaConverted>| var:isCommunitySite true = var:CommunityBasePath &apos;/detail/&apos; + var:caseId + &apos;/&apos; var:caseId + IF</formulaConverted>
        <formulaExpression>IF(isCommunitySite = true, CommunityBasePath + &apos;/detail/&apos; + caseId, &apos;/&apos; + caseId)</formulaExpression>
        <formulaResultPath>caseLink</formulaResultPath>
        <formulaSequence>1.0</formulaSequence>
        <globalKey>FSCComplaintManagementGetCaseNumberCustom0jI4V000000KzzeUACItem4</globalKey>
        <inputObjectQuerySequence>0.0</inputObjectQuerySequence>
        <linkedObjectSequence>0.0</linkedObjectSequence>
        <name>FSCComplaintManagementGetCaseNumber</name>
        <outputCreationSequence>0.0</outputCreationSequence>
        <outputFieldName>Formula</outputFieldName>
        <outputObjectName>Formula</outputObjectName>
        <requiredForUpsert>false</requiredForUpsert>
        <upsertKey>false</upsertKey>
    </omniDataTransformItem>
    <omniDataTransformItem>
        <disabled>false</disabled>
        <filterGroup>0.0</filterGroup>
        <globalKey>FSCComplaintManagementGetCaseNumberCustom0jI4V000000KzzeUACItem5</globalKey>
        <inputFieldName>subject</inputFieldName>
        <inputObjectQuerySequence>0.0</inputObjectQuerySequence>
        <linkedObjectSequence>0.0</linkedObjectSequence>
        <name>FSCComplaintManagementGetCaseNumber</name>
        <outputCreationSequence>1.0</outputCreationSequence>
        <outputFieldName>case:subject</outputFieldName>
        <outputObjectName>json</outputObjectName>
        <requiredForUpsert>false</requiredForUpsert>
        <upsertKey>false</upsertKey>
    </omniDataTransformItem>
    <omniDataTransformItem>
        <disabled>false</disabled>
        <filterGroup>0.0</filterGroup>
        <globalKey>FSCComplaintManagementGetCaseNumberCustom0jI4V000000KzzeUACItem6</globalKey>
        <inputFieldName>priority</inputFieldName>
        <inputObjectQuerySequence>0.0</inputObjectQuerySequence>
        <linkedObjectSequence>0.0</linkedObjectSequence>
        <name>FSCComplaintManagementGetCaseNumber</name>
        <outputCreationSequence>1.0</outputCreationSequence>
        <outputFieldName>case:priority</outputFieldName>
        <outputObjectName>json</outputObjectName>
        <requiredForUpsert>false</requiredForUpsert>
        <upsertKey>false</upsertKey>
    </omniDataTransformItem>
    <omniDataTransformItem>
        <disabled>false</disabled>
        <filterGroup>0.0</filterGroup>
        <globalKey>FSCComplaintManagementGetCaseNumberCustom0jI4V000000KzzeUACItem7</globalKey>
        <inputFieldName>caseLink</inputFieldName>
        <inputObjectQuerySequence>0.0</inputObjectQuerySequence>
        <linkedObjectSequence>0.0</linkedObjectSequence>
        <name>FSCComplaintManagementGetCaseNumber</name>
        <outputCreationSequence>1.0</outputCreationSequence>
        <outputFieldName>case:caseLink</outputFieldName>
        <outputObjectName>json</outputObjectName>
        <requiredForUpsert>false</requiredForUpsert>
        <upsertKey>false</upsertKey>
    </omniDataTransformItem>
    <omniDataTransformItem>
        <disabled>false</disabled>
        <filterGroup>0.0</filterGroup>
        <globalKey>FSCComplaintManagementGetCaseNumberCustom0jI4V000000KzzeUACItem8</globalKey>
        <inputFieldName>cases:CaseNumber</inputFieldName>
        <inputObjectQuerySequence>0.0</inputObjectQuerySequence>
        <linkedObjectSequence>0.0</linkedObjectSequence>
        <name>FSCComplaintManagementGetCaseNumber</name>
        <outputCreationSequence>1.0</outputCreationSequence>
        <outputFieldName>case:caseNumber</outputFieldName>
        <outputObjectName>json</outputObjectName>
        <requiredForUpsert>false</requiredForUpsert>
        <upsertKey>false</upsertKey>
    </omniDataTransformItem>
    <omniDataTransformItem>
        <disabled>false</disabled>
        <filterGroup>0.0</filterGroup>
        <globalKey>FSCComplaintManagementGetCaseNumberCustom0jI4V000000KzzeUACItem0</globalKey>
        <inputFieldName>status</inputFieldName>
        <inputObjectQuerySequence>0.0</inputObjectQuerySequence>
        <linkedObjectSequence>0.0</linkedObjectSequence>
        <name>FSCComplaintManagementGetCaseNumber</name>
        <outputCreationSequence>1.0</outputCreationSequence>
        <outputFieldName>case:status</outputFieldName>
        <outputObjectName>json</outputObjectName>
        <requiredForUpsert>false</requiredForUpsert>
        <upsertKey>false</upsertKey>
    </omniDataTransformItem>
    <omniDataTransformItem>
        <disabled>false</disabled>
        <filterGroup>0.0</filterGroup>
        <globalKey>FSCComplaintManagementGetCaseNumberCustom0jI4V000000KzzeUACItem1</globalKey>
        <inputFieldName>caseId</inputFieldName>
        <inputObjectQuerySequence>0.0</inputObjectQuerySequence>
        <linkedObjectSequence>0.0</linkedObjectSequence>
        <name>FSCComplaintManagementGetCaseNumber</name>
        <outputCreationSequence>1.0</outputCreationSequence>
        <outputFieldName>case:caseId</outputFieldName>
        <outputObjectName>json</outputObjectName>
        <requiredForUpsert>false</requiredForUpsert>
        <upsertKey>false</upsertKey>
    </omniDataTransformItem>
    <outputType>JSON</outputType>
    <overrideKey>fsccomplaintmanagement__FSCComplaintManagementGetCaseNumber_1</overrideKey>
    <previewJsonData>{
  &quot;caseId&quot; : &quot;500RO000002OYk5YAG&quot;,
  &quot;status&quot; : &quot;Pending&quot;,
  &quot;subject&quot; : &quot;Complaint subject&quot;,
  &quot;createdDate&quot; : &quot;12-jan-23&quot;,
  &quot;priority&quot; : &quot;Medium&quot;
}</previewJsonData>
    <processSuperBulk>false</processSuperBulk>
    <responseCacheTtlMinutes>0.0</responseCacheTtlMinutes>
    <rollbackOnError>false</rollbackOnError>
    <sourceObject>json</sourceObject>
    <sourceObjectDefault>false</sourceObjectDefault>
    <synchronousProcessThreshold>0.0</synchronousProcessThreshold>
    <type>Extract</type>
    <uniqueName>FSCComplaintManagementGetCaseNumber_2</uniqueName>
    <versionNumber>2.0</versionNumber>
    <xmlDeclarationRemoved>false</xmlDeclarationRemoved>
</OmniDataTransform>
