<?xml version="1.0" encoding="UTF-8"?>
<OmniDataTransform xmlns="http://soap.sforce.com/2006/04/metadata">
    <active>true</active>
    <assignmentRulesUsed>false</assignmentRulesUsed>
    <deletedOnSuccess>false</deletedOnSuccess>
    <errorIgnored>false</errorIgnored>
    <fieldLevelSecurityEnabled>false</fieldLevelSecurityEnabled>
    <inputType>JSON</inputType>
    <name>FSCComplaintManagementCreateAccount</name>
    <nullInputsIncludedInOutput>false</nullInputsIncludedInOutput>
    <omniDataTransformItem>
        <disabled>false</disabled>
        <filterGroup>0.0</filterGroup>
        <globalKey>FSCComplaintManagementCreateAccountCustom0jI4V000000L003UACItem0</globalKey>
        <inputFieldName>account:firstName</inputFieldName>
        <inputObjectQuerySequence>0.0</inputObjectQuerySequence>
        <linkedObjectSequence>0.0</linkedObjectSequence>
        <name>FSCComplaintManagementCreateAccount</name>
        <outputCreationSequence>1.0</outputCreationSequence>
        <outputFieldName>FirstName</outputFieldName>
        <outputObjectName>Account</outputObjectName>
        <requiredForUpsert>false</requiredForUpsert>
        <upsertKey>false</upsertKey>
    </omniDataTransformItem>
    <omniDataTransformItem>
        <disabled>false</disabled>
        <filterGroup>0.0</filterGroup>
        <globalKey>FSCComplaintManagementCreateAccountCustom0jI4V000000L003UACItem1</globalKey>
        <inputFieldName>account:salutation</inputFieldName>
        <inputObjectQuerySequence>0.0</inputObjectQuerySequence>
        <linkedObjectSequence>0.0</linkedObjectSequence>
        <name>FSCComplaintManagementCreateAccount</name>
        <outputCreationSequence>1.0</outputCreationSequence>
        <outputFieldName>Salutation</outputFieldName>
        <outputObjectName>Account</outputObjectName>
        <requiredForUpsert>false</requiredForUpsert>
        <upsertKey>false</upsertKey>
    </omniDataTransformItem>
    <omniDataTransformItem>
        <disabled>false</disabled>
        <filterGroup>0.0</filterGroup>
        <globalKey>FSCComplaintManagementCreateAccountCustom0jI4V000000L003UACItem2</globalKey>
        <inputFieldName>account:phone</inputFieldName>
        <inputObjectQuerySequence>0.0</inputObjectQuerySequence>
        <linkedObjectSequence>0.0</linkedObjectSequence>
        <name>FSCComplaintManagementCreateAccount</name>
        <outputCreationSequence>1.0</outputCreationSequence>
        <outputFieldName>Phone</outputFieldName>
        <outputObjectName>Account</outputObjectName>
        <requiredForUpsert>false</requiredForUpsert>
        <upsertKey>false</upsertKey>
    </omniDataTransformItem>
    <omniDataTransformItem>
        <disabled>false</disabled>
        <filterGroup>0.0</filterGroup>
        <filterOperator>=</filterOperator>
        <globalKey>FSCComplaintManagementCreateAccountCustom0jI4V000000L003UACItem3</globalKey>
        <inputObjectQuerySequence>0.0</inputObjectQuerySequence>
        <linkedObjectSequence>0.0</linkedObjectSequence>
        <migrationValue>FAKEMAPPING</migrationValue>
        <name>FSCComplaintManagementCreateAccount</name>
        <outputCreationSequence>1.0</outputCreationSequence>
        <outputFieldName>Id</outputFieldName>
        <outputObjectName>Account</outputObjectName>
        <requiredForUpsert>false</requiredForUpsert>
        <upsertKey>false</upsertKey>
    </omniDataTransformItem>
    <omniDataTransformItem>
        <disabled>false</disabled>
        <filterGroup>0.0</filterGroup>
        <globalKey>FSCComplaintManagementCreateAccountCustom0jI4V000000L003UACItem4</globalKey>
        <inputFieldName>account:email</inputFieldName>
        <inputObjectQuerySequence>0.0</inputObjectQuerySequence>
        <linkedObjectSequence>0.0</linkedObjectSequence>
        <name>FSCComplaintManagementCreateAccount</name>
        <outputCreationSequence>1.0</outputCreationSequence>
        <outputFieldName>PersonEmail</outputFieldName>
        <outputObjectName>Account</outputObjectName>
        <requiredForUpsert>false</requiredForUpsert>
        <upsertKey>false</upsertKey>
    </omniDataTransformItem>
    <omniDataTransformItem>
        <disabled>false</disabled>
        <filterGroup>0.0</filterGroup>
        <globalKey>FSCComplaintManagementCreateAccountCustom0jI4V000000L003UACItem5</globalKey>
        <inputFieldName>account:lastName</inputFieldName>
        <inputObjectQuerySequence>0.0</inputObjectQuerySequence>
        <linkedObjectSequence>0.0</linkedObjectSequence>
        <name>FSCComplaintManagementCreateAccount</name>
        <outputCreationSequence>1.0</outputCreationSequence>
        <outputFieldName>LastName</outputFieldName>
        <outputObjectName>Account</outputObjectName>
        <requiredForUpsert>false</requiredForUpsert>
        <upsertKey>false</upsertKey>
    </omniDataTransformItem>
    <outputType>SObject</outputType>
    <overrideKey>fsccomplaintmanagement__FSCComplaintManagementCreateAccount_1</overrideKey>
    <previewJsonData>{
  &quot;account&quot; : {
    &quot;email&quot; : &quot;test2@fsc.com&quot;,
    &quot;salutation&quot; : &quot;Mr&quot;,
    &quot;phone&quot; : 1311000012,
    &quot;lastName&quot; : &quot;ltest2&quot;,
    &quot;firstName&quot; : &quot;ftest2&quot;
  }
}</previewJsonData>
    <processSuperBulk>false</processSuperBulk>
    <responseCacheTtlMinutes>0.0</responseCacheTtlMinutes>
    <rollbackOnError>false</rollbackOnError>
    <sourceObject>json</sourceObject>
    <sourceObjectDefault>false</sourceObjectDefault>
    <synchronousProcessThreshold>0.0</synchronousProcessThreshold>
    <type>Load</type>
    <uniqueName>FSCComplaintManagementCreateAccount_2</uniqueName>
    <versionNumber>2.0</versionNumber>
    <xmlDeclarationRemoved>false</xmlDeclarationRemoved>
</OmniDataTransform>
