<?xml version="1.0" encoding="UTF-8"?>
<OmniDataTransform xmlns="http://soap.sforce.com/2006/04/metadata">
    <active>true</active>
    <assignmentRulesUsed>false</assignmentRulesUsed>
    <deletedOnSuccess>false</deletedOnSuccess>
    <errorIgnored>false</errorIgnored>
    <fieldLevelSecurityEnabled>false</fieldLevelSecurityEnabled>
    <inputType>JSON</inputType>
    <name>FSCComplaintManagementranslatePicklistToLocale</name>
    <nullInputsIncludedInOutput>false</nullInputsIncludedInOutput>
    <omniDataTransformItem>
        <disabled>false</disabled>
        <filterGroup>0.0</filterGroup>
        <globalKey>FSCComplaintManagementranslatePicklistToLocaleCustom0jI4V000000L00mUACItem0</globalKey>
        <inputFieldName>Value</inputFieldName>
        <inputObjectName>PicklistValueInfo</inputObjectName>
        <inputObjectQuerySequence>0.0</inputObjectQuerySequence>
        <linkedObjectSequence>0.0</linkedObjectSequence>
        <name>FSCComplaintManagementranslatePicklistToLocale</name>
        <outputCreationSequence>1.0</outputCreationSequence>
        <outputFieldName>result</outputFieldName>
        <outputObjectName>Turbo Extract</outputObjectName>
        <requiredForUpsert>false</requiredForUpsert>
        <upsertKey>false</upsertKey>
    </omniDataTransformItem>
    <omniDataTransformItem>
        <disabled>false</disabled>
        <filterDataType>STRING</filterDataType>
        <filterGroup>0.0</filterGroup>
        <filterOperator>=</filterOperator>
        <filterValue>entityParticleId</filterValue>
        <globalKey>FSCComplaintManagementranslatePicklistToLocaleCustom0jI4V000000L00mUACItem1</globalKey>
        <inputFieldName>EntityParticleId</inputFieldName>
        <inputObjectName>PicklistValueInfo</inputObjectName>
        <inputObjectQuerySequence>1.0</inputObjectQuerySequence>
        <linkedObjectSequence>0.0</linkedObjectSequence>
        <name>FSCComplaintManagementranslatePicklistToLocale</name>
        <outputCreationSequence>0.0</outputCreationSequence>
        <outputFieldName>result</outputFieldName>
        <outputObjectName>Turbo Extract</outputObjectName>
        <requiredForUpsert>false</requiredForUpsert>
        <upsertKey>false</upsertKey>
    </omniDataTransformItem>
    <omniDataTransformItem>
        <disabled>false</disabled>
        <filterDataType>STRING</filterDataType>
        <filterGroup>0.0</filterGroup>
        <filterOperator>IN</filterOperator>
        <filterValue>filterValues</filterValue>
        <globalKey>FSCComplaintManagementranslatePicklistToLocaleCustom0jI4V000000L00mUACItem2</globalKey>
        <inputFieldName>Value</inputFieldName>
        <inputObjectName>PicklistValueInfo</inputObjectName>
        <inputObjectQuerySequence>1.0</inputObjectQuerySequence>
        <linkedObjectSequence>0.0</linkedObjectSequence>
        <name>FSCComplaintManagementranslatePicklistToLocale</name>
        <outputCreationSequence>0.0</outputCreationSequence>
        <outputFieldName>result</outputFieldName>
        <outputObjectName>Turbo Extract</outputObjectName>
        <requiredForUpsert>false</requiredForUpsert>
        <upsertKey>false</upsertKey>
    </omniDataTransformItem>
    <omniDataTransformItem>
        <disabled>false</disabled>
        <filterGroup>0.0</filterGroup>
        <globalKey>FSCComplaintManagementranslatePicklistToLocaleCustom0jI4V000000L00mUACItem3</globalKey>
        <inputFieldName>Label</inputFieldName>
        <inputObjectName>PicklistValueInfo</inputObjectName>
        <inputObjectQuerySequence>0.0</inputObjectQuerySequence>
        <linkedObjectSequence>0.0</linkedObjectSequence>
        <name>FSCComplaintManagementranslatePicklistToLocale</name>
        <outputCreationSequence>1.0</outputCreationSequence>
        <outputFieldName>result</outputFieldName>
        <outputObjectName>Turbo Extract</outputObjectName>
        <requiredForUpsert>false</requiredForUpsert>
        <upsertKey>false</upsertKey>
    </omniDataTransformItem>
    <outputType>JSON</outputType>
    <overrideKey>fsccomplaintmanagement__FSCComplaintManagementranslatePicklistToLocale_1</overrideKey>
    <previewJsonData>{
  &quot;entityParticleId&quot; : &quot;PublicComplaint.ComplaintType&quot;,
  &quot;filterValues&quot; : [ &quot;Information, sums/ charges or Product Performance&quot;, &quot;General Admin/ Customer Service&quot;, &quot;Credit Card&quot; ]
}</previewJsonData>
    <processSuperBulk>false</processSuperBulk>
    <responseCacheTtlMinutes>0.0</responseCacheTtlMinutes>
    <rollbackOnError>false</rollbackOnError>
    <sourceObject>json</sourceObject>
    <sourceObjectDefault>false</sourceObjectDefault>
    <synchronousProcessThreshold>0.0</synchronousProcessThreshold>
    <type>Turbo Extract</type>
    <uniqueName>FSCComplaintManagementranslatePicklistToLocale_2</uniqueName>
    <versionNumber>2.0</versionNumber>
    <xmlDeclarationRemoved>false</xmlDeclarationRemoved>
</OmniDataTransform>
