<?xml version="1.0" encoding="UTF-8"?>
<OmniDataTransform xmlns="http://soap.sforce.com/2006/04/metadata">
    <active>true</active>
    <assignmentRulesUsed>false</assignmentRulesUsed>
    <deletedOnSuccess>false</deletedOnSuccess>
    <errorIgnored>false</errorIgnored>
    <expectedInputJson>{
  &quot;vlcTimeTracking&quot; : { },
  &quot;vlcPersistentComponent&quot; : { }
}</expectedInputJson>
    <fieldLevelSecurityEnabled>false</fieldLevelSecurityEnabled>
    <inputType>JSON</inputType>
    <name>FSCComplaintManagementTranslatePicklistToEnglish</name>
    <nullInputsIncludedInOutput>false</nullInputsIncludedInOutput>
    <omniDataTransformItem>
        <disabled>false</disabled>
        <filterDataType>STRING</filterDataType>
        <filterGroup>0.0</filterGroup>
        <filterOperator>=</filterOperator>
        <filterValue>entityParticleId</filterValue>
        <globalKey>FSCComplaintManagementTranslatePicklistToEnglishCustom0jI4V000000L00cUACItem3</globalKey>
        <inputFieldName>EntityParticleId</inputFieldName>
        <inputObjectName>PicklistValueInfo</inputObjectName>
        <inputObjectQuerySequence>1.0</inputObjectQuerySequence>
        <linkedObjectSequence>0.0</linkedObjectSequence>
        <name>FSCComplaintManagementTranslatePicklistToEnglish</name>
        <outputCreationSequence>0.0</outputCreationSequence>
        <outputFieldName>result</outputFieldName>
        <outputObjectName>Turbo Extract</outputObjectName>
        <requiredForUpsert>false</requiredForUpsert>
        <upsertKey>false</upsertKey>
    </omniDataTransformItem>
    <omniDataTransformItem>
        <disabled>false</disabled>
        <filterGroup>0.0</filterGroup>
        <globalKey>FSCComplaintManagementTranslatePicklistToEnglishCustom0jI4V000000L00cUACItem2</globalKey>
        <inputFieldName>Label</inputFieldName>
        <inputObjectName>PicklistValueInfo</inputObjectName>
        <inputObjectQuerySequence>0.0</inputObjectQuerySequence>
        <linkedObjectSequence>0.0</linkedObjectSequence>
        <name>FSCComplaintManagementTranslatePicklistToEnglish</name>
        <outputCreationSequence>1.0</outputCreationSequence>
        <outputFieldName>result</outputFieldName>
        <outputObjectName>Turbo Extract</outputObjectName>
        <requiredForUpsert>false</requiredForUpsert>
        <upsertKey>false</upsertKey>
    </omniDataTransformItem>
    <omniDataTransformItem>
        <disabled>false</disabled>
        <filterDataType>STRING</filterDataType>
        <filterGroup>0.0</filterGroup>
        <filterOperator>=</filterOperator>
        <filterValue>value</filterValue>
        <globalKey>FSCComplaintManagementTranslatePicklistToEnglishCustom0jI4V000000L00cUACItem0</globalKey>
        <inputFieldName>Label</inputFieldName>
        <inputObjectName>PicklistValueInfo</inputObjectName>
        <inputObjectQuerySequence>1.0</inputObjectQuerySequence>
        <linkedObjectSequence>0.0</linkedObjectSequence>
        <name>FSCComplaintManagementTranslatePicklistToEnglish</name>
        <outputCreationSequence>0.0</outputCreationSequence>
        <outputFieldName>result</outputFieldName>
        <outputObjectName>Turbo Extract</outputObjectName>
        <requiredForUpsert>false</requiredForUpsert>
        <upsertKey>false</upsertKey>
    </omniDataTransformItem>
    <omniDataTransformItem>
        <disabled>false</disabled>
        <filterGroup>0.0</filterGroup>
        <globalKey>FSCComplaintManagementTranslatePicklistToEnglishCustom0jI4V000000L00cUACItem1</globalKey>
        <inputFieldName>Value</inputFieldName>
        <inputObjectName>PicklistValueInfo</inputObjectName>
        <inputObjectQuerySequence>0.0</inputObjectQuerySequence>
        <linkedObjectSequence>0.0</linkedObjectSequence>
        <name>FSCComplaintManagementTranslatePicklistToEnglish</name>
        <outputCreationSequence>1.0</outputCreationSequence>
        <outputFieldName>result</outputFieldName>
        <outputObjectName>Turbo Extract</outputObjectName>
        <requiredForUpsert>false</requiredForUpsert>
        <upsertKey>false</upsertKey>
    </omniDataTransformItem>
    <outputType>JSON</outputType>
    <overrideKey>fsccomplaintmanagement__FSCComplaintManagementTranslatePicklistToEnglish_1</overrideKey>
    <previewJsonData>{
  &quot;entityParticleId&quot; : &quot;PublicComplaint.ProductType&quot;,
  &quot;value&quot; : &quot;Investments&quot;
}</previewJsonData>
    <processSuperBulk>false</processSuperBulk>
    <responseCacheTtlMinutes>0.0</responseCacheTtlMinutes>
    <rollbackOnError>false</rollbackOnError>
    <sourceObject>json</sourceObject>
    <sourceObjectDefault>false</sourceObjectDefault>
    <synchronousProcessThreshold>0.0</synchronousProcessThreshold>
    <type>Turbo Extract</type>
    <uniqueName>FSCComplaintManagementTranslatePicklistToEnglish_2</uniqueName>
    <versionNumber>2.0</versionNumber>
    <xmlDeclarationRemoved>false</xmlDeclarationRemoved>
</OmniDataTransform>
