<?xml version="1.0" encoding="UTF-8"?>
<OmniDataTransform xmlns="http://soap.sforce.com/2006/04/metadata">
    <active>true</active>
    <assignmentRulesUsed>false</assignmentRulesUsed>
    <deletedOnSuccess>false</deletedOnSuccess>
    <description>Gathers caseIds, Action PlanIds and FinancialAccount transactions in preparation of the subsequent delete action. Part of RegE demo cleanup.</description>
    <errorIgnored>false</errorIgnored>
    <expectedInputJson>{
  &quot;vlcTimeTracking&quot; : {
    &quot;drGetAllRelevantIds&quot; : null,
    &quot;deleteFinancialTrxs&quot; : null
  },
  &quot;vlcPersistentComponent&quot; : { },
  &quot;userTimeZone&quot; : null,
  &quot;userProfile&quot; : null,
  &quot;userName&quot; : null,
  &quot;userId&quot; : null,
  &quot;timeStamp&quot; : null,
  &quot;ContextId&quot; : null
}</expectedInputJson>
    <fieldLevelSecurityEnabled>false</fieldLevelSecurityEnabled>
    <inputType>JSON</inputType>
    <name>getAllDemoIds</name>
    <nullInputsIncludedInOutput>false</nullInputsIncludedInOutput>
    <omniDataTransformItem>
        <disabled>false</disabled>
        <filterGroup>0.0</filterGroup>
        <filterOperator>=</filterOperator>
        <filterValue>accountId</filterValue>
        <globalKey>d073c92a-7547-4a15-aae9-0ef54bba51b2</globalKey>
        <inputFieldName>AccountId</inputFieldName>
        <inputObjectName>Case</inputObjectName>
        <inputObjectQuerySequence>1.0</inputObjectQuerySequence>
        <linkedObjectSequence>0.0</linkedObjectSequence>
        <name>getAllDemoIds</name>
        <outputCreationSequence>0.0</outputCreationSequence>
        <outputFieldName>Case</outputFieldName>
        <outputObjectName>json</outputObjectName>
        <requiredForUpsert>false</requiredForUpsert>
        <upsertKey>false</upsertKey>
    </omniDataTransformItem>
    <omniDataTransformItem>
        <disabled>false</disabled>
        <filterGroup>0.0</filterGroup>
        <globalKey>7c7ad167-341f-4a44-8df7-d84ac9ca3dc5</globalKey>
        <inputFieldName>Case:Id</inputFieldName>
        <inputObjectQuerySequence>0.0</inputObjectQuerySequence>
        <linkedObjectSequence>0.0</linkedObjectSequence>
        <name>getAllDemoIds</name>
        <outputCreationSequence>1.0</outputCreationSequence>
        <outputFieldName>Case:Id</outputFieldName>
        <outputObjectName>json</outputObjectName>
        <requiredForUpsert>false</requiredForUpsert>
        <upsertKey>false</upsertKey>
    </omniDataTransformItem>
    <omniDataTransformItem>
        <disabled>false</disabled>
        <filterGroup>0.0</filterGroup>
        <filterOperator>=</filterOperator>
        <filterValue>accountId</filterValue>
        <globalKey>105de008-e45e-4fef-a06b-d2d42aaee4b2</globalKey>
        <inputFieldName>ParentId</inputFieldName>
        <inputObjectName>RecordAlert</inputObjectName>
        <inputObjectQuerySequence>5.0</inputObjectQuerySequence>
        <linkedObjectSequence>0.0</linkedObjectSequence>
        <name>getAllDemoIds</name>
        <outputCreationSequence>0.0</outputCreationSequence>
        <outputFieldName>recordAlerts</outputFieldName>
        <outputObjectName>json</outputObjectName>
        <requiredForUpsert>false</requiredForUpsert>
        <upsertKey>false</upsertKey>
    </omniDataTransformItem>
    <omniDataTransformItem>
        <disabled>false</disabled>
        <filterGroup>0.0</filterGroup>
        <globalKey>5b5263fe-e8be-4318-92fc-98de6ffee00c</globalKey>
        <inputFieldName>recordAlerts:Id</inputFieldName>
        <inputObjectQuerySequence>0.0</inputObjectQuerySequence>
        <linkedObjectSequence>0.0</linkedObjectSequence>
        <name>getAllDemoIds</name>
        <outputCreationSequence>1.0</outputCreationSequence>
        <outputFieldName>recordAlert:Id</outputFieldName>
        <outputObjectName>json</outputObjectName>
        <requiredForUpsert>false</requiredForUpsert>
        <upsertKey>false</upsertKey>
    </omniDataTransformItem>
    <omniDataTransformItem>
        <disabled>false</disabled>
        <filterGroup>0.0</filterGroup>
        <globalKey>8fee9fb0-856d-4c36-a630-3186e517b2a9</globalKey>
        <inputFieldName>ActionPlan:Id</inputFieldName>
        <inputObjectQuerySequence>0.0</inputObjectQuerySequence>
        <linkedObjectSequence>0.0</linkedObjectSequence>
        <name>getAllDemoIds</name>
        <outputCreationSequence>1.0</outputCreationSequence>
        <outputFieldName>ActionPlan:Id</outputFieldName>
        <outputObjectName>json</outputObjectName>
        <requiredForUpsert>false</requiredForUpsert>
        <upsertKey>false</upsertKey>
    </omniDataTransformItem>
    <omniDataTransformItem>
        <disabled>false</disabled>
        <filterGroup>0.0</filterGroup>
        <filterOperator>=</filterOperator>
        <filterValue>Case:Id</filterValue>
        <globalKey>b5e07275-9073-458f-873a-6a6cff9cee85</globalKey>
        <inputFieldName>TargetId</inputFieldName>
        <inputObjectName>ActionPlan</inputObjectName>
        <inputObjectQuerySequence>3.0</inputObjectQuerySequence>
        <linkedObjectSequence>0.0</linkedObjectSequence>
        <name>getAllDemoIds</name>
        <outputCreationSequence>0.0</outputCreationSequence>
        <outputFieldName>ActionPlan</outputFieldName>
        <outputObjectName>json</outputObjectName>
        <requiredForUpsert>false</requiredForUpsert>
        <upsertKey>false</upsertKey>
    </omniDataTransformItem>
    <omniDataTransformItem>
        <disabled>false</disabled>
        <filterGroup>0.0</filterGroup>
        <filterOperator>=</filterOperator>
        <filterValue>&quot;Card Replacement&quot;</filterValue>
        <globalKey>b8902a02-3ef9-4c9b-b94d-5a9406fde75b</globalKey>
        <inputFieldName>Subject</inputFieldName>
        <inputObjectName>Case</inputObjectName>
        <inputObjectQuerySequence>2.0</inputObjectQuerySequence>
        <linkedObjectSequence>0.0</linkedObjectSequence>
        <name>getAllDemoIds</name>
        <outputCreationSequence>0.0</outputCreationSequence>
        <outputFieldName>Case</outputFieldName>
        <outputObjectName>json</outputObjectName>
        <requiredForUpsert>false</requiredForUpsert>
        <upsertKey>false</upsertKey>
    </omniDataTransformItem>
    <omniDataTransformItem>
        <disabled>false</disabled>
        <filterGroup>0.0</filterGroup>
        <globalKey>3213cf09-fc0c-4dd9-8e1e-6d75d2780fe9</globalKey>
        <inputFieldName>Case:Subject</inputFieldName>
        <inputObjectQuerySequence>0.0</inputObjectQuerySequence>
        <linkedObjectSequence>0.0</linkedObjectSequence>
        <name>getAllDemoIds</name>
        <outputCreationSequence>1.0</outputCreationSequence>
        <outputFieldName>Case:subject</outputFieldName>
        <outputObjectName>json</outputObjectName>
        <requiredForUpsert>false</requiredForUpsert>
        <upsertKey>false</upsertKey>
    </omniDataTransformItem>
    <omniDataTransformItem>
        <disabled>false</disabled>
        <filterGroup>0.0</filterGroup>
        <globalKey>76bd9881-8385-4abb-a0b2-4f4476ac9ada</globalKey>
        <inputFieldName>finaccttrx:Id</inputFieldName>
        <inputObjectQuerySequence>0.0</inputObjectQuerySequence>
        <linkedObjectSequence>0.0</linkedObjectSequence>
        <name>getAllDemoIds</name>
        <outputCreationSequence>1.0</outputCreationSequence>
        <outputFieldName>finaccttrx:Id</outputFieldName>
        <outputObjectName>json</outputObjectName>
        <requiredForUpsert>false</requiredForUpsert>
        <upsertKey>false</upsertKey>
    </omniDataTransformItem>
    <omniDataTransformItem>
        <disabled>false</disabled>
        <filterGroup>0.0</filterGroup>
        <filterOperator>=</filterOperator>
        <filterValue>Case:Id</filterValue>
        <globalKey>9f5bb601-10b2-4bc5-9298-b73325e81c1b</globalKey>
        <inputFieldName>Case__c</inputFieldName>
        <inputObjectName>FinServ__FinancialAccountTransaction__c</inputObjectName>
        <inputObjectQuerySequence>4.0</inputObjectQuerySequence>
        <linkedObjectSequence>0.0</linkedObjectSequence>
        <name>getAllDemoIds</name>
        <outputCreationSequence>0.0</outputCreationSequence>
        <outputFieldName>finaccttrx</outputFieldName>
        <outputObjectName>json</outputObjectName>
        <requiredForUpsert>false</requiredForUpsert>
        <upsertKey>false</upsertKey>
    </omniDataTransformItem>
    <omniDataTransformItem>
        <disabled>false</disabled>
        <filterGroup>0.0</filterGroup>
        <globalKey>f2ffdfee-3b35-4414-aacb-0d2c3792d3c3</globalKey>
        <inputFieldName>ActionPlan:Name</inputFieldName>
        <inputObjectQuerySequence>0.0</inputObjectQuerySequence>
        <linkedObjectSequence>0.0</linkedObjectSequence>
        <name>getAllDemoIds</name>
        <outputCreationSequence>1.0</outputCreationSequence>
        <outputFieldName>ActionPlan:Name</outputFieldName>
        <outputObjectName>json</outputObjectName>
        <requiredForUpsert>false</requiredForUpsert>
        <upsertKey>false</upsertKey>
    </omniDataTransformItem>
    <omniDataTransformItem>
        <disabled>false</disabled>
        <filterGroup>0.0</filterGroup>
        <globalKey>888eb95e-536e-45f7-9020-9140a9cdaa92</globalKey>
        <inputFieldName>recordAlerts:Subject</inputFieldName>
        <inputObjectQuerySequence>0.0</inputObjectQuerySequence>
        <linkedObjectSequence>0.0</linkedObjectSequence>
        <name>getAllDemoIds</name>
        <outputCreationSequence>1.0</outputCreationSequence>
        <outputFieldName>recordAlert:Subject</outputFieldName>
        <outputObjectName>json</outputObjectName>
        <requiredForUpsert>false</requiredForUpsert>
        <upsertKey>false</upsertKey>
    </omniDataTransformItem>
    <omniDataTransformItem>
        <disabled>false</disabled>
        <filterGroup>0.0</filterGroup>
        <filterOperator>=</filterOperator>
        <filterValue>accountId</filterValue>
        <globalKey>a69cdda5-04c4-4364-8748-63a92950906d</globalKey>
        <inputFieldName>AccountId</inputFieldName>
        <inputObjectName>Case</inputObjectName>
        <inputObjectQuerySequence>2.0</inputObjectQuerySequence>
        <linkedObjectSequence>0.0</linkedObjectSequence>
        <name>getAllDemoIds</name>
        <outputCreationSequence>0.0</outputCreationSequence>
        <outputFieldName>Case</outputFieldName>
        <outputObjectName>json</outputObjectName>
        <requiredForUpsert>false</requiredForUpsert>
        <upsertKey>false</upsertKey>
    </omniDataTransformItem>
    <omniDataTransformItem>
        <disabled>false</disabled>
        <filterGroup>0.0</filterGroup>
        <filterOperator>=</filterOperator>
        <filterValue>&quot;Transaction Dispute&quot;</filterValue>
        <globalKey>cc2bd6d7-219f-4377-b818-2ca16e1b29ae</globalKey>
        <inputFieldName>Subject</inputFieldName>
        <inputObjectName>Case</inputObjectName>
        <inputObjectQuerySequence>1.0</inputObjectQuerySequence>
        <linkedObjectSequence>0.0</linkedObjectSequence>
        <name>getAllDemoIds</name>
        <outputCreationSequence>0.0</outputCreationSequence>
        <outputFieldName>Case</outputFieldName>
        <outputObjectName>json</outputObjectName>
        <requiredForUpsert>false</requiredForUpsert>
        <upsertKey>false</upsertKey>
    </omniDataTransformItem>
    <outputType>JSON</outputType>
    <previewJsonData>{
  &quot;accountId&quot; : &quot;0014W000024fX5xQAE&quot;
}</previewJsonData>
    <processSuperBulk>false</processSuperBulk>
    <responseCacheTtlMinutes>0.0</responseCacheTtlMinutes>
    <rollbackOnError>false</rollbackOnError>
    <sourceObject>json</sourceObject>
    <sourceObjectDefault>false</sourceObjectDefault>
    <synchronousProcessThreshold>-1.0</synchronousProcessThreshold>
    <type>Extract</type>
    <uniqueName>getAllDemoIds_1</uniqueName>
    <versionNumber>1.0</versionNumber>
    <xmlDeclarationRemoved>false</xmlDeclarationRemoved>
</OmniDataTransform>
