<?xml version="1.0" encoding="UTF-8"?>
<OmniDataTransform xmlns="http://soap.sforce.com/2006/04/metadata">
    <active>true</active>
    <assignmentRulesUsed>false</assignmentRulesUsed>
    <deletedOnSuccess>false</deletedOnSuccess>
    <description>Needed for RegE cleanup OS</description>
    <errorIgnored>false</errorIgnored>
    <fieldLevelSecurityEnabled>false</fieldLevelSecurityEnabled>
    <inputType>JSON</inputType>
    <name>getAccountAndFinAcctIds</name>
    <nullInputsIncludedInOutput>false</nullInputsIncludedInOutput>
    <omniDataTransformItem>
        <disabled>false</disabled>
        <filterGroup>0.0</filterGroup>
        <globalKey>779f2e27-0172-468c-8384-cf4d5c60c9d5</globalKey>
        <inputFieldName>targetAccount:Id</inputFieldName>
        <inputObjectQuerySequence>0.0</inputObjectQuerySequence>
        <linkedObjectSequence>0.0</linkedObjectSequence>
        <name>getAccountAndFinAcctIds</name>
        <outputCreationSequence>1.0</outputCreationSequence>
        <outputFieldName>financialAccountId</outputFieldName>
        <outputObjectName>json</outputObjectName>
        <requiredForUpsert>false</requiredForUpsert>
        <upsertKey>false</upsertKey>
    </omniDataTransformItem>
    <omniDataTransformItem>
        <disabled>false</disabled>
        <filterGroup>0.0</filterGroup>
        <formulaConverted>| var:financialAccount:Name &quot;Julie/\/\/Morris/\/\/Debit/\/\/Card&quot; = var:financialAccount:Id var:null IF</formulaConverted>
        <formulaExpression>IF(financialAccount:Name=&quot;Julie Morris Debit Card&quot;, financialAccount:Id, null)</formulaExpression>
        <formulaResultPath>financialAccount:fJuliesDebitId</formulaResultPath>
        <formulaSequence>3.0</formulaSequence>
        <globalKey>71742789-4efa-4c89-9e7a-167f3046c4f9</globalKey>
        <inputObjectQuerySequence>0.0</inputObjectQuerySequence>
        <linkedObjectSequence>0.0</linkedObjectSequence>
        <name>getAccountAndFinAcctIds</name>
        <outputCreationSequence>0.0</outputCreationSequence>
        <outputFieldName>Formula</outputFieldName>
        <outputObjectName>Formula</outputObjectName>
        <requiredForUpsert>false</requiredForUpsert>
        <upsertKey>false</upsertKey>
    </omniDataTransformItem>
    <omniDataTransformItem>
        <disabled>false</disabled>
        <filterGroup>0.0</filterGroup>
        <formulaConverted>| var:financialAccount:Name &quot;Julie/\/\/Morris/\/\/Debit/\/\/Card&quot; = var:financialAccount:FinServ__FinancialAccountNumber__c var:null IF</formulaConverted>
        <formulaExpression>IF(financialAccount:Name=&quot;Julie Morris Debit Card&quot;, financialAccount:FinServ__FinancialAccountNumber__c, null)</formulaExpression>
        <formulaResultPath>financialAccount:fJuliesDebitAcctNum</formulaResultPath>
        <formulaSequence>2.0</formulaSequence>
        <globalKey>56ed6826-0c68-41c6-9cf8-d508f6440088</globalKey>
        <inputObjectQuerySequence>0.0</inputObjectQuerySequence>
        <linkedObjectSequence>0.0</linkedObjectSequence>
        <name>getAccountAndFinAcctIds</name>
        <outputCreationSequence>0.0</outputCreationSequence>
        <outputFieldName>Formula</outputFieldName>
        <outputObjectName>Formula</outputObjectName>
        <requiredForUpsert>false</requiredForUpsert>
        <upsertKey>false</upsertKey>
    </omniDataTransformItem>
    <omniDataTransformItem>
        <disabled>false</disabled>
        <filterGroup>1.0</filterGroup>
        <filterOperator>=</filterOperator>
        <filterValue>accountId</filterValue>
        <globalKey>2927dae7-a2b9-485c-a19b-a6226f7969c1</globalKey>
        <inputFieldName>FinServ__PrimaryOwner__c</inputFieldName>
        <inputObjectName>FinServ__FinancialAccount__c</inputObjectName>
        <inputObjectQuerySequence>1.0</inputObjectQuerySequence>
        <linkedObjectSequence>0.0</linkedObjectSequence>
        <name>getAccountAndFinAcctIds</name>
        <outputCreationSequence>0.0</outputCreationSequence>
        <outputFieldName>financialAccount</outputFieldName>
        <outputObjectName>json</outputObjectName>
        <requiredForUpsert>false</requiredForUpsert>
        <upsertKey>false</upsertKey>
    </omniDataTransformItem>
    <omniDataTransformItem>
        <disabled>false</disabled>
        <filterGroup>0.0</filterGroup>
        <globalKey>bfe4a2a0-1e08-4ee8-b1e8-9da039773228</globalKey>
        <inputFieldName>targetAccount:fJuliesDebitId</inputFieldName>
        <inputObjectQuerySequence>0.0</inputObjectQuerySequence>
        <linkedObjectSequence>0.0</linkedObjectSequence>
        <name>getAccountAndFinAcctIds</name>
        <outputCreationSequence>1.0</outputCreationSequence>
        <outputFieldName>juliesDebitId</outputFieldName>
        <outputObjectName>json</outputObjectName>
        <requiredForUpsert>false</requiredForUpsert>
        <upsertKey>false</upsertKey>
    </omniDataTransformItem>
    <omniDataTransformItem>
        <disabled>false</disabled>
        <filterGroup>0.0</filterGroup>
        <globalKey>9eac7c58-97c8-442d-9e54-918389c0adec</globalKey>
        <inputFieldName>targetAccount:fRachelsCheckingId</inputFieldName>
        <inputObjectQuerySequence>0.0</inputObjectQuerySequence>
        <linkedObjectSequence>0.0</linkedObjectSequence>
        <name>getAccountAndFinAcctIds</name>
        <outputCreationSequence>1.0</outputCreationSequence>
        <outputFieldName>rachelsCheckingId</outputFieldName>
        <outputObjectName>json</outputObjectName>
        <requiredForUpsert>false</requiredForUpsert>
        <upsertKey>false</upsertKey>
    </omniDataTransformItem>
    <omniDataTransformItem>
        <disabled>false</disabled>
        <filterGroup>0.0</filterGroup>
        <globalKey>e2527c2d-554d-42f8-96ca-7f0f98852e20</globalKey>
        <inputFieldName>targetAccount:fJuliesDebitAcctNum</inputFieldName>
        <inputObjectQuerySequence>0.0</inputObjectQuerySequence>
        <linkedObjectSequence>0.0</linkedObjectSequence>
        <name>getAccountAndFinAcctIds</name>
        <outputCreationSequence>1.0</outputCreationSequence>
        <outputFieldFormat>String</outputFieldFormat>
        <outputFieldName>juliesDebitAcctNum</outputFieldName>
        <outputObjectName>json</outputObjectName>
        <requiredForUpsert>false</requiredForUpsert>
        <upsertKey>false</upsertKey>
    </omniDataTransformItem>
    <omniDataTransformItem>
        <disabled>false</disabled>
        <filterGroup>0.0</filterGroup>
        <formulaConverted>| var:financialAccount:Name &quot;Classic/\/\/Checking&quot; = var:financialAccount:FinServ__FinancialAccountNumber__c var:null IF</formulaConverted>
        <formulaExpression>IF(financialAccount:Name=&quot;Classic Checking&quot;, financialAccount:FinServ__FinancialAccountNumber__c, null)</formulaExpression>
        <formulaResultPath>financialAccount:fClassicCheckingAcctNum</formulaResultPath>
        <formulaSequence>1.0</formulaSequence>
        <globalKey>c995dc24-a2d4-47c5-be12-b8505dc5ee2b</globalKey>
        <inputObjectQuerySequence>0.0</inputObjectQuerySequence>
        <linkedObjectSequence>0.0</linkedObjectSequence>
        <name>getAccountAndFinAcctIds</name>
        <outputCreationSequence>0.0</outputCreationSequence>
        <outputFieldName>Formula</outputFieldName>
        <outputObjectName>Formula</outputObjectName>
        <requiredForUpsert>false</requiredForUpsert>
        <upsertKey>false</upsertKey>
    </omniDataTransformItem>
    <omniDataTransformItem>
        <disabled>false</disabled>
        <filterGroup>1.0</filterGroup>
        <filterOperator>ORDER BY</filterOperator>
        <filterValue>Name</filterValue>
        <globalKey>d198b0e1-2e4e-4865-9717-d7e2361ed82c</globalKey>
        <inputObjectName>FinServ__FinancialAccount__c</inputObjectName>
        <inputObjectQuerySequence>1.0</inputObjectQuerySequence>
        <linkedObjectSequence>0.0</linkedObjectSequence>
        <name>getAccountAndFinAcctIds</name>
        <outputCreationSequence>0.0</outputCreationSequence>
        <outputFieldName>financialAccount</outputFieldName>
        <outputObjectName>json</outputObjectName>
        <requiredForUpsert>false</requiredForUpsert>
        <upsertKey>false</upsertKey>
    </omniDataTransformItem>
    <omniDataTransformItem>
        <disabled>false</disabled>
        <filterGroup>0.0</filterGroup>
        <formulaConverted>| | var:financialAccount LIST &apos;FinServ__PrimaryOwner__c=&quot;&apos; var:accountId + &apos;&quot;&apos; + FILTER</formulaConverted>
        <formulaExpression>FILTER(LIST(financialAccount), &apos;FinServ__PrimaryOwner__c=&quot;&apos;+ accountId+&apos;&quot;&apos;)</formulaExpression>
        <formulaResultPath>targetAccount</formulaResultPath>
        <formulaSequence>5.0</formulaSequence>
        <globalKey>c4782506-246a-4138-b0e4-dffa012d4f43</globalKey>
        <inputObjectQuerySequence>0.0</inputObjectQuerySequence>
        <linkedObjectSequence>0.0</linkedObjectSequence>
        <name>getAccountAndFinAcctIds</name>
        <outputCreationSequence>0.0</outputCreationSequence>
        <outputFieldName>Formula</outputFieldName>
        <outputObjectName>Formula</outputObjectName>
        <requiredForUpsert>false</requiredForUpsert>
        <upsertKey>false</upsertKey>
    </omniDataTransformItem>
    <omniDataTransformItem>
        <disabled>false</disabled>
        <filterGroup>0.0</filterGroup>
        <globalKey>4eef01ab-e60c-442d-95e5-52d1e7c773e1</globalKey>
        <inputFieldName>targetAccount:FinServ__FinancialAccountNumber__c</inputFieldName>
        <inputObjectQuerySequence>0.0</inputObjectQuerySequence>
        <linkedObjectSequence>0.0</linkedObjectSequence>
        <name>getAccountAndFinAcctIds</name>
        <outputCreationSequence>1.0</outputCreationSequence>
        <outputFieldFormat>String</outputFieldFormat>
        <outputFieldName>financialAccountNumber</outputFieldName>
        <outputObjectName>json</outputObjectName>
        <requiredForUpsert>false</requiredForUpsert>
        <upsertKey>false</upsertKey>
    </omniDataTransformItem>
    <omniDataTransformItem>
        <disabled>false</disabled>
        <filterGroup>0.0</filterGroup>
        <globalKey>63be4745-f54f-433e-a0a1-a9b5c08015e3</globalKey>
        <inputFieldName>targetAccount:FinServ__PrimaryOwner__r.FirstName</inputFieldName>
        <inputObjectQuerySequence>0.0</inputObjectQuerySequence>
        <linkedObjectSequence>0.0</linkedObjectSequence>
        <name>getAccountAndFinAcctIds</name>
        <outputCreationSequence>1.0</outputCreationSequence>
        <outputFieldName>accountName</outputFieldName>
        <outputObjectName>json</outputObjectName>
        <requiredForUpsert>false</requiredForUpsert>
        <upsertKey>false</upsertKey>
    </omniDataTransformItem>
    <omniDataTransformItem>
        <disabled>false</disabled>
        <filterGroup>0.0</filterGroup>
        <formulaConverted>| var:financialAccount:Name &quot;Classic/\/\/Checking&quot; = var:financialAccount:Id var:null IF</formulaConverted>
        <formulaExpression>IF(financialAccount:Name=&quot;Classic Checking&quot;, financialAccount:Id, null)</formulaExpression>
        <formulaResultPath>financialAccount:fRachelsCheckingId</formulaResultPath>
        <formulaSequence>4.0</formulaSequence>
        <globalKey>debccc95-45d8-48f9-97e2-8d9a0faa1c31</globalKey>
        <inputObjectQuerySequence>0.0</inputObjectQuerySequence>
        <linkedObjectSequence>0.0</linkedObjectSequence>
        <name>getAccountAndFinAcctIds</name>
        <outputCreationSequence>0.0</outputCreationSequence>
        <outputFieldName>Formula</outputFieldName>
        <outputObjectName>Formula</outputObjectName>
        <requiredForUpsert>false</requiredForUpsert>
        <upsertKey>false</upsertKey>
    </omniDataTransformItem>
    <omniDataTransformItem>
        <disabled>false</disabled>
        <filterGroup>0.0</filterGroup>
        <globalKey>f93cdb38-ac9c-462f-b0f8-4dc76a474801</globalKey>
        <inputFieldName>targetAccount:Name</inputFieldName>
        <inputObjectQuerySequence>0.0</inputObjectQuerySequence>
        <linkedObjectSequence>0.0</linkedObjectSequence>
        <name>getAccountAndFinAcctIds</name>
        <outputCreationSequence>1.0</outputCreationSequence>
        <outputFieldName>financialAccountName</outputFieldName>
        <outputObjectName>json</outputObjectName>
        <requiredForUpsert>false</requiredForUpsert>
        <upsertKey>false</upsertKey>
    </omniDataTransformItem>
    <omniDataTransformItem>
        <disabled>false</disabled>
        <filterGroup>0.0</filterGroup>
        <globalKey>67cb3ac9-3214-4584-aee6-e678f8d05793</globalKey>
        <inputFieldName>targetAccount:fClassicCheckingAcctNum</inputFieldName>
        <inputObjectQuerySequence>0.0</inputObjectQuerySequence>
        <linkedObjectSequence>0.0</linkedObjectSequence>
        <name>getAccountAndFinAcctIds</name>
        <outputCreationSequence>1.0</outputCreationSequence>
        <outputFieldFormat>String</outputFieldFormat>
        <outputFieldName>rachelsClassicCheckingAcctNum</outputFieldName>
        <outputObjectName>json</outputObjectName>
        <requiredForUpsert>false</requiredForUpsert>
        <upsertKey>false</upsertKey>
    </omniDataTransformItem>
    <outputType>JSON</outputType>
    <previewJsonData>{
  &quot;accountId&quot; : &quot;0018X000032JUTcQAO&quot;
}</previewJsonData>
    <processSuperBulk>false</processSuperBulk>
    <responseCacheTtlMinutes>0.0</responseCacheTtlMinutes>
    <rollbackOnError>false</rollbackOnError>
    <sourceObject>json</sourceObject>
    <sourceObjectDefault>false</sourceObjectDefault>
    <synchronousProcessThreshold>-1.0</synchronousProcessThreshold>
    <type>Extract</type>
    <uniqueName>getAccountAndFinAcctIds_1</uniqueName>
    <versionNumber>1.0</versionNumber>
    <xmlDeclarationRemoved>false</xmlDeclarationRemoved>
</OmniDataTransform>
