<?xml version="1.0" encoding="UTF-8"?>
<OmniDataTransform xmlns="http://soap.sforce.com/2006/04/metadata">
    <active>true</active>
    <assignmentRulesUsed>false</assignmentRulesUsed>
    <deletedOnSuccess>false</deletedOnSuccess>
    <errorIgnored>false</errorIgnored>
    <expectedOutputJson>{
  &quot;highestSeverity&quot; : &quot;x&quot;,
  &quot;alertCount&quot; : 10,
  &quot;Alerts&quot; : [ {
    &quot;Id&quot; : &quot;0qZ7Q000000LNy5UAG&quot;,
    &quot;IsActive&quot; : true,
    &quot;WhatId&quot; : &quot;0YT7Q000000DZCAWA4&quot;,
    &quot;Severity&quot; : &quot;Info&quot;,
    &quot;Subject&quot; : &quot;Payment Due Soon&quot;,
    &quot;Description&quot; : &quot;Please review related Policy payment agreements.&quot;,
    &quot;SourceSystemIdentifier&quot; : &quot;POLICY-ADMIN&quot;,
    &quot;ValidUntilDate&quot; : &quot;2022-07-29T10:00:00.000Z&quot;,
    &quot;Snooze_Until__c&quot; : &quot;2022-07-25&quot;,
    &quot;InstanceURL&quot; : &quot;xxx&quot;
  } ]
}</expectedOutputJson>
    <fieldLevelSecurityEnabled>false</fieldLevelSecurityEnabled>
    <inputType>JSON</inputType>
    <name>getAlertsFromFinancialAccount</name>
    <nullInputsIncludedInOutput>false</nullInputsIncludedInOutput>
    <omniDataTransformItem>
        <disabled>false</disabled>
        <filterGroup>0.0</filterGroup>
        <filterOperator>=</filterOperator>
        <filterValue>&apos;true&apos;</filterValue>
        <globalKey>b91a0101-e9d1-478c-a835-d3ac269a1052</globalKey>
        <inputFieldName>IsActive</inputFieldName>
        <inputObjectName>RecordAlert</inputObjectName>
        <inputObjectQuerySequence>1.0</inputObjectQuerySequence>
        <linkedObjectSequence>0.0</linkedObjectSequence>
        <name>getAlertsFromFinancialAccount</name>
        <outputCreationSequence>0.0</outputCreationSequence>
        <outputFieldName>ActiveAlerts</outputFieldName>
        <outputObjectName>json</outputObjectName>
        <requiredForUpsert>false</requiredForUpsert>
        <upsertKey>false</upsertKey>
    </omniDataTransformItem>
    <omniDataTransformItem>
        <disabled>false</disabled>
        <filterGroup>0.0</filterGroup>
        <filterOperator>&gt;</filterOperator>
        <filterValue>&apos;$Vlocity.TODAY&apos;</filterValue>
        <globalKey>c49d1ccd-947c-4c6f-ba6b-afc034016e51</globalKey>
        <inputFieldName>ValidUntilDate</inputFieldName>
        <inputObjectName>RecordAlert</inputObjectName>
        <inputObjectQuerySequence>1.0</inputObjectQuerySequence>
        <linkedObjectSequence>0.0</linkedObjectSequence>
        <name>getAlertsFromFinancialAccount</name>
        <outputCreationSequence>0.0</outputCreationSequence>
        <outputFieldName>ActiveAlerts</outputFieldName>
        <outputObjectName>json</outputObjectName>
        <requiredForUpsert>false</requiredForUpsert>
        <upsertKey>false</upsertKey>
    </omniDataTransformItem>
    <omniDataTransformItem>
        <disabled>false</disabled>
        <filterGroup>0.0</filterGroup>
        <formulaConverted>| | var:ActiveAlerts:Id ISNOTBLANK | var:ActiveAlerts:finAcct:FinServ__PrimaryOwner__r.BillingStreet &quot;,/\/\/&quot; var:ActiveAlerts:finAcct:FinServ__PrimaryOwner__r.BillingCity &quot;,/\/\/&quot; var:ActiveAlerts:finAcct:FinServ__PrimaryOwner__r.BillingState &quot;/\/\/&quot; var:ActiveAlerts:finAcct:FinServ__PrimaryOwner__r.BillingPostalCode CONCAT var:null IF</formulaConverted>
        <formulaExpression>IF(ISNOTBLANK(ActiveAlerts:Id),CONCAT(ActiveAlerts:finAcct:FinServ__PrimaryOwner__r.BillingStreet, &quot;, &quot;, ActiveAlerts:finAcct:FinServ__PrimaryOwner__r.BillingCity, &quot;, &quot;, ActiveAlerts:finAcct:FinServ__PrimaryOwner__r.BillingState, &quot; &quot;, ActiveAlerts:finAcct:FinServ__PrimaryOwner__r.BillingPostalCode),null)</formulaExpression>
        <formulaResultPath>ActiveAlerts:finAcct:fBillingAddress</formulaResultPath>
        <formulaSequence>4.0</formulaSequence>
        <globalKey>5aa44bbc-de92-453c-80c6-1359ef4cd692</globalKey>
        <inputObjectQuerySequence>0.0</inputObjectQuerySequence>
        <linkedObjectSequence>0.0</linkedObjectSequence>
        <name>getAlertsFromFinancialAccount</name>
        <outputCreationSequence>0.0</outputCreationSequence>
        <outputFieldName>Formula</outputFieldName>
        <outputObjectName>Formula</outputObjectName>
        <requiredForUpsert>false</requiredForUpsert>
        <upsertKey>false</upsertKey>
    </omniDataTransformItem>
    <omniDataTransformItem>
        <disabled>false</disabled>
        <filterGroup>0.0</filterGroup>
        <formulaConverted>| | var:ActiveAlerts:Id ISNOTBLANK | | var:ActiveAlerts:Subject &quot;Fraud&quot; STRINGINDEXOF 1 &gt; true false IF var:null IF</formulaConverted>
        <formulaExpression>IF(ISNOTBLANK(ActiveAlerts:Id), IF(STRINGINDEXOF(ActiveAlerts:Subject, &quot;Fraud&quot;)&gt;1, true, false), null)</formulaExpression>
        <formulaResultPath>ActiveAlerts:fFraudInSubject</formulaResultPath>
        <formulaSequence>3.0</formulaSequence>
        <globalKey>b7cef00d-0322-45f6-aea0-0d08e68c0412</globalKey>
        <inputObjectQuerySequence>0.0</inputObjectQuerySequence>
        <linkedObjectSequence>0.0</linkedObjectSequence>
        <name>getAlertsFromFinancialAccount</name>
        <outputCreationSequence>0.0</outputCreationSequence>
        <outputFieldName>Formula</outputFieldName>
        <outputObjectName>Formula</outputObjectName>
        <requiredForUpsert>false</requiredForUpsert>
        <upsertKey>false</upsertKey>
    </omniDataTransformItem>
    <omniDataTransformItem>
        <disabled>false</disabled>
        <filterGroup>0.0</filterGroup>
        <globalKey>4021235d-607e-4ad0-aeef-7d4cf473a6a6</globalKey>
        <inputFieldName>ActiveAlerts:fFinancialAccountId</inputFieldName>
        <inputObjectQuerySequence>0.0</inputObjectQuerySequence>
        <linkedObjectSequence>0.0</linkedObjectSequence>
        <name>getAlertsFromFinancialAccount</name>
        <outputCreationSequence>1.0</outputCreationSequence>
        <outputFieldName>Alerts:financialAccountId</outputFieldName>
        <outputObjectName>json</outputObjectName>
        <requiredForUpsert>false</requiredForUpsert>
        <upsertKey>false</upsertKey>
    </omniDataTransformItem>
    <omniDataTransformItem>
        <disabled>false</disabled>
        <filterGroup>0.0</filterGroup>
        <globalKey>13e8fa8b-46d4-402a-9bae-6c891f80ef68</globalKey>
        <inputFieldName>ActiveAlerts:finAcct:Alert_Reasons__c</inputFieldName>
        <inputObjectQuerySequence>0.0</inputObjectQuerySequence>
        <linkedObjectSequence>0.0</linkedObjectSequence>
        <name>getAlertsFromFinancialAccount</name>
        <outputCreationSequence>1.0</outputCreationSequence>
        <outputFieldName>Alerts:financialAccountAlertReason</outputFieldName>
        <outputObjectName>json</outputObjectName>
        <requiredForUpsert>false</requiredForUpsert>
        <upsertKey>false</upsertKey>
    </omniDataTransformItem>
    <omniDataTransformItem>
        <disabled>false</disabled>
        <filterGroup>0.0</filterGroup>
        <globalKey>6ba1b37a-33a6-494c-af75-6836ed6c84b6</globalKey>
        <inputFieldName>ActiveAlerts:finAcct:FinServ__PrimaryOwner__r.PersonContactId</inputFieldName>
        <inputObjectQuerySequence>0.0</inputObjectQuerySequence>
        <linkedObjectSequence>0.0</linkedObjectSequence>
        <name>getAlertsFromFinancialAccount</name>
        <outputCreationSequence>1.0</outputCreationSequence>
        <outputFieldName>Alerts:contactId</outputFieldName>
        <outputObjectName>json</outputObjectName>
        <requiredForUpsert>false</requiredForUpsert>
        <upsertKey>false</upsertKey>
    </omniDataTransformItem>
    <omniDataTransformItem>
        <disabled>false</disabled>
        <filterGroup>0.0</filterGroup>
        <globalKey>5b693c40-433f-440e-8693-0de4eb28bcd8</globalKey>
        <inputFieldName>ActiveAlerts:ParentId</inputFieldName>
        <inputObjectQuerySequence>0.0</inputObjectQuerySequence>
        <linkedObjectSequence>0.0</linkedObjectSequence>
        <name>getAlertsFromFinancialAccount</name>
        <outputCreationSequence>1.0</outputCreationSequence>
        <outputFieldName>Alerts:accountId</outputFieldName>
        <outputObjectName>json</outputObjectName>
        <requiredForUpsert>false</requiredForUpsert>
        <upsertKey>false</upsertKey>
    </omniDataTransformItem>
    <omniDataTransformItem>
        <disabled>false</disabled>
        <filterGroup>0.0</filterGroup>
        <globalKey>86368c8b-098e-4380-b01d-f3dd2914e1e8</globalKey>
        <inputFieldName>ActiveAlerts:SourceSystemIdentifier</inputFieldName>
        <inputObjectQuerySequence>0.0</inputObjectQuerySequence>
        <linkedObjectSequence>0.0</linkedObjectSequence>
        <name>getAlertsFromFinancialAccount</name>
        <outputCreationSequence>1.0</outputCreationSequence>
        <outputFieldName>Alerts:ExternalSystemID</outputFieldName>
        <outputObjectName>json</outputObjectName>
        <requiredForUpsert>false</requiredForUpsert>
        <upsertKey>false</upsertKey>
    </omniDataTransformItem>
    <omniDataTransformItem>
        <disabled>false</disabled>
        <filterGroup>0.0</filterGroup>
        <globalKey>006459b5-1c37-4f5c-8143-2e5fa6c8ac32</globalKey>
        <inputFieldName>ActiveAlerts:SnoozeUntilDate</inputFieldName>
        <inputObjectQuerySequence>0.0</inputObjectQuerySequence>
        <linkedObjectSequence>0.0</linkedObjectSequence>
        <name>getAlertsFromFinancialAccount</name>
        <outputCreationSequence>1.0</outputCreationSequence>
        <outputFieldFormat>Date(yyyy-MM-dd)</outputFieldFormat>
        <outputFieldName>Alerts:SnoozedUntil</outputFieldName>
        <outputObjectName>json</outputObjectName>
        <requiredForUpsert>false</requiredForUpsert>
        <upsertKey>false</upsertKey>
    </omniDataTransformItem>
    <omniDataTransformItem>
        <disabled>false</disabled>
        <filterGroup>0.0</filterGroup>
        <globalKey>69a05b0b-9fb1-4cf4-9826-cf267a4f4089</globalKey>
        <inputFieldName>ActiveAlerts:Severity</inputFieldName>
        <inputObjectQuerySequence>0.0</inputObjectQuerySequence>
        <linkedObjectSequence>0.0</linkedObjectSequence>
        <name>getAlertsFromFinancialAccount</name>
        <outputCreationSequence>1.0</outputCreationSequence>
        <outputFieldName>Alerts:Severity</outputFieldName>
        <outputObjectName>json</outputObjectName>
        <requiredForUpsert>false</requiredForUpsert>
        <upsertKey>false</upsertKey>
    </omniDataTransformItem>
    <omniDataTransformItem>
        <disabled>false</disabled>
        <filterGroup>0.0</filterGroup>
        <globalKey>94c2701b-44cb-451f-a4e3-c8065897863d</globalKey>
        <inputFieldName>ActiveAlerts:Id</inputFieldName>
        <inputObjectQuerySequence>0.0</inputObjectQuerySequence>
        <linkedObjectSequence>0.0</linkedObjectSequence>
        <name>getAlertsFromFinancialAccount</name>
        <outputCreationSequence>1.0</outputCreationSequence>
        <outputFieldName>Alerts:AlertId</outputFieldName>
        <outputObjectName>json</outputObjectName>
        <requiredForUpsert>false</requiredForUpsert>
        <upsertKey>false</upsertKey>
    </omniDataTransformItem>
    <omniDataTransformItem>
        <disabled>false</disabled>
        <filterGroup>0.0</filterGroup>
        <filterOperator>=</filterOperator>
        <filterValue>ActiveAlerts:WhatId</filterValue>
        <globalKey>2cd1f99d-f218-4856-993b-959dcb2994b4</globalKey>
        <inputFieldName>Id</inputFieldName>
        <inputObjectName>FinServ__FinancialAccount__c</inputObjectName>
        <inputObjectQuerySequence>2.0</inputObjectQuerySequence>
        <linkedObjectSequence>0.0</linkedObjectSequence>
        <name>getAlertsFromFinancialAccount</name>
        <outputCreationSequence>0.0</outputCreationSequence>
        <outputFieldName>ActiveAlerts:finAcct</outputFieldName>
        <outputObjectName>json</outputObjectName>
        <requiredForUpsert>false</requiredForUpsert>
        <upsertKey>false</upsertKey>
    </omniDataTransformItem>
    <omniDataTransformItem>
        <disabled>false</disabled>
        <filterGroup>0.0</filterGroup>
        <formulaConverted>| var:ActiveAlerts:What.RecordType.SobjectType &apos;FinServ__FinancialAccount__c&apos; = var:ActiveAlerts:WhatId var:null IF</formulaConverted>
        <formulaExpression>IF(ActiveAlerts:What.RecordType.SobjectType=&apos;FinServ__FinancialAccount__c&apos;, ActiveAlerts:WhatId, null)</formulaExpression>
        <formulaResultPath>ActiveAlerts:fFinancialAccountId</formulaResultPath>
        <formulaSequence>2.0</formulaSequence>
        <globalKey>975dfb56-cf93-4282-a673-c2304b4b97cb</globalKey>
        <inputObjectQuerySequence>0.0</inputObjectQuerySequence>
        <linkedObjectSequence>0.0</linkedObjectSequence>
        <name>getAlertsFromFinancialAccount</name>
        <outputCreationSequence>0.0</outputCreationSequence>
        <outputFieldName>Formula</outputFieldName>
        <outputObjectName>Formula</outputObjectName>
        <requiredForUpsert>false</requiredForUpsert>
        <upsertKey>false</upsertKey>
    </omniDataTransformItem>
    <omniDataTransformItem>
        <disabled>false</disabled>
        <filterGroup>0.0</filterGroup>
        <formulaConverted>| | var:ActiveAlerts:Id ISNOTBLANK | &apos;CustomVlocityFunctions&apos; &apos;baseUrl&apos; FUNCTION var:null IF</formulaConverted>
        <formulaExpression>IF(ISNOTBLANK(ActiveAlerts:Id), FUNCTION(&apos;CustomVlocityFunctions&apos;,&apos;baseUrl&apos;), null)</formulaExpression>
        <formulaResultPath>fInstanceURL</formulaResultPath>
        <formulaSequence>1.0</formulaSequence>
        <globalKey>73f28222-e23e-4fd9-a3c5-2b74fd713321</globalKey>
        <inputObjectQuerySequence>0.0</inputObjectQuerySequence>
        <linkedObjectSequence>0.0</linkedObjectSequence>
        <name>getAlertsFromFinancialAccount</name>
        <outputCreationSequence>0.0</outputCreationSequence>
        <outputFieldName>Formula</outputFieldName>
        <outputObjectName>Formula</outputObjectName>
        <requiredForUpsert>false</requiredForUpsert>
        <upsertKey>false</upsertKey>
    </omniDataTransformItem>
    <omniDataTransformItem>
        <disabled>false</disabled>
        <filterGroup>0.0</filterGroup>
        <filterOperator>=</filterOperator>
        <filterValue>financialAccountId</filterValue>
        <globalKey>9fddcc28-83d0-447c-8aea-5613a155df9f</globalKey>
        <inputFieldName>WhatId</inputFieldName>
        <inputObjectName>RecordAlert</inputObjectName>
        <inputObjectQuerySequence>1.0</inputObjectQuerySequence>
        <linkedObjectSequence>0.0</linkedObjectSequence>
        <name>getAlertsFromFinancialAccount</name>
        <outputCreationSequence>0.0</outputCreationSequence>
        <outputFieldName>ActiveAlerts</outputFieldName>
        <outputObjectName>json</outputObjectName>
        <requiredForUpsert>false</requiredForUpsert>
        <upsertKey>false</upsertKey>
    </omniDataTransformItem>
    <omniDataTransformItem>
        <disabled>false</disabled>
        <filterGroup>0.0</filterGroup>
        <globalKey>814fcc06-57e9-479a-a68d-7a6a18484afc</globalKey>
        <inputFieldName>ActiveAlerts:Description</inputFieldName>
        <inputObjectQuerySequence>0.0</inputObjectQuerySequence>
        <linkedObjectSequence>0.0</linkedObjectSequence>
        <name>getAlertsFromFinancialAccount</name>
        <outputCreationSequence>1.0</outputCreationSequence>
        <outputFieldName>Alerts:Description</outputFieldName>
        <outputObjectName>json</outputObjectName>
        <requiredForUpsert>false</requiredForUpsert>
        <upsertKey>false</upsertKey>
    </omniDataTransformItem>
    <omniDataTransformItem>
        <disabled>false</disabled>
        <filterGroup>0.0</filterGroup>
        <globalKey>fcd9a1f5-e505-49f7-95b7-3ae131d8304b</globalKey>
        <inputFieldName>ActiveAlerts:IsActive</inputFieldName>
        <inputObjectQuerySequence>0.0</inputObjectQuerySequence>
        <linkedObjectSequence>0.0</linkedObjectSequence>
        <name>getAlertsFromFinancialAccount</name>
        <outputCreationSequence>1.0</outputCreationSequence>
        <outputFieldName>Alerts:IsActive</outputFieldName>
        <outputObjectName>json</outputObjectName>
        <requiredForUpsert>false</requiredForUpsert>
        <upsertKey>false</upsertKey>
    </omniDataTransformItem>
    <omniDataTransformItem>
        <disabled>false</disabled>
        <filterGroup>0.0</filterGroup>
        <globalKey>78af7ed0-c175-42fb-902f-afe2927656c1</globalKey>
        <inputFieldName>ActiveAlerts:Subject</inputFieldName>
        <inputObjectQuerySequence>0.0</inputObjectQuerySequence>
        <linkedObjectSequence>0.0</linkedObjectSequence>
        <name>getAlertsFromFinancialAccount</name>
        <outputCreationSequence>1.0</outputCreationSequence>
        <outputFieldName>Alerts:Subject</outputFieldName>
        <outputObjectName>json</outputObjectName>
        <requiredForUpsert>false</requiredForUpsert>
        <upsertKey>false</upsertKey>
    </omniDataTransformItem>
    <omniDataTransformItem>
        <disabled>false</disabled>
        <filterGroup>0.0</filterGroup>
        <globalKey>b3460a31-6561-4ae6-85ef-1327cb3a92ab</globalKey>
        <inputFieldName>ActiveAlerts:ValidUntilDate</inputFieldName>
        <inputObjectQuerySequence>0.0</inputObjectQuerySequence>
        <linkedObjectSequence>0.0</linkedObjectSequence>
        <name>getAlertsFromFinancialAccount</name>
        <outputCreationSequence>1.0</outputCreationSequence>
        <outputFieldName>Alerts:ValidUntil</outputFieldName>
        <outputObjectName>json</outputObjectName>
        <requiredForUpsert>false</requiredForUpsert>
        <upsertKey>false</upsertKey>
    </omniDataTransformItem>
    <omniDataTransformItem>
        <disabled>false</disabled>
        <filterGroup>0.0</filterGroup>
        <globalKey>24244197-c978-482d-9285-0ed774a1b2de</globalKey>
        <inputFieldName>ActiveAlerts:finAcct:Alert__c</inputFieldName>
        <inputObjectQuerySequence>0.0</inputObjectQuerySequence>
        <linkedObjectSequence>0.0</linkedObjectSequence>
        <name>getAlertsFromFinancialAccount</name>
        <outputCreationSequence>1.0</outputCreationSequence>
        <outputFieldName>Alerts:financialAccountAlertStatus</outputFieldName>
        <outputObjectName>json</outputObjectName>
        <requiredForUpsert>false</requiredForUpsert>
        <upsertKey>false</upsertKey>
    </omniDataTransformItem>
    <omniDataTransformItem>
        <disabled>false</disabled>
        <filterGroup>0.0</filterGroup>
        <globalKey>cb90fa85-f05d-47b6-8443-95869c68e20c</globalKey>
        <inputFieldName>ActiveAlerts:fFraudInSubject</inputFieldName>
        <inputObjectQuerySequence>0.0</inputObjectQuerySequence>
        <linkedObjectSequence>0.0</linkedObjectSequence>
        <name>getAlertsFromFinancialAccount</name>
        <outputCreationSequence>1.0</outputCreationSequence>
        <outputFieldName>Alerts:fraudInSubject</outputFieldName>
        <outputObjectName>json</outputObjectName>
        <requiredForUpsert>false</requiredForUpsert>
        <upsertKey>false</upsertKey>
    </omniDataTransformItem>
    <omniDataTransformItem>
        <disabled>false</disabled>
        <filterGroup>0.0</filterGroup>
        <globalKey>1856b95e-47f7-407a-b623-88ef1a1754dc</globalKey>
        <inputFieldName>fInstanceURL</inputFieldName>
        <inputObjectQuerySequence>0.0</inputObjectQuerySequence>
        <linkedObjectSequence>0.0</linkedObjectSequence>
        <name>getAlertsFromFinancialAccount</name>
        <outputCreationSequence>1.0</outputCreationSequence>
        <outputFieldName>Alerts:InstanceURL</outputFieldName>
        <outputObjectName>json</outputObjectName>
        <requiredForUpsert>false</requiredForUpsert>
        <upsertKey>false</upsertKey>
    </omniDataTransformItem>
    <omniDataTransformItem>
        <disabled>false</disabled>
        <filterGroup>0.0</filterGroup>
        <globalKey>0a21d663-fd5b-44f2-82d4-a96bf8ee0889</globalKey>
        <inputFieldName>ActiveAlerts:FINS_Retail_ContextJSON__c:trxdescription</inputFieldName>
        <inputObjectQuerySequence>0.0</inputObjectQuerySequence>
        <linkedObjectSequence>0.0</linkedObjectSequence>
        <name>getAlertsFromFinancialAccount</name>
        <outputCreationSequence>1.0</outputCreationSequence>
        <outputFieldName>Alerts:trxdescription</outputFieldName>
        <outputObjectName>json</outputObjectName>
        <requiredForUpsert>false</requiredForUpsert>
        <upsertKey>false</upsertKey>
    </omniDataTransformItem>
    <omniDataTransformItem>
        <disabled>false</disabled>
        <filterGroup>0.0</filterGroup>
        <globalKey>32d647dc-8fce-4157-b017-3d3a07518a30</globalKey>
        <inputFieldName>ActiveAlerts:finAcct:Name</inputFieldName>
        <inputObjectQuerySequence>0.0</inputObjectQuerySequence>
        <linkedObjectSequence>0.0</linkedObjectSequence>
        <name>getAlertsFromFinancialAccount</name>
        <outputCreationSequence>1.0</outputCreationSequence>
        <outputFieldName>Alerts:financialAccountName</outputFieldName>
        <outputObjectName>json</outputObjectName>
        <requiredForUpsert>false</requiredForUpsert>
        <upsertKey>false</upsertKey>
    </omniDataTransformItem>
    <omniDataTransformItem>
        <disabled>false</disabled>
        <filterGroup>0.0</filterGroup>
        <globalKey>c2a6fc70-9dc1-45de-92b6-db39a1a8d998</globalKey>
        <inputFieldName>ActiveAlerts:finAcct:FinServ__FinancialAccountType__c</inputFieldName>
        <inputObjectQuerySequence>0.0</inputObjectQuerySequence>
        <linkedObjectSequence>0.0</linkedObjectSequence>
        <name>getAlertsFromFinancialAccount</name>
        <outputCreationSequence>1.0</outputCreationSequence>
        <outputFieldName>Alerts:financialAccountType</outputFieldName>
        <outputObjectName>json</outputObjectName>
        <requiredForUpsert>false</requiredForUpsert>
        <upsertKey>false</upsertKey>
    </omniDataTransformItem>
    <omniDataTransformItem>
        <disabled>false</disabled>
        <filterGroup>0.0</filterGroup>
        <globalKey>f31c2288-ea60-492d-acfc-f5d41007c970</globalKey>
        <inputFieldName>ActiveAlerts:fBillingAddress</inputFieldName>
        <inputObjectQuerySequence>0.0</inputObjectQuerySequence>
        <linkedObjectSequence>0.0</linkedObjectSequence>
        <name>getAlertsFromFinancialAccount</name>
        <outputCreationSequence>1.0</outputCreationSequence>
        <outputFieldName>Alerts:accountBillingAddress</outputFieldName>
        <outputObjectName>json</outputObjectName>
        <requiredForUpsert>false</requiredForUpsert>
        <upsertKey>false</upsertKey>
    </omniDataTransformItem>
    <omniDataTransformItem>
        <disabled>false</disabled>
        <filterGroup>0.0</filterGroup>
        <globalKey>c16ebdba-28e2-4716-87fa-4f1d6dc3f2c4</globalKey>
        <inputFieldName>ActiveAlerts:finAcct:fBillingAddress</inputFieldName>
        <inputObjectQuerySequence>0.0</inputObjectQuerySequence>
        <linkedObjectSequence>0.0</linkedObjectSequence>
        <name>getAlertsFromFinancialAccount</name>
        <outputCreationSequence>1.0</outputCreationSequence>
        <outputFieldName>Alerts:billingAddress</outputFieldName>
        <outputObjectName>json</outputObjectName>
        <requiredForUpsert>false</requiredForUpsert>
        <upsertKey>false</upsertKey>
    </omniDataTransformItem>
    <omniDataTransformItem>
        <disabled>false</disabled>
        <filterGroup>0.0</filterGroup>
        <globalKey>d9d16a7e-73bf-4589-bbad-41752e54b592</globalKey>
        <inputFieldName>ActiveAlerts:finAcct:FinServ__FinancialAccountNumber__c</inputFieldName>
        <inputObjectQuerySequence>0.0</inputObjectQuerySequence>
        <linkedObjectSequence>0.0</linkedObjectSequence>
        <name>getAlertsFromFinancialAccount</name>
        <outputCreationSequence>1.0</outputCreationSequence>
        <outputFieldName>Alerts:financialAccountNumber</outputFieldName>
        <outputObjectName>json</outputObjectName>
        <requiredForUpsert>false</requiredForUpsert>
        <upsertKey>false</upsertKey>
    </omniDataTransformItem>
    <omniDataTransformItem>
        <disabled>false</disabled>
        <filterGroup>0.0</filterGroup>
        <globalKey>0cb4b0bc-2a73-45ab-8396-02fe58f05290</globalKey>
        <inputFieldName>ActiveAlerts:finAcct:LastStatementDate__c</inputFieldName>
        <inputObjectQuerySequence>0.0</inputObjectQuerySequence>
        <linkedObjectSequence>0.0</linkedObjectSequence>
        <name>getAlertsFromFinancialAccount</name>
        <outputCreationSequence>1.0</outputCreationSequence>
        <outputFieldName>Alerts:lastStatementDate</outputFieldName>
        <outputObjectName>json</outputObjectName>
        <requiredForUpsert>false</requiredForUpsert>
        <upsertKey>false</upsertKey>
    </omniDataTransformItem>
    <outputType>JSON</outputType>
    <previewJsonData>{
  &quot;financialAccountId&quot; : &quot;a4l8X000000QOvRQAW&quot;,
  &quot;UserId&quot; : &quot;0058X00000FfgzWQAR&quot;
}</previewJsonData>
    <processSuperBulk>false</processSuperBulk>
    <responseCacheTtlMinutes>0.0</responseCacheTtlMinutes>
    <rollbackOnError>false</rollbackOnError>
    <sourceObject>json</sourceObject>
    <sourceObjectDefault>false</sourceObjectDefault>
    <synchronousProcessThreshold>0.0</synchronousProcessThreshold>
    <type>Extract</type>
    <uniqueName>getAlertsFromFinancialAccount_1</uniqueName>
    <versionNumber>1.0</versionNumber>
    <xmlDeclarationRemoved>false</xmlDeclarationRemoved>
</OmniDataTransform>
