<?xml version="1.0" encoding="UTF-8"?>
<OmniDataTransform xmlns="http://soap.sforce.com/2006/04/metadata">
    <active>true</active>
    <assignmentRulesUsed>false</assignmentRulesUsed>
    <deletedOnSuccess>false</deletedOnSuccess>
    <errorIgnored>false</errorIgnored>
    <fieldLevelSecurityEnabled>false</fieldLevelSecurityEnabled>
    <inputType>JSON</inputType>
    <name>getContextFromVoiceCall</name>
    <nullInputsIncludedInOutput>false</nullInputsIncludedInOutput>
    <omniDataTransformItem>
        <disabled>false</disabled>
        <filterGroup>0.0</filterGroup>
        <globalKey>ab7cc0b4-f641-4c28-90e6-b4ddb529b838</globalKey>
        <inputFieldName>voiceCall:finAcct:fCompoundAddress</inputFieldName>
        <inputObjectQuerySequence>0.0</inputObjectQuerySequence>
        <linkedObjectSequence>0.0</linkedObjectSequence>
        <name>getContextFromVoiceCall</name>
        <outputCreationSequence>1.0</outputCreationSequence>
        <outputFieldName>billingAddress</outputFieldName>
        <outputObjectName>json</outputObjectName>
        <requiredForUpsert>false</requiredForUpsert>
        <upsertKey>false</upsertKey>
    </omniDataTransformItem>
    <omniDataTransformItem>
        <disabled>false</disabled>
        <filterGroup>0.0</filterGroup>
        <globalKey>be610432-7980-47b5-9e11-fc50515c4df7</globalKey>
        <inputFieldName>voiceCall:finAcct:FinServ__PrimaryOwner__r.Id</inputFieldName>
        <inputObjectQuerySequence>0.0</inputObjectQuerySequence>
        <linkedObjectSequence>0.0</linkedObjectSequence>
        <name>getContextFromVoiceCall</name>
        <outputCreationSequence>1.0</outputCreationSequence>
        <outputFieldName>accountId</outputFieldName>
        <outputObjectName>json</outputObjectName>
        <requiredForUpsert>false</requiredForUpsert>
        <upsertKey>false</upsertKey>
    </omniDataTransformItem>
    <omniDataTransformItem>
        <disabled>false</disabled>
        <filterGroup>0.0</filterGroup>
        <formulaConverted>| | var:voiceCall:finAcct:FinServ__PrimaryOwner__r.BillingPostalCode ISNOTBLANK | | var:voiceCall:finAcct:CompoundAddress ISNOTBLANK var:voiceCall:finAcct:CompoundAddress &quot;,/\/\/&quot; + var:voiceCall:finAcct:FinServ__PrimaryOwner__r.BillingPostalCode + var:voiceCall:finAcct:FinServ__PrimaryOwner__r.BillingPostalCode IF | | var:voiceCall:finAcct:CompoundAddress ISNOTBLANK var:voiceCall:finAcct:CompoundAddress var:null IF IF</formulaConverted>
        <formulaExpression>IF(ISNOTBLANK(voiceCall:finAcct:FinServ__PrimaryOwner__r.BillingPostalCode), IF(ISNOTBLANK(voiceCall:finAcct:CompoundAddress), voiceCall:finAcct:CompoundAddress + &quot;, &quot; + voiceCall:finAcct:FinServ__PrimaryOwner__r.BillingPostalCode, voiceCall:finAcct:FinServ__PrimaryOwner__r.BillingPostalCode), IF(ISNOTBLANK(voiceCall:finAcct:CompoundAddress), voiceCall:finAcct:CompoundAddress,null))</formulaExpression>
        <formulaResultPath>voiceCall:finAcct:fCompoundAddress</formulaResultPath>
        <formulaSequence>4.0</formulaSequence>
        <globalKey>b4725478-0907-4734-a1a5-ce5902964432</globalKey>
        <inputObjectQuerySequence>0.0</inputObjectQuerySequence>
        <linkedObjectSequence>0.0</linkedObjectSequence>
        <name>getContextFromVoiceCall</name>
        <outputCreationSequence>0.0</outputCreationSequence>
        <outputFieldName>Formula</outputFieldName>
        <outputObjectName>Formula</outputObjectName>
        <requiredForUpsert>false</requiredForUpsert>
        <upsertKey>false</upsertKey>
    </omniDataTransformItem>
    <omniDataTransformItem>
        <disabled>false</disabled>
        <filterGroup>0.0</filterGroup>
        <globalKey>98c81080-e1e4-4d98-86e5-4bf13af42e79</globalKey>
        <inputFieldName>voiceCall:finAcct:FinServ__FinancialAccountNumber__c</inputFieldName>
        <inputObjectQuerySequence>0.0</inputObjectQuerySequence>
        <linkedObjectSequence>0.0</linkedObjectSequence>
        <name>getContextFromVoiceCall</name>
        <outputCreationSequence>1.0</outputCreationSequence>
        <outputFieldName>financialAccountNumber</outputFieldName>
        <outputObjectName>json</outputObjectName>
        <requiredForUpsert>false</requiredForUpsert>
        <upsertKey>false</upsertKey>
    </omniDataTransformItem>
    <omniDataTransformItem>
        <disabled>false</disabled>
        <filterGroup>0.0</filterGroup>
        <globalKey>7ca72f8a-4df5-4d19-9b0b-a398264bd3e9</globalKey>
        <inputFieldName>voiceCall:finAcct:Name</inputFieldName>
        <inputObjectQuerySequence>0.0</inputObjectQuerySequence>
        <linkedObjectSequence>0.0</linkedObjectSequence>
        <name>getContextFromVoiceCall</name>
        <outputCreationSequence>1.0</outputCreationSequence>
        <outputFieldName>financialAccountName</outputFieldName>
        <outputObjectName>json</outputObjectName>
        <requiredForUpsert>false</requiredForUpsert>
        <upsertKey>false</upsertKey>
    </omniDataTransformItem>
    <omniDataTransformItem>
        <disabled>false</disabled>
        <filterGroup>0.0</filterGroup>
        <globalKey>a6f04533-0af9-4f44-970a-cfdef5ceb515</globalKey>
        <inputFieldName>voiceCall:finAcct:Id</inputFieldName>
        <inputObjectQuerySequence>0.0</inputObjectQuerySequence>
        <linkedObjectSequence>0.0</linkedObjectSequence>
        <name>getContextFromVoiceCall</name>
        <outputCreationSequence>1.0</outputCreationSequence>
        <outputFieldName>financialAccountId</outputFieldName>
        <outputObjectName>json</outputObjectName>
        <requiredForUpsert>false</requiredForUpsert>
        <upsertKey>false</upsertKey>
    </omniDataTransformItem>
    <omniDataTransformItem>
        <disabled>false</disabled>
        <filterGroup>0.0</filterGroup>
        <globalKey>88c3be6d-b6b4-40fa-b46d-ff0acb128aa3</globalKey>
        <inputFieldName>voiceCall:finAcct:FinServ__PrimaryOwner__r.PersonContactId</inputFieldName>
        <inputObjectQuerySequence>0.0</inputObjectQuerySequence>
        <linkedObjectSequence>0.0</linkedObjectSequence>
        <name>getContextFromVoiceCall</name>
        <outputCreationSequence>1.0</outputCreationSequence>
        <outputFieldName>contactId</outputFieldName>
        <outputObjectName>json</outputObjectName>
        <requiredForUpsert>false</requiredForUpsert>
        <upsertKey>false</upsertKey>
    </omniDataTransformItem>
    <omniDataTransformItem>
        <disabled>false</disabled>
        <filterGroup>0.0</filterGroup>
        <formulaConverted>| | var:voiceCall:finAcct:FinServ__PrimaryOwner__r.BillingState ISNOTBLANK | | var:voiceCall:finAcct:CompoundAddress ISNOTBLANK var:voiceCall:finAcct:CompoundAddress &quot;,/\/\/&quot; + var:voiceCall:finAcct:FinServ__PrimaryOwner__r.BillingState + var:voiceCall:finAcct:FinServ__PrimaryOwner__r.BillingState IF | | var:voiceCall:finAcct:CompoundAddress ISNOTBLANK var:voiceCall:finAcct:CompoundAddress var:null IF IF</formulaConverted>
        <formulaExpression>IF(ISNOTBLANK(voiceCall:finAcct:FinServ__PrimaryOwner__r.BillingState), IF(ISNOTBLANK(voiceCall:finAcct:CompoundAddress), voiceCall:finAcct:CompoundAddress + &quot;, &quot; + voiceCall:finAcct:FinServ__PrimaryOwner__r.BillingState, voiceCall:finAcct:FinServ__PrimaryOwner__r.BillingState), IF(ISNOTBLANK(voiceCall:finAcct:CompoundAddress), voiceCall:finAcct:CompoundAddress,null))</formulaExpression>
        <formulaResultPath>voiceCall:finAcct:CompoundAddress</formulaResultPath>
        <formulaSequence>3.0</formulaSequence>
        <globalKey>c73ffd8e-d7f9-4d68-b3a0-9a49c2735393</globalKey>
        <inputObjectQuerySequence>0.0</inputObjectQuerySequence>
        <linkedObjectSequence>0.0</linkedObjectSequence>
        <name>getContextFromVoiceCall</name>
        <outputCreationSequence>0.0</outputCreationSequence>
        <outputFieldName>Formula</outputFieldName>
        <outputObjectName>Formula</outputObjectName>
        <requiredForUpsert>false</requiredForUpsert>
        <upsertKey>false</upsertKey>
    </omniDataTransformItem>
    <omniDataTransformItem>
        <disabled>false</disabled>
        <filterGroup>0.0</filterGroup>
        <globalKey>2740c0ee-1922-423e-9f7e-c689a749835a</globalKey>
        <inputFieldName>voiceCall:finAcct:FinServ__PrimaryOwner__r.billingCity</inputFieldName>
        <inputObjectQuerySequence>0.0</inputObjectQuerySequence>
        <linkedObjectSequence>0.0</linkedObjectSequence>
        <name>getContextFromVoiceCall</name>
        <outputCreationSequence>1.0</outputCreationSequence>
        <outputFieldName>billingCity</outputFieldName>
        <outputObjectName>json</outputObjectName>
        <requiredForUpsert>false</requiredForUpsert>
        <upsertKey>false</upsertKey>
    </omniDataTransformItem>
    <omniDataTransformItem>
        <disabled>false</disabled>
        <filterGroup>0.0</filterGroup>
        <globalKey>aac3d321-969f-4862-97f1-3f4b76c78548</globalKey>
        <inputFieldName>voiceCall:finAcct:LastStatementDate__c</inputFieldName>
        <inputObjectQuerySequence>0.0</inputObjectQuerySequence>
        <linkedObjectSequence>0.0</linkedObjectSequence>
        <name>getContextFromVoiceCall</name>
        <outputCreationSequence>1.0</outputCreationSequence>
        <outputFieldName>lastStatementDate</outputFieldName>
        <outputObjectName>json</outputObjectName>
        <requiredForUpsert>false</requiredForUpsert>
        <upsertKey>false</upsertKey>
    </omniDataTransformItem>
    <omniDataTransformItem>
        <disabled>false</disabled>
        <filterGroup>0.0</filterGroup>
        <globalKey>f6f4443f-15b8-4a48-9c24-f365575a5fe7</globalKey>
        <inputFieldName>voiceCall:finAcct:FinServ__FinancialAccountType__c</inputFieldName>
        <inputObjectQuerySequence>0.0</inputObjectQuerySequence>
        <linkedObjectSequence>0.0</linkedObjectSequence>
        <name>getContextFromVoiceCall</name>
        <outputCreationSequence>1.0</outputCreationSequence>
        <outputFieldName>financialAccountType</outputFieldName>
        <outputObjectName>json</outputObjectName>
        <requiredForUpsert>false</requiredForUpsert>
        <upsertKey>false</upsertKey>
    </omniDataTransformItem>
    <omniDataTransformItem>
        <disabled>false</disabled>
        <filterGroup>0.0</filterGroup>
        <filterOperator>=</filterOperator>
        <filterValue>voiceCall:RelatedRecordId</filterValue>
        <globalKey>26f31a0b-6a99-41fe-b874-d2a2b2c46e33</globalKey>
        <inputFieldName>Id</inputFieldName>
        <inputObjectName>Account</inputObjectName>
        <inputObjectQuerySequence>2.0</inputObjectQuerySequence>
        <linkedObjectSequence>0.0</linkedObjectSequence>
        <name>getContextFromVoiceCall</name>
        <outputCreationSequence>0.0</outputCreationSequence>
        <outputFieldName>personAccount</outputFieldName>
        <outputObjectName>json</outputObjectName>
        <requiredForUpsert>false</requiredForUpsert>
        <upsertKey>false</upsertKey>
    </omniDataTransformItem>
    <omniDataTransformItem>
        <disabled>false</disabled>
        <filterGroup>0.0</filterGroup>
        <filterOperator>=</filterOperator>
        <filterValue>voiceCallId</filterValue>
        <globalKey>fece408d-2757-4866-a503-1d90a01fe124</globalKey>
        <inputFieldName>Id</inputFieldName>
        <inputObjectName>VoiceCall</inputObjectName>
        <inputObjectQuerySequence>1.0</inputObjectQuerySequence>
        <linkedObjectSequence>0.0</linkedObjectSequence>
        <name>getContextFromVoiceCall</name>
        <outputCreationSequence>0.0</outputCreationSequence>
        <outputFieldName>voiceCall</outputFieldName>
        <outputObjectName>json</outputObjectName>
        <requiredForUpsert>false</requiredForUpsert>
        <upsertKey>false</upsertKey>
    </omniDataTransformItem>
    <omniDataTransformItem>
        <disabled>false</disabled>
        <filterGroup>1.0</filterGroup>
        <filterOperator>=</filterOperator>
        <filterValue>personAccount:Id</filterValue>
        <globalKey>c5091539-2727-4e7b-b3e3-9c2a3da789d7</globalKey>
        <inputFieldName>FinServ__PrimaryOwner__c</inputFieldName>
        <inputObjectName>FinServ__FinancialAccount__c</inputObjectName>
        <inputObjectQuerySequence>3.0</inputObjectQuerySequence>
        <linkedObjectSequence>0.0</linkedObjectSequence>
        <name>getContextFromVoiceCall</name>
        <outputCreationSequence>0.0</outputCreationSequence>
        <outputFieldName>voiceCall:finAcct</outputFieldName>
        <outputObjectName>json</outputObjectName>
        <requiredForUpsert>false</requiredForUpsert>
        <upsertKey>false</upsertKey>
    </omniDataTransformItem>
    <omniDataTransformItem>
        <disabled>false</disabled>
        <filterGroup>0.0</filterGroup>
        <formulaConverted>| | var:voiceCall:finAcct:FinServ__PrimaryOwner__r.BillingCity ISNOTBLANK | | var:voiceCall:finAcct:CompoundAddress ISNOTBLANK var:voiceCall:finAcct:CompoundAddress &quot;,/\/\/&quot; + var:voiceCall:finAcct:FinServ__PrimaryOwner__r.BillingCity + var:voiceCall:finAcct:FinServ__PrimaryOwner__r.BillingCity IF | | var:voiceCall:finAcct:CompoundAddress ISNOTBLANK var:voiceCall:finAcct:CompoundAddress var:null IF IF</formulaConverted>
        <formulaExpression>IF(ISNOTBLANK(voiceCall:finAcct:FinServ__PrimaryOwner__r.BillingCity), IF(ISNOTBLANK(voiceCall:finAcct:CompoundAddress), voiceCall:finAcct:CompoundAddress + &quot;, &quot; + voiceCall:finAcct:FinServ__PrimaryOwner__r.BillingCity, voiceCall:finAcct:FinServ__PrimaryOwner__r.BillingCity), IF(ISNOTBLANK(voiceCall:finAcct:CompoundAddress), voiceCall:finAcct:CompoundAddress,null))</formulaExpression>
        <formulaResultPath>voiceCall:finAcct:CompoundAddress</formulaResultPath>
        <formulaSequence>2.0</formulaSequence>
        <globalKey>2aeb7df8-a496-487f-8f1f-e59e36e45a2d</globalKey>
        <inputObjectQuerySequence>0.0</inputObjectQuerySequence>
        <linkedObjectSequence>0.0</linkedObjectSequence>
        <name>getContextFromVoiceCall</name>
        <outputCreationSequence>0.0</outputCreationSequence>
        <outputFieldName>Formula</outputFieldName>
        <outputObjectName>Formula</outputObjectName>
        <requiredForUpsert>false</requiredForUpsert>
        <upsertKey>false</upsertKey>
    </omniDataTransformItem>
    <omniDataTransformItem>
        <disabled>false</disabled>
        <filterGroup>0.0</filterGroup>
        <formulaConverted>var:voiceCall:finAcct:FinServ__PrimaryOwner__r.BillingStreet</formulaConverted>
        <formulaExpression>voiceCall:finAcct:FinServ__PrimaryOwner__r.BillingStreet</formulaExpression>
        <formulaResultPath>voiceCall:finAcct:CompoundAddress</formulaResultPath>
        <formulaSequence>1.0</formulaSequence>
        <globalKey>37f23a53-f13f-48aa-9307-37abdff044c4</globalKey>
        <inputObjectQuerySequence>0.0</inputObjectQuerySequence>
        <linkedObjectSequence>0.0</linkedObjectSequence>
        <name>getContextFromVoiceCall</name>
        <outputCreationSequence>0.0</outputCreationSequence>
        <outputFieldName>Formula</outputFieldName>
        <outputObjectName>Formula</outputObjectName>
        <requiredForUpsert>false</requiredForUpsert>
        <upsertKey>false</upsertKey>
    </omniDataTransformItem>
    <omniDataTransformItem>
        <disabled>false</disabled>
        <filterGroup>1.0</filterGroup>
        <filterOperator>=</filterOperator>
        <filterValue>&apos;Julie Morris Debit Card&apos;</filterValue>
        <globalKey>706d5e30-f7d6-4afe-93d6-5680ee6ab282</globalKey>
        <inputFieldName>Name</inputFieldName>
        <inputObjectName>FinServ__FinancialAccount__c</inputObjectName>
        <inputObjectQuerySequence>3.0</inputObjectQuerySequence>
        <linkedObjectSequence>0.0</linkedObjectSequence>
        <name>getContextFromVoiceCall</name>
        <outputCreationSequence>0.0</outputCreationSequence>
        <outputFieldName>voiceCall:finAcct</outputFieldName>
        <outputObjectName>json</outputObjectName>
        <requiredForUpsert>false</requiredForUpsert>
        <upsertKey>false</upsertKey>
    </omniDataTransformItem>
    <omniDataTransformItem>
        <disabled>false</disabled>
        <filterGroup>1.0</filterGroup>
        <filterOperator>=</filterOperator>
        <filterValue>voiceCall:RelatedRecordId</filterValue>
        <globalKey>ed14c69c-6aca-4bd1-8129-b72674574bc1</globalKey>
        <inputFieldName>PersonContactId</inputFieldName>
        <inputObjectName>Account</inputObjectName>
        <inputObjectQuerySequence>2.0</inputObjectQuerySequence>
        <linkedObjectSequence>0.0</linkedObjectSequence>
        <name>getContextFromVoiceCall</name>
        <outputCreationSequence>0.0</outputCreationSequence>
        <outputFieldName>personAccount</outputFieldName>
        <outputObjectName>json</outputObjectName>
        <requiredForUpsert>false</requiredForUpsert>
        <upsertKey>false</upsertKey>
    </omniDataTransformItem>
    <omniDataTransformItem>
        <defaultValue>init</defaultValue>
        <disabled>false</disabled>
        <filterGroup>0.0</filterGroup>
        <globalKey>4233e1c6-f43d-4fd9-b72f-34892ce989e9</globalKey>
        <inputObjectQuerySequence>0.0</inputObjectQuerySequence>
        <linkedObjectSequence>0.0</linkedObjectSequence>
        <name>getContextFromVoiceCall</name>
        <outputCreationSequence>1.0</outputCreationSequence>
        <outputFieldName>showSummary</outputFieldName>
        <outputObjectName>json</outputObjectName>
        <requiredForUpsert>false</requiredForUpsert>
        <upsertKey>false</upsertKey>
    </omniDataTransformItem>
    <outputType>JSON</outputType>
    <previewJsonData>{
  &quot;voiceCallId&quot; : &quot;0LQB0000003JVovOAG&quot;
}</previewJsonData>
    <processSuperBulk>false</processSuperBulk>
    <responseCacheTtlMinutes>0.0</responseCacheTtlMinutes>
    <rollbackOnError>false</rollbackOnError>
    <sourceObject>json</sourceObject>
    <sourceObjectDefault>false</sourceObjectDefault>
    <synchronousProcessThreshold>0.0</synchronousProcessThreshold>
    <type>Extract</type>
    <uniqueName>getContextFromVoiceCall_1</uniqueName>
    <versionNumber>1.0</versionNumber>
    <xmlDeclarationRemoved>false</xmlDeclarationRemoved>
</OmniDataTransform>
