<?xml version="1.0" encoding="UTF-8"?>
<OmniDataTransform xmlns="http://soap.sforce.com/2006/04/metadata">
    <active>true</active>
    <assignmentRulesUsed>false</assignmentRulesUsed>
    <deletedOnSuccess>false</deletedOnSuccess>
    <errorIgnored>false</errorIgnored>
    <fieldLevelSecurityEnabled>false</fieldLevelSecurityEnabled>
    <inputType>JSON</inputType>
    <name>getContextFromRecordAlert</name>
    <nullInputsIncludedInOutput>false</nullInputsIncludedInOutput>
    <omniDataTransformItem>
        <disabled>false</disabled>
        <filterGroup>0.0</filterGroup>
        <formulaConverted>var:finAcct:FinServ__PrimaryOwner__r.BillingStreet</formulaConverted>
        <formulaExpression>finAcct:FinServ__PrimaryOwner__r.BillingStreet</formulaExpression>
        <formulaResultPath>finAcct:CompoundAddress</formulaResultPath>
        <formulaSequence>1.0</formulaSequence>
        <globalKey>getContextFromRecordAlertCustom0jI4V000000TPLlUAOItem4</globalKey>
        <inputObjectQuerySequence>0.0</inputObjectQuerySequence>
        <linkedObjectSequence>0.0</linkedObjectSequence>
        <name>getContextFromRecordAlert</name>
        <outputCreationSequence>0.0</outputCreationSequence>
        <outputFieldName>Formula</outputFieldName>
        <outputObjectName>Formula</outputObjectName>
        <requiredForUpsert>false</requiredForUpsert>
        <upsertKey>false</upsertKey>
    </omniDataTransformItem>
    <omniDataTransformItem>
        <disabled>false</disabled>
        <filterGroup>1.0</filterGroup>
        <filterOperator>=</filterOperator>
        <filterValue>&apos;fa.009&apos;</filterValue>
        <globalKey>getContextFromRecordAlertCustom0jI4V000000TPLlUAOItem6</globalKey>
        <inputFieldName>External_ID__c</inputFieldName>
        <inputObjectName>FinServ__FinancialAccount__c</inputObjectName>
        <inputObjectQuerySequence>1.0</inputObjectQuerySequence>
        <linkedObjectSequence>0.0</linkedObjectSequence>
        <name>getContextFromRecordAlert</name>
        <outputCreationSequence>0.0</outputCreationSequence>
        <outputFieldName>finAcct</outputFieldName>
        <outputObjectName>json</outputObjectName>
        <requiredForUpsert>false</requiredForUpsert>
        <upsertKey>false</upsertKey>
    </omniDataTransformItem>
    <omniDataTransformItem>
        <disabled>false</disabled>
        <filterGroup>0.0</filterGroup>
        <globalKey>getContextFromRecordAlertCustom0jI4V000000TPLlUAOItem9</globalKey>
        <inputFieldName>finAcct:Name</inputFieldName>
        <inputObjectQuerySequence>0.0</inputObjectQuerySequence>
        <linkedObjectSequence>0.0</linkedObjectSequence>
        <name>getContextFromRecordAlert</name>
        <outputCreationSequence>1.0</outputCreationSequence>
        <outputFieldName>financialAccountName</outputFieldName>
        <outputObjectName>json</outputObjectName>
        <requiredForUpsert>false</requiredForUpsert>
        <upsertKey>false</upsertKey>
    </omniDataTransformItem>
    <omniDataTransformItem>
        <disabled>false</disabled>
        <filterGroup>0.0</filterGroup>
        <globalKey>getContextFromRecordAlertCustom0jI4V000000TPLlUAOItem11</globalKey>
        <inputFieldName>finAcct:fCompoundAddress</inputFieldName>
        <inputObjectQuerySequence>0.0</inputObjectQuerySequence>
        <linkedObjectSequence>0.0</linkedObjectSequence>
        <name>getContextFromRecordAlert</name>
        <outputCreationSequence>1.0</outputCreationSequence>
        <outputFieldName>billingAddress</outputFieldName>
        <outputObjectName>json</outputObjectName>
        <requiredForUpsert>false</requiredForUpsert>
        <upsertKey>false</upsertKey>
    </omniDataTransformItem>
    <omniDataTransformItem>
        <disabled>false</disabled>
        <filterGroup>0.0</filterGroup>
        <globalKey>getContextFromRecordAlertCustom0jI4V000000TPLlUAOItem10</globalKey>
        <inputFieldName>finAcct:FinServ__PrimaryOwner__r.Id</inputFieldName>
        <inputObjectQuerySequence>0.0</inputObjectQuerySequence>
        <linkedObjectSequence>0.0</linkedObjectSequence>
        <name>getContextFromRecordAlert</name>
        <outputCreationSequence>1.0</outputCreationSequence>
        <outputFieldName>accountId</outputFieldName>
        <outputObjectName>json</outputObjectName>
        <requiredForUpsert>false</requiredForUpsert>
        <upsertKey>false</upsertKey>
    </omniDataTransformItem>
    <omniDataTransformItem>
        <disabled>false</disabled>
        <filterGroup>0.0</filterGroup>
        <globalKey>getContextFromRecordAlertCustom0jI4V000000TPLlUAOItem13</globalKey>
        <inputFieldName>finAcct:FinServ__PrimaryOwner__r.PersonContactId</inputFieldName>
        <inputObjectQuerySequence>0.0</inputObjectQuerySequence>
        <linkedObjectSequence>0.0</linkedObjectSequence>
        <name>getContextFromRecordAlert</name>
        <outputCreationSequence>1.0</outputCreationSequence>
        <outputFieldName>contactId</outputFieldName>
        <outputObjectName>json</outputObjectName>
        <requiredForUpsert>false</requiredForUpsert>
        <upsertKey>false</upsertKey>
    </omniDataTransformItem>
    <omniDataTransformItem>
        <disabled>false</disabled>
        <filterGroup>0.0</filterGroup>
        <globalKey>getContextFromRecordAlertCustom0jI4V000000TPLlUAOItem12</globalKey>
        <inputFieldName>finAcct:FinServ__PrimaryOwner__r.billingCity</inputFieldName>
        <inputObjectQuerySequence>0.0</inputObjectQuerySequence>
        <linkedObjectSequence>0.0</linkedObjectSequence>
        <name>getContextFromRecordAlert</name>
        <outputCreationSequence>1.0</outputCreationSequence>
        <outputFieldName>billingCity</outputFieldName>
        <outputObjectName>json</outputObjectName>
        <requiredForUpsert>false</requiredForUpsert>
        <upsertKey>false</upsertKey>
    </omniDataTransformItem>
    <omniDataTransformItem>
        <disabled>false</disabled>
        <filterGroup>0.0</filterGroup>
        <globalKey>getContextFromRecordAlertCustom0jI4V000000TPLlUAOItem15</globalKey>
        <inputFieldName>finAcct:FinServ__FinancialAccountNumber__c</inputFieldName>
        <inputObjectQuerySequence>0.0</inputObjectQuerySequence>
        <linkedObjectSequence>0.0</linkedObjectSequence>
        <name>getContextFromRecordAlert</name>
        <outputCreationSequence>1.0</outputCreationSequence>
        <outputFieldName>financialAccountNumber</outputFieldName>
        <outputObjectName>json</outputObjectName>
        <requiredForUpsert>false</requiredForUpsert>
        <upsertKey>false</upsertKey>
    </omniDataTransformItem>
    <omniDataTransformItem>
        <disabled>false</disabled>
        <filterGroup>0.0</filterGroup>
        <globalKey>getContextFromRecordAlertCustom0jI4V000000TPLlUAOItem14</globalKey>
        <inputFieldName>finAcct:Id</inputFieldName>
        <inputObjectQuerySequence>0.0</inputObjectQuerySequence>
        <linkedObjectSequence>0.0</linkedObjectSequence>
        <name>getContextFromRecordAlert</name>
        <outputCreationSequence>1.0</outputCreationSequence>
        <outputFieldName>financialAccountId</outputFieldName>
        <outputObjectName>json</outputObjectName>
        <requiredForUpsert>false</requiredForUpsert>
        <upsertKey>false</upsertKey>
    </omniDataTransformItem>
    <omniDataTransformItem>
        <disabled>false</disabled>
        <filterGroup>0.0</filterGroup>
        <globalKey>getContextFromRecordAlertCustom0jI4V000000TPLlUAOItem17</globalKey>
        <inputFieldName>finAcct:LastStatementDate__c</inputFieldName>
        <inputObjectQuerySequence>0.0</inputObjectQuerySequence>
        <linkedObjectSequence>0.0</linkedObjectSequence>
        <name>getContextFromRecordAlert</name>
        <outputCreationSequence>1.0</outputCreationSequence>
        <outputFieldName>lastStatementDate</outputFieldName>
        <outputObjectName>json</outputObjectName>
        <requiredForUpsert>false</requiredForUpsert>
        <upsertKey>false</upsertKey>
    </omniDataTransformItem>
    <omniDataTransformItem>
        <disabled>false</disabled>
        <filterGroup>0.0</filterGroup>
        <globalKey>getContextFromRecordAlertCustom0jI4V000000TPLlUAOItem16</globalKey>
        <inputFieldName>finAcct:FinServ__FinancialAccountType__c</inputFieldName>
        <inputObjectQuerySequence>0.0</inputObjectQuerySequence>
        <linkedObjectSequence>0.0</linkedObjectSequence>
        <name>getContextFromRecordAlert</name>
        <outputCreationSequence>1.0</outputCreationSequence>
        <outputFieldName>financialAccountType</outputFieldName>
        <outputObjectName>json</outputObjectName>
        <requiredForUpsert>false</requiredForUpsert>
        <upsertKey>false</upsertKey>
    </omniDataTransformItem>
    <omniDataTransformItem>
        <defaultValue>init</defaultValue>
        <disabled>false</disabled>
        <filterGroup>0.0</filterGroup>
        <globalKey>getContextFromRecordAlertCustom0jI4V000000TPLlUAOItem18</globalKey>
        <inputObjectQuerySequence>0.0</inputObjectQuerySequence>
        <linkedObjectSequence>0.0</linkedObjectSequence>
        <name>getContextFromRecordAlert</name>
        <outputCreationSequence>1.0</outputCreationSequence>
        <outputFieldName>showSummary</outputFieldName>
        <outputObjectName>json</outputObjectName>
        <requiredForUpsert>false</requiredForUpsert>
        <upsertKey>false</upsertKey>
    </omniDataTransformItem>
    <omniDataTransformItem>
        <disabled>false</disabled>
        <filterGroup>0.0</filterGroup>
        <globalKey>getContextFromRecordAlertCustom9158</globalKey>
        <inputFieldName>personAccount:Name</inputFieldName>
        <inputObjectQuerySequence>0.0</inputObjectQuerySequence>
        <linkedObjectSequence>0.0</linkedObjectSequence>
        <name>getContextFromRecordAlert</name>
        <outputCreationSequence>1.0</outputCreationSequence>
        <outputFieldName>AccountName</outputFieldName>
        <outputObjectName>json</outputObjectName>
        <requiredForUpsert>false</requiredForUpsert>
        <upsertKey>false</upsertKey>
    </omniDataTransformItem>
    <omniDataTransformItem>
        <disabled>false</disabled>
        <filterGroup>0.0</filterGroup>
        <formulaConverted>| | var:finAcct:FinServ__PrimaryOwner__r.BillingPostalCode ISNOTBLANK | | var:finAcct:CompoundAddress ISNOTBLANK var:finAcct:CompoundAddress &quot;,/\/\/&quot; + var:finAcct:FinServ__PrimaryOwner__r.BillingPostalCode + var:finAcct:FinServ__PrimaryOwner__r.BillingPostalCode IF | | var:finAcct:CompoundAddress ISNOTBLANK var:finAcct:CompoundAddress var:null IF IF</formulaConverted>
        <formulaExpression>IF(ISNOTBLANK(finAcct:FinServ__PrimaryOwner__r.BillingPostalCode), IF(ISNOTBLANK(finAcct:CompoundAddress), finAcct:CompoundAddress + &quot;, &quot; + finAcct:FinServ__PrimaryOwner__r.BillingPostalCode, finAcct:FinServ__PrimaryOwner__r.BillingPostalCode), IF(ISNOTBLANK(finAcct:CompoundAddress), finAcct:CompoundAddress,null))</formulaExpression>
        <formulaResultPath>finAcct:fCompoundAddress</formulaResultPath>
        <formulaSequence>4.0</formulaSequence>
        <globalKey>getContextFromRecordAlertCustom0jI4V000000TPLlUAOItem1</globalKey>
        <inputObjectQuerySequence>0.0</inputObjectQuerySequence>
        <linkedObjectSequence>0.0</linkedObjectSequence>
        <name>getContextFromRecordAlert</name>
        <outputCreationSequence>0.0</outputCreationSequence>
        <outputFieldName>Formula</outputFieldName>
        <outputObjectName>Formula</outputObjectName>
        <requiredForUpsert>false</requiredForUpsert>
        <upsertKey>false</upsertKey>
    </omniDataTransformItem>
    <omniDataTransformItem>
        <disabled>false</disabled>
        <filterGroup>0.0</filterGroup>
        <formulaConverted>| | var:finAcct:FinServ__PrimaryOwner__r.BillingCity ISNOTBLANK | | var:finAcct:CompoundAddress ISNOTBLANK var:finAcct:CompoundAddress &quot;,/\/\/&quot; + var:finAcct:FinServ__PrimaryOwner__r.BillingCity + var:finAcct:FinServ__PrimaryOwner__r.BillingCity IF | | var:finAcct:CompoundAddress ISNOTBLANK var:finAcct:CompoundAddress var:null IF IF</formulaConverted>
        <formulaExpression>IF(ISNOTBLANK(finAcct:FinServ__PrimaryOwner__r.BillingCity), IF(ISNOTBLANK(finAcct:CompoundAddress), finAcct:CompoundAddress + &quot;, &quot; + finAcct:FinServ__PrimaryOwner__r.BillingCity, finAcct:FinServ__PrimaryOwner__r.BillingCity), IF(ISNOTBLANK(finAcct:CompoundAddress), finAcct:CompoundAddress,null))</formulaExpression>
        <formulaResultPath>finAcct:CompoundAddress</formulaResultPath>
        <formulaSequence>2.0</formulaSequence>
        <globalKey>getContextFromRecordAlertCustom0jI4V000000TPLlUAOItem3</globalKey>
        <inputObjectQuerySequence>0.0</inputObjectQuerySequence>
        <linkedObjectSequence>0.0</linkedObjectSequence>
        <name>getContextFromRecordAlert</name>
        <outputCreationSequence>0.0</outputCreationSequence>
        <outputFieldName>Formula</outputFieldName>
        <outputObjectName>Formula</outputObjectName>
        <requiredForUpsert>false</requiredForUpsert>
        <upsertKey>false</upsertKey>
    </omniDataTransformItem>
    <omniDataTransformItem>
        <disabled>false</disabled>
        <filterGroup>0.0</filterGroup>
        <formulaConverted>| | var:finAcct:FinServ__PrimaryOwner__r.BillingState ISNOTBLANK | | var:finAcct:CompoundAddress ISNOTBLANK var:finAcct:CompoundAddress &quot;,/\/\/&quot; + var:finAcct:FinServ__PrimaryOwner__r.BillingState + var:finAcct:FinServ__PrimaryOwner__r.BillingState IF | | var:finAcct:CompoundAddress ISNOTBLANK var:finAcct:CompoundAddress var:null IF IF</formulaConverted>
        <formulaExpression>IF(ISNOTBLANK(finAcct:FinServ__PrimaryOwner__r.BillingState), IF(ISNOTBLANK(finAcct:CompoundAddress), finAcct:CompoundAddress + &quot;, &quot; + finAcct:FinServ__PrimaryOwner__r.BillingState, finAcct:FinServ__PrimaryOwner__r.BillingState), IF(ISNOTBLANK(finAcct:CompoundAddress), finAcct:CompoundAddress,null))</formulaExpression>
        <formulaResultPath>finAcct:CompoundAddress</formulaResultPath>
        <formulaSequence>3.0</formulaSequence>
        <globalKey>getContextFromRecordAlertCustom0jI4V000000TPLlUAOItem2</globalKey>
        <inputObjectQuerySequence>0.0</inputObjectQuerySequence>
        <linkedObjectSequence>0.0</linkedObjectSequence>
        <name>getContextFromRecordAlert</name>
        <outputCreationSequence>0.0</outputCreationSequence>
        <outputFieldName>Formula</outputFieldName>
        <outputObjectName>Formula</outputObjectName>
        <requiredForUpsert>false</requiredForUpsert>
        <upsertKey>false</upsertKey>
    </omniDataTransformItem>
    <outputType>JSON</outputType>
    <previewJsonData>{ }</previewJsonData>
    <processSuperBulk>false</processSuperBulk>
    <responseCacheTtlMinutes>0.0</responseCacheTtlMinutes>
    <rollbackOnError>false</rollbackOnError>
    <sourceObject>json</sourceObject>
    <sourceObjectDefault>false</sourceObjectDefault>
    <synchronousProcessThreshold>0.0</synchronousProcessThreshold>
    <type>Extract</type>
    <uniqueName>getContextFromRecordAlert_1</uniqueName>
    <versionNumber>1.0</versionNumber>
    <xmlDeclarationRemoved>false</xmlDeclarationRemoved>
</OmniDataTransform>
