<?xml version="1.0" encoding="UTF-8"?>
<OmniDataTransform xmlns="http://soap.sforce.com/2006/04/metadata">
    <active>true</active>
    <assignmentRulesUsed>false</assignmentRulesUsed>
    <deletedOnSuccess>false</deletedOnSuccess>
    <errorIgnored>false</errorIgnored>
    <fieldLevelSecurityEnabled>false</fieldLevelSecurityEnabled>
    <inputType>JSON</inputType>
    <name>getDropdownValuesForFinancialAccountData</name>
    <nullInputsIncludedInOutput>false</nullInputsIncludedInOutput>
    <omniDataTransformItem>
        <disabled>false</disabled>
        <filterGroup>0.0</filterGroup>
        <globalKey>a311d3b3-aa94-447d-b8de-db4d66ea0eec</globalKey>
        <inputFieldName>financialAccountDropdownData:combinedName</inputFieldName>
        <inputObjectQuerySequence>0.0</inputObjectQuerySequence>
        <linkedObjectSequence>0.0</linkedObjectSequence>
        <name>getDropdownValuesForFinancialAccountData</name>
        <outputCreationSequence>1.0</outputCreationSequence>
        <outputFieldName>financialAccountDropdownData:NameAndNumber</outputFieldName>
        <outputObjectName>json</outputObjectName>
        <requiredForUpsert>false</requiredForUpsert>
        <upsertKey>false</upsertKey>
    </omniDataTransformItem>
    <omniDataTransformItem>
        <disabled>false</disabled>
        <filterGroup>0.0</filterGroup>
        <formulaConverted>| var:financialAccountDropdownData:FinServ__Address1__c | var:financialAccountDropdownData:FinServ__Address1__c &quot;,/\/\/&quot; var:financialAccountDropdownData:FinServ__City__c &quot;,/\/\/&quot; var:financialAccountDropdownData:FinServ__State__c &quot;/\/\/&quot; var:financialAccountDropdownData:FinServ__PostalCode__c CONCAT var:null IF</formulaConverted>
        <formulaExpression>IF(financialAccountDropdownData:FinServ__Address1__c,CONCAT(financialAccountDropdownData:FinServ__Address1__c, &quot;, &quot;, financialAccountDropdownData:FinServ__City__c, &quot;, &quot;, financialAccountDropdownData:FinServ__State__c, &quot; &quot;, financialAccountDropdownData:FinServ__PostalCode__c),null)</formulaExpression>
        <formulaResultPath>financialAccountDropdownData:combinedAddress</formulaResultPath>
        <formulaSequence>2.0</formulaSequence>
        <globalKey>261ca1d4-70e1-4a96-816d-6aac14259e66</globalKey>
        <inputObjectQuerySequence>0.0</inputObjectQuerySequence>
        <linkedObjectSequence>0.0</linkedObjectSequence>
        <name>getDropdownValuesForFinancialAccountData</name>
        <outputCreationSequence>0.0</outputCreationSequence>
        <outputFieldName>Formula</outputFieldName>
        <outputObjectName>Formula</outputObjectName>
        <requiredForUpsert>false</requiredForUpsert>
        <upsertKey>false</upsertKey>
    </omniDataTransformItem>
    <omniDataTransformItem>
        <disabled>false</disabled>
        <filterGroup>0.0</filterGroup>
        <formulaConverted>| var:financialAccountDropdownData:Name &quot;/\/\/-/\/\/&quot; var:financialAccountDropdownData:FinServ__FinancialAccountNumber__c CONCAT</formulaConverted>
        <formulaExpression>CONCAT(financialAccountDropdownData:Name, &quot; - &quot;, financialAccountDropdownData:FinServ__FinancialAccountNumber__c)</formulaExpression>
        <formulaResultPath>financialAccountDropdownData:combinedName</formulaResultPath>
        <formulaSequence>1.0</formulaSequence>
        <globalKey>eb03516b-1ee8-4ac2-96be-283f1cd32965</globalKey>
        <inputObjectQuerySequence>0.0</inputObjectQuerySequence>
        <linkedObjectSequence>0.0</linkedObjectSequence>
        <name>getDropdownValuesForFinancialAccountData</name>
        <outputCreationSequence>0.0</outputCreationSequence>
        <outputFieldName>Formula</outputFieldName>
        <outputObjectName>Formula</outputObjectName>
        <requiredForUpsert>false</requiredForUpsert>
        <upsertKey>false</upsertKey>
    </omniDataTransformItem>
    <omniDataTransformItem>
        <disabled>false</disabled>
        <filterGroup>0.0</filterGroup>
        <filterOperator>&lt;&gt;</filterOperator>
        <filterValue>&quot;Loan Account&quot;</filterValue>
        <globalKey>ebf8b2c2-ed56-4642-8d93-45277e8f4a04</globalKey>
        <inputFieldName>FinServ__RecordTypeName__c</inputFieldName>
        <inputObjectName>FinServ__FinancialAccount__c</inputObjectName>
        <inputObjectQuerySequence>1.0</inputObjectQuerySequence>
        <linkedObjectSequence>0.0</linkedObjectSequence>
        <name>getDropdownValuesForFinancialAccountData</name>
        <outputCreationSequence>0.0</outputCreationSequence>
        <outputFieldName>financialAccountDropdownData</outputFieldName>
        <outputObjectName>json</outputObjectName>
        <requiredForUpsert>false</requiredForUpsert>
        <upsertKey>false</upsertKey>
    </omniDataTransformItem>
    <omniDataTransformItem>
        <disabled>false</disabled>
        <filterGroup>0.0</filterGroup>
        <globalKey>e4f27f73-aaaf-46e8-b5b1-a84752709ca6</globalKey>
        <inputFieldName>financialAccountDropdownData:Id</inputFieldName>
        <inputObjectQuerySequence>0.0</inputObjectQuerySequence>
        <linkedObjectSequence>0.0</linkedObjectSequence>
        <name>getDropdownValuesForFinancialAccountData</name>
        <outputCreationSequence>1.0</outputCreationSequence>
        <outputFieldName>financialAccountDropdownData:financialAccountId</outputFieldName>
        <outputObjectName>json</outputObjectName>
        <requiredForUpsert>false</requiredForUpsert>
        <upsertKey>false</upsertKey>
    </omniDataTransformItem>
    <omniDataTransformItem>
        <disabled>false</disabled>
        <filterGroup>0.0</filterGroup>
        <globalKey>dc11b3a8-e94b-4a8f-8449-0abb61fe91d6</globalKey>
        <inputFieldName>financialAccountDropdownData:combinedAddress</inputFieldName>
        <inputObjectQuerySequence>0.0</inputObjectQuerySequence>
        <linkedObjectSequence>0.0</linkedObjectSequence>
        <name>getDropdownValuesForFinancialAccountData</name>
        <outputCreationSequence>1.0</outputCreationSequence>
        <outputFieldName>financialAccountDropdownData:combinedAddress</outputFieldName>
        <outputObjectName>json</outputObjectName>
        <requiredForUpsert>false</requiredForUpsert>
        <upsertKey>false</upsertKey>
    </omniDataTransformItem>
    <omniDataTransformItem>
        <disabled>false</disabled>
        <filterGroup>0.0</filterGroup>
        <globalKey>28579dd7-8b61-4827-b0ea-89682ad75012</globalKey>
        <inputFieldName>financialAccountDropdownData:FinServ__RecordTypeName__c</inputFieldName>
        <inputObjectQuerySequence>0.0</inputObjectQuerySequence>
        <linkedObjectSequence>0.0</linkedObjectSequence>
        <name>getDropdownValuesForFinancialAccountData</name>
        <outputCreationSequence>1.0</outputCreationSequence>
        <outputFieldName>financialAccountDropdownData:RecordTypeName</outputFieldName>
        <outputObjectName>json</outputObjectName>
        <requiredForUpsert>false</requiredForUpsert>
        <upsertKey>false</upsertKey>
    </omniDataTransformItem>
    <omniDataTransformItem>
        <disabled>false</disabled>
        <filterGroup>0.0</filterGroup>
        <globalKey>78a739eb-9f93-4925-88e3-f3e7fdd2b378</globalKey>
        <inputFieldName>financialAccountDropdownData:FinServ__PrimaryOwner__r.PersonEmail</inputFieldName>
        <inputObjectQuerySequence>0.0</inputObjectQuerySequence>
        <linkedObjectSequence>0.0</linkedObjectSequence>
        <name>getDropdownValuesForFinancialAccountData</name>
        <outputCreationSequence>1.0</outputCreationSequence>
        <outputFieldName>financialAccountDropdownData:PrimaryOwnerEmail</outputFieldName>
        <outputObjectName>json</outputObjectName>
        <requiredForUpsert>false</requiredForUpsert>
        <upsertKey>false</upsertKey>
    </omniDataTransformItem>
    <omniDataTransformItem>
        <disabled>false</disabled>
        <filterGroup>0.0</filterGroup>
        <filterOperator>&lt;&gt;</filterOperator>
        <filterValue>&quot;Investment Account&quot;</filterValue>
        <globalKey>12348f04-d58e-4731-9639-b37f12e1cfdd</globalKey>
        <inputFieldName>FinServ__RecordTypeName__c</inputFieldName>
        <inputObjectName>FinServ__FinancialAccount__c</inputObjectName>
        <inputObjectQuerySequence>1.0</inputObjectQuerySequence>
        <linkedObjectSequence>0.0</linkedObjectSequence>
        <name>getDropdownValuesForFinancialAccountData</name>
        <outputCreationSequence>0.0</outputCreationSequence>
        <outputFieldName>financialAccountDropdownData</outputFieldName>
        <outputObjectName>json</outputObjectName>
        <requiredForUpsert>false</requiredForUpsert>
        <upsertKey>false</upsertKey>
    </omniDataTransformItem>
    <omniDataTransformItem>
        <disabled>false</disabled>
        <filterGroup>0.0</filterGroup>
        <filterOperator>=</filterOperator>
        <filterValue>accountId</filterValue>
        <globalKey>2c5fae27-39fb-4a90-9aa8-8d86825c665d</globalKey>
        <inputFieldName>FinServ__PrimaryOwner__c</inputFieldName>
        <inputObjectName>FinServ__FinancialAccount__c</inputObjectName>
        <inputObjectQuerySequence>1.0</inputObjectQuerySequence>
        <linkedObjectSequence>0.0</linkedObjectSequence>
        <name>getDropdownValuesForFinancialAccountData</name>
        <outputCreationSequence>0.0</outputCreationSequence>
        <outputFieldName>financialAccountDropdownData</outputFieldName>
        <outputObjectName>json</outputObjectName>
        <requiredForUpsert>false</requiredForUpsert>
        <upsertKey>false</upsertKey>
    </omniDataTransformItem>
    <outputType>JSON</outputType>
    <previewJsonData>{
  &quot;accountId&quot; : &quot;0014W000024fX5xQAE&quot;
}</previewJsonData>
    <processSuperBulk>false</processSuperBulk>
    <responseCacheTtlMinutes>0.0</responseCacheTtlMinutes>
    <rollbackOnError>false</rollbackOnError>
    <sourceObject>json</sourceObject>
    <sourceObjectDefault>false</sourceObjectDefault>
    <synchronousProcessThreshold>-1.0</synchronousProcessThreshold>
    <type>Extract</type>
    <uniqueName>getDropdownValuesForFinancialAccountData_1</uniqueName>
    <versionNumber>1.0</versionNumber>
    <xmlDeclarationRemoved>false</xmlDeclarationRemoved>
</OmniDataTransform>
