<?xml version="1.0" encoding="UTF-8"?>
<OmniDataTransform xmlns="http://soap.sforce.com/2006/04/metadata">
    <active>true</active>
    <assignmentRulesUsed>false</assignmentRulesUsed>
    <deletedOnSuccess>false</deletedOnSuccess>
    <errorIgnored>false</errorIgnored>
    <expectedOutputJson>{
  &quot;desc&quot; : &quot;testInvestment43&quot;,
  &quot;type&quot; : &quot;Debit&quot;,
  &quot;amt&quot; : 100,
  &quot;dt&quot; : &quot;2022-08-16T00:00:00.000Z&quot;
}</expectedOutputJson>
    <fieldLevelSecurityEnabled>false</fieldLevelSecurityEnabled>
    <inputType>JSON</inputType>
    <name>getFilteredBuildOut</name>
    <nullInputsIncludedInOutput>false</nullInputsIncludedInOutput>
    <omniDataTransformItem>
        <disabled>false</disabled>
        <filterGroup>0.0</filterGroup>
        <filterOperator>LIKE</filterOperator>
        <filterValue>transactionType</filterValue>
        <globalKey>fa0469bc-6152-44f0-9644-7241bd520052</globalKey>
        <inputFieldName>FinServ__TransactionType__c</inputFieldName>
        <inputObjectName>FinServ__FinancialAccountTransaction__c</inputObjectName>
        <inputObjectQuerySequence>1.0</inputObjectQuerySequence>
        <linkedObjectSequence>0.0</linkedObjectSequence>
        <name>getFilteredBuildOut</name>
        <outputCreationSequence>0.0</outputCreationSequence>
        <outputFieldName>Transactions</outputFieldName>
        <outputObjectName>json</outputObjectName>
        <requiredForUpsert>false</requiredForUpsert>
        <upsertKey>false</upsertKey>
    </omniDataTransformItem>
    <omniDataTransformItem>
        <disabled>false</disabled>
        <filterGroup>0.0</filterGroup>
        <filterOperator>&gt;=</filterOperator>
        <filterValue>startDate</filterValue>
        <globalKey>22ab5db3-fa7a-49aa-9864-51552fe73c48</globalKey>
        <inputFieldName>FinServ__TransactionDate__c</inputFieldName>
        <inputObjectName>FinServ__FinancialAccountTransaction__c</inputObjectName>
        <inputObjectQuerySequence>1.0</inputObjectQuerySequence>
        <linkedObjectSequence>0.0</linkedObjectSequence>
        <name>getFilteredBuildOut</name>
        <outputCreationSequence>0.0</outputCreationSequence>
        <outputFieldName>Transactions</outputFieldName>
        <outputObjectName>json</outputObjectName>
        <requiredForUpsert>false</requiredForUpsert>
        <upsertKey>false</upsertKey>
    </omniDataTransformItem>
    <omniDataTransformItem>
        <disabled>false</disabled>
        <filterGroup>0.0</filterGroup>
        <filterOperator>&lt;=</filterOperator>
        <filterValue>endDate</filterValue>
        <globalKey>2ef7a73d-1e37-42e9-a7b3-28cb0f4a58f6</globalKey>
        <inputFieldName>FinServ__TransactionDate__c</inputFieldName>
        <inputObjectName>FinServ__FinancialAccountTransaction__c</inputObjectName>
        <inputObjectQuerySequence>1.0</inputObjectQuerySequence>
        <linkedObjectSequence>0.0</linkedObjectSequence>
        <name>getFilteredBuildOut</name>
        <outputCreationSequence>0.0</outputCreationSequence>
        <outputFieldName>Transactions</outputFieldName>
        <outputObjectName>json</outputObjectName>
        <requiredForUpsert>false</requiredForUpsert>
        <upsertKey>false</upsertKey>
    </omniDataTransformItem>
    <omniDataTransformItem>
        <disabled>false</disabled>
        <filterGroup>0.0</filterGroup>
        <filterOperator>&gt;=</filterOperator>
        <filterValue>minimumAmount</filterValue>
        <globalKey>816501ef-e2f0-4deb-a8ca-fe8121d60519</globalKey>
        <inputFieldName>FinServ__Amount__c</inputFieldName>
        <inputObjectName>FinServ__FinancialAccountTransaction__c</inputObjectName>
        <inputObjectQuerySequence>1.0</inputObjectQuerySequence>
        <linkedObjectSequence>0.0</linkedObjectSequence>
        <name>getFilteredBuildOut</name>
        <outputCreationSequence>0.0</outputCreationSequence>
        <outputFieldName>Transactions</outputFieldName>
        <outputObjectName>json</outputObjectName>
        <requiredForUpsert>false</requiredForUpsert>
        <upsertKey>false</upsertKey>
    </omniDataTransformItem>
    <omniDataTransformItem>
        <disabled>false</disabled>
        <filterGroup>0.0</filterGroup>
        <globalKey>f26e9488-8722-4d57-bee8-824ff5c26251</globalKey>
        <inputFieldName>Transactions:FinServ__TransactionType__c</inputFieldName>
        <inputObjectQuerySequence>0.0</inputObjectQuerySequence>
        <linkedObjectSequence>0.0</linkedObjectSequence>
        <name>getFilteredBuildOut</name>
        <outputCreationSequence>1.0</outputCreationSequence>
        <outputFieldName>Transactions:Type</outputFieldName>
        <outputObjectName>json</outputObjectName>
        <requiredForUpsert>false</requiredForUpsert>
        <upsertKey>false</upsertKey>
    </omniDataTransformItem>
    <omniDataTransformItem>
        <disabled>false</disabled>
        <filterGroup>0.0</filterGroup>
        <globalKey>e07d484f-6f82-405d-89a7-075208938d5e</globalKey>
        <inputFieldName>Transactions:FinServ__TransactionDate__c</inputFieldName>
        <inputObjectQuerySequence>0.0</inputObjectQuerySequence>
        <linkedObjectSequence>0.0</linkedObjectSequence>
        <name>getFilteredBuildOut</name>
        <outputCreationSequence>1.0</outputCreationSequence>
        <outputFieldFormat>Date(MMM d, yyyy h:mm a)</outputFieldFormat>
        <outputFieldName>Transactions:Date</outputFieldName>
        <outputObjectName>json</outputObjectName>
        <requiredForUpsert>false</requiredForUpsert>
        <upsertKey>false</upsertKey>
    </omniDataTransformItem>
    <omniDataTransformItem>
        <disabled>false</disabled>
        <filterGroup>0.0</filterGroup>
        <globalKey>cbf0ec80-abae-452d-8a8c-3ac0523f6801</globalKey>
        <inputFieldName>Transactions:FinServ__Amount__c</inputFieldName>
        <inputObjectQuerySequence>0.0</inputObjectQuerySequence>
        <linkedObjectSequence>0.0</linkedObjectSequence>
        <name>getFilteredBuildOut</name>
        <outputCreationSequence>1.0</outputCreationSequence>
        <outputFieldName>Transactions:Amount</outputFieldName>
        <outputObjectName>json</outputObjectName>
        <requiredForUpsert>false</requiredForUpsert>
        <upsertKey>false</upsertKey>
    </omniDataTransformItem>
    <omniDataTransformItem>
        <disabled>false</disabled>
        <filterGroup>0.0</filterGroup>
        <filterOperator>LIKE</filterOperator>
        <filterValue>searchText</filterValue>
        <globalKey>9e1da949-9645-4274-8af0-bf93d8f2acb0</globalKey>
        <inputFieldName>FinServ__Description__c</inputFieldName>
        <inputObjectName>FinServ__FinancialAccountTransaction__c</inputObjectName>
        <inputObjectQuerySequence>1.0</inputObjectQuerySequence>
        <linkedObjectSequence>0.0</linkedObjectSequence>
        <name>getFilteredBuildOut</name>
        <outputCreationSequence>0.0</outputCreationSequence>
        <outputFieldName>Transactions</outputFieldName>
        <outputObjectName>json</outputObjectName>
        <requiredForUpsert>false</requiredForUpsert>
        <upsertKey>false</upsertKey>
    </omniDataTransformItem>
    <omniDataTransformItem>
        <disabled>false</disabled>
        <filterGroup>0.0</filterGroup>
        <filterOperator>&lt;=</filterOperator>
        <filterValue>maximumAmount</filterValue>
        <globalKey>60725a6d-63da-4693-815b-b923d4ca04d8</globalKey>
        <inputFieldName>FinServ__Amount__c</inputFieldName>
        <inputObjectName>FinServ__FinancialAccountTransaction__c</inputObjectName>
        <inputObjectQuerySequence>1.0</inputObjectQuerySequence>
        <linkedObjectSequence>0.0</linkedObjectSequence>
        <name>getFilteredBuildOut</name>
        <outputCreationSequence>0.0</outputCreationSequence>
        <outputFieldName>Transactions</outputFieldName>
        <outputObjectName>json</outputObjectName>
        <requiredForUpsert>false</requiredForUpsert>
        <upsertKey>false</upsertKey>
    </omniDataTransformItem>
    <omniDataTransformItem>
        <disabled>false</disabled>
        <filterGroup>0.0</filterGroup>
        <formulaConverted>| var:Transactions:FinServ__Description__c &apos;GINOS/\/\/PIZZA&apos; LIKE true false IF</formulaConverted>
        <formulaExpression>IF(Transactions:FinServ__Description__c LIKE &apos;GINOS PIZZA&apos;, true,false)</formulaExpression>
        <formulaResultPath>Transactions:fPotentialFraudFlag</formulaResultPath>
        <formulaSequence>1.0</formulaSequence>
        <globalKey>09b00755-8750-45f4-a2fc-d2449472b79b</globalKey>
        <inputObjectQuerySequence>0.0</inputObjectQuerySequence>
        <linkedObjectSequence>0.0</linkedObjectSequence>
        <name>getFilteredBuildOut</name>
        <outputCreationSequence>0.0</outputCreationSequence>
        <outputFieldName>Formula</outputFieldName>
        <outputObjectName>Formula</outputObjectName>
        <requiredForUpsert>false</requiredForUpsert>
        <upsertKey>false</upsertKey>
    </omniDataTransformItem>
    <omniDataTransformItem>
        <disabled>false</disabled>
        <filterGroup>0.0</filterGroup>
        <globalKey>64577e97-0085-4a18-b543-bfc73b7f6246</globalKey>
        <inputFieldName>Transactions:fPotentialFraudFlag</inputFieldName>
        <inputObjectQuerySequence>0.0</inputObjectQuerySequence>
        <linkedObjectSequence>0.0</linkedObjectSequence>
        <name>getFilteredBuildOut</name>
        <outputCreationSequence>1.0</outputCreationSequence>
        <outputFieldName>Transactions:potentialFraudFlag</outputFieldName>
        <outputObjectName>json</outputObjectName>
        <requiredForUpsert>false</requiredForUpsert>
        <upsertKey>false</upsertKey>
    </omniDataTransformItem>
    <omniDataTransformItem>
        <disabled>false</disabled>
        <filterGroup>0.0</filterGroup>
        <globalKey>448f4a79-81a3-4e1e-9acc-338c97ed32e1</globalKey>
        <inputFieldName>Transactions:FinServ__FinancialAccount__c</inputFieldName>
        <inputObjectQuerySequence>0.0</inputObjectQuerySequence>
        <linkedObjectSequence>0.0</linkedObjectSequence>
        <name>getFilteredBuildOut</name>
        <outputCreationSequence>1.0</outputCreationSequence>
        <outputFieldName>Transactions:financialAccountId</outputFieldName>
        <outputObjectName>json</outputObjectName>
        <requiredForUpsert>false</requiredForUpsert>
        <upsertKey>false</upsertKey>
    </omniDataTransformItem>
    <omniDataTransformItem>
        <disabled>false</disabled>
        <filterGroup>0.0</filterGroup>
        <filterOperator>=</filterOperator>
        <filterValue>finAcctId</filterValue>
        <globalKey>81a1afe1-47a3-42b6-962d-9c5ced308649</globalKey>
        <inputFieldName>FinServ__FinancialAccount__c</inputFieldName>
        <inputObjectName>FinServ__FinancialAccountTransaction__c</inputObjectName>
        <inputObjectQuerySequence>1.0</inputObjectQuerySequence>
        <linkedObjectSequence>0.0</linkedObjectSequence>
        <name>getFilteredBuildOut</name>
        <outputCreationSequence>0.0</outputCreationSequence>
        <outputFieldName>Transactions</outputFieldName>
        <outputObjectName>json</outputObjectName>
        <requiredForUpsert>false</requiredForUpsert>
        <upsertKey>false</upsertKey>
    </omniDataTransformItem>
    <omniDataTransformItem>
        <disabled>false</disabled>
        <filterGroup>0.0</filterGroup>
        <filterOperator>ORDER BY</filterOperator>
        <filterValue>FinServ__TransactionDate__c DESC</filterValue>
        <globalKey>df3ec97e-0fd9-4720-91f1-a506b869c669</globalKey>
        <inputObjectName>FinServ__FinancialAccountTransaction__c</inputObjectName>
        <inputObjectQuerySequence>1.0</inputObjectQuerySequence>
        <linkedObjectSequence>0.0</linkedObjectSequence>
        <name>getFilteredBuildOut</name>
        <outputCreationSequence>0.0</outputCreationSequence>
        <outputFieldName>Transactions</outputFieldName>
        <outputObjectName>json</outputObjectName>
        <requiredForUpsert>false</requiredForUpsert>
        <upsertKey>false</upsertKey>
    </omniDataTransformItem>
    <omniDataTransformItem>
        <disabled>false</disabled>
        <filterGroup>0.0</filterGroup>
        <filterOperator>OFFSET</filterOperator>
        <filterValue>trxOffset</filterValue>
        <globalKey>35ae74dc-407c-47bc-96f4-411e7c17c40b</globalKey>
        <inputObjectName>FinServ__FinancialAccountTransaction__c</inputObjectName>
        <inputObjectQuerySequence>1.0</inputObjectQuerySequence>
        <linkedObjectSequence>0.0</linkedObjectSequence>
        <name>getFilteredBuildOut</name>
        <outputCreationSequence>0.0</outputCreationSequence>
        <outputFieldName>Transactions</outputFieldName>
        <outputObjectName>json</outputObjectName>
        <requiredForUpsert>false</requiredForUpsert>
        <upsertKey>false</upsertKey>
    </omniDataTransformItem>
    <omniDataTransformItem>
        <disabled>false</disabled>
        <filterGroup>0.0</filterGroup>
        <filterOperator>LIMIT</filterOperator>
        <filterValue>11</filterValue>
        <globalKey>2113fbca-fe09-4124-9e4d-bf48253a94f5</globalKey>
        <inputObjectName>FinServ__FinancialAccountTransaction__c</inputObjectName>
        <inputObjectQuerySequence>1.0</inputObjectQuerySequence>
        <linkedObjectSequence>0.0</linkedObjectSequence>
        <name>getFilteredBuildOut</name>
        <outputCreationSequence>0.0</outputCreationSequence>
        <outputFieldName>Transactions</outputFieldName>
        <outputObjectName>json</outputObjectName>
        <requiredForUpsert>false</requiredForUpsert>
        <upsertKey>false</upsertKey>
    </omniDataTransformItem>
    <omniDataTransformItem>
        <disabled>false</disabled>
        <filterGroup>0.0</filterGroup>
        <globalKey>6173d484-c900-4dce-9f65-7cba88755c3d</globalKey>
        <inputFieldName>Transactions:FinServ__Description__c</inputFieldName>
        <inputObjectQuerySequence>0.0</inputObjectQuerySequence>
        <linkedObjectSequence>0.0</linkedObjectSequence>
        <name>getFilteredBuildOut</name>
        <outputCreationSequence>1.0</outputCreationSequence>
        <outputFieldName>Transactions:Description</outputFieldName>
        <outputObjectName>json</outputObjectName>
        <requiredForUpsert>false</requiredForUpsert>
        <upsertKey>false</upsertKey>
    </omniDataTransformItem>
    <outputType>JSON</outputType>
    <previewJsonData>{
  &quot;maximumAmount&quot; : 100000,
  &quot;minimumAmount&quot; : 0,
  &quot;searchText&quot; : &quot;%&quot;,
  &quot;endDate&quot; : &quot;2024-01-01&quot;,
  &quot;startDate&quot; : &quot;2020-05-02&quot;,
  &quot;transactionType&quot; : &quot;%&quot;,
  &quot;sourceAction&quot; : null,
  &quot;trxOffset&quot; : null,
  &quot;finAcctId&quot; : &quot;a4lB0000000LnA0IAK&quot;
}</previewJsonData>
    <processSuperBulk>false</processSuperBulk>
    <responseCacheTtlMinutes>0.0</responseCacheTtlMinutes>
    <rollbackOnError>false</rollbackOnError>
    <sourceObject>json</sourceObject>
    <sourceObjectDefault>false</sourceObjectDefault>
    <synchronousProcessThreshold>0.0</synchronousProcessThreshold>
    <type>Extract</type>
    <uniqueName>getFilteredBuildOut_1</uniqueName>
    <versionNumber>1.0</versionNumber>
    <xmlDeclarationRemoved>false</xmlDeclarationRemoved>
</OmniDataTransform>
