<?xml version="1.0" encoding="UTF-8"?>
<OmniDataTransform xmlns="http://soap.sforce.com/2006/04/metadata">
    <active>true</active>
    <assignmentRulesUsed>false</assignmentRulesUsed>
    <deletedOnSuccess>false</deletedOnSuccess>
    <errorIgnored>false</errorIgnored>
    <fieldLevelSecurityEnabled>false</fieldLevelSecurityEnabled>
    <inputType>JSON</inputType>
    <name>getPersonAccountDetailsBanking</name>
    <nullInputsIncludedInOutput>false</nullInputsIncludedInOutput>
    <omniDataTransformItem>
        <disabled>false</disabled>
        <filterGroup>0.0</filterGroup>
        <globalKey>getPersonAccountDetailsBankingCustom9598</globalKey>
        <inputFieldName>Account:PersonMobilePhone</inputFieldName>
        <inputObjectQuerySequence>0.0</inputObjectQuerySequence>
        <linkedObjectSequence>0.0</linkedObjectSequence>
        <name>getPersonAccountDetailsBanking</name>
        <outputCreationSequence>1.0</outputCreationSequence>
        <outputFieldName>PersonAccount:MobilePhone</outputFieldName>
        <outputObjectName>json</outputObjectName>
        <requiredForUpsert>false</requiredForUpsert>
        <upsertKey>false</upsertKey>
    </omniDataTransformItem>
    <omniDataTransformItem>
        <disabled>false</disabled>
        <filterGroup>0.0</filterGroup>
        <globalKey>getPersonAccountDetailsBankingCustom0jI4V000000CaX1UAKItem7</globalKey>
        <inputFieldName>Account:BillingState</inputFieldName>
        <inputObjectQuerySequence>0.0</inputObjectQuerySequence>
        <linkedObjectSequence>0.0</linkedObjectSequence>
        <name>getPersonAccountDetailsBanking</name>
        <outputCreationSequence>1.0</outputCreationSequence>
        <outputFieldName>PersonAccount:State</outputFieldName>
        <outputObjectName>json</outputObjectName>
        <requiredForUpsert>false</requiredForUpsert>
        <upsertKey>false</upsertKey>
    </omniDataTransformItem>
    <omniDataTransformItem>
        <disabled>false</disabled>
        <filterGroup>0.0</filterGroup>
        <globalKey>getPersonAccountDetailsBankingCustom2448</globalKey>
        <inputFieldName>formulaShippingAddress</inputFieldName>
        <inputObjectQuerySequence>0.0</inputObjectQuerySequence>
        <linkedObjectSequence>0.0</linkedObjectSequence>
        <name>getPersonAccountDetailsBanking</name>
        <outputCreationSequence>1.0</outputCreationSequence>
        <outputFieldName>PersonAccount:ShippingAddress</outputFieldName>
        <outputObjectName>json</outputObjectName>
        <requiredForUpsert>false</requiredForUpsert>
        <upsertKey>false</upsertKey>
    </omniDataTransformItem>
    <omniDataTransformItem>
        <disabled>false</disabled>
        <filterGroup>0.0</filterGroup>
        <globalKey>getPersonAccountDetailsBankingCustom0jI4V000000CaX1UAKItem8</globalKey>
        <inputFieldName>Account:BillingStreet</inputFieldName>
        <inputObjectQuerySequence>0.0</inputObjectQuerySequence>
        <linkedObjectSequence>0.0</linkedObjectSequence>
        <name>getPersonAccountDetailsBanking</name>
        <outputCreationSequence>1.0</outputCreationSequence>
        <outputFieldName>PersonAccount:Street</outputFieldName>
        <outputObjectName>json</outputObjectName>
        <requiredForUpsert>false</requiredForUpsert>
        <upsertKey>false</upsertKey>
    </omniDataTransformItem>
    <omniDataTransformItem>
        <disabled>false</disabled>
        <filterGroup>0.0</filterGroup>
        <globalKey>getPersonAccountDetailsBankingCustom0jI4V000000CaX1UAKItem12</globalKey>
        <inputFieldName>Account:Phone</inputFieldName>
        <inputObjectQuerySequence>0.0</inputObjectQuerySequence>
        <linkedObjectSequence>0.0</linkedObjectSequence>
        <name>getPersonAccountDetailsBanking</name>
        <outputCreationSequence>1.0</outputCreationSequence>
        <outputFieldFormat>Number</outputFieldFormat>
        <outputFieldName>PersonAccount:Phone</outputFieldName>
        <outputObjectName>json</outputObjectName>
        <requiredForUpsert>false</requiredForUpsert>
        <upsertKey>false</upsertKey>
    </omniDataTransformItem>
    <omniDataTransformItem>
        <disabled>false</disabled>
        <filterGroup>0.0</filterGroup>
        <globalKey>getPersonAccountDetailsBankingCustom0jI4V000000CaX1UAKItem13</globalKey>
        <inputFieldName>Account:AccountNumber</inputFieldName>
        <inputObjectQuerySequence>0.0</inputObjectQuerySequence>
        <linkedObjectSequence>0.0</linkedObjectSequence>
        <name>getPersonAccountDetailsBanking</name>
        <outputCreationSequence>1.0</outputCreationSequence>
        <outputFieldName>PersonAccount:AccountNumber</outputFieldName>
        <outputObjectName>json</outputObjectName>
        <requiredForUpsert>false</requiredForUpsert>
        <upsertKey>false</upsertKey>
    </omniDataTransformItem>
    <omniDataTransformItem>
        <disabled>false</disabled>
        <filterGroup>0.0</filterGroup>
        <globalKey>getPersonAccountDetailsBankingCustom0jI4V000000CaX1UAKItem14</globalKey>
        <inputFieldName>Account:BillingCity</inputFieldName>
        <inputObjectQuerySequence>0.0</inputObjectQuerySequence>
        <linkedObjectSequence>0.0</linkedObjectSequence>
        <name>getPersonAccountDetailsBanking</name>
        <outputCreationSequence>1.0</outputCreationSequence>
        <outputFieldName>PersonAccount:Billing:City</outputFieldName>
        <outputObjectName>json</outputObjectName>
        <requiredForUpsert>false</requiredForUpsert>
        <upsertKey>false</upsertKey>
    </omniDataTransformItem>
    <omniDataTransformItem>
        <disabled>false</disabled>
        <filterGroup>0.0</filterGroup>
        <globalKey>getPersonAccountDetailsBankingCustom0jI4V000000CaX1UAKItem15</globalKey>
        <inputFieldName>Account:BillingCountry</inputFieldName>
        <inputObjectQuerySequence>0.0</inputObjectQuerySequence>
        <linkedObjectSequence>0.0</linkedObjectSequence>
        <name>getPersonAccountDetailsBanking</name>
        <outputCreationSequence>1.0</outputCreationSequence>
        <outputFieldName>PersonAccount:Billing:Country</outputFieldName>
        <outputObjectName>json</outputObjectName>
        <requiredForUpsert>false</requiredForUpsert>
        <upsertKey>false</upsertKey>
    </omniDataTransformItem>
    <omniDataTransformItem>
        <disabled>false</disabled>
        <filterGroup>0.0</filterGroup>
        <globalKey>getPersonAccountDetailsBankingCustom0jI4V000000CaX1UAKItem10</globalKey>
        <inputFieldName>Account:PersonMailingStreet</inputFieldName>
        <inputObjectQuerySequence>0.0</inputObjectQuerySequence>
        <linkedObjectSequence>0.0</linkedObjectSequence>
        <name>getPersonAccountDetailsBanking</name>
        <outputCreationSequence>1.0</outputCreationSequence>
        <outputFieldName>PersonAccount:Personal:Street</outputFieldName>
        <outputObjectName>json</outputObjectName>
        <requiredForUpsert>false</requiredForUpsert>
        <upsertKey>false</upsertKey>
    </omniDataTransformItem>
    <omniDataTransformItem>
        <disabled>false</disabled>
        <filterGroup>0.0</filterGroup>
        <globalKey>getPersonAccountDetailsBankingCustom0jI4V000000CaX1UAKItem16</globalKey>
        <inputFieldName>Account:BillingPostalCode</inputFieldName>
        <inputObjectQuerySequence>0.0</inputObjectQuerySequence>
        <linkedObjectSequence>0.0</linkedObjectSequence>
        <name>getPersonAccountDetailsBanking</name>
        <outputCreationSequence>1.0</outputCreationSequence>
        <outputFieldName>PersonAccount:Billing:Postal</outputFieldName>
        <outputObjectName>json</outputObjectName>
        <requiredForUpsert>false</requiredForUpsert>
        <upsertKey>false</upsertKey>
    </omniDataTransformItem>
    <omniDataTransformItem>
        <disabled>false</disabled>
        <filterGroup>0.0</filterGroup>
        <globalKey>getPersonAccountDetailsBankingCustom0jI4V000000CaX1UAKItem17</globalKey>
        <inputFieldName>Account:BillingState</inputFieldName>
        <inputObjectQuerySequence>0.0</inputObjectQuerySequence>
        <linkedObjectSequence>0.0</linkedObjectSequence>
        <name>getPersonAccountDetailsBanking</name>
        <outputCreationSequence>1.0</outputCreationSequence>
        <outputFieldName>PersonAccount:Billing:State</outputFieldName>
        <outputObjectName>json</outputObjectName>
        <requiredForUpsert>false</requiredForUpsert>
        <upsertKey>false</upsertKey>
    </omniDataTransformItem>
    <omniDataTransformItem>
        <disabled>false</disabled>
        <filterGroup>0.0</filterGroup>
        <globalKey>getPersonAccountDetailsBankingCustom0jI4V000000CaX1UAKItem18</globalKey>
        <inputFieldName>Account:BillingStreet</inputFieldName>
        <inputObjectQuerySequence>0.0</inputObjectQuerySequence>
        <linkedObjectSequence>0.0</linkedObjectSequence>
        <name>getPersonAccountDetailsBanking</name>
        <outputCreationSequence>1.0</outputCreationSequence>
        <outputFieldName>PersonAccount:Billing:Street</outputFieldName>
        <outputObjectName>json</outputObjectName>
        <requiredForUpsert>false</requiredForUpsert>
        <upsertKey>false</upsertKey>
    </omniDataTransformItem>
    <omniDataTransformItem>
        <disabled>false</disabled>
        <filterGroup>0.0</filterGroup>
        <globalKey>getPersonAccountDetailsBankingCustom0jI4V000000CaX1UAKItem19</globalKey>
        <inputFieldName>Account:PersonMailingCity</inputFieldName>
        <inputObjectQuerySequence>0.0</inputObjectQuerySequence>
        <linkedObjectSequence>0.0</linkedObjectSequence>
        <name>getPersonAccountDetailsBanking</name>
        <outputCreationSequence>1.0</outputCreationSequence>
        <outputFieldName>PersonAccount:Personal:City</outputFieldName>
        <outputObjectName>json</outputObjectName>
        <requiredForUpsert>false</requiredForUpsert>
        <upsertKey>false</upsertKey>
    </omniDataTransformItem>
    <omniDataTransformItem>
        <disabled>false</disabled>
        <filterGroup>0.0</filterGroup>
        <globalKey>getPersonAccountDetailsBankingCustom0jI4V000000CaX1UAKItem20</globalKey>
        <inputFieldName>Account:BillingCity</inputFieldName>
        <inputObjectQuerySequence>0.0</inputObjectQuerySequence>
        <linkedObjectSequence>0.0</linkedObjectSequence>
        <name>getPersonAccountDetailsBanking</name>
        <outputCreationSequence>1.0</outputCreationSequence>
        <outputFieldName>PersonAccount:City</outputFieldName>
        <outputObjectName>json</outputObjectName>
        <requiredForUpsert>false</requiredForUpsert>
        <upsertKey>false</upsertKey>
    </omniDataTransformItem>
    <omniDataTransformItem>
        <disabled>false</disabled>
        <filterGroup>0.0</filterGroup>
        <globalKey>getPersonAccountDetailsBankingCustom0jI4V000000CaX1UAKItem21</globalKey>
        <inputFieldName>Account:BillingCountry</inputFieldName>
        <inputObjectQuerySequence>0.0</inputObjectQuerySequence>
        <linkedObjectSequence>0.0</linkedObjectSequence>
        <name>getPersonAccountDetailsBanking</name>
        <outputCreationSequence>1.0</outputCreationSequence>
        <outputFieldName>PersonAccount:Country</outputFieldName>
        <outputObjectName>json</outputObjectName>
        <requiredForUpsert>false</requiredForUpsert>
        <upsertKey>false</upsertKey>
    </omniDataTransformItem>
    <omniDataTransformItem>
        <disabled>false</disabled>
        <filterGroup>0.0</filterGroup>
        <formulaConverted>| var:Account:ShippingStreet &quot;,&quot; var:Account:ShippingCity &quot;,&quot; var:Account:ShippingState &quot;,&quot; var:Account:ShippingPostalCode &quot;,&quot; var:Account:ShippingCountry CONCAT</formulaConverted>
        <formulaExpression>CONCAT(%Account:ShippingStreet% ,&quot;,&quot;, %Account:ShippingCity%,&quot;,&quot;,%Account:ShippingState%,&quot;,&quot;,%Account:ShippingPostalCode% ,&quot;,&quot;, %Account:ShippingCountry%)</formulaExpression>
        <formulaResultPath>formulaShippingAddress</formulaResultPath>
        <formulaSequence>2.0</formulaSequence>
        <globalKey>getPersonAccountDetailsBankingCustom6679</globalKey>
        <inputObjectQuerySequence>0.0</inputObjectQuerySequence>
        <linkedObjectSequence>0.0</linkedObjectSequence>
        <name>getPersonAccountDetailsBanking</name>
        <outputCreationSequence>0.0</outputCreationSequence>
        <outputFieldName>Formula</outputFieldName>
        <outputObjectName>Formula</outputObjectName>
        <requiredForUpsert>false</requiredForUpsert>
        <upsertKey>false</upsertKey>
    </omniDataTransformItem>
    <omniDataTransformItem>
        <disabled>false</disabled>
        <filterGroup>0.0</filterGroup>
        <globalKey>getPersonAccountDetailsBankingCustom4652</globalKey>
        <inputFieldName>FinancialAccount:FinServ__Address1__c</inputFieldName>
        <inputObjectQuerySequence>0.0</inputObjectQuerySequence>
        <linkedObjectSequence>0.0</linkedObjectSequence>
        <name>getPersonAccountDetailsBanking</name>
        <outputCreationSequence>1.0</outputCreationSequence>
        <outputFieldName>PersonAccount:FinAccounts:Address1</outputFieldName>
        <outputObjectName>json</outputObjectName>
        <requiredForUpsert>false</requiredForUpsert>
        <upsertKey>false</upsertKey>
    </omniDataTransformItem>
    <omniDataTransformItem>
        <disabled>false</disabled>
        <filterGroup>0.0</filterGroup>
        <globalKey>getPersonAccountDetailsBankingCustom5171</globalKey>
        <inputFieldName>FinancialAccount:FinServ__Address2__c</inputFieldName>
        <inputObjectQuerySequence>0.0</inputObjectQuerySequence>
        <linkedObjectSequence>0.0</linkedObjectSequence>
        <name>getPersonAccountDetailsBanking</name>
        <outputCreationSequence>1.0</outputCreationSequence>
        <outputFieldName>PersonAccount:FinAccounts:Address2</outputFieldName>
        <outputObjectName>json</outputObjectName>
        <requiredForUpsert>false</requiredForUpsert>
        <upsertKey>false</upsertKey>
    </omniDataTransformItem>
    <omniDataTransformItem>
        <disabled>false</disabled>
        <filterGroup>0.0</filterGroup>
        <globalKey>getPersonAccountDetailsBankingCustom1791</globalKey>
        <inputFieldName>FinancialAccount:FinServ__City__c</inputFieldName>
        <inputObjectQuerySequence>0.0</inputObjectQuerySequence>
        <linkedObjectSequence>0.0</linkedObjectSequence>
        <name>getPersonAccountDetailsBanking</name>
        <outputCreationSequence>1.0</outputCreationSequence>
        <outputFieldName>PersonAccount:FinAccounts:City</outputFieldName>
        <outputObjectName>json</outputObjectName>
        <requiredForUpsert>false</requiredForUpsert>
        <upsertKey>false</upsertKey>
    </omniDataTransformItem>
    <omniDataTransformItem>
        <disabled>false</disabled>
        <filterGroup>0.0</filterGroup>
        <globalKey>getPersonAccountDetailsBankingCustom396</globalKey>
        <inputFieldName>FinancialAccount:FinServ__Country__c</inputFieldName>
        <inputObjectQuerySequence>0.0</inputObjectQuerySequence>
        <linkedObjectSequence>0.0</linkedObjectSequence>
        <name>getPersonAccountDetailsBanking</name>
        <outputCreationSequence>1.0</outputCreationSequence>
        <outputFieldName>PersonAccount:FinAccounts:Country</outputFieldName>
        <outputObjectName>json</outputObjectName>
        <requiredForUpsert>false</requiredForUpsert>
        <upsertKey>false</upsertKey>
    </omniDataTransformItem>
    <omniDataTransformItem>
        <disabled>false</disabled>
        <filterGroup>0.0</filterGroup>
        <globalKey>getPersonAccountDetailsBankingCustom1125</globalKey>
        <inputFieldName>FinancialAccount:FinServ__FinancialAccountNumber__c</inputFieldName>
        <inputObjectQuerySequence>0.0</inputObjectQuerySequence>
        <linkedObjectSequence>0.0</linkedObjectSequence>
        <name>getPersonAccountDetailsBanking</name>
        <outputCreationSequence>1.0</outputCreationSequence>
        <outputFieldName>PersonAccount:FinAccounts:FinancialAccountNumber</outputFieldName>
        <outputObjectName>json</outputObjectName>
        <requiredForUpsert>false</requiredForUpsert>
        <upsertKey>false</upsertKey>
    </omniDataTransformItem>
    <omniDataTransformItem>
        <disabled>false</disabled>
        <filterGroup>0.0</filterGroup>
        <globalKey>getPersonAccountDetailsBankingCustom3242</globalKey>
        <inputFieldName>FinancialAccount:Name</inputFieldName>
        <inputObjectQuerySequence>0.0</inputObjectQuerySequence>
        <linkedObjectSequence>0.0</linkedObjectSequence>
        <name>getPersonAccountDetailsBanking</name>
        <outputCreationSequence>1.0</outputCreationSequence>
        <outputFieldName>PersonAccount:FinAccounts:AccountName</outputFieldName>
        <outputObjectName>json</outputObjectName>
        <requiredForUpsert>false</requiredForUpsert>
        <upsertKey>false</upsertKey>
    </omniDataTransformItem>
    <omniDataTransformItem>
        <disabled>false</disabled>
        <filterGroup>0.0</filterGroup>
        <globalKey>getPersonAccountDetailsBankingCustom472</globalKey>
        <inputFieldName>FinancialAccount:FinServ__PostalCode__c</inputFieldName>
        <inputObjectQuerySequence>0.0</inputObjectQuerySequence>
        <linkedObjectSequence>0.0</linkedObjectSequence>
        <name>getPersonAccountDetailsBanking</name>
        <outputCreationSequence>1.0</outputCreationSequence>
        <outputFieldName>PersonAccount:FinAccounts:PostalCode</outputFieldName>
        <outputObjectName>json</outputObjectName>
        <requiredForUpsert>false</requiredForUpsert>
        <upsertKey>false</upsertKey>
    </omniDataTransformItem>
    <omniDataTransformItem>
        <disabled>false</disabled>
        <filterGroup>0.0</filterGroup>
        <globalKey>getPersonAccountDetailsBankingCustom0jI4V000000CaX1UAKItem9</globalKey>
        <inputFieldName>Account:Id</inputFieldName>
        <inputObjectQuerySequence>0.0</inputObjectQuerySequence>
        <linkedObjectSequence>0.0</linkedObjectSequence>
        <name>getPersonAccountDetailsBanking</name>
        <outputCreationSequence>1.0</outputCreationSequence>
        <outputFieldName>PersonAccountId</outputFieldName>
        <outputObjectName>json</outputObjectName>
        <requiredForUpsert>false</requiredForUpsert>
        <upsertKey>false</upsertKey>
    </omniDataTransformItem>
    <omniDataTransformItem>
        <disabled>false</disabled>
        <filterGroup>0.0</filterGroup>
        <globalKey>getPersonAccountDetailsBankingCustom0jI4V000000CaX1UAKItem33</globalKey>
        <inputFieldName>Account:BillingPostalCode</inputFieldName>
        <inputObjectQuerySequence>0.0</inputObjectQuerySequence>
        <linkedObjectSequence>0.0</linkedObjectSequence>
        <name>getPersonAccountDetailsBanking</name>
        <outputCreationSequence>1.0</outputCreationSequence>
        <outputFieldName>PersonAccount:PostalCode</outputFieldName>
        <outputObjectName>json</outputObjectName>
        <requiredForUpsert>false</requiredForUpsert>
        <upsertKey>false</upsertKey>
    </omniDataTransformItem>
    <omniDataTransformItem>
        <disabled>false</disabled>
        <filterGroup>0.0</filterGroup>
        <globalKey>getPersonAccountDetailsBankingCustom5985</globalKey>
        <inputFieldName>FinancialAccount:FinServ__State__c</inputFieldName>
        <inputObjectQuerySequence>0.0</inputObjectQuerySequence>
        <linkedObjectSequence>0.0</linkedObjectSequence>
        <name>getPersonAccountDetailsBanking</name>
        <outputCreationSequence>1.0</outputCreationSequence>
        <outputFieldName>PersonAccount:FinAccounts:State</outputFieldName>
        <outputObjectName>json</outputObjectName>
        <requiredForUpsert>false</requiredForUpsert>
        <upsertKey>false</upsertKey>
    </omniDataTransformItem>
    <omniDataTransformItem>
        <disabled>false</disabled>
        <filterGroup>0.0</filterGroup>
        <globalKey>getPersonAccountDetailsBankingCustom8827</globalKey>
        <inputFieldName>FinancialAccount:Id</inputFieldName>
        <inputObjectQuerySequence>0.0</inputObjectQuerySequence>
        <linkedObjectSequence>0.0</linkedObjectSequence>
        <name>getPersonAccountDetailsBanking</name>
        <outputCreationSequence>1.0</outputCreationSequence>
        <outputFieldName>PersonAccount:FinAccounts:FinancialAccountId</outputFieldName>
        <outputObjectName>json</outputObjectName>
        <requiredForUpsert>false</requiredForUpsert>
        <upsertKey>false</upsertKey>
    </omniDataTransformItem>
    <omniDataTransformItem>
        <disabled>false</disabled>
        <filterGroup>0.0</filterGroup>
        <globalKey>getPersonAccountDetailsBankingCustom0jI4V000000CaX1UAKItem3</globalKey>
        <inputFieldName>Account:PersonBirthdate</inputFieldName>
        <inputObjectQuerySequence>0.0</inputObjectQuerySequence>
        <linkedObjectSequence>0.0</linkedObjectSequence>
        <name>getPersonAccountDetailsBanking</name>
        <outputCreationSequence>1.0</outputCreationSequence>
        <outputFieldName>PersonAccount:Birthdate</outputFieldName>
        <outputObjectName>json</outputObjectName>
        <requiredForUpsert>false</requiredForUpsert>
        <upsertKey>false</upsertKey>
    </omniDataTransformItem>
    <omniDataTransformItem>
        <disabled>false</disabled>
        <filterGroup>0.0</filterGroup>
        <filterOperator>=</filterOperator>
        <filterValue>AccountId</filterValue>
        <globalKey>getPersonAccountDetailsBankingCustom0jI4V000000CaX1UAKItem0</globalKey>
        <inputFieldName>Id</inputFieldName>
        <inputObjectName>Account</inputObjectName>
        <inputObjectQuerySequence>1.0</inputObjectQuerySequence>
        <linkedObjectSequence>0.0</linkedObjectSequence>
        <name>getPersonAccountDetailsBanking</name>
        <outputCreationSequence>0.0</outputCreationSequence>
        <outputFieldName>Account</outputFieldName>
        <outputObjectName>json</outputObjectName>
        <requiredForUpsert>false</requiredForUpsert>
        <upsertKey>false</upsertKey>
    </omniDataTransformItem>
    <omniDataTransformItem>
        <disabled>false</disabled>
        <filterGroup>0.0</filterGroup>
        <formulaConverted>| var:Account:BillingStreet | var:Account:BillingCity &apos;,/\/\/&apos; &apos;&apos; IF var:Account:BillingCity | var:Account:BillingState &apos;,/\/\/&apos; &apos;&apos; IF var:Account:BillingState | var:Account:BillingPostalCode &apos;/\/\/&apos; &apos;&apos; IF var:Account:BillingPostalCode &quot;,&quot; var:Account:BillingCountry CONCAT</formulaConverted>
        <formulaExpression>CONCAT(Account:BillingStreet,IF(Account:BillingCity,&apos;, &apos;,&apos;&apos;),Account:BillingCity,IF(Account:BillingState,&apos;, &apos;,&apos;&apos;),Account:BillingState,IF(Account:BillingPostalCode,&apos; &apos;,&apos;&apos;),Account:BillingPostalCode ,&quot;,&quot;, Account:BillingCountry)</formulaExpression>
        <formulaResultPath>formulaBillingAddress</formulaResultPath>
        <formulaSequence>1.0</formulaSequence>
        <globalKey>getPersonAccountDetailsBankingCustom0jI4V000000CaX1UAKItem2</globalKey>
        <inputObjectQuerySequence>0.0</inputObjectQuerySequence>
        <linkedObjectSequence>0.0</linkedObjectSequence>
        <name>getPersonAccountDetailsBanking</name>
        <outputCreationSequence>0.0</outputCreationSequence>
        <outputFieldName>Formula</outputFieldName>
        <outputObjectName>Formula</outputObjectName>
        <requiredForUpsert>false</requiredForUpsert>
        <upsertKey>false</upsertKey>
    </omniDataTransformItem>
    <omniDataTransformItem>
        <disabled>false</disabled>
        <filterGroup>0.0</filterGroup>
        <globalKey>getPersonAccountDetailsBankingCustom0jI4V000000CaX1UAKItem23</globalKey>
        <inputFieldName>Account:PersonEmail</inputFieldName>
        <inputObjectQuerySequence>0.0</inputObjectQuerySequence>
        <linkedObjectSequence>0.0</linkedObjectSequence>
        <name>getPersonAccountDetailsBanking</name>
        <outputCreationSequence>1.0</outputCreationSequence>
        <outputFieldName>PersonAccount:Email</outputFieldName>
        <outputObjectName>json</outputObjectName>
        <requiredForUpsert>false</requiredForUpsert>
        <upsertKey>false</upsertKey>
    </omniDataTransformItem>
    <omniDataTransformItem>
        <disabled>false</disabled>
        <filterGroup>0.0</filterGroup>
        <globalKey>getPersonAccountDetailsBankingCustom0jI4V000000CaX1UAKItem24</globalKey>
        <inputFieldName>Account:FirstName</inputFieldName>
        <inputObjectQuerySequence>0.0</inputObjectQuerySequence>
        <linkedObjectSequence>0.0</linkedObjectSequence>
        <name>getPersonAccountDetailsBanking</name>
        <outputCreationSequence>1.0</outputCreationSequence>
        <outputFieldName>PersonAccount:FirstName</outputFieldName>
        <outputObjectName>json</outputObjectName>
        <requiredForUpsert>false</requiredForUpsert>
        <upsertKey>false</upsertKey>
    </omniDataTransformItem>
    <omniDataTransformItem>
        <disabled>false</disabled>
        <filterGroup>0.0</filterGroup>
        <globalKey>getPersonAccountDetailsBankingCustom0jI4V000000CaX1UAKItem25</globalKey>
        <inputFieldName>formulaBillingAddress</inputFieldName>
        <inputObjectQuerySequence>0.0</inputObjectQuerySequence>
        <linkedObjectSequence>0.0</linkedObjectSequence>
        <name>getPersonAccountDetailsBanking</name>
        <outputCreationSequence>1.0</outputCreationSequence>
        <outputFieldName>PersonAccount:BillingAddress</outputFieldName>
        <outputObjectName>json</outputObjectName>
        <requiredForUpsert>false</requiredForUpsert>
        <upsertKey>false</upsertKey>
    </omniDataTransformItem>
    <omniDataTransformItem>
        <disabled>false</disabled>
        <filterGroup>0.0</filterGroup>
        <globalKey>getPersonAccountDetailsBankingCustom0jI4V000000CaX1UAKItem27</globalKey>
        <inputFieldName>Account:LastName</inputFieldName>
        <inputObjectQuerySequence>0.0</inputObjectQuerySequence>
        <linkedObjectSequence>0.0</linkedObjectSequence>
        <name>getPersonAccountDetailsBanking</name>
        <outputCreationSequence>1.0</outputCreationSequence>
        <outputFieldName>PersonAccount:LastName</outputFieldName>
        <outputObjectName>json</outputObjectName>
        <requiredForUpsert>false</requiredForUpsert>
        <upsertKey>false</upsertKey>
    </omniDataTransformItem>
    <omniDataTransformItem>
        <disabled>false</disabled>
        <filterGroup>0.0</filterGroup>
        <globalKey>getPersonAccountDetailsBankingCustom0jI4V000000CaX1UAKItem11</globalKey>
        <inputFieldName>Account:PersonMailingState</inputFieldName>
        <inputObjectQuerySequence>0.0</inputObjectQuerySequence>
        <linkedObjectSequence>0.0</linkedObjectSequence>
        <name>getPersonAccountDetailsBanking</name>
        <outputCreationSequence>1.0</outputCreationSequence>
        <outputFieldName>PersonAccount:Personal:State</outputFieldName>
        <outputObjectName>json</outputObjectName>
        <requiredForUpsert>false</requiredForUpsert>
        <upsertKey>false</upsertKey>
    </omniDataTransformItem>
    <omniDataTransformItem>
        <disabled>false</disabled>
        <filterGroup>0.0</filterGroup>
        <globalKey>getPersonAccountDetailsBankingCustom0jI4V000000CaX1UAKItem6</globalKey>
        <inputFieldName>Account:FINS_Send_Authentication_Text__c</inputFieldName>
        <inputObjectQuerySequence>0.0</inputObjectQuerySequence>
        <linkedObjectSequence>0.0</linkedObjectSequence>
        <name>getPersonAccountDetailsBanking</name>
        <outputCreationSequence>1.0</outputCreationSequence>
        <outputFieldName>PersonAccount:SendAuthenticationText</outputFieldName>
        <outputObjectName>json</outputObjectName>
        <requiredForUpsert>false</requiredForUpsert>
        <upsertKey>false</upsertKey>
    </omniDataTransformItem>
    <omniDataTransformItem>
        <disabled>true</disabled>
        <filterGroup>0.0</filterGroup>
        <globalKey>getPersonAccountDetailsBankingCustom0jI4V000000CaX1UAKItem28</globalKey>
        <inputFieldName>Account:MiddleName</inputFieldName>
        <inputObjectQuerySequence>0.0</inputObjectQuerySequence>
        <linkedObjectSequence>0.0</linkedObjectSequence>
        <name>getPersonAccountDetailsBanking</name>
        <outputCreationSequence>1.0</outputCreationSequence>
        <outputFieldName>PersonAccount:MiddleName</outputFieldName>
        <outputObjectName>json</outputObjectName>
        <requiredForUpsert>false</requiredForUpsert>
        <upsertKey>false</upsertKey>
    </omniDataTransformItem>
    <omniDataTransformItem>
        <disabled>false</disabled>
        <filterGroup>0.0</filterGroup>
        <globalKey>getPersonAccountDetailsBankingCustom0jI4V000000CaX1UAKItem29</globalKey>
        <inputFieldName>Account:Name</inputFieldName>
        <inputObjectQuerySequence>0.0</inputObjectQuerySequence>
        <linkedObjectSequence>0.0</linkedObjectSequence>
        <name>getPersonAccountDetailsBanking</name>
        <outputCreationSequence>1.0</outputCreationSequence>
        <outputFieldName>PersonAccount:Name</outputFieldName>
        <outputObjectName>json</outputObjectName>
        <requiredForUpsert>false</requiredForUpsert>
        <upsertKey>false</upsertKey>
    </omniDataTransformItem>
    <omniDataTransformItem>
        <disabled>false</disabled>
        <filterGroup>0.0</filterGroup>
        <globalKey>getPersonAccountDetailsBankingCustom0jI4V000000CaX1UAKItem30</globalKey>
        <inputFieldName>Account:Id</inputFieldName>
        <inputObjectQuerySequence>0.0</inputObjectQuerySequence>
        <linkedObjectSequence>0.0</linkedObjectSequence>
        <name>getPersonAccountDetailsBanking</name>
        <outputCreationSequence>1.0</outputCreationSequence>
        <outputFieldName>PersonAccount:PersonAccountId</outputFieldName>
        <outputObjectName>json</outputObjectName>
        <requiredForUpsert>false</requiredForUpsert>
        <upsertKey>false</upsertKey>
    </omniDataTransformItem>
    <omniDataTransformItem>
        <disabled>false</disabled>
        <filterGroup>0.0</filterGroup>
        <globalKey>getPersonAccountDetailsBankingCustom0jI4V000000CaX1UAKItem31</globalKey>
        <inputFieldName>Account:PersonMailingPostalCode</inputFieldName>
        <inputObjectQuerySequence>0.0</inputObjectQuerySequence>
        <linkedObjectSequence>0.0</linkedObjectSequence>
        <name>getPersonAccountDetailsBanking</name>
        <outputCreationSequence>1.0</outputCreationSequence>
        <outputFieldName>PersonAccount:Personal:Postal</outputFieldName>
        <outputObjectName>json</outputObjectName>
        <requiredForUpsert>false</requiredForUpsert>
        <upsertKey>false</upsertKey>
    </omniDataTransformItem>
    <omniDataTransformItem>
        <disabled>false</disabled>
        <filterGroup>0.0</filterGroup>
        <globalKey>getPersonAccountDetailsBankingCustom0jI4V000000CaX1UAKItem32</globalKey>
        <inputFieldName>Account:PersonMailingCountry</inputFieldName>
        <inputObjectQuerySequence>0.0</inputObjectQuerySequence>
        <linkedObjectSequence>0.0</linkedObjectSequence>
        <name>getPersonAccountDetailsBanking</name>
        <outputCreationSequence>1.0</outputCreationSequence>
        <outputFieldName>PersonAccount:Personal:Country</outputFieldName>
        <outputObjectName>json</outputObjectName>
        <requiredForUpsert>false</requiredForUpsert>
        <upsertKey>false</upsertKey>
    </omniDataTransformItem>
    <omniDataTransformItem>
        <disabled>false</disabled>
        <filterGroup>1.0</filterGroup>
        <filterOperator>=</filterOperator>
        <filterValue>AccountId</filterValue>
        <globalKey>getPersonAccountDetailsBankingCustom593</globalKey>
        <inputFieldName>FinServ__JointOwner__c</inputFieldName>
        <inputObjectName>FinServ__FinancialAccount__c</inputObjectName>
        <inputObjectQuerySequence>2.0</inputObjectQuerySequence>
        <linkedObjectSequence>0.0</linkedObjectSequence>
        <name>getPersonAccountDetailsBanking</name>
        <outputCreationSequence>0.0</outputCreationSequence>
        <outputFieldName>FinancialAccount</outputFieldName>
        <outputObjectName>json</outputObjectName>
        <requiredForUpsert>false</requiredForUpsert>
        <upsertKey>false</upsertKey>
    </omniDataTransformItem>
    <omniDataTransformItem>
        <disabled>false</disabled>
        <filterGroup>0.0</filterGroup>
        <filterOperator>=</filterOperator>
        <filterValue>AccountId</filterValue>
        <globalKey>getPersonAccountDetailsBankingCustom8809</globalKey>
        <inputFieldName>FinServ__PrimaryOwner__c</inputFieldName>
        <inputObjectName>FinServ__FinancialAccount__c</inputObjectName>
        <inputObjectQuerySequence>2.0</inputObjectQuerySequence>
        <linkedObjectSequence>0.0</linkedObjectSequence>
        <name>getPersonAccountDetailsBanking</name>
        <outputCreationSequence>0.0</outputCreationSequence>
        <outputFieldName>FinancialAccount</outputFieldName>
        <outputObjectName>json</outputObjectName>
        <requiredForUpsert>false</requiredForUpsert>
        <upsertKey>false</upsertKey>
    </omniDataTransformItem>
    <outputType>JSON</outputType>
    <previewJsonData>{
  &quot;AccountId&quot; : &quot;0014V00003rGRHOQA4&quot;
}</previewJsonData>
    <processSuperBulk>false</processSuperBulk>
    <responseCacheTtlMinutes>0.0</responseCacheTtlMinutes>
    <rollbackOnError>false</rollbackOnError>
    <sourceObject>json</sourceObject>
    <sourceObjectDefault>false</sourceObjectDefault>
    <synchronousProcessThreshold>-1.0</synchronousProcessThreshold>
    <type>Extract</type>
    <uniqueName>getPersonAccountDetailsBanking_1</uniqueName>
    <versionNumber>1.0</versionNumber>
    <xmlDeclarationRemoved>false</xmlDeclarationRemoved>
</OmniDataTransform>
