<?xml version="1.0" encoding="UTF-8"?>
<OmniDataTransform xmlns="http://soap.sforce.com/2006/04/metadata">
    <active>true</active>
    <assignmentRulesUsed>false</assignmentRulesUsed>
    <deletedOnSuccess>false</deletedOnSuccess>
    <errorIgnored>false</errorIgnored>
    <fieldLevelSecurityEnabled>false</fieldLevelSecurityEnabled>
    <inputType>JSON</inputType>
    <name>getRegEContextFromFAId</name>
    <nullInputsIncludedInOutput>false</nullInputsIncludedInOutput>
    <omniDataTransformItem>
        <disabled>false</disabled>
        <filterGroup>0.0</filterGroup>
        <formulaConverted>| var:finAcct:FinServ__PrimaryOwner__r.BillingStreet &quot;,/\/\/&quot; var:finAcct:FinServ__PrimaryOwner__r.BillingCity &quot;,/\/\/&quot; var:finAcct:FinServ__PrimaryOwner__r.BillingState &quot;/\/\/&quot; var:finAcct:FinServ__PrimaryOwner__r.BillingPostalCode CONCAT</formulaConverted>
        <formulaExpression>CONCAT(finAcct:FinServ__PrimaryOwner__r.BillingStreet, &quot;, &quot;, finAcct:FinServ__PrimaryOwner__r.BillingCity, &quot;, &quot;, finAcct:FinServ__PrimaryOwner__r.BillingState, &quot; &quot;, finAcct:FinServ__PrimaryOwner__r.BillingPostalCode)</formulaExpression>
        <formulaResultPath>finAcct:fBillingAddress</formulaResultPath>
        <formulaSequence>1.0</formulaSequence>
        <globalKey>63e70fa1-8ab1-407b-acaf-aedf145b887f</globalKey>
        <inputObjectQuerySequence>0.0</inputObjectQuerySequence>
        <linkedObjectSequence>0.0</linkedObjectSequence>
        <name>getRegEContextFromFAId</name>
        <outputCreationSequence>0.0</outputCreationSequence>
        <outputFieldName>Formula</outputFieldName>
        <outputObjectName>Formula</outputObjectName>
        <requiredForUpsert>false</requiredForUpsert>
        <upsertKey>false</upsertKey>
    </omniDataTransformItem>
    <omniDataTransformItem>
        <disabled>false</disabled>
        <filterGroup>0.0</filterGroup>
        <filterOperator>=</filterOperator>
        <filterValue>financialAccountId</filterValue>
        <globalKey>d213b1ea-4bc5-40ce-867d-c5e23c0670b0</globalKey>
        <inputFieldName>Id</inputFieldName>
        <inputObjectName>FinServ__FinancialAccount__c</inputObjectName>
        <inputObjectQuerySequence>1.0</inputObjectQuerySequence>
        <linkedObjectSequence>0.0</linkedObjectSequence>
        <name>getRegEContextFromFAId</name>
        <outputCreationSequence>0.0</outputCreationSequence>
        <outputFieldName>finAcct</outputFieldName>
        <outputObjectName>json</outputObjectName>
        <requiredForUpsert>false</requiredForUpsert>
        <upsertKey>false</upsertKey>
    </omniDataTransformItem>
    <omniDataTransformItem>
        <disabled>false</disabled>
        <filterGroup>0.0</filterGroup>
        <globalKey>2909feb2-a849-4c9a-a02f-b8b1d74dd50a</globalKey>
        <inputFieldName>finAcct:FinServ__FinancialAccountNumber__c</inputFieldName>
        <inputObjectQuerySequence>0.0</inputObjectQuerySequence>
        <linkedObjectSequence>0.0</linkedObjectSequence>
        <name>getRegEContextFromFAId</name>
        <outputCreationSequence>1.0</outputCreationSequence>
        <outputFieldName>financialAccountNumber</outputFieldName>
        <outputObjectName>json</outputObjectName>
        <requiredForUpsert>false</requiredForUpsert>
        <upsertKey>false</upsertKey>
    </omniDataTransformItem>
    <omniDataTransformItem>
        <disabled>false</disabled>
        <filterGroup>0.0</filterGroup>
        <globalKey>a6cde138-90fe-42a1-9048-71788a2915da</globalKey>
        <inputFieldName>finAcct:Name</inputFieldName>
        <inputObjectQuerySequence>0.0</inputObjectQuerySequence>
        <linkedObjectSequence>0.0</linkedObjectSequence>
        <name>getRegEContextFromFAId</name>
        <outputCreationSequence>1.0</outputCreationSequence>
        <outputFieldName>financialAccountName</outputFieldName>
        <outputObjectName>json</outputObjectName>
        <requiredForUpsert>false</requiredForUpsert>
        <upsertKey>false</upsertKey>
    </omniDataTransformItem>
    <omniDataTransformItem>
        <defaultValue>init</defaultValue>
        <disabled>false</disabled>
        <filterGroup>0.0</filterGroup>
        <globalKey>9efe3a03-29ab-4d98-a3aa-6a03a221a1d1</globalKey>
        <inputObjectQuerySequence>0.0</inputObjectQuerySequence>
        <linkedObjectSequence>0.0</linkedObjectSequence>
        <name>getRegEContextFromFAId</name>
        <outputCreationSequence>1.0</outputCreationSequence>
        <outputFieldName>showSummary</outputFieldName>
        <outputObjectName>json</outputObjectName>
        <requiredForUpsert>false</requiredForUpsert>
        <upsertKey>false</upsertKey>
    </omniDataTransformItem>
    <omniDataTransformItem>
        <disabled>false</disabled>
        <filterGroup>0.0</filterGroup>
        <globalKey>a2be4dc9-7414-45f8-ba5d-d7ccf2ed2c20</globalKey>
        <inputFieldName>finAcct:LastStatementDate__c</inputFieldName>
        <inputObjectQuerySequence>0.0</inputObjectQuerySequence>
        <linkedObjectSequence>0.0</linkedObjectSequence>
        <name>getRegEContextFromFAId</name>
        <outputCreationSequence>1.0</outputCreationSequence>
        <outputFieldName>lastStatementDate</outputFieldName>
        <outputObjectName>json</outputObjectName>
        <requiredForUpsert>false</requiredForUpsert>
        <upsertKey>false</upsertKey>
    </omniDataTransformItem>
    <omniDataTransformItem>
        <disabled>false</disabled>
        <filterGroup>0.0</filterGroup>
        <globalKey>6a80f5ba-bca7-44cf-afb8-06ab1daa6223</globalKey>
        <inputFieldName>finAcct:fBillingAddress</inputFieldName>
        <inputObjectQuerySequence>0.0</inputObjectQuerySequence>
        <linkedObjectSequence>0.0</linkedObjectSequence>
        <name>getRegEContextFromFAId</name>
        <outputCreationSequence>1.0</outputCreationSequence>
        <outputFieldName>billingAddress</outputFieldName>
        <outputObjectName>json</outputObjectName>
        <requiredForUpsert>false</requiredForUpsert>
        <upsertKey>false</upsertKey>
    </omniDataTransformItem>
    <omniDataTransformItem>
        <disabled>false</disabled>
        <filterGroup>0.0</filterGroup>
        <globalKey>58f13e6d-8e24-47a3-903e-0350cd16a3b7</globalKey>
        <inputFieldName>finAcct:FinServ__PrimaryOwner__r.PersonContactId</inputFieldName>
        <inputObjectQuerySequence>0.0</inputObjectQuerySequence>
        <linkedObjectSequence>0.0</linkedObjectSequence>
        <name>getRegEContextFromFAId</name>
        <outputCreationSequence>1.0</outputCreationSequence>
        <outputFieldName>contactId</outputFieldName>
        <outputObjectName>json</outputObjectName>
        <requiredForUpsert>false</requiredForUpsert>
        <upsertKey>false</upsertKey>
    </omniDataTransformItem>
    <omniDataTransformItem>
        <disabled>false</disabled>
        <filterGroup>0.0</filterGroup>
        <globalKey>e785c0f4-e9b6-4407-aef3-4e87c6fd2f5b</globalKey>
        <inputFieldName>finAcct:FinServ__PrimaryOwner__c</inputFieldName>
        <inputObjectQuerySequence>0.0</inputObjectQuerySequence>
        <linkedObjectSequence>0.0</linkedObjectSequence>
        <name>getRegEContextFromFAId</name>
        <outputCreationSequence>1.0</outputCreationSequence>
        <outputFieldName>accountId</outputFieldName>
        <outputObjectName>json</outputObjectName>
        <requiredForUpsert>false</requiredForUpsert>
        <upsertKey>false</upsertKey>
    </omniDataTransformItem>
    <omniDataTransformItem>
        <defaultValue>Fraud</defaultValue>
        <disabled>false</disabled>
        <filterGroup>0.0</filterGroup>
        <globalKey>b1469176-3ccc-4bd0-9b9f-6c2d51f236df</globalKey>
        <inputObjectQuerySequence>0.0</inputObjectQuerySequence>
        <linkedObjectSequence>0.0</linkedObjectSequence>
        <name>getRegEContextFromFAId</name>
        <outputCreationSequence>1.0</outputCreationSequence>
        <outputFieldName>inboundRequest</outputFieldName>
        <outputObjectName>json</outputObjectName>
        <requiredForUpsert>false</requiredForUpsert>
        <upsertKey>false</upsertKey>
    </omniDataTransformItem>
    <omniDataTransformItem>
        <disabled>false</disabled>
        <filterGroup>0.0</filterGroup>
        <globalKey>98559bb8-d5d4-4d1c-9a4b-69b2eea57fe0</globalKey>
        <inputFieldName>finAcct:FinServ__FinancialAccountType__c</inputFieldName>
        <inputObjectQuerySequence>0.0</inputObjectQuerySequence>
        <linkedObjectSequence>0.0</linkedObjectSequence>
        <name>getRegEContextFromFAId</name>
        <outputCreationSequence>1.0</outputCreationSequence>
        <outputFieldName>financialAccountType</outputFieldName>
        <outputObjectName>json</outputObjectName>
        <requiredForUpsert>false</requiredForUpsert>
        <upsertKey>false</upsertKey>
    </omniDataTransformItem>
    <outputType>JSON</outputType>
    <previewJsonData>{
  &quot;financialAccountId&quot; : &quot;a4l8X000000QSWzQAO&quot;
}</previewJsonData>
    <processSuperBulk>false</processSuperBulk>
    <responseCacheTtlMinutes>0.0</responseCacheTtlMinutes>
    <rollbackOnError>false</rollbackOnError>
    <sourceObject>json</sourceObject>
    <sourceObjectDefault>false</sourceObjectDefault>
    <synchronousProcessThreshold>0.0</synchronousProcessThreshold>
    <type>Extract</type>
    <uniqueName>getRegEContextFromFAId_1</uniqueName>
    <versionNumber>1.0</versionNumber>
    <xmlDeclarationRemoved>false</xmlDeclarationRemoved>
</OmniDataTransform>
