<?xml version="1.0" encoding="UTF-8"?>
<OmniDataTransform xmlns="http://soap.sforce.com/2006/04/metadata">
    <active>false</active>
    <assignmentRulesUsed>false</assignmentRulesUsed>
    <deletedOnSuccess>false</deletedOnSuccess>
    <description>Lending IDO Team</description>
    <errorIgnored>false</errorIgnored>
    <expectedOutputJson>{
  &quot;Oppty&quot; : {
    &quot;LoanApplication&quot; : {
      &quot;LoanAsset&quot; : {
        &quot;FinancialInstitution&quot; : &quot;Text&quot;,
        &quot;CashOrMarketValue&quot; : &quot;Text&quot;,
        &quot;AccountNumber&quot; : &quot;Text&quot;,
        &quot;AccountType&quot; : &quot;Text&quot;,
        &quot;IsJointAsset&quot; : &quot;Text&quot;,
        &quot;Id&quot; : &quot;Text&quot;
      }
    }
  }
}</expectedOutputJson>
    <fieldLevelSecurityEnabled>false</fieldLevelSecurityEnabled>
    <inputType>JSON</inputType>
    <name>LendingGetLoanApplicationInfo</name>
    <nullInputsIncludedInOutput>false</nullInputsIncludedInOutput>
    <omniDataTransformItem>
        <disabled>false</disabled>
        <filterGroup>0.0</filterGroup>
        <globalKey>LendingGetLoanApplicationInfo24281721531471923</globalKey>
        <inputFieldName>Oppty:LoanApplication:LoanAsset:FinancialInstitutionName</inputFieldName>
        <inputObjectQuerySequence>0.0</inputObjectQuerySequence>
        <linkedObjectSequence>0.0</linkedObjectSequence>
        <name>LendingGetLoanApplicationInfo</name>
        <outputCreationSequence>1.0</outputCreationSequence>
        <outputFieldName>Oppty:LoanApplication:LoanAsset:FinancialInstitution</outputFieldName>
        <outputObjectName>json</outputObjectName>
        <requiredForUpsert>false</requiredForUpsert>
        <upsertKey>false</upsertKey>
    </omniDataTransformItem>
    <omniDataTransformItem>
        <disabled>false</disabled>
        <filterGroup>0.0</filterGroup>
        <globalKey>LendingGetLoanApplicationInfo6695441595494216</globalKey>
        <inputFieldName>Oppty:LoanApplication:Id</inputFieldName>
        <inputObjectQuerySequence>0.0</inputObjectQuerySequence>
        <linkedObjectSequence>0.0</linkedObjectSequence>
        <name>LendingGetLoanApplicationInfo</name>
        <outputCreationSequence>1.0</outputCreationSequence>
        <outputFieldName>Oppty:LoanApplication:Id</outputFieldName>
        <outputObjectName>json</outputObjectName>
        <requiredForUpsert>false</requiredForUpsert>
        <upsertKey>false</upsertKey>
    </omniDataTransformItem>
    <omniDataTransformItem>
        <disabled>false</disabled>
        <filterGroup>0.0</filterGroup>
        <globalKey>LendingGetLoanApplicationInfo15207261227037794</globalKey>
        <inputFieldName>Oppty:LoanApplication:LoanAsset:Id</inputFieldName>
        <inputObjectQuerySequence>0.0</inputObjectQuerySequence>
        <linkedObjectSequence>0.0</linkedObjectSequence>
        <name>LendingGetLoanApplicationInfo</name>
        <outputCreationSequence>1.0</outputCreationSequence>
        <outputFieldName>Oppty:LoanApplication:LoanAsset:Id</outputFieldName>
        <outputObjectName>json</outputObjectName>
        <requiredForUpsert>false</requiredForUpsert>
        <upsertKey>false</upsertKey>
    </omniDataTransformItem>
    <omniDataTransformItem>
        <disabled>false</disabled>
        <filterGroup>0.0</filterGroup>
        <globalKey>LendingGetLoanApplicationInfo7346141530463013</globalKey>
        <inputFieldName>Oppty:LoanApplication:LoanLiability:Id</inputFieldName>
        <inputObjectQuerySequence>0.0</inputObjectQuerySequence>
        <linkedObjectSequence>0.0</linkedObjectSequence>
        <name>LendingGetLoanApplicationInfo</name>
        <outputCreationSequence>1.0</outputCreationSequence>
        <outputFieldName>Oppty:LoanApplication:LoanLiability:Id</outputFieldName>
        <outputObjectName>json</outputObjectName>
        <requiredForUpsert>false</requiredForUpsert>
        <upsertKey>false</upsertKey>
    </omniDataTransformItem>
    <omniDataTransformItem>
        <disabled>false</disabled>
        <filterGroup>0.0</filterGroup>
        <globalKey>LendingGetLoanApplicationInfo7991744112189885</globalKey>
        <inputFieldName>Oppty:LoanApplication:LoanLiability:AccountNumber</inputFieldName>
        <inputObjectQuerySequence>0.0</inputObjectQuerySequence>
        <linkedObjectSequence>0.0</linkedObjectSequence>
        <name>LendingGetLoanApplicationInfo</name>
        <outputCreationSequence>1.0</outputCreationSequence>
        <outputFieldName>Oppty:LoanApplication:LoanLiability:AccountNumber</outputFieldName>
        <outputObjectName>json</outputObjectName>
        <requiredForUpsert>false</requiredForUpsert>
        <upsertKey>false</upsertKey>
    </omniDataTransformItem>
    <omniDataTransformItem>
        <disabled>false</disabled>
        <filterGroup>0.0</filterGroup>
        <filterOperator>=</filterOperator>
        <filterValue>Oppty:LoanApplication:Id</filterValue>
        <globalKey>LendingGetLoanApplicationInfo9742990785322883</globalKey>
        <inputFieldName>LoanApplicationId</inputFieldName>
        <inputObjectName>LoanApplicationAsset</inputObjectName>
        <inputObjectQuerySequence>3.0</inputObjectQuerySequence>
        <linkedObjectSequence>0.0</linkedObjectSequence>
        <name>LendingGetLoanApplicationInfo</name>
        <outputCreationSequence>0.0</outputCreationSequence>
        <outputFieldName>Oppty:LoanApplication:LoanAsset</outputFieldName>
        <outputObjectName>json</outputObjectName>
        <requiredForUpsert>false</requiredForUpsert>
        <upsertKey>false</upsertKey>
    </omniDataTransformItem>
    <omniDataTransformItem>
        <disabled>false</disabled>
        <filterGroup>0.0</filterGroup>
        <globalKey>LendingGetLoanApplicationInfo7516766418498617</globalKey>
        <inputFieldName>Oppty:LoanApplication:LoanLiability:AccountType</inputFieldName>
        <inputObjectQuerySequence>0.0</inputObjectQuerySequence>
        <linkedObjectSequence>0.0</linkedObjectSequence>
        <name>LendingGetLoanApplicationInfo</name>
        <outputCreationSequence>1.0</outputCreationSequence>
        <outputFieldName>Oppty:LoanApplication:LoanLiability:AccountType</outputFieldName>
        <outputObjectName>json</outputObjectName>
        <requiredForUpsert>false</requiredForUpsert>
        <upsertKey>false</upsertKey>
    </omniDataTransformItem>
    <omniDataTransformItem>
        <disabled>false</disabled>
        <filterGroup>0.0</filterGroup>
        <filterOperator>=</filterOperator>
        <filterValue>Oppty:Id</filterValue>
        <globalKey>LendingGetLoanApplicationInfo9196946677655058</globalKey>
        <inputFieldName>OpportunityId</inputFieldName>
        <inputObjectName>ResidentialLoanApplication</inputObjectName>
        <inputObjectQuerySequence>2.0</inputObjectQuerySequence>
        <linkedObjectSequence>0.0</linkedObjectSequence>
        <name>LendingGetLoanApplicationInfo</name>
        <outputCreationSequence>0.0</outputCreationSequence>
        <outputFieldName>Oppty:LoanApplication</outputFieldName>
        <outputObjectName>json</outputObjectName>
        <requiredForUpsert>false</requiredForUpsert>
        <upsertKey>false</upsertKey>
    </omniDataTransformItem>
    <omniDataTransformItem>
        <disabled>false</disabled>
        <filterGroup>0.0</filterGroup>
        <globalKey>LendingGetLoanApplicationInfo1220302673868241</globalKey>
        <inputFieldName>Oppty:LoanApplication:LoanLiability:CreditorName</inputFieldName>
        <inputObjectQuerySequence>0.0</inputObjectQuerySequence>
        <linkedObjectSequence>0.0</linkedObjectSequence>
        <name>LendingGetLoanApplicationInfo</name>
        <outputCreationSequence>1.0</outputCreationSequence>
        <outputFieldName>Oppty:LoanApplication:LoanLiability:AccountName</outputFieldName>
        <outputObjectName>json</outputObjectName>
        <requiredForUpsert>false</requiredForUpsert>
        <upsertKey>false</upsertKey>
    </omniDataTransformItem>
    <omniDataTransformItem>
        <disabled>false</disabled>
        <filterGroup>0.0</filterGroup>
        <globalKey>LendingGetLoanApplicationInfo695248297726978</globalKey>
        <inputFieldName>Oppty:LoanApplication:LoanLiability:MonthlyPaymentAmount</inputFieldName>
        <inputObjectQuerySequence>0.0</inputObjectQuerySequence>
        <linkedObjectSequence>0.0</linkedObjectSequence>
        <name>LendingGetLoanApplicationInfo</name>
        <outputCreationSequence>1.0</outputCreationSequence>
        <outputFieldName>Oppty:LoanApplication:LoanLiability:MonthlyPayment</outputFieldName>
        <outputObjectName>json</outputObjectName>
        <requiredForUpsert>false</requiredForUpsert>
        <upsertKey>false</upsertKey>
    </omniDataTransformItem>
    <omniDataTransformItem>
        <disabled>false</disabled>
        <filterGroup>0.0</filterGroup>
        <globalKey>LendingGetLoanApplicationInfo9238678150554316</globalKey>
        <inputFieldName>Oppty:LoanApplication:LoanLiability:UnpaidBalanceAmount</inputFieldName>
        <inputObjectQuerySequence>0.0</inputObjectQuerySequence>
        <linkedObjectSequence>0.0</linkedObjectSequence>
        <name>LendingGetLoanApplicationInfo</name>
        <outputCreationSequence>1.0</outputCreationSequence>
        <outputFieldName>Oppty:LoanApplication:LoanLiability:UnpaidBalance</outputFieldName>
        <outputObjectName>json</outputObjectName>
        <requiredForUpsert>false</requiredForUpsert>
        <upsertKey>false</upsertKey>
    </omniDataTransformItem>
    <omniDataTransformItem>
        <disabled>false</disabled>
        <filterGroup>1.0</filterGroup>
        <filterOperator>=</filterOperator>
        <filterValue>Oppty:LoanApplication:Id</filterValue>
        <globalKey>LendingGetLoanApplicationInfo3645574154292963</globalKey>
        <inputFieldName>LoanApplicationId</inputFieldName>
        <inputObjectName>LoanApplicationLiability</inputObjectName>
        <inputObjectQuerySequence>4.0</inputObjectQuerySequence>
        <linkedObjectSequence>0.0</linkedObjectSequence>
        <name>LendingGetLoanApplicationInfo</name>
        <outputCreationSequence>0.0</outputCreationSequence>
        <outputFieldName>Oppty:LoanApplication:LoanLiability</outputFieldName>
        <outputObjectName>json</outputObjectName>
        <requiredForUpsert>false</requiredForUpsert>
        <upsertKey>false</upsertKey>
    </omniDataTransformItem>
    <omniDataTransformItem>
        <disabled>false</disabled>
        <filterGroup>0.0</filterGroup>
        <globalKey>LendingGetLoanApplicationInfo5216910925668572</globalKey>
        <inputFieldName>Oppty:LoanApplication:LoanAsset:CashOrMarketValue</inputFieldName>
        <inputObjectQuerySequence>0.0</inputObjectQuerySequence>
        <linkedObjectSequence>0.0</linkedObjectSequence>
        <name>LendingGetLoanApplicationInfo</name>
        <outputCreationSequence>1.0</outputCreationSequence>
        <outputFieldName>Oppty:LoanApplication:LoanAsset:CashOrMarketValue</outputFieldName>
        <outputObjectName>json</outputObjectName>
        <requiredForUpsert>false</requiredForUpsert>
        <upsertKey>false</upsertKey>
    </omniDataTransformItem>
    <omniDataTransformItem>
        <disabled>false</disabled>
        <filterGroup>0.0</filterGroup>
        <filterOperator>=</filterOperator>
        <filterValue>OpptyId</filterValue>
        <globalKey>LendingGetLoanApplicationInfo7267940185110335</globalKey>
        <inputFieldName>Id</inputFieldName>
        <inputObjectName>Opportunity</inputObjectName>
        <inputObjectQuerySequence>1.0</inputObjectQuerySequence>
        <linkedObjectSequence>0.0</linkedObjectSequence>
        <name>LendingGetLoanApplicationInfo</name>
        <outputCreationSequence>0.0</outputCreationSequence>
        <outputFieldName>Oppty</outputFieldName>
        <outputObjectName>json</outputObjectName>
        <requiredForUpsert>false</requiredForUpsert>
        <upsertKey>false</upsertKey>
    </omniDataTransformItem>
    <omniDataTransformItem>
        <disabled>false</disabled>
        <filterGroup>0.0</filterGroup>
        <globalKey>LendingGetLoanApplicationInfo9164933310760843</globalKey>
        <inputFieldName>Oppty:LoanApplication:LoanAsset:AccountNumber</inputFieldName>
        <inputObjectQuerySequence>0.0</inputObjectQuerySequence>
        <linkedObjectSequence>0.0</linkedObjectSequence>
        <name>LendingGetLoanApplicationInfo</name>
        <outputCreationSequence>1.0</outputCreationSequence>
        <outputFieldName>Oppty:LoanApplication:LoanAsset:AccountNumber</outputFieldName>
        <outputObjectName>json</outputObjectName>
        <requiredForUpsert>false</requiredForUpsert>
        <upsertKey>false</upsertKey>
    </omniDataTransformItem>
    <omniDataTransformItem>
        <disabled>false</disabled>
        <filterGroup>0.0</filterGroup>
        <globalKey>LendingGetLoanApplicationInfo5332949047823858</globalKey>
        <inputFieldName>Oppty:LoanApplication:Name</inputFieldName>
        <inputObjectQuerySequence>0.0</inputObjectQuerySequence>
        <linkedObjectSequence>0.0</linkedObjectSequence>
        <name>LendingGetLoanApplicationInfo</name>
        <outputCreationSequence>1.0</outputCreationSequence>
        <outputFieldName>Oppty:LoanApplication:Name</outputFieldName>
        <outputObjectName>json</outputObjectName>
        <requiredForUpsert>false</requiredForUpsert>
        <upsertKey>false</upsertKey>
    </omniDataTransformItem>
    <omniDataTransformItem>
        <disabled>false</disabled>
        <filterGroup>0.0</filterGroup>
        <globalKey>LendingGetLoanApplicationInfo3133315081631882</globalKey>
        <inputFieldName>Oppty:LoanApplication:LoanAsset:AccountType</inputFieldName>
        <inputObjectQuerySequence>0.0</inputObjectQuerySequence>
        <linkedObjectSequence>0.0</linkedObjectSequence>
        <name>LendingGetLoanApplicationInfo</name>
        <outputCreationSequence>1.0</outputCreationSequence>
        <outputFieldName>Oppty:LoanApplication:LoanAsset:AccountType</outputFieldName>
        <outputObjectName>json</outputObjectName>
        <requiredForUpsert>false</requiredForUpsert>
        <upsertKey>false</upsertKey>
    </omniDataTransformItem>
    <omniDataTransformItem>
        <disabled>false</disabled>
        <filterGroup>0.0</filterGroup>
        <globalKey>LendingGetLoanApplicationInfo30093879519383493</globalKey>
        <inputFieldName>Oppty:LoanApplication:LoanAsset:IsJointAsset</inputFieldName>
        <inputObjectQuerySequence>0.0</inputObjectQuerySequence>
        <linkedObjectSequence>0.0</linkedObjectSequence>
        <name>LendingGetLoanApplicationInfo</name>
        <outputCreationSequence>1.0</outputCreationSequence>
        <outputFieldName>Oppty:LoanApplication:LoanAsset:IsJointAsset</outputFieldName>
        <outputObjectName>json</outputObjectName>
        <requiredForUpsert>false</requiredForUpsert>
        <transformValuesMappings>{
  &quot;true&quot; : &quot;utility:check&quot;,
  &quot;false&quot; : &quot;utility:close&quot;
}</transformValuesMappings>
        <upsertKey>false</upsertKey>
    </omniDataTransformItem>
    <outputType>JSON</outputType>
    <previewJsonData>{
  &quot;OpptyId&quot; : &quot;006Ho00000UO7ixIAD&quot;
}</previewJsonData>
    <processSuperBulk>false</processSuperBulk>
    <responseCacheTtlMinutes>0.0</responseCacheTtlMinutes>
    <rollbackOnError>false</rollbackOnError>
    <sourceObject>json</sourceObject>
    <sourceObjectDefault>false</sourceObjectDefault>
    <synchronousProcessThreshold>0.0</synchronousProcessThreshold>
    <type>Extract</type>
    <uniqueName>LendingGetLoanApplicationInfo_1</uniqueName>
    <versionNumber>1.0</versionNumber>
    <xmlDeclarationRemoved>false</xmlDeclarationRemoved>
</OmniDataTransform>
