<?xml version="1.0" encoding="UTF-8"?>
<OmniDataTransform xmlns="http://soap.sforce.com/2006/04/metadata">
    <active>true</active>
    <assignmentRulesUsed>false</assignmentRulesUsed>
    <deletedOnSuccess>false</deletedOnSuccess>
    <errorIgnored>false</errorIgnored>
    <expectedOutputJson>{
  &quot;finAccts&quot; : {
    &quot;pendingWithdrawals&quot; : 1,
    &quot;performanceMTD&quot; : 0,
    &quot;performanceYTD&quot; : 0,
    &quot;policyTerm&quot; : 0,
    &quot;principalBalance&quot; : 0,
    &quot;financialAccountType&quot; : 0,
    &quot;routingNumber&quot; : 0,
    &quot;serviceProvider&quot; : 0,
    &quot;sourceSystemId&quot; : 0,
    &quot;totalCreditLimit&quot; : 0,
    &quot;Type&quot; : 0,
    &quot;Id&quot; : &quot;Id&quot;,
    &quot;Name&quot; : &quot;Name&quot;
  }
}</expectedOutputJson>
    <fieldLevelSecurityEnabled>false</fieldLevelSecurityEnabled>
    <inputType>JSON</inputType>
    <name>myFetchFinancialAccountDetails</name>
    <nullInputsIncludedInOutput>false</nullInputsIncludedInOutput>
    <omniDataTransformItem>
        <disabled>false</disabled>
        <filterGroup>0.0</filterGroup>
        <globalKey>20fb99e5-69ad-47f6-b070-532251e394d4</globalKey>
        <inputFieldName>FinancialAccounts:fSummaryLineName</inputFieldName>
        <inputObjectQuerySequence>0.0</inputObjectQuerySequence>
        <linkedObjectSequence>0.0</linkedObjectSequence>
        <name>myFetchFinancialAccountDetails</name>
        <outputCreationSequence>1.0</outputCreationSequence>
        <outputFieldName>finAccts:summaryLineName</outputFieldName>
        <outputObjectName>json</outputObjectName>
        <requiredForUpsert>false</requiredForUpsert>
        <upsertKey>false</upsertKey>
    </omniDataTransformItem>
    <omniDataTransformItem>
        <disabled>false</disabled>
        <filterGroup>0.0</filterGroup>
        <globalKey>4afbbe7f-8fab-4a92-962e-16a911d4f7b5</globalKey>
        <inputFieldName>FinancialAccounts:FinServ__LastTransactionDate__c</inputFieldName>
        <inputObjectQuerySequence>0.0</inputObjectQuerySequence>
        <linkedObjectSequence>0.0</linkedObjectSequence>
        <name>myFetchFinancialAccountDetails</name>
        <outputCreationSequence>1.0</outputCreationSequence>
        <outputFieldName>finAccts:lastTransactionDate</outputFieldName>
        <outputObjectName>json</outputObjectName>
        <requiredForUpsert>false</requiredForUpsert>
        <upsertKey>false</upsertKey>
    </omniDataTransformItem>
    <omniDataTransformItem>
        <disabled>false</disabled>
        <filterGroup>0.0</filterGroup>
        <globalKey>b103a028-34b2-44ba-8e7a-f7b0514ba998</globalKey>
        <inputFieldName>FinancialAccounts:fDaysAgo</inputFieldName>
        <inputObjectQuerySequence>0.0</inputObjectQuerySequence>
        <linkedObjectSequence>0.0</linkedObjectSequence>
        <name>myFetchFinancialAccountDetails</name>
        <outputCreationSequence>1.0</outputCreationSequence>
        <outputFieldName>finAccts:daysAgo</outputFieldName>
        <outputObjectName>json</outputObjectName>
        <requiredForUpsert>false</requiredForUpsert>
        <upsertKey>false</upsertKey>
    </omniDataTransformItem>
    <omniDataTransformItem>
        <disabled>false</disabled>
        <filterGroup>0.0</filterGroup>
        <globalKey>1d9f7c5b-e8e8-46dd-8709-a56f6c8338d7</globalKey>
        <inputFieldName>FinancialAccounts:FinServ__LoanTermMonths__c</inputFieldName>
        <inputObjectQuerySequence>0.0</inputObjectQuerySequence>
        <linkedObjectSequence>0.0</linkedObjectSequence>
        <name>myFetchFinancialAccountDetails</name>
        <outputCreationSequence>1.0</outputCreationSequence>
        <outputFieldName>finAccts:loanTerm</outputFieldName>
        <outputObjectName>json</outputObjectName>
        <requiredForUpsert>false</requiredForUpsert>
        <upsertKey>false</upsertKey>
    </omniDataTransformItem>
    <omniDataTransformItem>
        <disabled>false</disabled>
        <filterGroup>0.0</filterGroup>
        <globalKey>9aea388c-2ad4-4796-83cb-4f4e03b51f25</globalKey>
        <inputFieldName>FinancialAccounts:FinServ__Balance__c</inputFieldName>
        <inputObjectQuerySequence>0.0</inputObjectQuerySequence>
        <linkedObjectSequence>0.0</linkedObjectSequence>
        <name>myFetchFinancialAccountDetails</name>
        <outputCreationSequence>1.0</outputCreationSequence>
        <outputFieldName>finAccts:Balance</outputFieldName>
        <outputObjectName>json</outputObjectName>
        <requiredForUpsert>false</requiredForUpsert>
        <upsertKey>false</upsertKey>
    </omniDataTransformItem>
    <omniDataTransformItem>
        <disabled>false</disabled>
        <filterGroup>0.0</filterGroup>
        <globalKey>87a1b5fe-c13f-4daa-bf07-194abd1b69c1</globalKey>
        <inputFieldName>FinancialAccounts:FinServ__PerformanceMTD__c</inputFieldName>
        <inputObjectQuerySequence>0.0</inputObjectQuerySequence>
        <linkedObjectSequence>0.0</linkedObjectSequence>
        <name>myFetchFinancialAccountDetails</name>
        <outputCreationSequence>1.0</outputCreationSequence>
        <outputFieldName>finAccts:performanceMTD</outputFieldName>
        <outputObjectName>json</outputObjectName>
        <requiredForUpsert>false</requiredForUpsert>
        <upsertKey>false</upsertKey>
    </omniDataTransformItem>
    <omniDataTransformItem>
        <disabled>false</disabled>
        <filterGroup>0.0</filterGroup>
        <formulaConverted>| var:FinancialAccounts:FinServ__FinancialAccountNumber__c var:FinancialAccounts:fAccountNumberLength 4 - var:FinancialAccounts:fAccountNumberLength SUBSTRING</formulaConverted>
        <formulaExpression>SUBSTRING(FinancialAccounts:FinServ__FinancialAccountNumber__c, FinancialAccounts:fAccountNumberLength-4, FinancialAccounts:fAccountNumberLength)</formulaExpression>
        <formulaResultPath>FinancialAccounts:fLastFourDigits</formulaResultPath>
        <formulaSequence>7.0</formulaSequence>
        <globalKey>fd259416-d9af-494a-882e-5ca892c90c77</globalKey>
        <inputObjectQuerySequence>0.0</inputObjectQuerySequence>
        <linkedObjectSequence>0.0</linkedObjectSequence>
        <name>myFetchFinancialAccountDetails</name>
        <outputCreationSequence>0.0</outputCreationSequence>
        <outputFieldName>Formula</outputFieldName>
        <outputObjectName>Formula</outputObjectName>
        <requiredForUpsert>false</requiredForUpsert>
        <upsertKey>false</upsertKey>
    </omniDataTransformItem>
    <omniDataTransformItem>
        <disabled>false</disabled>
        <filterGroup>0.0</filterGroup>
        <globalKey>db3f595a-c554-479b-a583-b8609ae51bb5</globalKey>
        <inputFieldName>FinancialAccounts:FinServ__RoutingNumber__c</inputFieldName>
        <inputObjectQuerySequence>0.0</inputObjectQuerySequence>
        <linkedObjectSequence>0.0</linkedObjectSequence>
        <name>myFetchFinancialAccountDetails</name>
        <outputCreationSequence>1.0</outputCreationSequence>
        <outputFieldName>finAccts:routingNumber</outputFieldName>
        <outputObjectName>json</outputObjectName>
        <requiredForUpsert>false</requiredForUpsert>
        <upsertKey>false</upsertKey>
    </omniDataTransformItem>
    <omniDataTransformItem>
        <disabled>false</disabled>
        <filterGroup>0.0</filterGroup>
        <globalKey>c5997d8b-2409-4339-a02c-099259e5b331</globalKey>
        <inputFieldName>FinancialAccounts:FinServ__CashBalance__c</inputFieldName>
        <inputObjectQuerySequence>0.0</inputObjectQuerySequence>
        <linkedObjectSequence>0.0</linkedObjectSequence>
        <name>myFetchFinancialAccountDetails</name>
        <outputCreationSequence>1.0</outputCreationSequence>
        <outputFieldName>finAccts:cashBalance</outputFieldName>
        <outputObjectName>json</outputObjectName>
        <requiredForUpsert>false</requiredForUpsert>
        <upsertKey>false</upsertKey>
    </omniDataTransformItem>
    <omniDataTransformItem>
        <disabled>false</disabled>
        <filterGroup>0.0</filterGroup>
        <globalKey>d93ee7e5-8284-4c88-8221-da70ee8756c6</globalKey>
        <inputFieldName>FinancialAccounts:fLastFourDigits</inputFieldName>
        <inputObjectQuerySequence>0.0</inputObjectQuerySequence>
        <linkedObjectSequence>0.0</linkedObjectSequence>
        <name>myFetchFinancialAccountDetails</name>
        <outputCreationSequence>1.0</outputCreationSequence>
        <outputFieldName>finAccts:lastFourDigits</outputFieldName>
        <outputObjectName>json</outputObjectName>
        <requiredForUpsert>false</requiredForUpsert>
        <upsertKey>false</upsertKey>
    </omniDataTransformItem>
    <omniDataTransformItem>
        <disabled>false</disabled>
        <filterGroup>0.0</filterGroup>
        <globalKey>6e5027c1-650e-4293-8514-825d4fc5f8a3</globalKey>
        <inputFieldName>FinancialAccounts:FinServ__MinimumPayment__c</inputFieldName>
        <inputObjectQuerySequence>0.0</inputObjectQuerySequence>
        <linkedObjectSequence>0.0</linkedObjectSequence>
        <name>myFetchFinancialAccountDetails</name>
        <outputCreationSequence>1.0</outputCreationSequence>
        <outputFieldName>finAccts:minimumPayment</outputFieldName>
        <outputObjectName>json</outputObjectName>
        <requiredForUpsert>false</requiredForUpsert>
        <upsertKey>false</upsertKey>
    </omniDataTransformItem>
    <omniDataTransformItem>
        <disabled>false</disabled>
        <filterGroup>0.0</filterGroup>
        <globalKey>d7eddb29-9df6-4e06-a5d6-06595b6e5eed</globalKey>
        <inputFieldName>FinancialAccounts:FinServ__OverdraftAllowed__c</inputFieldName>
        <inputObjectQuerySequence>0.0</inputObjectQuerySequence>
        <linkedObjectSequence>0.0</linkedObjectSequence>
        <name>myFetchFinancialAccountDetails</name>
        <outputCreationSequence>1.0</outputCreationSequence>
        <outputFieldName>finAccts:overdraftAllowed</outputFieldName>
        <outputObjectName>json</outputObjectName>
        <requiredForUpsert>false</requiredForUpsert>
        <transformValuesMappings>{
  &quot;true&quot; : &quot;Yes&quot;,
  &quot;false&quot; : &quot;No&quot;
}</transformValuesMappings>
        <upsertKey>false</upsertKey>
    </omniDataTransformItem>
    <omniDataTransformItem>
        <disabled>false</disabled>
        <filterGroup>0.0</filterGroup>
        <globalKey>75b6e99c-d0fb-4269-9377-bb5c5ef3cf3d</globalKey>
        <inputFieldName>FinancialAccounts:FinServ__OpenDate__c</inputFieldName>
        <inputObjectQuerySequence>0.0</inputObjectQuerySequence>
        <linkedObjectSequence>0.0</linkedObjectSequence>
        <name>myFetchFinancialAccountDetails</name>
        <outputCreationSequence>1.0</outputCreationSequence>
        <outputFieldFormat>Date(yyyy-MM-dd)</outputFieldFormat>
        <outputFieldName>finAccts:dateOpened</outputFieldName>
        <outputObjectName>json</outputObjectName>
        <requiredForUpsert>false</requiredForUpsert>
        <upsertKey>false</upsertKey>
    </omniDataTransformItem>
    <omniDataTransformItem>
        <disabled>false</disabled>
        <filterGroup>0.0</filterGroup>
        <globalKey>468c42d6-b6f8-4483-bb5f-2bdf82a5dc21</globalKey>
        <inputFieldName>FinancialAccounts:FinServ__InterestRate__c</inputFieldName>
        <inputObjectQuerySequence>0.0</inputObjectQuerySequence>
        <linkedObjectSequence>0.0</linkedObjectSequence>
        <name>myFetchFinancialAccountDetails</name>
        <outputCreationSequence>1.0</outputCreationSequence>
        <outputFieldName>finAccts:interestRate</outputFieldName>
        <outputObjectName>json</outputObjectName>
        <requiredForUpsert>false</requiredForUpsert>
        <upsertKey>false</upsertKey>
    </omniDataTransformItem>
    <omniDataTransformItem>
        <disabled>false</disabled>
        <filterGroup>0.0</filterGroup>
        <globalKey>1767e5b7-8514-4c46-b8a3-c1d888860228</globalKey>
        <inputFieldName>FinancialAccounts:recordAlerts:Subject</inputFieldName>
        <inputObjectQuerySequence>0.0</inputObjectQuerySequence>
        <linkedObjectSequence>0.0</linkedObjectSequence>
        <name>myFetchFinancialAccountDetails</name>
        <outputCreationSequence>1.0</outputCreationSequence>
        <outputFieldName>finAccts:Alerts:Subject</outputFieldName>
        <outputObjectName>json</outputObjectName>
        <requiredForUpsert>false</requiredForUpsert>
        <upsertKey>false</upsertKey>
    </omniDataTransformItem>
    <omniDataTransformItem>
        <disabled>false</disabled>
        <filterGroup>0.0</filterGroup>
        <globalKey>f6835fbe-9d3d-4ee4-9965-dc882e6e5908</globalKey>
        <inputFieldName>FinancialAccounts:FinServ__RecordTypeName__c</inputFieldName>
        <inputObjectQuerySequence>0.0</inputObjectQuerySequence>
        <linkedObjectSequence>0.0</linkedObjectSequence>
        <name>myFetchFinancialAccountDetails</name>
        <outputCreationSequence>1.0</outputCreationSequence>
        <outputFieldName>finAccts:financialAccountType</outputFieldName>
        <outputObjectName>json</outputObjectName>
        <requiredForUpsert>false</requiredForUpsert>
        <upsertKey>false</upsertKey>
    </omniDataTransformItem>
    <omniDataTransformItem>
        <disabled>false</disabled>
        <filterGroup>0.0</filterGroup>
        <globalKey>2c700532-594d-47d9-890c-a9c16fc7acd8</globalKey>
        <inputFieldName>Account:Name</inputFieldName>
        <inputObjectQuerySequence>0.0</inputObjectQuerySequence>
        <linkedObjectSequence>0.0</linkedObjectSequence>
        <name>myFetchFinancialAccountDetails</name>
        <outputCreationSequence>1.0</outputCreationSequence>
        <outputFieldName>accountName</outputFieldName>
        <outputObjectName>json</outputObjectName>
        <requiredForUpsert>false</requiredForUpsert>
        <upsertKey>false</upsertKey>
    </omniDataTransformItem>
    <omniDataTransformItem>
        <disabled>false</disabled>
        <filterGroup>0.0</filterGroup>
        <globalKey>070ee4d6-0c95-4af5-8f1f-99dde989d2cb</globalKey>
        <inputFieldName>FinancialAccounts:recordAlerts:Id</inputFieldName>
        <inputObjectQuerySequence>0.0</inputObjectQuerySequence>
        <linkedObjectSequence>0.0</linkedObjectSequence>
        <name>myFetchFinancialAccountDetails</name>
        <outputCreationSequence>1.0</outputCreationSequence>
        <outputFieldName>finAccts:Alerts:alertId</outputFieldName>
        <outputObjectName>json</outputObjectName>
        <requiredForUpsert>false</requiredForUpsert>
        <upsertKey>false</upsertKey>
    </omniDataTransformItem>
    <omniDataTransformItem>
        <disabled>false</disabled>
        <filterGroup>0.0</filterGroup>
        <globalKey>edeb87b3-5f8f-432f-9605-ea569337d560</globalKey>
        <inputFieldName>FinancialAccounts:FinServ__BalanceLastStatement__c</inputFieldName>
        <inputObjectQuerySequence>0.0</inputObjectQuerySequence>
        <linkedObjectSequence>0.0</linkedObjectSequence>
        <name>myFetchFinancialAccountDetails</name>
        <outputCreationSequence>1.0</outputCreationSequence>
        <outputFieldName>finAccts:balanceLastStatement</outputFieldName>
        <outputObjectName>json</outputObjectName>
        <requiredForUpsert>false</requiredForUpsert>
        <upsertKey>false</upsertKey>
    </omniDataTransformItem>
    <omniDataTransformItem>
        <disabled>false</disabled>
        <filterGroup>0.0</filterGroup>
        <filterOperator>=</filterOperator>
        <filterValue>&apos;true&apos;</filterValue>
        <globalKey>6a2f21a3-1bbc-4b11-a010-a6434368ddf0</globalKey>
        <inputFieldName>IsActive</inputFieldName>
        <inputObjectName>RecordAlert</inputObjectName>
        <inputObjectQuerySequence>2.0</inputObjectQuerySequence>
        <linkedObjectSequence>0.0</linkedObjectSequence>
        <name>myFetchFinancialAccountDetails</name>
        <outputCreationSequence>0.0</outputCreationSequence>
        <outputFieldName>FinancialAccounts:recordAlerts</outputFieldName>
        <outputObjectName>json</outputObjectName>
        <requiredForUpsert>false</requiredForUpsert>
        <upsertKey>false</upsertKey>
    </omniDataTransformItem>
    <omniDataTransformItem>
        <disabled>false</disabled>
        <filterGroup>0.0</filterGroup>
        <filterOperator>=</filterOperator>
        <filterValue>accountId</filterValue>
        <globalKey>22913849-6346-4012-9deb-5deb6b4ac039</globalKey>
        <inputFieldName>Id</inputFieldName>
        <inputObjectName>Account</inputObjectName>
        <inputObjectQuerySequence>3.0</inputObjectQuerySequence>
        <linkedObjectSequence>0.0</linkedObjectSequence>
        <name>myFetchFinancialAccountDetails</name>
        <outputCreationSequence>0.0</outputCreationSequence>
        <outputFieldName>Account</outputFieldName>
        <outputObjectName>json</outputObjectName>
        <requiredForUpsert>false</requiredForUpsert>
        <upsertKey>false</upsertKey>
    </omniDataTransformItem>
    <omniDataTransformItem>
        <disabled>false</disabled>
        <filterGroup>0.0</filterGroup>
        <globalKey>a432d1c9-3935-451d-856b-e907534bd24b</globalKey>
        <inputFieldName>FinancialAccounts:FinServ__PaperlessDelivery__c</inputFieldName>
        <inputObjectQuerySequence>0.0</inputObjectQuerySequence>
        <linkedObjectSequence>0.0</linkedObjectSequence>
        <name>myFetchFinancialAccountDetails</name>
        <outputCreationSequence>1.0</outputCreationSequence>
        <outputFieldName>finAccts:paperlessDelivery</outputFieldName>
        <outputObjectName>json</outputObjectName>
        <requiredForUpsert>false</requiredForUpsert>
        <upsertKey>false</upsertKey>
    </omniDataTransformItem>
    <omniDataTransformItem>
        <disabled>false</disabled>
        <filterGroup>0.0</filterGroup>
        <globalKey>526bf2ba-b95e-407c-be60-82497217c598</globalKey>
        <inputFieldName>FinancialAccounts:FinServ__PerformanceYTD__c</inputFieldName>
        <inputObjectQuerySequence>0.0</inputObjectQuerySequence>
        <linkedObjectSequence>0.0</linkedObjectSequence>
        <name>myFetchFinancialAccountDetails</name>
        <outputCreationSequence>1.0</outputCreationSequence>
        <outputFieldName>finAccts:performanceYTD</outputFieldName>
        <outputObjectName>json</outputObjectName>
        <requiredForUpsert>false</requiredForUpsert>
        <upsertKey>false</upsertKey>
    </omniDataTransformItem>
    <omniDataTransformItem>
        <disabled>false</disabled>
        <filterGroup>0.0</filterGroup>
        <globalKey>32549134-f028-4195-bb0a-374f2b2ec297</globalKey>
        <inputFieldName>FinancialAccounts:FinServ__CurrentPostedBalance__c</inputFieldName>
        <inputObjectQuerySequence>0.0</inputObjectQuerySequence>
        <linkedObjectSequence>0.0</linkedObjectSequence>
        <name>myFetchFinancialAccountDetails</name>
        <outputCreationSequence>1.0</outputCreationSequence>
        <outputFieldName>finAccts:currentPostedBalance</outputFieldName>
        <outputObjectName>json</outputObjectName>
        <requiredForUpsert>false</requiredForUpsert>
        <upsertKey>false</upsertKey>
    </omniDataTransformItem>
    <omniDataTransformItem>
        <defaultValue>[]</defaultValue>
        <disabled>false</disabled>
        <filterGroup>0.0</filterGroup>
        <globalKey>ea3afd35-ed83-4908-bb20-ba1bdc1f8272</globalKey>
        <inputObjectQuerySequence>0.0</inputObjectQuerySequence>
        <linkedObjectSequence>0.0</linkedObjectSequence>
        <name>myFetchFinancialAccountDetails</name>
        <outputCreationSequence>1.0</outputCreationSequence>
        <outputFieldFormat>Object</outputFieldFormat>
        <outputFieldName>finAccts</outputFieldName>
        <outputObjectName>json</outputObjectName>
        <requiredForUpsert>false</requiredForUpsert>
        <upsertKey>false</upsertKey>
    </omniDataTransformItem>
    <omniDataTransformItem>
        <disabled>false</disabled>
        <filterGroup>0.0</filterGroup>
        <globalKey>1c512744-9e41-49b5-aad0-4864504f784c</globalKey>
        <inputFieldName>FinancialAccounts:fRemainingDays</inputFieldName>
        <inputObjectQuerySequence>0.0</inputObjectQuerySequence>
        <linkedObjectSequence>0.0</linkedObjectSequence>
        <name>myFetchFinancialAccountDetails</name>
        <outputCreationSequence>1.0</outputCreationSequence>
        <outputFieldName>finAccts:remainingDays</outputFieldName>
        <outputObjectName>json</outputObjectName>
        <requiredForUpsert>false</requiredForUpsert>
        <upsertKey>false</upsertKey>
    </omniDataTransformItem>
    <omniDataTransformItem>
        <disabled>false</disabled>
        <filterGroup>0.0</filterGroup>
        <formulaConverted>| var:FinancialAccounts:FinServ__PrimaryOwner__c var:accountId == &apos;Primary&apos; &apos;Joint&apos; IF</formulaConverted>
        <formulaExpression>IF(FinancialAccounts:FinServ__PrimaryOwner__c==accountId, &apos;Primary&apos;, &apos;Joint&apos;)</formulaExpression>
        <formulaResultPath>FinancialAccounts:fOwnershipType</formulaResultPath>
        <formulaSequence>1.0</formulaSequence>
        <globalKey>9caa2506-8aa0-4641-a10d-e9ca9d95e2ee</globalKey>
        <inputObjectQuerySequence>0.0</inputObjectQuerySequence>
        <linkedObjectSequence>0.0</linkedObjectSequence>
        <name>myFetchFinancialAccountDetails</name>
        <outputCreationSequence>0.0</outputCreationSequence>
        <outputFieldName>Formula</outputFieldName>
        <outputObjectName>Formula</outputObjectName>
        <requiredForUpsert>false</requiredForUpsert>
        <upsertKey>false</upsertKey>
    </omniDataTransformItem>
    <omniDataTransformItem>
        <disabled>false</disabled>
        <filterGroup>0.0</filterGroup>
        <globalKey>d9027e2c-159f-4084-a7ac-521cf8ab6bde</globalKey>
        <inputFieldName>FinancialAccounts:FinServ__DrawPeriodMonths__c</inputFieldName>
        <inputObjectQuerySequence>0.0</inputObjectQuerySequence>
        <linkedObjectSequence>0.0</linkedObjectSequence>
        <name>myFetchFinancialAccountDetails</name>
        <outputCreationSequence>1.0</outputCreationSequence>
        <outputFieldName>finAccts:drawPeriod</outputFieldName>
        <outputObjectName>json</outputObjectName>
        <requiredForUpsert>false</requiredForUpsert>
        <upsertKey>false</upsertKey>
    </omniDataTransformItem>
    <omniDataTransformItem>
        <disabled>false</disabled>
        <filterGroup>0.0</filterGroup>
        <globalKey>09eb496a-5534-4cf2-87ad-a51f44dfe4ce</globalKey>
        <inputFieldName>FinancialAccounts:fOwnershipType</inputFieldName>
        <inputObjectQuerySequence>0.0</inputObjectQuerySequence>
        <linkedObjectSequence>0.0</linkedObjectSequence>
        <name>myFetchFinancialAccountDetails</name>
        <outputCreationSequence>1.0</outputCreationSequence>
        <outputFieldName>finAccts:ownershipType</outputFieldName>
        <outputObjectName>json</outputObjectName>
        <requiredForUpsert>false</requiredForUpsert>
        <upsertKey>false</upsertKey>
    </omniDataTransformItem>
    <omniDataTransformItem>
        <disabled>false</disabled>
        <filterGroup>0.0</filterGroup>
        <formulaConverted>| var:FinancialAccounts:FinServ__FinancialAccountNumber__c &quot;&lt;EOS&gt;&quot; + &quot;&lt;EOS&gt;&quot; STRINGINDEXOF</formulaConverted>
        <formulaExpression>STRINGINDEXOF(FinancialAccounts:FinServ__FinancialAccountNumber__c+&quot;&lt;EOS&gt;&quot;, &quot;&lt;EOS&gt;&quot;)</formulaExpression>
        <formulaResultPath>FinancialAccounts:fAccountNumberLength</formulaResultPath>
        <formulaSequence>6.0</formulaSequence>
        <globalKey>9c221c76-b349-441a-9d95-4ef75aba9705</globalKey>
        <inputObjectQuerySequence>0.0</inputObjectQuerySequence>
        <linkedObjectSequence>0.0</linkedObjectSequence>
        <name>myFetchFinancialAccountDetails</name>
        <outputCreationSequence>0.0</outputCreationSequence>
        <outputFieldName>Formula</outputFieldName>
        <outputObjectName>Formula</outputObjectName>
        <requiredForUpsert>false</requiredForUpsert>
        <upsertKey>false</upsertKey>
    </omniDataTransformItem>
    <omniDataTransformItem>
        <disabled>false</disabled>
        <filterGroup>0.0</filterGroup>
        <globalKey>c7044ecb-34f2-4dc4-ac66-2f6483f28593</globalKey>
        <inputFieldName>FinancialAccounts:FinServ__FinancialAccountChargesAndFees__c</inputFieldName>
        <inputObjectQuerySequence>0.0</inputObjectQuerySequence>
        <linkedObjectSequence>0.0</linkedObjectSequence>
        <name>myFetchFinancialAccountDetails</name>
        <outputCreationSequence>1.0</outputCreationSequence>
        <outputFieldName>finAccts:accountChargesAndFees</outputFieldName>
        <outputObjectName>json</outputObjectName>
        <requiredForUpsert>false</requiredForUpsert>
        <upsertKey>false</upsertKey>
    </omniDataTransformItem>
    <omniDataTransformItem>
        <disabled>false</disabled>
        <filterGroup>0.0</filterGroup>
        <globalKey>f4c23579-de70-420e-ace8-73d3608d9979</globalKey>
        <inputFieldName>FinancialAccounts:FinServ__PendingDeposits__c</inputFieldName>
        <inputObjectQuerySequence>0.0</inputObjectQuerySequence>
        <linkedObjectSequence>0.0</linkedObjectSequence>
        <name>myFetchFinancialAccountDetails</name>
        <outputCreationSequence>1.0</outputCreationSequence>
        <outputFieldName>finAccts:pendingDeposits</outputFieldName>
        <outputObjectName>json</outputObjectName>
        <requiredForUpsert>false</requiredForUpsert>
        <upsertKey>false</upsertKey>
    </omniDataTransformItem>
    <omniDataTransformItem>
        <disabled>false</disabled>
        <filterGroup>0.0</filterGroup>
        <globalKey>19304eb1-487d-4808-b77e-434a007449d7</globalKey>
        <inputFieldName>FinancialAccounts:FinServ__PaymentDueDate__c</inputFieldName>
        <inputObjectQuerySequence>0.0</inputObjectQuerySequence>
        <linkedObjectSequence>0.0</linkedObjectSequence>
        <name>myFetchFinancialAccountDetails</name>
        <outputCreationSequence>1.0</outputCreationSequence>
        <outputFieldName>finAccts:paymentDueDate</outputFieldName>
        <outputObjectName>json</outputObjectName>
        <requiredForUpsert>false</requiredForUpsert>
        <upsertKey>false</upsertKey>
    </omniDataTransformItem>
    <omniDataTransformItem>
        <disabled>false</disabled>
        <filterGroup>0.0</filterGroup>
        <formulaConverted>| | var:FinancialAccounts:fRemainingDays ISNOTBLANK var:FinancialAccounts:fRemainingDays 0 IF</formulaConverted>
        <formulaExpression>IF(ISNOTBLANK(FinancialAccounts:fRemainingDays), FinancialAccounts:fRemainingDays, 0)</formulaExpression>
        <formulaResultPath>FinancialAccounts:fAccountForNoPaymentDueDate</formulaResultPath>
        <formulaSequence>3.0</formulaSequence>
        <globalKey>f5a3c050-e2f9-4845-a231-c901d661a0f5</globalKey>
        <inputObjectQuerySequence>0.0</inputObjectQuerySequence>
        <linkedObjectSequence>0.0</linkedObjectSequence>
        <name>myFetchFinancialAccountDetails</name>
        <outputCreationSequence>0.0</outputCreationSequence>
        <outputFieldName>Formula</outputFieldName>
        <outputObjectName>Formula</outputObjectName>
        <requiredForUpsert>false</requiredForUpsert>
        <upsertKey>false</upsertKey>
    </omniDataTransformItem>
    <omniDataTransformItem>
        <disabled>false</disabled>
        <filterGroup>0.0</filterGroup>
        <globalKey>a132f7e9-f99e-428a-ac80-286e40bc6881</globalKey>
        <inputFieldName>FinancialAccounts:FinServ__FinancialAccountType__c</inputFieldName>
        <inputObjectQuerySequence>0.0</inputObjectQuerySequence>
        <linkedObjectSequence>0.0</linkedObjectSequence>
        <name>myFetchFinancialAccountDetails</name>
        <outputCreationSequence>1.0</outputCreationSequence>
        <outputFieldName>finAccts:accountType</outputFieldName>
        <outputObjectName>json</outputObjectName>
        <requiredForUpsert>false</requiredForUpsert>
        <upsertKey>false</upsertKey>
    </omniDataTransformItem>
    <omniDataTransformItem>
        <disabled>false</disabled>
        <filterGroup>0.0</filterGroup>
        <globalKey>ddc81ca6-a053-476f-87c1-1644ada937af</globalKey>
        <inputFieldName>FinancialAccounts:FinServ__PaymentFrequency__c</inputFieldName>
        <inputObjectQuerySequence>0.0</inputObjectQuerySequence>
        <linkedObjectSequence>0.0</linkedObjectSequence>
        <name>myFetchFinancialAccountDetails</name>
        <outputCreationSequence>1.0</outputCreationSequence>
        <outputFieldName>finAccts:paymentFrequency</outputFieldName>
        <outputObjectName>json</outputObjectName>
        <requiredForUpsert>false</requiredForUpsert>
        <upsertKey>false</upsertKey>
    </omniDataTransformItem>
    <omniDataTransformItem>
        <disabled>false</disabled>
        <filterGroup>0.0</filterGroup>
        <formulaConverted>| var:FinancialAccounts:fAbsDaysAgo 0 &gt; var:FinancialAccounts:fAbsDaysAgo var:null IF</formulaConverted>
        <formulaExpression>IF(FinancialAccounts:fAbsDaysAgo&gt;0, FinancialAccounts:fAbsDaysAgo, null)</formulaExpression>
        <formulaResultPath>FinancialAccounts:fDaysAgo</formulaResultPath>
        <formulaSequence>5.0</formulaSequence>
        <globalKey>603b29f7-7496-43c2-bb49-beac9dbe1f18</globalKey>
        <inputObjectQuerySequence>0.0</inputObjectQuerySequence>
        <linkedObjectSequence>0.0</linkedObjectSequence>
        <name>myFetchFinancialAccountDetails</name>
        <outputCreationSequence>0.0</outputCreationSequence>
        <outputFieldName>Formula</outputFieldName>
        <outputObjectName>Formula</outputObjectName>
        <requiredForUpsert>false</requiredForUpsert>
        <upsertKey>false</upsertKey>
    </omniDataTransformItem>
    <omniDataTransformItem>
        <disabled>false</disabled>
        <filterGroup>0.0</filterGroup>
        <globalKey>139f9cf8-f348-4d30-b8db-d561386316ae</globalKey>
        <inputFieldName>FinancialAccounts:Name</inputFieldName>
        <inputObjectQuerySequence>0.0</inputObjectQuerySequence>
        <linkedObjectSequence>0.0</linkedObjectSequence>
        <name>myFetchFinancialAccountDetails</name>
        <outputCreationSequence>1.0</outputCreationSequence>
        <outputFieldName>finAccts:Name</outputFieldName>
        <outputObjectName>json</outputObjectName>
        <requiredForUpsert>false</requiredForUpsert>
        <upsertKey>false</upsertKey>
    </omniDataTransformItem>
    <omniDataTransformItem>
        <disabled>false</disabled>
        <filterGroup>1.0</filterGroup>
        <filterOperator>=</filterOperator>
        <filterValue>accountId</filterValue>
        <globalKey>da44b5ef-4537-49d9-bf57-8c83d49f8e42</globalKey>
        <inputFieldName>FinServ__JointOwner__c</inputFieldName>
        <inputObjectName>FinServ__FinancialAccount__c</inputObjectName>
        <inputObjectQuerySequence>1.0</inputObjectQuerySequence>
        <linkedObjectSequence>0.0</linkedObjectSequence>
        <name>myFetchFinancialAccountDetails</name>
        <outputCreationSequence>0.0</outputCreationSequence>
        <outputFieldName>FinancialAccounts</outputFieldName>
        <outputObjectName>json</outputObjectName>
        <requiredForUpsert>false</requiredForUpsert>
        <upsertKey>false</upsertKey>
    </omniDataTransformItem>
    <omniDataTransformItem>
        <disabled>false</disabled>
        <filterGroup>0.0</filterGroup>
        <globalKey>7cde1844-a9e7-4d8d-bbcf-1edf5ce0ddae</globalKey>
        <inputFieldName>FinancialAccounts:FinServ__OverdraftProtection__c</inputFieldName>
        <inputObjectQuerySequence>0.0</inputObjectQuerySequence>
        <linkedObjectSequence>0.0</linkedObjectSequence>
        <name>myFetchFinancialAccountDetails</name>
        <outputCreationSequence>1.0</outputCreationSequence>
        <outputFieldName>finAccts:overdraftProtection</outputFieldName>
        <outputObjectName>json</outputObjectName>
        <requiredForUpsert>false</requiredForUpsert>
        <upsertKey>false</upsertKey>
    </omniDataTransformItem>
    <omniDataTransformItem>
        <disabled>false</disabled>
        <filterGroup>0.0</filterGroup>
        <formulaConverted>| $Vlocity.TODAY var:FinancialAccounts:FinServ__PaymentDueDate__c DATEDIFF</formulaConverted>
        <formulaExpression>DATEDIFF($Vlocity.TODAY, FinancialAccounts:FinServ__PaymentDueDate__c)</formulaExpression>
        <formulaResultPath>FinancialAccounts:fRemainingDays</formulaResultPath>
        <formulaSequence>2.0</formulaSequence>
        <globalKey>d6a52a3d-05f3-41c9-b6aa-89ae5a3a7de1</globalKey>
        <inputObjectQuerySequence>0.0</inputObjectQuerySequence>
        <linkedObjectSequence>0.0</linkedObjectSequence>
        <name>myFetchFinancialAccountDetails</name>
        <outputCreationSequence>0.0</outputCreationSequence>
        <outputFieldName>Formula</outputFieldName>
        <outputObjectName>Formula</outputObjectName>
        <requiredForUpsert>false</requiredForUpsert>
        <upsertKey>false</upsertKey>
    </omniDataTransformItem>
    <omniDataTransformItem>
        <disabled>false</disabled>
        <filterGroup>0.0</filterGroup>
        <globalKey>500421c0-a31b-4850-991e-88769334a2e4</globalKey>
        <inputFieldName>FinancialAccounts:FinServ__PaymentAmount__c</inputFieldName>
        <inputObjectQuerySequence>0.0</inputObjectQuerySequence>
        <linkedObjectSequence>0.0</linkedObjectSequence>
        <name>myFetchFinancialAccountDetails</name>
        <outputCreationSequence>1.0</outputCreationSequence>
        <outputFieldName>finAccts:paymentAmount</outputFieldName>
        <outputObjectName>json</outputObjectName>
        <requiredForUpsert>false</requiredForUpsert>
        <upsertKey>false</upsertKey>
    </omniDataTransformItem>
    <omniDataTransformItem>
        <disabled>false</disabled>
        <filterGroup>0.0</filterGroup>
        <globalKey>cb844980-c003-46b7-b4ef-b7953f9b448c</globalKey>
        <inputFieldName>FinancialAccounts:FinServ__AvailableCredit__c</inputFieldName>
        <inputObjectQuerySequence>0.0</inputObjectQuerySequence>
        <linkedObjectSequence>0.0</linkedObjectSequence>
        <name>myFetchFinancialAccountDetails</name>
        <outputCreationSequence>1.0</outputCreationSequence>
        <outputFieldName>finAccts:availableCredit</outputFieldName>
        <outputObjectName>json</outputObjectName>
        <requiredForUpsert>false</requiredForUpsert>
        <upsertKey>false</upsertKey>
    </omniDataTransformItem>
    <omniDataTransformItem>
        <disabled>false</disabled>
        <filterGroup>0.0</filterGroup>
        <globalKey>cd39db4c-f96b-46d0-b84a-fa5c3ea60e4f</globalKey>
        <inputFieldName>FinancialAccounts:Id</inputFieldName>
        <inputObjectQuerySequence>0.0</inputObjectQuerySequence>
        <linkedObjectSequence>0.0</linkedObjectSequence>
        <name>myFetchFinancialAccountDetails</name>
        <outputCreationSequence>1.0</outputCreationSequence>
        <outputFieldName>finAccts:financialAccountId</outputFieldName>
        <outputObjectName>json</outputObjectName>
        <requiredForUpsert>false</requiredForUpsert>
        <upsertKey>false</upsertKey>
    </omniDataTransformItem>
    <omniDataTransformItem>
        <disabled>false</disabled>
        <filterGroup>0.0</filterGroup>
        <formulaConverted>| var:FinancialAccounts:fAccountForNoPaymentDueDate ABS</formulaConverted>
        <formulaExpression>ABS(FinancialAccounts:fAccountForNoPaymentDueDate)</formulaExpression>
        <formulaResultPath>FinancialAccounts:fAbsDaysAgo</formulaResultPath>
        <formulaSequence>4.0</formulaSequence>
        <globalKey>58f15c00-2461-450f-a539-ce50f4d3ce04</globalKey>
        <inputObjectQuerySequence>0.0</inputObjectQuerySequence>
        <linkedObjectSequence>0.0</linkedObjectSequence>
        <name>myFetchFinancialAccountDetails</name>
        <outputCreationSequence>0.0</outputCreationSequence>
        <outputFieldName>Formula</outputFieldName>
        <outputObjectName>Formula</outputObjectName>
        <requiredForUpsert>false</requiredForUpsert>
        <upsertKey>false</upsertKey>
    </omniDataTransformItem>
    <omniDataTransformItem>
        <disabled>false</disabled>
        <filterGroup>0.0</filterGroup>
        <globalKey>c9ba677e-f3cf-4f55-8f74-a699e88cc305</globalKey>
        <inputFieldName>FinancialAccounts:FinServ__Type__c</inputFieldName>
        <inputObjectQuerySequence>0.0</inputObjectQuerySequence>
        <linkedObjectSequence>0.0</linkedObjectSequence>
        <name>myFetchFinancialAccountDetails</name>
        <outputCreationSequence>1.0</outputCreationSequence>
        <outputFieldName>finAccts:Type</outputFieldName>
        <outputObjectName>json</outputObjectName>
        <requiredForUpsert>false</requiredForUpsert>
        <upsertKey>false</upsertKey>
    </omniDataTransformItem>
    <omniDataTransformItem>
        <disabled>false</disabled>
        <filterGroup>0.0</filterGroup>
        <filterOperator>=</filterOperator>
        <filterValue>accountId</filterValue>
        <globalKey>59c04f75-046f-4451-9936-d5e6d854ae2f</globalKey>
        <inputFieldName>FinServ__PrimaryOwner__c</inputFieldName>
        <inputObjectName>FinServ__FinancialAccount__c</inputObjectName>
        <inputObjectQuerySequence>1.0</inputObjectQuerySequence>
        <linkedObjectSequence>0.0</linkedObjectSequence>
        <name>myFetchFinancialAccountDetails</name>
        <outputCreationSequence>0.0</outputCreationSequence>
        <outputFieldName>FinancialAccounts</outputFieldName>
        <outputObjectName>json</outputObjectName>
        <requiredForUpsert>false</requiredForUpsert>
        <upsertKey>false</upsertKey>
    </omniDataTransformItem>
    <omniDataTransformItem>
        <disabled>false</disabled>
        <filterGroup>0.0</filterGroup>
        <globalKey>e5aed543-b798-4ba5-9c35-ea6650da83e1</globalKey>
        <inputFieldName>FinancialAccounts:FinServ__Managed__c</inputFieldName>
        <inputObjectQuerySequence>0.0</inputObjectQuerySequence>
        <linkedObjectSequence>0.0</linkedObjectSequence>
        <name>myFetchFinancialAccountDetails</name>
        <outputCreationSequence>1.0</outputCreationSequence>
        <outputFieldName>finAccts:Managed</outputFieldName>
        <outputObjectName>json</outputObjectName>
        <requiredForUpsert>false</requiredForUpsert>
        <upsertKey>false</upsertKey>
    </omniDataTransformItem>
    <omniDataTransformItem>
        <disabled>false</disabled>
        <filterGroup>0.0</filterGroup>
        <globalKey>b7c6eed6-df7f-4718-8a52-ede5a6095525</globalKey>
        <inputFieldName>FinancialAccounts:FinServ__FinancialAccountNumber__c</inputFieldName>
        <inputObjectQuerySequence>0.0</inputObjectQuerySequence>
        <linkedObjectSequence>0.0</linkedObjectSequence>
        <name>myFetchFinancialAccountDetails</name>
        <outputCreationSequence>1.0</outputCreationSequence>
        <outputFieldName>finAccts:accountNumber</outputFieldName>
        <outputObjectName>json</outputObjectName>
        <requiredForUpsert>false</requiredForUpsert>
        <upsertKey>false</upsertKey>
    </omniDataTransformItem>
    <omniDataTransformItem>
        <disabled>false</disabled>
        <filterGroup>0.0</filterGroup>
        <globalKey>4f68ee4b-786d-4c0f-b6a8-a5413256753b</globalKey>
        <inputFieldName>FinancialAccounts:FinServ__TotalCreditLimit__c</inputFieldName>
        <inputObjectQuerySequence>0.0</inputObjectQuerySequence>
        <linkedObjectSequence>0.0</linkedObjectSequence>
        <name>myFetchFinancialAccountDetails</name>
        <outputCreationSequence>1.0</outputCreationSequence>
        <outputFieldName>finAccts:totalCreditLimit</outputFieldName>
        <outputObjectName>json</outputObjectName>
        <requiredForUpsert>false</requiredForUpsert>
        <upsertKey>false</upsertKey>
    </omniDataTransformItem>
    <omniDataTransformItem>
        <disabled>false</disabled>
        <filterGroup>0.0</filterGroup>
        <globalKey>58949b63-eb8b-4b91-a9e6-366dec2bdcde</globalKey>
        <inputFieldName>FinancialAccounts:FinServ__ServiceProvider__c</inputFieldName>
        <inputObjectQuerySequence>0.0</inputObjectQuerySequence>
        <linkedObjectSequence>0.0</linkedObjectSequence>
        <name>myFetchFinancialAccountDetails</name>
        <outputCreationSequence>1.0</outputCreationSequence>
        <outputFieldName>finAccts:serviceProvider</outputFieldName>
        <outputObjectName>json</outputObjectName>
        <requiredForUpsert>false</requiredForUpsert>
        <upsertKey>false</upsertKey>
    </omniDataTransformItem>
    <omniDataTransformItem>
        <disabled>false</disabled>
        <filterGroup>0.0</filterGroup>
        <globalKey>6839bb30-a751-4754-b594-c9b9b272fcfa</globalKey>
        <inputFieldName>FinancialAccounts:FinServ__SourceSystemId__c</inputFieldName>
        <inputObjectQuerySequence>0.0</inputObjectQuerySequence>
        <linkedObjectSequence>0.0</linkedObjectSequence>
        <name>myFetchFinancialAccountDetails</name>
        <outputCreationSequence>1.0</outputCreationSequence>
        <outputFieldName>finAccts:sourceSystemId</outputFieldName>
        <outputObjectName>json</outputObjectName>
        <requiredForUpsert>false</requiredForUpsert>
        <upsertKey>false</upsertKey>
    </omniDataTransformItem>
    <omniDataTransformItem>
        <disabled>false</disabled>
        <filterGroup>0.0</filterGroup>
        <globalKey>5829ca34-374f-4327-803d-eb812d60965e</globalKey>
        <inputFieldName>FinancialAccounts:FinServ__PendingWithdrawals__c</inputFieldName>
        <inputObjectQuerySequence>0.0</inputObjectQuerySequence>
        <linkedObjectSequence>0.0</linkedObjectSequence>
        <name>myFetchFinancialAccountDetails</name>
        <outputCreationSequence>1.0</outputCreationSequence>
        <outputFieldName>finAccts:pendingWithdrawals</outputFieldName>
        <outputObjectName>json</outputObjectName>
        <requiredForUpsert>false</requiredForUpsert>
        <upsertKey>false</upsertKey>
    </omniDataTransformItem>
    <omniDataTransformItem>
        <disabled>false</disabled>
        <filterGroup>0.0</filterGroup>
        <globalKey>14ddf7b8-8844-40a6-bc73-68efcf780e00</globalKey>
        <inputFieldName>FinancialAccounts:FinServ__PolicyTerm__c</inputFieldName>
        <inputObjectQuerySequence>0.0</inputObjectQuerySequence>
        <linkedObjectSequence>0.0</linkedObjectSequence>
        <name>myFetchFinancialAccountDetails</name>
        <outputCreationSequence>1.0</outputCreationSequence>
        <outputFieldName>finAccts:policyTerm</outputFieldName>
        <outputObjectName>json</outputObjectName>
        <requiredForUpsert>false</requiredForUpsert>
        <upsertKey>false</upsertKey>
    </omniDataTransformItem>
    <omniDataTransformItem>
        <disabled>false</disabled>
        <filterGroup>0.0</filterGroup>
        <filterOperator>=</filterOperator>
        <filterValue>FinancialAccounts:Id</filterValue>
        <globalKey>bf4242fd-386d-481a-aefc-e1c4eea1598d</globalKey>
        <inputFieldName>WhatId</inputFieldName>
        <inputObjectName>RecordAlert</inputObjectName>
        <inputObjectQuerySequence>2.0</inputObjectQuerySequence>
        <linkedObjectSequence>0.0</linkedObjectSequence>
        <name>myFetchFinancialAccountDetails</name>
        <outputCreationSequence>0.0</outputCreationSequence>
        <outputFieldName>FinancialAccounts:recordAlerts</outputFieldName>
        <outputObjectName>json</outputObjectName>
        <requiredForUpsert>false</requiredForUpsert>
        <upsertKey>false</upsertKey>
    </omniDataTransformItem>
    <omniDataTransformItem>
        <disabled>false</disabled>
        <filterGroup>0.0</filterGroup>
        <globalKey>bc7afbca-229d-4959-89bf-d3bc7149393c</globalKey>
        <inputFieldName>FinancialAccounts:FinServ__PrincipalBalance__c</inputFieldName>
        <inputObjectQuerySequence>0.0</inputObjectQuerySequence>
        <linkedObjectSequence>0.0</linkedObjectSequence>
        <name>myFetchFinancialAccountDetails</name>
        <outputCreationSequence>1.0</outputCreationSequence>
        <outputFieldName>finAccts:principalBalance</outputFieldName>
        <outputObjectName>json</outputObjectName>
        <requiredForUpsert>false</requiredForUpsert>
        <upsertKey>false</upsertKey>
    </omniDataTransformItem>
    <outputType>JSON</outputType>
    <previewJsonData>{
  &quot;accountId&quot; : &quot;001B000001QU5xXIAT&quot;
}</previewJsonData>
    <processSuperBulk>false</processSuperBulk>
    <responseCacheTtlMinutes>0.0</responseCacheTtlMinutes>
    <rollbackOnError>false</rollbackOnError>
    <sourceObject>json</sourceObject>
    <sourceObjectDefault>false</sourceObjectDefault>
    <synchronousProcessThreshold>0.0</synchronousProcessThreshold>
    <type>Extract</type>
    <uniqueName>myFetchFinancialAccountDetails_1</uniqueName>
    <versionNumber>1.0</versionNumber>
    <xmlDeclarationRemoved>false</xmlDeclarationRemoved>
</OmniDataTransform>
