<?xml version="1.0" encoding="UTF-8"?>
<OmniDataTransform xmlns="http://soap.sforce.com/2006/04/metadata">
    <active>true</active>
    <assignmentRulesUsed>false</assignmentRulesUsed>
    <deletedOnSuccess>false</deletedOnSuccess>
    <errorIgnored>false</errorIgnored>
    <expectedInputJson>{
  &quot;ContextId&quot; : &quot;0ls4V000000blNTQAY&quot;,
  &quot;omniscriptId&quot; : &quot;0jN4V000000sYKnUAM&quot;,
  &quot;language&quot; : &quot;English&quot;,
  &quot;type&quot; : &quot;ConflictCheck&quot;,
  &quot;runMode&quot; : &quot;preview&quot;,
  &quot;sId&quot; : &quot;0jN4V000000sYKnUAM&quot;,
  &quot;theme&quot; : &quot;lightning&quot;,
  &quot;subType&quot; : &quot;AddParticipantConflictCheck&quot;,
  &quot;timeStamp&quot; : &quot;2023-01-18T09:00:48.259Z&quot;,
  &quot;userProfile&quot; : &quot;*FINS - Internal - Admin&quot;,
  &quot;userTimeZoneName&quot; : &quot;America/Los_Angeles&quot;,
  &quot;userTimeZone&quot; : &quot;-480&quot;,
  &quot;userCurrencyCode&quot; : &quot;USD&quot;,
  &quot;userName&quot; : &quot;admin@bankdev242-1.finsido&quot;,
  &quot;userId&quot; : &quot;0054V00000GOJQgQAP&quot;,
  &quot;omniProcessId&quot; : &quot;0jN4V000000sYKnUAM&quot;,
  &quot;FinancialDealOwnerId&quot; : &quot;0054V00000GXifwQAD&quot;,
  &quot;FinancialDealAccountId&quot; : &quot;0014V00003LetIiQAJ&quot;,
  &quot;Conflict Check Overview&quot; : {
    &quot;FinancialDealName&quot; : &quot;Project X&quot;,
    &quot;FinancialDealStage&quot; : &quot;Pitch&quot;
  },
  &quot;case:Status&quot; : &quot;New&quot;,
  &quot;case:OwnerId&quot; : &quot;0054V00000GXifwQAD&quot;,
  &quot;case&quot; : {
    &quot;FinancialDealID&quot; : &quot;0ls4V000000blNTQAY&quot;,
    &quot;Subject&quot; : &quot;Conflict check case&quot;,
    &quot;AccountId&quot; : &quot;0014V00003LetIiQAJ&quot;
  }
}</expectedInputJson>
    <fieldLevelSecurityEnabled>false</fieldLevelSecurityEnabled>
    <inputType>JSON</inputType>
    <name>newCase</name>
    <nullInputsIncludedInOutput>false</nullInputsIncludedInOutput>
    <omniDataTransformItem>
        <disabled>false</disabled>
        <filterGroup>0.0</filterGroup>
        <globalKey>f5a16c70-60b0-4958-8be1-723fa589f2b6</globalKey>
        <inputFieldName>case:ClaimId</inputFieldName>
        <inputObjectQuerySequence>0.0</inputObjectQuerySequence>
        <linkedObjectSequence>0.0</linkedObjectSequence>
        <name>newCase</name>
        <outputCreationSequence>1.0</outputCreationSequence>
        <outputFieldName>Claim__c</outputFieldName>
        <outputObjectName>Case</outputObjectName>
        <requiredForUpsert>false</requiredForUpsert>
        <upsertKey>false</upsertKey>
    </omniDataTransformItem>
    <omniDataTransformItem>
        <disabled>false</disabled>
        <filterGroup>0.0</filterGroup>
        <globalKey>e3918e60-f95c-4e88-bc7e-fdf4eee48d64</globalKey>
        <inputFieldName>case:Origin</inputFieldName>
        <inputObjectName>json</inputObjectName>
        <inputObjectQuerySequence>0.0</inputObjectQuerySequence>
        <linkedObjectSequence>0.0</linkedObjectSequence>
        <name>newCase</name>
        <outputCreationSequence>1.0</outputCreationSequence>
        <outputFieldName>Origin</outputFieldName>
        <outputObjectName>Case</outputObjectName>
        <requiredForUpsert>false</requiredForUpsert>
        <upsertKey>false</upsertKey>
    </omniDataTransformItem>
    <omniDataTransformItem>
        <disabled>false</disabled>
        <filterGroup>0.0</filterGroup>
        <globalKey>18688ccf-9963-436e-94f4-8f9c8514539d</globalKey>
        <inputFieldName>case:OwnerId</inputFieldName>
        <inputObjectQuerySequence>0.0</inputObjectQuerySequence>
        <linkedObjectSequence>0.0</linkedObjectSequence>
        <name>newCase</name>
        <outputCreationSequence>1.0</outputCreationSequence>
        <outputFieldName>OwnerId</outputFieldName>
        <outputObjectName>Case</outputObjectName>
        <requiredForUpsert>false</requiredForUpsert>
        <upsertKey>false</upsertKey>
    </omniDataTransformItem>
    <omniDataTransformItem>
        <disabled>false</disabled>
        <filterGroup>0.0</filterGroup>
        <globalKey>828425e9-b1ba-4c96-b300-d35d5649ca3f</globalKey>
        <inputFieldName>case:Priority</inputFieldName>
        <inputObjectName>json</inputObjectName>
        <inputObjectQuerySequence>0.0</inputObjectQuerySequence>
        <linkedObjectSequence>0.0</linkedObjectSequence>
        <name>newCase</name>
        <outputCreationSequence>1.0</outputCreationSequence>
        <outputFieldName>Priority</outputFieldName>
        <outputObjectName>Case</outputObjectName>
        <requiredForUpsert>false</requiredForUpsert>
        <upsertKey>false</upsertKey>
    </omniDataTransformItem>
    <omniDataTransformItem>
        <disabled>false</disabled>
        <filterGroup>0.0</filterGroup>
        <globalKey>2378212a-be03-42f6-81ef-468de2daed5f</globalKey>
        <inputFieldName>case:RecordTypeId</inputFieldName>
        <inputObjectQuerySequence>0.0</inputObjectQuerySequence>
        <linkedObjectSequence>0.0</linkedObjectSequence>
        <name>newCase</name>
        <outputCreationSequence>1.0</outputCreationSequence>
        <outputFieldName>RecordTypeId</outputFieldName>
        <outputObjectName>Case</outputObjectName>
        <requiredForUpsert>false</requiredForUpsert>
        <upsertKey>false</upsertKey>
    </omniDataTransformItem>
    <omniDataTransformItem>
        <disabled>false</disabled>
        <filterGroup>0.0</filterGroup>
        <globalKey>854eaad2-2ba8-4cf7-b1d1-dfb1547d524c</globalKey>
        <inputFieldName>case:Status</inputFieldName>
        <inputObjectName>json</inputObjectName>
        <inputObjectQuerySequence>0.0</inputObjectQuerySequence>
        <linkedObjectSequence>0.0</linkedObjectSequence>
        <name>newCase</name>
        <outputCreationSequence>1.0</outputCreationSequence>
        <outputFieldName>Status</outputFieldName>
        <outputObjectName>Case</outputObjectName>
        <requiredForUpsert>false</requiredForUpsert>
        <upsertKey>false</upsertKey>
    </omniDataTransformItem>
    <omniDataTransformItem>
        <disabled>false</disabled>
        <filterGroup>0.0</filterGroup>
        <globalKey>newCaseCustom3718</globalKey>
        <inputFieldName>case:AccountId</inputFieldName>
        <inputObjectQuerySequence>0.0</inputObjectQuerySequence>
        <linkedObjectSequence>0.0</linkedObjectSequence>
        <name>newCase</name>
        <outputCreationSequence>1.0</outputCreationSequence>
        <outputFieldName>AccountId</outputFieldName>
        <outputObjectName>Case</outputObjectName>
        <requiredForUpsert>false</requiredForUpsert>
        <upsertKey>false</upsertKey>
    </omniDataTransformItem>
    <omniDataTransformItem>
        <disabled>false</disabled>
        <filterGroup>0.0</filterGroup>
        <globalKey>9b701e26-8ffd-4546-8746-b983767cd787</globalKey>
        <inputFieldName>case:Type</inputFieldName>
        <inputObjectName>json</inputObjectName>
        <inputObjectQuerySequence>0.0</inputObjectQuerySequence>
        <linkedObjectSequence>0.0</linkedObjectSequence>
        <name>newCase</name>
        <outputCreationSequence>1.0</outputCreationSequence>
        <outputFieldName>Type</outputFieldName>
        <outputObjectName>Case</outputObjectName>
        <requiredForUpsert>false</requiredForUpsert>
        <upsertKey>false</upsertKey>
    </omniDataTransformItem>
    <omniDataTransformItem>
        <disabled>false</disabled>
        <filterGroup>0.0</filterGroup>
        <globalKey>newCaseCustom6508</globalKey>
        <inputFieldName>case:FinancialDealID</inputFieldName>
        <inputObjectQuerySequence>0.0</inputObjectQuerySequence>
        <linkedObjectSequence>0.0</linkedObjectSequence>
        <name>newCase</name>
        <outputCreationSequence>1.0</outputCreationSequence>
        <outputFieldName>Financial_Deal__c</outputFieldName>
        <outputObjectName>Case</outputObjectName>
        <requiredForUpsert>false</requiredForUpsert>
        <upsertKey>false</upsertKey>
    </omniDataTransformItem>
    <omniDataTransformItem>
        <disabled>false</disabled>
        <filterGroup>0.0</filterGroup>
        <globalKey>ba2b64a9-c86b-4a52-ad30-fbd68dd84b6e</globalKey>
        <inputFieldName>case:Auto_Claim_NBA__c</inputFieldName>
        <inputObjectQuerySequence>0.0</inputObjectQuerySequence>
        <linkedObjectSequence>0.0</linkedObjectSequence>
        <name>newCase</name>
        <outputCreationSequence>1.0</outputCreationSequence>
        <outputFieldName>Auto_Claim_NBA__c</outputFieldName>
        <outputObjectName>Case</outputObjectName>
        <requiredForUpsert>false</requiredForUpsert>
        <upsertKey>false</upsertKey>
    </omniDataTransformItem>
    <omniDataTransformItem>
        <disabled>false</disabled>
        <filterGroup>0.0</filterGroup>
        <globalKey>38375020-c98b-4ae3-be27-0520663bc57b</globalKey>
        <inputObjectName>json</inputObjectName>
        <inputObjectQuerySequence>0.0</inputObjectQuerySequence>
        <linkedObjectSequence>0.0</linkedObjectSequence>
        <name>newCase</name>
        <outputCreationSequence>1.0</outputCreationSequence>
        <outputFieldName>Description</outputFieldName>
        <outputObjectName>Case</outputObjectName>
        <requiredForUpsert>false</requiredForUpsert>
        <upsertKey>false</upsertKey>
    </omniDataTransformItem>
    <omniDataTransformItem>
        <disabled>false</disabled>
        <filterGroup>0.0</filterGroup>
        <globalKey>2755f481-8bc0-4873-bd5c-3e5a37738f5d</globalKey>
        <inputFieldName>case:Subject</inputFieldName>
        <inputObjectName>json</inputObjectName>
        <inputObjectQuerySequence>0.0</inputObjectQuerySequence>
        <linkedObjectSequence>0.0</linkedObjectSequence>
        <name>newCase</name>
        <outputCreationSequence>1.0</outputCreationSequence>
        <outputFieldName>Subject</outputFieldName>
        <outputObjectName>Case</outputObjectName>
        <requiredForUpsert>false</requiredForUpsert>
        <upsertKey>false</upsertKey>
    </omniDataTransformItem>
    <omniDataTransformItem>
        <disabled>false</disabled>
        <filterGroup>0.0</filterGroup>
        <globalKey>785cb16b-4d05-4b60-af0d-05c15d22510d</globalKey>
        <inputFieldName>case:Home_Claim_NBA__c</inputFieldName>
        <inputObjectQuerySequence>0.0</inputObjectQuerySequence>
        <linkedObjectSequence>0.0</linkedObjectSequence>
        <name>newCase</name>
        <outputCreationSequence>1.0</outputCreationSequence>
        <outputFieldName>Home_Claim_NBA__c</outputFieldName>
        <outputObjectName>Case</outputObjectName>
        <requiredForUpsert>false</requiredForUpsert>
        <upsertKey>false</upsertKey>
    </omniDataTransformItem>
    <outputType>SObject</outputType>
    <previewJsonData>{
  &quot;case&quot; : {
    &quot;Subject&quot; : &quot;New Auto Claim&quot;,
    &quot;RecordTypeId&quot; : &quot;0124V000001uOJjQAM&quot;,
    &quot;Priority&quot; : &quot;Medium&quot;,
    &quot;Home_Claim_NBA__c&quot; : false,
    &quot;OwnerId&quot; : &quot;00G4V000004TzvDUAS&quot;,
    &quot;Description&quot; : &quot;Claim has been created&quot;,
    &quot;AccountId&quot; : &quot;0014S000005rIMhQAM&quot;,
    &quot;ClaimId&quot; : &quot;0Zk4S000000L283SAC&quot;,
    &quot;Type&quot; : &quot;Insurance - Claim&quot;,
    &quot;Auto_Claim_NBA__c&quot; : true,
    &quot;Origin&quot; : &quot;&quot;,
    &quot;Status&quot; : &quot;FNOL&quot;
  }
}</previewJsonData>
    <processSuperBulk>false</processSuperBulk>
    <responseCacheTtlMinutes>0.0</responseCacheTtlMinutes>
    <rollbackOnError>false</rollbackOnError>
    <sourceObject>json</sourceObject>
    <sourceObjectDefault>false</sourceObjectDefault>
    <synchronousProcessThreshold>0.0</synchronousProcessThreshold>
    <type>Load</type>
    <uniqueName>newCase_1</uniqueName>
    <versionNumber>1.0</versionNumber>
    <xmlDeclarationRemoved>false</xmlDeclarationRemoved>
</OmniDataTransform>
