<?xml version="1.0" encoding="UTF-8"?>
<OmniDataTransform xmlns="http://soap.sforce.com/2006/04/metadata">
    <active>true</active>
    <assignmentRulesUsed>false</assignmentRulesUsed>
    <deletedOnSuccess>false</deletedOnSuccess>
    <description>Creates chatter post in feed to suggest back office automation. Part of the RegE process.</description>
    <errorIgnored>false</errorIgnored>
    <expectedInputJson>{
  &quot;ContextId&quot; : null,
  &quot;timeStamp&quot; : null,
  &quot;userId&quot; : null,
  &quot;userName&quot; : null,
  &quot;userProfile&quot; : null,
  &quot;userTimeZone&quot; : null,
  &quot;vlcPersistentComponent&quot; : { },
  &quot;vlcTimeTracking&quot; : {
    &quot;EmailAction&quot; : null,
    &quot;ResponseAction1&quot; : null,
    &quot;drCreateAccountSupportCase&quot; : null,
    &quot;drCreateRequestNewCardCase&quot; : null,
    &quot;drIOTBotChatterPostAccountSupport&quot; : null,
    &quot;drIOTBotChatterPostAutoSettle&quot; : null,
    &quot;drIOTBotChatterPostClaimThresholdExceeded&quot; : null,
    &quot;drTransformCaseData&quot; : null,
    &quot;svThresholds&quot; : null
  }
}</expectedInputJson>
    <fieldLevelSecurityEnabled>false</fieldLevelSecurityEnabled>
    <inputType>JSON</inputType>
    <name>postFeedParentIdAndBodyOnly</name>
    <nullInputsIncludedInOutput>false</nullInputsIncludedInOutput>
    <omniDataTransformItem>
        <defaultValue>IoT Bot</defaultValue>
        <disabled>false</disabled>
        <filterGroup>0.0</filterGroup>
        <globalKey>cb5a479e-d1d4-4298-8204-05cdeaee0af6</globalKey>
        <inputObjectQuerySequence>0.0</inputObjectQuerySequence>
        <linkedObjectSequence>0.0</linkedObjectSequence>
        <lookupByFieldName>Name</lookupByFieldName>
        <lookupObjectName>User</lookupObjectName>
        <lookupReturnedFieldName>Id</lookupReturnedFieldName>
        <name>postFeedParentIdAndBodyOnly</name>
        <outputCreationSequence>1.0</outputCreationSequence>
        <outputFieldName>CreatedById</outputFieldName>
        <outputObjectName>FeedItem</outputObjectName>
        <requiredForUpsert>false</requiredForUpsert>
        <upsertKey>false</upsertKey>
    </omniDataTransformItem>
    <omniDataTransformItem>
        <disabled>false</disabled>
        <filterGroup>0.0</filterGroup>
        <globalKey>7c9451a9-06df-4780-af40-9359f49eee4f</globalKey>
        <inputFieldName>body</inputFieldName>
        <inputObjectQuerySequence>0.0</inputObjectQuerySequence>
        <linkedObjectSequence>0.0</linkedObjectSequence>
        <name>postFeedParentIdAndBodyOnly</name>
        <outputCreationSequence>1.0</outputCreationSequence>
        <outputFieldName>Body</outputFieldName>
        <outputObjectName>FeedItem</outputObjectName>
        <requiredForUpsert>false</requiredForUpsert>
        <upsertKey>false</upsertKey>
    </omniDataTransformItem>
    <omniDataTransformItem>
        <disabled>false</disabled>
        <filterGroup>0.0</filterGroup>
        <globalKey>aaf9a836-9619-4bf3-b5ab-3b6c9b44ea9f</globalKey>
        <inputFieldName>parentId</inputFieldName>
        <inputObjectQuerySequence>0.0</inputObjectQuerySequence>
        <linkedObjectSequence>0.0</linkedObjectSequence>
        <name>postFeedParentIdAndBodyOnly</name>
        <outputCreationSequence>1.0</outputCreationSequence>
        <outputFieldName>ParentId</outputFieldName>
        <outputObjectName>FeedItem</outputObjectName>
        <requiredForUpsert>false</requiredForUpsert>
        <upsertKey>false</upsertKey>
    </omniDataTransformItem>
    <omniDataTransformItem>
        <disabled>false</disabled>
        <filterGroup>0.0</filterGroup>
        <filterOperator>=</filterOperator>
        <globalKey>326245d2-a9bd-4797-bf15-b62ae6725932</globalKey>
        <inputObjectQuerySequence>0.0</inputObjectQuerySequence>
        <linkedObjectSequence>0.0</linkedObjectSequence>
        <migrationValue>FAKEMAPPING</migrationValue>
        <name>postFeedParentIdAndBodyOnly</name>
        <outputCreationSequence>1.0</outputCreationSequence>
        <outputFieldName>Id</outputFieldName>
        <outputObjectName>FeedItem</outputObjectName>
        <requiredForUpsert>false</requiredForUpsert>
        <upsertKey>false</upsertKey>
    </omniDataTransformItem>
    <outputType>SObject</outputType>
    <previewJsonData>{
  &quot;body&quot; : &quot;New Reg E fraud investigation launched.&quot;,
  &quot;parentId&quot; : &quot;5005f00000HvC5AAAV&quot;
}</previewJsonData>
    <processSuperBulk>false</processSuperBulk>
    <responseCacheTtlMinutes>0.0</responseCacheTtlMinutes>
    <rollbackOnError>false</rollbackOnError>
    <sourceObject>json</sourceObject>
    <sourceObjectDefault>false</sourceObjectDefault>
    <synchronousProcessThreshold>0.0</synchronousProcessThreshold>
    <type>Load</type>
    <uniqueName>postFeedParentIdAndBodyOnly_1</uniqueName>
    <versionNumber>1.0</versionNumber>
    <xmlDeclarationRemoved>false</xmlDeclarationRemoved>
</OmniDataTransform>
