<?xml version="1.0" encoding="UTF-8"?>
<OmniDataTransform xmlns="http://soap.sforce.com/2006/04/metadata">
    <active>true</active>
    <assignmentRulesUsed>false</assignmentRulesUsed>
    <deletedOnSuccess>false</deletedOnSuccess>
    <errorIgnored>false</errorIgnored>
    <expectedInputJson>{
  &quot;AccountNum&quot; : &quot;TestAccountNum&quot;,
  &quot;CardNumber&quot; : &quot;TestCardNum&quot;,
  &quot;FeesToBeRefunded&quot; : 50,
  &quot;pcEmail&quot; : &quot;dnelson@vlocity.com&quot;,
  &quot;pcPhone&quot; : &quot;416-464-3176&quot;,
  &quot;userInitials&quot; : &quot;DN&quot;
}</expectedInputJson>
    <fieldLevelSecurityEnabled>false</fieldLevelSecurityEnabled>
    <inputType>JSON</inputType>
    <name>prepForDocusign</name>
    <nullInputsIncludedInOutput>false</nullInputsIncludedInOutput>
    <omniDataTransformItem>
        <disabled>false</disabled>
        <filterGroup>0.0</filterGroup>
        <globalKey>22ac985f-7b63-4348-a837-b1c65c937ff5</globalKey>
        <inputFieldName>AccountNum</inputFieldName>
        <inputObjectQuerySequence>0.0</inputObjectQuerySequence>
        <linkedObjectSequence>0.0</linkedObjectSequence>
        <name>prepForDocusign</name>
        <outputCreationSequence>1.0</outputCreationSequence>
        <outputFieldName>tabs:textTabs:AccountNum</outputFieldName>
        <outputObjectName>json</outputObjectName>
        <requiredForUpsert>false</requiredForUpsert>
        <upsertKey>false</upsertKey>
    </omniDataTransformItem>
    <omniDataTransformItem>
        <disabled>false</disabled>
        <filterGroup>0.0</filterGroup>
        <globalKey>6aa2808f-788a-4b2d-8bcc-d4287c93f42a</globalKey>
        <inputFieldName>userInitials</inputFieldName>
        <inputObjectQuerySequence>0.0</inputObjectQuerySequence>
        <linkedObjectSequence>0.0</linkedObjectSequence>
        <name>prepForDocusign</name>
        <outputCreationSequence>1.0</outputCreationSequence>
        <outputFieldName>tabs:textTabs:userInitials</outputFieldName>
        <outputObjectName>json</outputObjectName>
        <requiredForUpsert>false</requiredForUpsert>
        <upsertKey>false</upsertKey>
    </omniDataTransformItem>
    <omniDataTransformItem>
        <disabled>false</disabled>
        <filterGroup>0.0</filterGroup>
        <globalKey>0f046f32-8b30-4005-ac83-392d056ca186</globalKey>
        <inputFieldName>pcPhone</inputFieldName>
        <inputObjectQuerySequence>0.0</inputObjectQuerySequence>
        <linkedObjectSequence>0.0</linkedObjectSequence>
        <name>prepForDocusign</name>
        <outputCreationSequence>1.0</outputCreationSequence>
        <outputFieldName>tabs:textTabs:pcPhone</outputFieldName>
        <outputObjectName>json</outputObjectName>
        <requiredForUpsert>false</requiredForUpsert>
        <upsertKey>false</upsertKey>
    </omniDataTransformItem>
    <omniDataTransformItem>
        <disabled>false</disabled>
        <filterGroup>0.0</filterGroup>
        <globalKey>f4fe1e4b-eda1-42e1-a7ef-397e37074802</globalKey>
        <inputFieldName>pcEmail</inputFieldName>
        <inputObjectQuerySequence>0.0</inputObjectQuerySequence>
        <linkedObjectSequence>0.0</linkedObjectSequence>
        <name>prepForDocusign</name>
        <outputCreationSequence>1.0</outputCreationSequence>
        <outputFieldName>tabs:textTabs:pcEmail</outputFieldName>
        <outputObjectName>json</outputObjectName>
        <requiredForUpsert>false</requiredForUpsert>
        <upsertKey>false</upsertKey>
    </omniDataTransformItem>
    <omniDataTransformItem>
        <disabled>false</disabled>
        <filterGroup>0.0</filterGroup>
        <globalKey>42971830-a137-4296-a5b7-2e7dc329e555</globalKey>
        <inputFieldName>FeesToBeRefunded</inputFieldName>
        <inputObjectQuerySequence>0.0</inputObjectQuerySequence>
        <linkedObjectSequence>0.0</linkedObjectSequence>
        <name>prepForDocusign</name>
        <outputCreationSequence>1.0</outputCreationSequence>
        <outputFieldFormat>Currency</outputFieldFormat>
        <outputFieldName>tabs:textTabs:FeesToBeRefunded</outputFieldName>
        <outputObjectName>json</outputObjectName>
        <requiredForUpsert>false</requiredForUpsert>
        <upsertKey>false</upsertKey>
    </omniDataTransformItem>
    <omniDataTransformItem>
        <disabled>false</disabled>
        <filterGroup>0.0</filterGroup>
        <globalKey>30bee64a-d459-4f84-b435-c2cf1d8fd85c</globalKey>
        <inputFieldName>CardNumber</inputFieldName>
        <inputObjectQuerySequence>0.0</inputObjectQuerySequence>
        <linkedObjectSequence>0.0</linkedObjectSequence>
        <name>prepForDocusign</name>
        <outputCreationSequence>1.0</outputCreationSequence>
        <outputFieldName>tabs:textTabs:CardNumber2</outputFieldName>
        <outputObjectName>json</outputObjectName>
        <requiredForUpsert>false</requiredForUpsert>
        <upsertKey>false</upsertKey>
    </omniDataTransformItem>
    <omniDataTransformItem>
        <disabled>false</disabled>
        <filterGroup>0.0</filterGroup>
        <globalKey>077ceba7-fef1-418c-9bcb-7c51ffe504b9</globalKey>
        <inputFieldName>CardNumber</inputFieldName>
        <inputObjectQuerySequence>0.0</inputObjectQuerySequence>
        <linkedObjectSequence>0.0</linkedObjectSequence>
        <name>prepForDocusign</name>
        <outputCreationSequence>1.0</outputCreationSequence>
        <outputFieldName>tabs:textTabs:CardNumber</outputFieldName>
        <outputObjectName>json</outputObjectName>
        <requiredForUpsert>false</requiredForUpsert>
        <upsertKey>false</upsertKey>
    </omniDataTransformItem>
    <omniDataTransformItem>
        <disabled>false</disabled>
        <filterGroup>0.0</filterGroup>
        <globalKey>bc6f8f85-35c2-4655-b246-738054b06b65</globalKey>
        <inputFieldName>AccountNum</inputFieldName>
        <inputObjectQuerySequence>0.0</inputObjectQuerySequence>
        <linkedObjectSequence>0.0</linkedObjectSequence>
        <name>prepForDocusign</name>
        <outputCreationSequence>1.0</outputCreationSequence>
        <outputFieldName>tabs:textTabs:AccountNum2</outputFieldName>
        <outputObjectName>json</outputObjectName>
        <requiredForUpsert>false</requiredForUpsert>
        <upsertKey>false</upsertKey>
    </omniDataTransformItem>
    <outputType>DocuSign</outputType>
    <previewJsonData>{
  &quot;AccountNum&quot; : &quot;TestAccountNum&quot;,
  &quot;CardNumber&quot; : &quot;TestCardNum&quot;,
  &quot;FeesToBeRefunded&quot; : 50,
  &quot;pcEmail&quot; : &quot;dnelson@vlocity.com&quot;,
  &quot;pcPhone&quot; : &quot;416-464-3176&quot;,
  &quot;userInitials&quot; : &quot;DN&quot;
}</previewJsonData>
    <processSuperBulk>false</processSuperBulk>
    <responseCacheTtlMinutes>0.0</responseCacheTtlMinutes>
    <rollbackOnError>false</rollbackOnError>
    <sourceObject>json</sourceObject>
    <sourceObjectDefault>false</sourceObjectDefault>
    <synchronousProcessThreshold>-1.0</synchronousProcessThreshold>
    <targetOutputDocumentIdentifier>dec07437-f8f4-42ed-b33d-939ff281b884</targetOutputDocumentIdentifier>
    <type>Transform</type>
    <uniqueName>prepForDocusign_1</uniqueName>
    <versionNumber>1.0</versionNumber>
    <xmlDeclarationRemoved>false</xmlDeclarationRemoved>
</OmniDataTransform>
