<?xml version="1.0" encoding="UTF-8"?>
<OmniDataTransform xmlns="http://soap.sforce.com/2006/04/metadata">
    <active>false</active>
    <assignmentRulesUsed>false</assignmentRulesUsed>
    <deletedOnSuccess>false</deletedOnSuccess>
    <description>Transforms household members&apos; information from the benefit application to display it on the review screen.</description>
    <errorIgnored>false</errorIgnored>
    <fieldLevelSecurityEnabled>false</fieldLevelSecurityEnabled>
    <inputType>JSON</inputType>
    <name>TransformBenefitApplicationDataForReviewDCT</name>
    <nullInputsIncludedInOutput>false</nullInputsIncludedInOutput>
    <omniDataTransformItem>
        <disabled>false</disabled>
        <filterGroup>0.0</filterGroup>
        <globalKey>TransformBenefitApplicationDataForReviewDCTCustom0jI4V000000CdP2UAKItem22</globalKey>
        <inputFieldName>Income:HouseholdIncomeDetails:IncomeFrequency</inputFieldName>
        <inputObjectQuerySequence>0.0</inputObjectQuerySequence>
        <linkedObjectSequence>0.0</linkedObjectSequence>
        <name>TransformBenefitApplicationDataForReviewDCT</name>
        <outputCreationSequence>1.0</outputCreationSequence>
        <outputFieldName>HouseholdIncomeDetailsReview:IncomeFrequency</outputFieldName>
        <outputObjectName>json</outputObjectName>
        <requiredForUpsert>false</requiredForUpsert>
        <transformValuesMappings>{
  &quot;W&quot; : &quot;Weekly&quot;,
  &quot;BW&quot; : &quot;Biweekly&quot;,
  &quot;SM&quot; : &quot;Semimonthly&quot;,
  &quot;M&quot; : &quot;Monthly&quot;,
  &quot;O&quot; : &quot;Other&quot;
}</transformValuesMappings>
        <upsertKey>false</upsertKey>
    </omniDataTransformItem>
    <omniDataTransformItem>
        <disabled>false</disabled>
        <filterGroup>0.0</filterGroup>
        <globalKey>TransformBenefitApplicationDataForReviewDCTCustom0jI4V000000CdP2UAKItem23</globalKey>
        <inputFieldName>Income:HouseholdIncomeDetails:IncomeCurrentMonth</inputFieldName>
        <inputObjectQuerySequence>0.0</inputObjectQuerySequence>
        <linkedObjectSequence>0.0</linkedObjectSequence>
        <name>TransformBenefitApplicationDataForReviewDCT</name>
        <outputCreationSequence>1.0</outputCreationSequence>
        <outputFieldName>HouseholdIncomeDetailsReview:IncomeCurrentMonth</outputFieldName>
        <outputObjectName>json</outputObjectName>
        <requiredForUpsert>false</requiredForUpsert>
        <upsertKey>false</upsertKey>
    </omniDataTransformItem>
    <omniDataTransformItem>
        <disabled>false</disabled>
        <filterGroup>0.0</filterGroup>
        <globalKey>TransformBenefitApplicationDataForReviewDCTCustom0jI4V000000CdP2UAKItem24</globalKey>
        <inputFieldName>hasCCAP</inputFieldName>
        <inputObjectQuerySequence>0.0</inputObjectQuerySequence>
        <linkedObjectSequence>0.0</linkedObjectSequence>
        <name>TransformBenefitApplicationDataForReviewDCT</name>
        <outputCreationSequence>1.0</outputCreationSequence>
        <outputFieldName>hasCCAP</outputFieldName>
        <outputObjectName>json</outputObjectName>
        <requiredForUpsert>false</requiredForUpsert>
        <upsertKey>false</upsertKey>
    </omniDataTransformItem>
    <omniDataTransformItem>
        <disabled>false</disabled>
        <filterGroup>0.0</filterGroup>
        <globalKey>TransformBenefitApplicationDataForReviewDCTCustom0jI4V000000CdP2UAKItem25</globalKey>
        <inputFieldName>HouseholdInformation:HouseholdMemberDetails:HouseholdMemberName</inputFieldName>
        <inputObjectQuerySequence>0.0</inputObjectQuerySequence>
        <linkedObjectSequence>0.0</linkedObjectSequence>
        <name>TransformBenefitApplicationDataForReviewDCT</name>
        <outputCreationSequence>1.0</outputCreationSequence>
        <outputFieldName>HouseholdMemberDetailsReview:HouseholdMemberName</outputFieldName>
        <outputObjectName>json</outputObjectName>
        <requiredForUpsert>false</requiredForUpsert>
        <upsertKey>false</upsertKey>
    </omniDataTransformItem>
    <omniDataTransformItem>
        <disabled>false</disabled>
        <filterGroup>0.0</filterGroup>
        <globalKey>TransformBenefitApplicationDataForReviewDCTCustom0jI4V000000CdP2UAKItem26</globalKey>
        <inputFieldName>hasHCM</inputFieldName>
        <inputObjectQuerySequence>0.0</inputObjectQuerySequence>
        <linkedObjectSequence>0.0</linkedObjectSequence>
        <name>TransformBenefitApplicationDataForReviewDCT</name>
        <outputCreationSequence>1.0</outputCreationSequence>
        <outputFieldName>hasHCM</outputFieldName>
        <outputObjectName>json</outputObjectName>
        <requiredForUpsert>false</requiredForUpsert>
        <upsertKey>false</upsertKey>
    </omniDataTransformItem>
    <omniDataTransformItem>
        <disabled>false</disabled>
        <filterGroup>0.0</filterGroup>
        <globalKey>TransformBenefitApplicationDataForReviewDCTCustom0jI4V000000CdP2UAKItem6</globalKey>
        <inputFieldName>HouseholdInformation:HouseholdMemberDetails:DateOfBirth</inputFieldName>
        <inputObjectQuerySequence>0.0</inputObjectQuerySequence>
        <linkedObjectSequence>0.0</linkedObjectSequence>
        <name>TransformBenefitApplicationDataForReviewDCT</name>
        <outputCreationSequence>1.0</outputCreationSequence>
        <outputFieldName>HouseholdMemberDetailsReview:DateOfBirth</outputFieldName>
        <outputObjectName>json</outputObjectName>
        <requiredForUpsert>false</requiredForUpsert>
        <upsertKey>false</upsertKey>
    </omniDataTransformItem>
    <omniDataTransformItem>
        <disabled>false</disabled>
        <filterGroup>0.0</filterGroup>
        <globalKey>TransformBenefitApplicationDataForReviewDCTCustom0jI4V000000CdP2UAKItem7</globalKey>
        <inputFieldName>HouseholdInformation:HouseholdMemberDetails:GradeCompleted</inputFieldName>
        <inputObjectQuerySequence>0.0</inputObjectQuerySequence>
        <linkedObjectSequence>0.0</linkedObjectSequence>
        <name>TransformBenefitApplicationDataForReviewDCT</name>
        <outputCreationSequence>1.0</outputCreationSequence>
        <outputFieldName>HouseholdMemberDetailsReview:GradeCompleted</outputFieldName>
        <outputObjectName>json</outputObjectName>
        <requiredForUpsert>false</requiredForUpsert>
        <upsertKey>false</upsertKey>
    </omniDataTransformItem>
    <omniDataTransformItem>
        <disabled>false</disabled>
        <filterGroup>0.0</filterGroup>
        <formulaConverted>var:HouseholdInformation:ProgramList &quot;SNAP&quot; LIKE</formulaConverted>
        <formulaExpression>%HouseholdInformation:ProgramList% LIKE &quot;SNAP&quot;</formulaExpression>
        <formulaResultPath>hasSNAP</formulaResultPath>
        <formulaSequence>4.0</formulaSequence>
        <globalKey>TransformBenefitApplicationDataForReviewDCTCustom0jI4V000000CdP2UAKItem8</globalKey>
        <inputObjectQuerySequence>0.0</inputObjectQuerySequence>
        <linkedObjectSequence>0.0</linkedObjectSequence>
        <name>TransformBenefitApplicationDataForReviewDCT</name>
        <outputCreationSequence>0.0</outputCreationSequence>
        <outputFieldName>Formula</outputFieldName>
        <outputObjectName>Formula</outputObjectName>
        <requiredForUpsert>false</requiredForUpsert>
        <upsertKey>false</upsertKey>
    </omniDataTransformItem>
    <omniDataTransformItem>
        <disabled>false</disabled>
        <filterGroup>0.0</filterGroup>
        <globalKey>TransformBenefitApplicationDataForReviewDCTCustom0jI4V000000CdP2UAKItem9</globalKey>
        <inputFieldName>HouseholdInformation:HouseholdMemberDetails:Ethnicity</inputFieldName>
        <inputObjectQuerySequence>0.0</inputObjectQuerySequence>
        <linkedObjectSequence>0.0</linkedObjectSequence>
        <name>TransformBenefitApplicationDataForReviewDCT</name>
        <outputCreationSequence>1.0</outputCreationSequence>
        <outputFieldName>HouseholdMemberDetailsReview:Ethnicity</outputFieldName>
        <outputObjectName>json</outputObjectName>
        <requiredForUpsert>false</requiredForUpsert>
        <transformValuesMappings>{
  &quot;NH&quot; : &quot;Non-Hispanic/Latino&quot;,
  &quot;C&quot; : &quot;Cuban&quot;,
  &quot;M&quot; : &quot;Mexican/Mexican American/Chicano&quot;,
  &quot;P&quot; : &quot;Puerto Rican&quot;,
  &quot;O&quot; : &quot;Other&quot;
}</transformValuesMappings>
        <upsertKey>false</upsertKey>
    </omniDataTransformItem>
    <omniDataTransformItem>
        <disabled>false</disabled>
        <filterGroup>0.0</filterGroup>
        <formulaConverted>var:HouseholdInformation:ProgramList &quot;General/\/\/Assistance&quot; LIKE</formulaConverted>
        <formulaExpression>%HouseholdInformation:ProgramList% LIKE &quot;General Assistance&quot;</formulaExpression>
        <formulaResultPath>hasGA</formulaResultPath>
        <formulaSequence>3.0</formulaSequence>
        <globalKey>TransformBenefitApplicationDataForReviewDCTCustom0jI4V000000CdP2UAKItem10</globalKey>
        <inputObjectQuerySequence>0.0</inputObjectQuerySequence>
        <linkedObjectSequence>0.0</linkedObjectSequence>
        <name>TransformBenefitApplicationDataForReviewDCT</name>
        <outputCreationSequence>0.0</outputCreationSequence>
        <outputFieldName>Formula</outputFieldName>
        <outputObjectName>Formula</outputObjectName>
        <requiredForUpsert>false</requiredForUpsert>
        <upsertKey>false</upsertKey>
    </omniDataTransformItem>
    <omniDataTransformItem>
        <disabled>false</disabled>
        <filterGroup>0.0</filterGroup>
        <globalKey>TransformBenefitApplicationDataForReviewDCTCustom0jI4V000000CdP2UAKItem11</globalKey>
        <inputFieldName>HouseholdInformation:HouseholdMemberDetails:Gender</inputFieldName>
        <inputObjectQuerySequence>0.0</inputObjectQuerySequence>
        <linkedObjectSequence>0.0</linkedObjectSequence>
        <name>TransformBenefitApplicationDataForReviewDCT</name>
        <outputCreationSequence>1.0</outputCreationSequence>
        <outputFieldName>HouseholdMemberDetailsReview:Gender</outputFieldName>
        <outputObjectName>json</outputObjectName>
        <requiredForUpsert>false</requiredForUpsert>
        <transformValuesMappings>{
  &quot;M&quot; : &quot;Male&quot;,
  &quot;F&quot; : &quot;Female&quot;
}</transformValuesMappings>
        <upsertKey>false</upsertKey>
    </omniDataTransformItem>
    <omniDataTransformItem>
        <disabled>false</disabled>
        <filterGroup>0.0</filterGroup>
        <globalKey>TransformBenefitApplicationDataForReviewDCTCustom0jI4V000000CdP2UAKItem12</globalKey>
        <inputFieldName>Income:HouseholdIncomeDetails:IncomeHouseholdMemberName</inputFieldName>
        <inputObjectQuerySequence>0.0</inputObjectQuerySequence>
        <linkedObjectSequence>0.0</linkedObjectSequence>
        <name>TransformBenefitApplicationDataForReviewDCT</name>
        <outputCreationSequence>1.0</outputCreationSequence>
        <outputFieldName>HouseholdIncomeDetailsReview:IncomeHouseholdMemberName</outputFieldName>
        <outputObjectName>json</outputObjectName>
        <requiredForUpsert>false</requiredForUpsert>
        <upsertKey>false</upsertKey>
    </omniDataTransformItem>
    <omniDataTransformItem>
        <disabled>false</disabled>
        <filterGroup>0.0</filterGroup>
        <formulaConverted>var:HouseholdInformation:ProgramList &quot;CCAP&quot; LIKE</formulaConverted>
        <formulaExpression>%HouseholdInformation:ProgramList% LIKE &quot;CCAP&quot;</formulaExpression>
        <formulaResultPath>hasCCAP</formulaResultPath>
        <formulaSequence>6.0</formulaSequence>
        <globalKey>TransformBenefitApplicationDataForReviewDCTCustom0jI4V000000CdP2UAKItem13</globalKey>
        <inputObjectQuerySequence>0.0</inputObjectQuerySequence>
        <linkedObjectSequence>0.0</linkedObjectSequence>
        <name>TransformBenefitApplicationDataForReviewDCT</name>
        <outputCreationSequence>0.0</outputCreationSequence>
        <outputFieldName>Formula</outputFieldName>
        <outputObjectName>Formula</outputObjectName>
        <requiredForUpsert>false</requiredForUpsert>
        <upsertKey>false</upsertKey>
    </omniDataTransformItem>
    <omniDataTransformItem>
        <disabled>false</disabled>
        <filterGroup>0.0</filterGroup>
        <formulaConverted>var:HouseholdInformation:ProgramList &quot;TANF&quot; LIKE</formulaConverted>
        <formulaExpression>%HouseholdInformation:ProgramList% LIKE &quot;TANF&quot;</formulaExpression>
        <formulaResultPath>hasTANF</formulaResultPath>
        <formulaSequence>5.0</formulaSequence>
        <globalKey>TransformBenefitApplicationDataForReviewDCTCustom0jI4V000000CdP2UAKItem14</globalKey>
        <inputObjectQuerySequence>0.0</inputObjectQuerySequence>
        <linkedObjectSequence>0.0</linkedObjectSequence>
        <name>TransformBenefitApplicationDataForReviewDCT</name>
        <outputCreationSequence>0.0</outputCreationSequence>
        <outputFieldName>Formula</outputFieldName>
        <outputObjectName>Formula</outputObjectName>
        <requiredForUpsert>false</requiredForUpsert>
        <upsertKey>false</upsertKey>
    </omniDataTransformItem>
    <omniDataTransformItem>
        <disabled>false</disabled>
        <filterGroup>0.0</filterGroup>
        <globalKey>TransformBenefitApplicationDataForReviewDCTCustom0jI4V000000CdP2UAKItem15</globalKey>
        <inputFieldName>Income:HouseholdIncomeDetails:Employer</inputFieldName>
        <inputObjectQuerySequence>0.0</inputObjectQuerySequence>
        <linkedObjectSequence>0.0</linkedObjectSequence>
        <name>TransformBenefitApplicationDataForReviewDCT</name>
        <outputCreationSequence>1.0</outputCreationSequence>
        <outputFieldName>HouseholdIncomeDetailsReview:Employer</outputFieldName>
        <outputObjectName>json</outputObjectName>
        <requiredForUpsert>false</requiredForUpsert>
        <upsertKey>false</upsertKey>
    </omniDataTransformItem>
    <omniDataTransformItem>
        <disabled>false</disabled>
        <filterGroup>0.0</filterGroup>
        <globalKey>TransformBenefitApplicationDataForReviewDCTCustom0jI4V000000CdP2UAKItem16</globalKey>
        <inputFieldName>hasGA</inputFieldName>
        <inputObjectQuerySequence>0.0</inputObjectQuerySequence>
        <linkedObjectSequence>0.0</linkedObjectSequence>
        <name>TransformBenefitApplicationDataForReviewDCT</name>
        <outputCreationSequence>1.0</outputCreationSequence>
        <outputFieldName>hasGA</outputFieldName>
        <outputObjectName>json</outputObjectName>
        <requiredForUpsert>false</requiredForUpsert>
        <upsertKey>false</upsertKey>
    </omniDataTransformItem>
    <omniDataTransformItem>
        <disabled>false</disabled>
        <filterGroup>0.0</filterGroup>
        <globalKey>TransformBenefitApplicationDataForReviewDCTCustom0jI4V000000CdP2UAKItem17</globalKey>
        <inputFieldName>hasHA</inputFieldName>
        <inputObjectQuerySequence>0.0</inputObjectQuerySequence>
        <linkedObjectSequence>0.0</linkedObjectSequence>
        <name>TransformBenefitApplicationDataForReviewDCT</name>
        <outputCreationSequence>1.0</outputCreationSequence>
        <outputFieldName>hasHA</outputFieldName>
        <outputObjectName>json</outputObjectName>
        <requiredForUpsert>false</requiredForUpsert>
        <upsertKey>false</upsertKey>
    </omniDataTransformItem>
    <omniDataTransformItem>
        <disabled>false</disabled>
        <filterGroup>0.0</filterGroup>
        <globalKey>TransformBenefitApplicationDataForReviewDCTCustom0jI4V000000CdP2UAKItem18</globalKey>
        <inputFieldName>HouseholdInformation:HouseholdMemberDetails:USCitizen</inputFieldName>
        <inputObjectQuerySequence>0.0</inputObjectQuerySequence>
        <linkedObjectSequence>0.0</linkedObjectSequence>
        <name>TransformBenefitApplicationDataForReviewDCT</name>
        <outputCreationSequence>1.0</outputCreationSequence>
        <outputFieldName>HouseholdMemberDetailsReview:USCitizen</outputFieldName>
        <outputObjectName>json</outputObjectName>
        <requiredForUpsert>false</requiredForUpsert>
        <upsertKey>false</upsertKey>
    </omniDataTransformItem>
    <omniDataTransformItem>
        <disabled>false</disabled>
        <filterGroup>0.0</filterGroup>
        <globalKey>TransformBenefitApplicationDataForReviewDCTCustom0jI4V000000CdP2UAKItem19</globalKey>
        <inputFieldName>Income:HouseholdIncomeDetails:IncomeLastMonth</inputFieldName>
        <inputObjectQuerySequence>0.0</inputObjectQuerySequence>
        <linkedObjectSequence>0.0</linkedObjectSequence>
        <name>TransformBenefitApplicationDataForReviewDCT</name>
        <outputCreationSequence>1.0</outputCreationSequence>
        <outputFieldName>HouseholdIncomeDetailsReview:IncomeLastMonth</outputFieldName>
        <outputObjectName>json</outputObjectName>
        <requiredForUpsert>false</requiredForUpsert>
        <upsertKey>false</upsertKey>
    </omniDataTransformItem>
    <omniDataTransformItem>
        <disabled>false</disabled>
        <filterGroup>0.0</filterGroup>
        <globalKey>TransformBenefitApplicationDataForReviewDCTCustom0jI4V000000CdP2UAKItem20</globalKey>
        <inputFieldName>hasTANF</inputFieldName>
        <inputObjectQuerySequence>0.0</inputObjectQuerySequence>
        <linkedObjectSequence>0.0</linkedObjectSequence>
        <name>TransformBenefitApplicationDataForReviewDCT</name>
        <outputCreationSequence>1.0</outputCreationSequence>
        <outputFieldName>hasTANF</outputFieldName>
        <outputObjectName>json</outputObjectName>
        <requiredForUpsert>false</requiredForUpsert>
        <upsertKey>false</upsertKey>
    </omniDataTransformItem>
    <omniDataTransformItem>
        <disabled>false</disabled>
        <filterGroup>0.0</filterGroup>
        <globalKey>TransformBenefitApplicationDataForReviewDCTCustom0jI4V000000CdP2UAKItem21</globalKey>
        <inputFieldName>hasSNAP</inputFieldName>
        <inputObjectQuerySequence>0.0</inputObjectQuerySequence>
        <linkedObjectSequence>0.0</linkedObjectSequence>
        <name>TransformBenefitApplicationDataForReviewDCT</name>
        <outputCreationSequence>1.0</outputCreationSequence>
        <outputFieldName>hasSNAP</outputFieldName>
        <outputObjectName>json</outputObjectName>
        <requiredForUpsert>false</requiredForUpsert>
        <upsertKey>false</upsertKey>
    </omniDataTransformItem>
    <omniDataTransformItem>
        <disabled>false</disabled>
        <filterGroup>0.0</filterGroup>
        <globalKey>TransformBenefitApplicationDataForReviewDCTCustom0jI4V000000CdP2UAKItem0</globalKey>
        <inputFieldName>HouseholdInformation:HouseholdMemberDetails:Race</inputFieldName>
        <inputObjectQuerySequence>0.0</inputObjectQuerySequence>
        <linkedObjectSequence>0.0</linkedObjectSequence>
        <name>TransformBenefitApplicationDataForReviewDCT</name>
        <outputCreationSequence>1.0</outputCreationSequence>
        <outputFieldName>HouseholdMemberDetailsReview:Race</outputFieldName>
        <outputObjectName>json</outputObjectName>
        <requiredForUpsert>false</requiredForUpsert>
        <transformValuesMappings>{
  &quot;AL&quot; : &quot;American Indian/Alaska Native&quot;,
  &quot;AP&quot; : &quot;Asian&quot;,
  &quot;BL&quot; : &quot;Black/African American&quot;,
  &quot;HP&quot; : &quot;Native Hawaiian/ Pacific Islander&quot;,
  &quot;WH&quot; : &quot;White&quot;,
  &quot;O&quot; : &quot;Other&quot;
}</transformValuesMappings>
        <upsertKey>false</upsertKey>
    </omniDataTransformItem>
    <omniDataTransformItem>
        <disabled>false</disabled>
        <filterGroup>0.0</filterGroup>
        <globalKey>TransformBenefitApplicationDataForReviewDCTCustom0jI4V000000CdP2UAKItem1</globalKey>
        <inputFieldName>Income:HouseholdIncomeDetails:IncomeNextMonth</inputFieldName>
        <inputObjectQuerySequence>0.0</inputObjectQuerySequence>
        <linkedObjectSequence>0.0</linkedObjectSequence>
        <name>TransformBenefitApplicationDataForReviewDCT</name>
        <outputCreationSequence>1.0</outputCreationSequence>
        <outputFieldName>HouseholdIncomeDetailsReview:IncomeNextMonth</outputFieldName>
        <outputObjectName>json</outputObjectName>
        <requiredForUpsert>false</requiredForUpsert>
        <upsertKey>false</upsertKey>
    </omniDataTransformItem>
    <omniDataTransformItem>
        <disabled>false</disabled>
        <filterGroup>0.0</filterGroup>
        <formulaConverted>var:HouseholdInformation:ProgramList &quot;Health/\/\/Care/Medicaid&quot; LIKE</formulaConverted>
        <formulaExpression>%HouseholdInformation:ProgramList% LIKE &quot;Health Care/Medicaid&quot;</formulaExpression>
        <formulaResultPath>hasHCM</formulaResultPath>
        <formulaSequence>1.0</formulaSequence>
        <globalKey>TransformBenefitApplicationDataForReviewDCTCustom0jI4V000000CdP2UAKItem2</globalKey>
        <inputObjectQuerySequence>0.0</inputObjectQuerySequence>
        <linkedObjectSequence>0.0</linkedObjectSequence>
        <name>TransformBenefitApplicationDataForReviewDCT</name>
        <outputCreationSequence>0.0</outputCreationSequence>
        <outputFieldName>Formula</outputFieldName>
        <outputObjectName>Formula</outputObjectName>
        <requiredForUpsert>false</requiredForUpsert>
        <upsertKey>false</upsertKey>
    </omniDataTransformItem>
    <omniDataTransformItem>
        <disabled>false</disabled>
        <filterGroup>0.0</filterGroup>
        <formulaConverted>var:HouseholdInformation:ProgramList &quot;Housing/\/\/Assistance&quot; LIKE</formulaConverted>
        <formulaExpression>%HouseholdInformation:ProgramList% LIKE &quot;Housing Assistance&quot;</formulaExpression>
        <formulaResultPath>hasHA</formulaResultPath>
        <formulaSequence>2.0</formulaSequence>
        <globalKey>TransformBenefitApplicationDataForReviewDCTCustom0jI4V000000CdP2UAKItem3</globalKey>
        <inputObjectQuerySequence>0.0</inputObjectQuerySequence>
        <linkedObjectSequence>0.0</linkedObjectSequence>
        <name>TransformBenefitApplicationDataForReviewDCT</name>
        <outputCreationSequence>0.0</outputCreationSequence>
        <outputFieldName>Formula</outputFieldName>
        <outputObjectName>Formula</outputObjectName>
        <requiredForUpsert>false</requiredForUpsert>
        <upsertKey>false</upsertKey>
    </omniDataTransformItem>
    <omniDataTransformItem>
        <disabled>false</disabled>
        <filterGroup>0.0</filterGroup>
        <globalKey>TransformBenefitApplicationDataForReviewDCTCustom0jI4V000000CdP2UAKItem4</globalKey>
        <inputFieldName>HouseholdInformation:HouseholdMemberDetails:Relationship</inputFieldName>
        <inputObjectQuerySequence>0.0</inputObjectQuerySequence>
        <linkedObjectSequence>0.0</linkedObjectSequence>
        <name>TransformBenefitApplicationDataForReviewDCT</name>
        <outputCreationSequence>1.0</outputCreationSequence>
        <outputFieldName>HouseholdMemberDetailsReview:Relationship</outputFieldName>
        <outputObjectName>json</outputObjectName>
        <requiredForUpsert>false</requiredForUpsert>
        <upsertKey>false</upsertKey>
    </omniDataTransformItem>
    <omniDataTransformItem>
        <disabled>false</disabled>
        <filterGroup>0.0</filterGroup>
        <globalKey>TransformBenefitApplicationDataForReviewDCTCustom0jI4V000000CdP2UAKItem5</globalKey>
        <inputFieldName>HouseholdInformation:AreThereDisabledHouseholdMembers</inputFieldName>
        <inputObjectQuerySequence>0.0</inputObjectQuerySequence>
        <linkedObjectSequence>0.0</linkedObjectSequence>
        <name>TransformBenefitApplicationDataForReviewDCT</name>
        <outputCreationSequence>1.0</outputCreationSequence>
        <outputFieldName>AreThereDisabledHouseholdMembersReview</outputFieldName>
        <outputObjectName>json</outputObjectName>
        <requiredForUpsert>false</requiredForUpsert>
        <transformValuesMappings>{
  &quot;true&quot; : &quot;Yes&quot;,
  &quot;false&quot; : &quot;No&quot;
}</transformValuesMappings>
        <upsertKey>false</upsertKey>
    </omniDataTransformItem>
    <outputType>JSON</outputType>
    <processSuperBulk>false</processSuperBulk>
    <responseCacheTtlMinutes>0.0</responseCacheTtlMinutes>
    <rollbackOnError>false</rollbackOnError>
    <sourceObject>json</sourceObject>
    <sourceObjectDefault>false</sourceObjectDefault>
    <synchronousProcessThreshold>0.0</synchronousProcessThreshold>
    <type>Transform</type>
    <uniqueName>TransformBenefitApplicationDataForReviewDCT_1</uniqueName>
    <versionNumber>1.0</versionNumber>
    <xmlDeclarationRemoved>false</xmlDeclarationRemoved>
</OmniDataTransform>
