<?xml version="1.0" encoding="UTF-8"?>
<OmniDataTransform xmlns="http://soap.sforce.com/2006/04/metadata">
    <active>true</active>
    <assignmentRulesUsed>false</assignmentRulesUsed>
    <deletedOnSuccess>false</deletedOnSuccess>
    <description>RegE: prepare data for Case fields and JSON &apos;extras&apos;.</description>
    <errorIgnored>false</errorIgnored>
    <expectedInputJson>{
  &quot;Action1&quot; : null,
  &quot;Adjustment&quot; : null,
  &quot;CaseDetails&quot; : {
    &quot;fReplaceCardFlag&quot; : true,
    &quot;msCaseTypes&quot; : &quot;Card Replacement;General&quot;,
    &quot;rdoPriority&quot; : &quot;High&quot;,
    &quot;selAccountAccess&quot; : &quot;Checking &amp; Saving&quot;,
    &quot;selOrigin&quot; : &quot;Phone&quot;,
    &quot;selPinInformation&quot; : &quot;Same&quot;,
    &quot;selRequestMethod&quot; : &quot;Oral&quot;
  },
  &quot;Fraud&quot; : {
    &quot;curPortionDisputed&quot; : 55,
    &quot;disSectionI&quot; : null,
    &quot;disSectionII&quot; : true,
    &quot;fDaysSinceLastStatement&quot; : 36,
    &quot;fRegEFlag&quot; : true,
    &quot;fTrxWithdrawalPlusTrxDeposit&quot; : 567.89,
    &quot;rdoOrderDispute&quot; : &quot;No&quot;,
    &quot;rdoRecurringCharge&quot; : &quot;Yes&quot;,
    &quot;rdoSubscriptionCharge&quot; : &quot;No&quot;,
    &quot;rdoSuspiciousActivity&quot; : &quot;No&quot;,
    &quot;selSection&quot; : &quot;SectionII&quot;,
    &quot;txtAreaMoreDetails&quot; : &quot;Blop blop blop&quot;
  },
  &quot;Transactions&quot; : {
    &quot;fNumberSelected&quot; : 1,
    &quot;rdoNextActions&quot; : &quot;Fraud&quot;,
    &quot;selMore&quot; : null,
    &quot;selStatements&quot; : &quot;12345999&quot;,
    &quot;taAccounts-Block&quot; : {
      &quot;taAccounts&quot; : &quot;Classic Checking - 58412390&quot;
    },
    &quot;trxs&quot; : [ {
      &quot;StatementId&quot; : &quot;12345678&quot;,
      &quot;TrxBalance&quot; : 59566.88,
      &quot;TrxDate&quot; : &quot;2020-08-31&quot;,
      &quot;TrxDesc&quot; : &quot;GINOS PIZZA&quot;,
      &quot;TrxSourceCode&quot; : &quot;DEB&quot;,
      &quot;TrxUID&quot; : &quot;100115011&quot;,
      &quot;TrxWithdrawals&quot; : 567.89,
      &quot;checked&quot; : true,
      &quot;filtered&quot; : false,
      &quot;finAccountId&quot; : &quot;a4l4W0000026TmTQAU&quot;,
      &quot;rowid&quot; : 6,
      &quot;tagname&quot; : &quot;cb_6&quot;
    } ]
  },
  &quot;accountId&quot; : &quot;0014W000024fX5xQAE&quot;,
  &quot;contactId&quot; : &quot;0034W00002DFUmzQAH&quot;,
  &quot;financialAccountDropdownData&quot; : [ {
    &quot;NameAndNumber&quot; : &quot;Day to Day Banking - 58413762&quot;,
    &quot;financialAccountId&quot; : &quot;a4l4W0000026TmUQAU&quot;
  }, {
    &quot;NameAndNumber&quot; : &quot;Classic Checking - 58412390&quot;,
    &quot;financialAccountId&quot; : &quot;a4l4W0000026TmTQAU&quot;
  }, {
    &quot;NameAndNumber&quot; : &quot;Rewards Card - 58419954&quot;,
    &quot;financialAccountId&quot; : &quot;a4l4W0000026TmNQAU&quot;
  }, {
    &quot;NameAndNumber&quot; : &quot;SA 42848198 - 42848198&quot;,
    &quot;financialAccountId&quot; : &quot;a4l4W0000026TmPQAU&quot;
  } ],
  &quot;financialAccountId&quot; : &quot;a4l4W0000026TmTQAU&quot;,
  &quot;financialAccountName&quot; : &quot;Classic Checking&quot;,
  &quot;financialAccountNumber&quot; : &quot;58412390&quot;,
  &quot;lastStatementDate&quot; : &quot;2020-08-27T04:00:00.000Z&quot;,
  &quot;omnidesignerChannelId&quot; : &quot;omni-designer-channel-id-1601675991816&quot;,
  &quot;timeStamp&quot; : &quot;2020-10-03T02:50:09.302Z&quot;,
  &quot;trxSelected&quot; : 6,
  &quot;trxs&quot; : [ {
    &quot;StatementId&quot; : &quot;12345678&quot;,
    &quot;TrxBalance&quot; : 55796.18,
    &quot;TrxDate&quot; : &quot;2020-09-03&quot;,
    &quot;TrxDeposits&quot; : 5678.9,
    &quot;TrxDesc&quot; : &quot;SPOUSEEMP PAY&quot;,
    &quot;TrxSourceCode&quot; : &quot;EFT&quot;,
    &quot;TrxUID&quot; : &quot;10013014&quot;,
    &quot;finAccountId&quot; : &quot;a4l4W0000026TmTQAU&quot;
  }, {
    &quot;StatementId&quot; : &quot;12345678&quot;,
    &quot;TrxBalance&quot; : 50117.28,
    &quot;TrxDate&quot; : &quot;2020-09-01&quot;,
    &quot;TrxDesc&quot; : &quot;TD VISA PREAUTH PYMT&quot;,
    &quot;TrxSourceCode&quot; : &quot;CC&quot;,
    &quot;TrxUID&quot; : &quot;10012878&quot;,
    &quot;TrxWithdrawals&quot; : 9876.5,
    &quot;finAccountId&quot; : &quot;a4l4W0000026TmTQAU&quot;
  }, {
    &quot;StatementId&quot; : &quot;12345678&quot;,
    &quot;TrxBalance&quot; : 59993.78,
    &quot;TrxDate&quot; : &quot;2020-09-01&quot;,
    &quot;TrxDesc&quot; : &quot;MANULIFE MSP&quot;,
    &quot;TrxSourceCode&quot; : &quot;SCH&quot;,
    &quot;TrxUID&quot; : &quot;100121111&quot;,
    &quot;TrxWithdrawals&quot; : 53.1,
    &quot;finAccountId&quot; : &quot;a4l4W0000026TmTQAU&quot;
  }, {
    &quot;StatementId&quot; : &quot;12345678&quot;,
    &quot;TrxBalance&quot; : 60046.88,
    &quot;TrxDate&quot; : &quot;2020-08-31&quot;,
    &quot;TrxDeposits&quot; : 29.95,
    &quot;TrxDesc&quot; : &quot;ACCT BAL REBATE&quot;,
    &quot;TrxSourceCode&quot; : &quot;INT&quot;,
    &quot;TrxUID&quot; : &quot;100118012&quot;,
    &quot;finAccountId&quot; : &quot;a4l4W0000026TmTQAU&quot;
  }, {
    &quot;StatementId&quot; : &quot;12345678&quot;,
    &quot;TrxBalance&quot; : 60046.88,
    &quot;TrxDate&quot; : &quot;2020-08-31&quot;,
    &quot;TrxDeposits&quot; : 480,
    &quot;TrxDesc&quot; : &quot;SUN LIFE MSP&quot;,
    &quot;TrxSourceCode&quot; : &quot;EFT&quot;,
    &quot;TrxUID&quot; : &quot;100117088&quot;,
    &quot;finAccountId&quot; : &quot;a4l4W0000026TmTQAU&quot;
  }, {
    &quot;StatementId&quot; : &quot;12345678&quot;,
    &quot;TrxBalance&quot; : 60016.93,
    &quot;TrxDate&quot; : &quot;2020-08-31&quot;,
    &quot;TrxDesc&quot; : &quot;MONTHLY ACCOUNT FEE&quot;,
    &quot;TrxSourceCode&quot; : &quot;FEE&quot;,
    &quot;TrxUID&quot; : &quot;100118011&quot;,
    &quot;TrxWithdrawals&quot; : 29.95,
    &quot;finAccountId&quot; : &quot;a4l4W0000026TmTQAU&quot;
  }, {
    &quot;StatementId&quot; : &quot;12345678&quot;,
    &quot;TrxBalance&quot; : 59566.88,
    &quot;TrxDate&quot; : &quot;2020-08-31&quot;,
    &quot;TrxDesc&quot; : &quot;GINOS PIZZA&quot;,
    &quot;TrxSourceCode&quot; : &quot;DEB&quot;,
    &quot;TrxUID&quot; : &quot;100115011&quot;,
    &quot;TrxWithdrawals&quot; : 567.89,
    &quot;finAccountId&quot; : &quot;a4l4W0000026TmTQAU&quot;
  }, {
    &quot;StatementId&quot; : &quot;12345678&quot;,
    &quot;TrxBalance&quot; : 60099.77,
    &quot;TrxDate&quot; : &quot;2020-08-28&quot;,
    &quot;TrxDeposits&quot; : 11.3,
    &quot;TrxDesc&quot; : &quot;E-TRANSFER CA***6fy&quot;,
    &quot;TrxSourceCode&quot; : &quot;ETR&quot;,
    &quot;TrxUID&quot; : &quot;100112034&quot;,
    &quot;finAccountId&quot; : &quot;a4l4W0000026TmTQAU&quot;
  }, {
    &quot;StatementId&quot; : &quot;12345678&quot;,
    &quot;TrxBalance&quot; : 60134.77,
    &quot;TrxDate&quot; : &quot;2020-08-28&quot;,
    &quot;TrxDeposits&quot; : 35,
    &quot;TrxDesc&quot; : &quot;CANADA LIFE INS&quot;,
    &quot;TrxSourceCode&quot; : &quot;EFT&quot;,
    &quot;TrxUID&quot; : &quot;100112102&quot;,
    &quot;finAccountId&quot; : &quot;a4l4W0000026TmTQAU&quot;
  }, {
    &quot;StatementId&quot; : &quot;12345678&quot;,
    &quot;TrxBalance&quot; : 60088.47,
    &quot;TrxDate&quot; : &quot;2020-08-28&quot;,
    &quot;TrxDeposits&quot; : 4567.8,
    &quot;TrxDesc&quot; : &quot;A S YOUREMPLOYER PAY&quot;,
    &quot;TrxSourceCode&quot; : &quot;EFT&quot;,
    &quot;TrxUID&quot; : &quot;100112021&quot;,
    &quot;finAccountId&quot; : &quot;a4l4W0000026TmTQAU&quot;
  }, {
    &quot;StatementId&quot; : &quot;12345999&quot;,
    &quot;TrxBalance&quot; : 55520.67,
    &quot;TrxDate&quot; : &quot;2020-08-27&quot;,
    &quot;TrxDesc&quot; : &quot;SEND E-TFR CA***ZhK&quot;,
    &quot;TrxSourceCode&quot; : &quot;ETR&quot;,
    &quot;TrxUID&quot; : &quot;100110909&quot;,
    &quot;TrxWithdrawals&quot; : 60,
    &quot;finAccountId&quot; : &quot;a4l4W0000026TmTQAU&quot;
  }, {
    &quot;StatementId&quot; : &quot;12345999&quot;,
    &quot;TrxBalance&quot; : 55580.67,
    &quot;TrxDate&quot; : &quot;2020-08-26&quot;,
    &quot;TrxDesc&quot; : &quot;SEND E-TFR CA***M8t&quot;,
    &quot;TrxSourceCode&quot; : &quot;ETR&quot;,
    &quot;TrxUID&quot; : &quot;100110234&quot;,
    &quot;TrxWithdrawals&quot; : 160,
    &quot;finAccountId&quot; : &quot;a4l4W0000026TmTQAU&quot;
  }, {
    &quot;StatementId&quot; : &quot;12345999&quot;,
    &quot;TrxBalance&quot; : 55740.67,
    &quot;TrxDate&quot; : &quot;2020-08-25&quot;,
    &quot;TrxDesc&quot; : &quot;LIFE FORCE PHYS _F&quot;,
    &quot;TrxSourceCode&quot; : &quot;SCH&quot;,
    &quot;TrxUID&quot; : &quot;10009999&quot;,
    &quot;TrxWithdrawals&quot; : 80,
    &quot;finAccountId&quot; : &quot;a4l4W0000026TmTQAU&quot;
  }, {
    &quot;StatementId&quot; : &quot;12345999&quot;,
    &quot;TrxBalance&quot; : 55820.67,
    &quot;TrxDate&quot; : &quot;2020-08-25&quot;,
    &quot;TrxDesc&quot; : &quot;SEND E-TFR CA***ZKS&quot;,
    &quot;TrxSourceCode&quot; : &quot;ETR&quot;,
    &quot;TrxUID&quot; : &quot;10003040&quot;,
    &quot;TrxWithdrawals&quot; : 10,
    &quot;finAccountId&quot; : &quot;a4l4W0000026TmTQAU&quot;
  }, {
    &quot;StatementId&quot; : &quot;12345999&quot;,
    &quot;TrxBalance&quot; : 55830.67,
    &quot;TrxDate&quot; : &quot;2020-08-24&quot;,
    &quot;TrxDesc&quot; : &quot;CERTAS H&amp;A INS INS&quot;,
    &quot;TrxSourceCode&quot; : &quot;EFT&quot;,
    &quot;TrxUID&quot; : &quot;10000001&quot;,
    &quot;TrxWithdrawals&quot; : 543.21,
    &quot;finAccountId&quot; : &quot;a4l4W0000026TmTQAU&quot;
  } ],
  &quot;userCurrencyCode&quot; : &quot;USD&quot;,
  &quot;userId&quot; : &quot;0054W00000BPTa5QAH&quot;,
  &quot;userName&quot; : &quot;duane@bankingdisputedemo123456.com&quot;,
  &quot;userProfile&quot; : &quot;Custom: System Administrator&quot;,
  &quot;userTimeZone&quot; : &quot;-420&quot;
}</expectedInputJson>
    <expectedOutputJson>{
  &quot;CaseAccountAccess&quot; : &quot;unaccomm&quot;,
  &quot;CaseCardScriptReadToCustomer&quot; : &quot;y&quot;,
  &quot;CaseContactId&quot; : &quot;y&quot;,
  &quot;CaseDescription&quot; : &quot;y&quot;,
  &quot;CaseFinancialAccount&quot; : &quot;y&quot;,
  &quot;CaseOrigin&quot; : &quot;y&quot;,
  &quot;CasePINInformation&quot; : &quot;y&quot;,
  &quot;CasePriority&quot; : &quot;y&quot;,
  &quot;CaseRecordType&quot; : &quot;y&quot;,
  &quot;CaseRequestMethod&quot; : &quot;y&quot;,
  &quot;CaseStatus&quot; : &quot;xxx&quot;,
  &quot;CaseSubject&quot; : &quot;xxx&quot;
}</expectedOutputJson>
    <fieldLevelSecurityEnabled>false</fieldLevelSecurityEnabled>
    <inputType>JSON</inputType>
    <name>transformInvestigationToDisputeCase</name>
    <nullInputsIncludedInOutput>false</nullInputsIncludedInOutput>
    <omniDataTransformItem>
        <disabled>false</disabled>
        <filterGroup>0.0</filterGroup>
        <globalKey>5bac5cbb-4bb4-444b-9b33-6bd75459d476</globalKey>
        <inputFieldName>CaseDetails:selAccountAccess</inputFieldName>
        <inputObjectQuerySequence>0.0</inputObjectQuerySequence>
        <linkedObjectSequence>0.0</linkedObjectSequence>
        <name>transformInvestigationToDisputeCase</name>
        <outputCreationSequence>1.0</outputCreationSequence>
        <outputFieldName>CaseAccountAccess</outputFieldName>
        <outputObjectName>json</outputObjectName>
        <requiredForUpsert>false</requiredForUpsert>
        <upsertKey>false</upsertKey>
    </omniDataTransformItem>
    <omniDataTransformItem>
        <disabled>false</disabled>
        <filterGroup>0.0</filterGroup>
        <globalKey>6c789652-84ff-47cd-b8cf-bdec4e1385aa</globalKey>
        <inputFieldName>Fraud:rdoSubscriptionCharge</inputFieldName>
        <inputObjectQuerySequence>0.0</inputObjectQuerySequence>
        <linkedObjectSequence>0.0</linkedObjectSequence>
        <name>transformInvestigationToDisputeCase</name>
        <outputCreationSequence>1.0</outputCreationSequence>
        <outputFieldName>additionalFields:SubscriptionCharge</outputFieldName>
        <outputObjectName>json</outputObjectName>
        <requiredForUpsert>false</requiredForUpsert>
        <transformValuesMappings>{
  &quot;true&quot; : &quot;Yes&quot;,
  &quot;false&quot; : &quot;No&quot;
}</transformValuesMappings>
        <upsertKey>false</upsertKey>
    </omniDataTransformItem>
    <omniDataTransformItem>
        <defaultValue>Card Replacement</defaultValue>
        <disabled>false</disabled>
        <filterGroup>0.0</filterGroup>
        <globalKey>378c219d-183f-4b89-8f54-23f2bc9b175f</globalKey>
        <inputObjectQuerySequence>0.0</inputObjectQuerySequence>
        <linkedObjectSequence>0.0</linkedObjectSequence>
        <name>transformInvestigationToDisputeCase</name>
        <outputCreationSequence>1.0</outputCreationSequence>
        <outputFieldName>CaseReason</outputFieldName>
        <outputObjectName>json</outputObjectName>
        <requiredForUpsert>false</requiredForUpsert>
        <upsertKey>false</upsertKey>
    </omniDataTransformItem>
    <omniDataTransformItem>
        <disabled>false</disabled>
        <filterGroup>0.0</filterGroup>
        <globalKey>91237970-b92a-473e-b994-ddab553018a5</globalKey>
        <inputFieldName>CaseDetails:rdoPriority</inputFieldName>
        <inputObjectQuerySequence>0.0</inputObjectQuerySequence>
        <linkedObjectSequence>0.0</linkedObjectSequence>
        <name>transformInvestigationToDisputeCase</name>
        <outputCreationSequence>1.0</outputCreationSequence>
        <outputFieldName>CasePriority</outputFieldName>
        <outputObjectName>json</outputObjectName>
        <requiredForUpsert>false</requiredForUpsert>
        <upsertKey>false</upsertKey>
    </omniDataTransformItem>
    <omniDataTransformItem>
        <disabled>false</disabled>
        <filterGroup>0.0</filterGroup>
        <globalKey>c5de1378-3ccd-4397-864e-b71b6f12e40a</globalKey>
        <inputFieldName>CaseDetails:selPinInformation</inputFieldName>
        <inputObjectQuerySequence>0.0</inputObjectQuerySequence>
        <linkedObjectSequence>0.0</linkedObjectSequence>
        <name>transformInvestigationToDisputeCase</name>
        <outputCreationSequence>1.0</outputCreationSequence>
        <outputFieldName>CasePINInformation</outputFieldName>
        <outputObjectName>json</outputObjectName>
        <requiredForUpsert>false</requiredForUpsert>
        <upsertKey>false</upsertKey>
    </omniDataTransformItem>
    <omniDataTransformItem>
        <disabled>false</disabled>
        <filterGroup>0.0</filterGroup>
        <globalKey>937fee7a-a434-431a-bc14-3cf86e33417a</globalKey>
        <inputFieldName>CaseDetails:selOrigin</inputFieldName>
        <inputObjectQuerySequence>0.0</inputObjectQuerySequence>
        <linkedObjectSequence>0.0</linkedObjectSequence>
        <name>transformInvestigationToDisputeCase</name>
        <outputCreationSequence>1.0</outputCreationSequence>
        <outputFieldName>CaseOrigin</outputFieldName>
        <outputObjectName>json</outputObjectName>
        <requiredForUpsert>false</requiredForUpsert>
        <upsertKey>false</upsertKey>
    </omniDataTransformItem>
    <omniDataTransformItem>
        <disabled>false</disabled>
        <filterGroup>0.0</filterGroup>
        <globalKey>4873aed0-1ead-4b56-b0ab-a4621c8fff98</globalKey>
        <inputFieldName>Fraud:dtReportingDate</inputFieldName>
        <inputObjectQuerySequence>0.0</inputObjectQuerySequence>
        <linkedObjectSequence>0.0</linkedObjectSequence>
        <name>transformInvestigationToDisputeCase</name>
        <outputCreationSequence>1.0</outputCreationSequence>
        <outputFieldName>CaseSLAStartDate</outputFieldName>
        <outputObjectName>json</outputObjectName>
        <requiredForUpsert>false</requiredForUpsert>
        <upsertKey>false</upsertKey>
    </omniDataTransformItem>
    <omniDataTransformItem>
        <disabled>false</disabled>
        <filterGroup>0.0</filterGroup>
        <globalKey>de419320-2739-4e88-a2a1-60dc8644f9b7</globalKey>
        <inputFieldName>selectedTrx:trxuid</inputFieldName>
        <inputObjectQuerySequence>0.0</inputObjectQuerySequence>
        <linkedObjectSequence>0.0</linkedObjectSequence>
        <name>transformInvestigationToDisputeCase</name>
        <outputCreationSequence>1.0</outputCreationSequence>
        <outputFieldName>CaseTrxId</outputFieldName>
        <outputObjectName>json</outputObjectName>
        <requiredForUpsert>false</requiredForUpsert>
        <upsertKey>false</upsertKey>
    </omniDataTransformItem>
    <omniDataTransformItem>
        <defaultValue>Card Replacement</defaultValue>
        <disabled>false</disabled>
        <filterGroup>0.0</filterGroup>
        <globalKey>6555a023-9185-4dc1-b34d-592edbc58c3c</globalKey>
        <inputObjectQuerySequence>0.0</inputObjectQuerySequence>
        <linkedObjectSequence>0.0</linkedObjectSequence>
        <name>transformInvestigationToDisputeCase</name>
        <outputCreationSequence>1.0</outputCreationSequence>
        <outputFieldName>CaseSubject</outputFieldName>
        <outputObjectName>json</outputObjectName>
        <requiredForUpsert>false</requiredForUpsert>
        <upsertKey>false</upsertKey>
    </omniDataTransformItem>
    <omniDataTransformItem>
        <defaultValue>Lost - on hold</defaultValue>
        <disabled>false</disabled>
        <filterGroup>0.0</filterGroup>
        <globalKey>8249b569-8cca-4db1-a4bc-e7f2fac644f6</globalKey>
        <inputObjectQuerySequence>0.0</inputObjectQuerySequence>
        <linkedObjectSequence>0.0</linkedObjectSequence>
        <name>transformInvestigationToDisputeCase</name>
        <outputCreationSequence>1.0</outputCreationSequence>
        <outputFieldName>CaseStatus</outputFieldName>
        <outputObjectName>json</outputObjectName>
        <requiredForUpsert>false</requiredForUpsert>
        <upsertKey>false</upsertKey>
    </omniDataTransformItem>
    <omniDataTransformItem>
        <disabled>false</disabled>
        <filterGroup>0.0</filterGroup>
        <globalKey>e8751741-a287-4c38-93fa-d8e52e47e6be</globalKey>
        <inputFieldName>Fraud:curPortionDisputed</inputFieldName>
        <inputObjectQuerySequence>0.0</inputObjectQuerySequence>
        <linkedObjectSequence>0.0</linkedObjectSequence>
        <name>transformInvestigationToDisputeCase</name>
        <outputCreationSequence>1.0</outputCreationSequence>
        <outputFieldName>additionalFields:PortionDisputed</outputFieldName>
        <outputObjectName>json</outputObjectName>
        <requiredForUpsert>false</requiredForUpsert>
        <upsertKey>false</upsertKey>
    </omniDataTransformItem>
    <omniDataTransformItem>
        <disabled>false</disabled>
        <filterGroup>0.0</filterGroup>
        <globalKey>17d8ecf5-170d-45f1-a2cc-caf4d610d95e</globalKey>
        <inputFieldName>Fraud:rdoOthersHadPermission</inputFieldName>
        <inputObjectQuerySequence>0.0</inputObjectQuerySequence>
        <linkedObjectSequence>0.0</linkedObjectSequence>
        <name>transformInvestigationToDisputeCase</name>
        <outputCreationSequence>1.0</outputCreationSequence>
        <outputFieldName>additionalFields:OthersHadPermission</outputFieldName>
        <outputObjectName>json</outputObjectName>
        <requiredForUpsert>false</requiredForUpsert>
        <upsertKey>false</upsertKey>
    </omniDataTransformItem>
    <omniDataTransformItem>
        <disabled>false</disabled>
        <filterGroup>0.0</filterGroup>
        <globalKey>d4885b10-c568-44f3-bc0a-ce9c6272bccb</globalKey>
        <inputFieldName>Fraud:rdoOrderDispute</inputFieldName>
        <inputObjectQuerySequence>0.0</inputObjectQuerySequence>
        <linkedObjectSequence>0.0</linkedObjectSequence>
        <name>transformInvestigationToDisputeCase</name>
        <outputCreationSequence>1.0</outputCreationSequence>
        <outputFieldName>additionalFields:OrderDispute</outputFieldName>
        <outputObjectName>json</outputObjectName>
        <requiredForUpsert>false</requiredForUpsert>
        <transformValuesMappings>{
  &quot;true&quot; : &quot;Yes&quot;,
  &quot;false&quot; : &quot;No&quot;
}</transformValuesMappings>
        <upsertKey>false</upsertKey>
    </omniDataTransformItem>
    <omniDataTransformItem>
        <disabled>false</disabled>
        <filterGroup>0.0</filterGroup>
        <globalKey>9c3162fc-951d-430e-950a-1e7e4b9df03a</globalKey>
        <inputFieldName>calcClaimAmt</inputFieldName>
        <inputObjectQuerySequence>0.0</inputObjectQuerySequence>
        <linkedObjectSequence>0.0</linkedObjectSequence>
        <name>transformInvestigationToDisputeCase</name>
        <outputCreationSequence>1.0</outputCreationSequence>
        <outputFieldFormat>Currency</outputFieldFormat>
        <outputFieldName>ClaimAmountCurrencyDisplay</outputFieldName>
        <outputObjectName>json</outputObjectName>
        <requiredForUpsert>false</requiredForUpsert>
        <upsertKey>false</upsertKey>
    </omniDataTransformItem>
    <omniDataTransformItem>
        <disabled>false</disabled>
        <filterGroup>0.0</filterGroup>
        <globalKey>1874a8d8-9b64-4289-8d1f-a4adf28c8f61</globalKey>
        <inputFieldName>Fraud:fDaysSinceLastStatement</inputFieldName>
        <inputObjectQuerySequence>0.0</inputObjectQuerySequence>
        <linkedObjectSequence>0.0</linkedObjectSequence>
        <name>transformInvestigationToDisputeCase</name>
        <outputCreationSequence>1.0</outputCreationSequence>
        <outputFieldName>CaseStatementToDays</outputFieldName>
        <outputObjectName>json</outputObjectName>
        <requiredForUpsert>false</requiredForUpsert>
        <upsertKey>false</upsertKey>
    </omniDataTransformItem>
    <omniDataTransformItem>
        <disabled>false</disabled>
        <filterGroup>0.0</filterGroup>
        <globalKey>69e7f372-5aa4-4746-bb57-dba01a498d59</globalKey>
        <inputFieldName>Fraud:rdoSuspiciousActivity</inputFieldName>
        <inputObjectQuerySequence>0.0</inputObjectQuerySequence>
        <linkedObjectSequence>0.0</linkedObjectSequence>
        <name>transformInvestigationToDisputeCase</name>
        <outputCreationSequence>1.0</outputCreationSequence>
        <outputFieldName>additionalFields:SuspiciousActivity</outputFieldName>
        <outputObjectName>json</outputObjectName>
        <requiredForUpsert>false</requiredForUpsert>
        <transformValuesMappings>{
  &quot;true&quot; : &quot;Yes&quot;,
  &quot;false&quot; : &quot;No&quot;
}</transformValuesMappings>
        <upsertKey>false</upsertKey>
    </omniDataTransformItem>
    <omniDataTransformItem>
        <disabled>false</disabled>
        <filterGroup>0.0</filterGroup>
        <globalKey>c5b5b19d-ccc0-4ef0-8b7c-12d097cf4a6e</globalKey>
        <inputFieldName>Fraud:fDaysSinceLastStatement</inputFieldName>
        <inputObjectQuerySequence>0.0</inputObjectQuerySequence>
        <linkedObjectSequence>0.0</linkedObjectSequence>
        <name>transformInvestigationToDisputeCase</name>
        <outputCreationSequence>1.0</outputCreationSequence>
        <outputFieldName>additionalFields:StatementToDays</outputFieldName>
        <outputObjectName>json</outputObjectName>
        <requiredForUpsert>false</requiredForUpsert>
        <upsertKey>false</upsertKey>
    </omniDataTransformItem>
    <omniDataTransformItem>
        <disabled>false</disabled>
        <filterGroup>0.0</filterGroup>
        <globalKey>652bee72-b2a6-413b-8dde-c30e45aa62eb</globalKey>
        <inputFieldName>Fraud:selSection</inputFieldName>
        <inputObjectQuerySequence>0.0</inputObjectQuerySequence>
        <linkedObjectSequence>0.0</linkedObjectSequence>
        <name>transformInvestigationToDisputeCase</name>
        <outputCreationSequence>1.0</outputCreationSequence>
        <outputFieldName>additionalFields:SectionChosen</outputFieldName>
        <outputObjectName>json</outputObjectName>
        <requiredForUpsert>false</requiredForUpsert>
        <upsertKey>false</upsertKey>
    </omniDataTransformItem>
    <omniDataTransformItem>
        <disabled>false</disabled>
        <filterGroup>0.0</filterGroup>
        <globalKey>d7b58a2b-f9f7-4125-88e2-15365462c970</globalKey>
        <inputFieldName>Fraud:rdoRecurringCharge</inputFieldName>
        <inputObjectQuerySequence>0.0</inputObjectQuerySequence>
        <linkedObjectSequence>0.0</linkedObjectSequence>
        <name>transformInvestigationToDisputeCase</name>
        <outputCreationSequence>1.0</outputCreationSequence>
        <outputFieldName>additionalFields:RecurringCharge</outputFieldName>
        <outputObjectName>json</outputObjectName>
        <requiredForUpsert>false</requiredForUpsert>
        <transformValuesMappings>{
  &quot;true&quot; : &quot;Yes&quot;,
  &quot;false&quot; : &quot;No&quot;
}</transformValuesMappings>
        <upsertKey>false</upsertKey>
    </omniDataTransformItem>
    <omniDataTransformItem>
        <disabled>false</disabled>
        <filterGroup>0.0</filterGroup>
        <globalKey>49e79575-7a41-433b-aeda-cb97e96ae2ba</globalKey>
        <inputFieldName>selectedTrx:trxdeposits</inputFieldName>
        <inputObjectQuerySequence>0.0</inputObjectQuerySequence>
        <linkedObjectSequence>0.0</linkedObjectSequence>
        <name>transformInvestigationToDisputeCase</name>
        <outputCreationSequence>1.0</outputCreationSequence>
        <outputFieldName>additionalFields:TrxDepositAmt</outputFieldName>
        <outputObjectName>json</outputObjectName>
        <requiredForUpsert>false</requiredForUpsert>
        <upsertKey>false</upsertKey>
    </omniDataTransformItem>
    <omniDataTransformItem>
        <disabled>false</disabled>
        <filterGroup>0.0</filterGroup>
        <globalKey>f695996c-5f0c-4249-b4ea-dd366e103ba8</globalKey>
        <inputFieldName>selectedTrx:trxdate</inputFieldName>
        <inputObjectQuerySequence>0.0</inputObjectQuerySequence>
        <linkedObjectSequence>0.0</linkedObjectSequence>
        <name>transformInvestigationToDisputeCase</name>
        <outputCreationSequence>1.0</outputCreationSequence>
        <outputFieldName>additionalFields:TrxDate</outputFieldName>
        <outputObjectName>json</outputObjectName>
        <requiredForUpsert>false</requiredForUpsert>
        <upsertKey>false</upsertKey>
    </omniDataTransformItem>
    <omniDataTransformItem>
        <disabled>false</disabled>
        <filterGroup>0.0</filterGroup>
        <globalKey>89001d5b-a430-44a1-8d57-c3e35130091c</globalKey>
        <inputFieldName>selectedTrx:trxuid</inputFieldName>
        <inputObjectQuerySequence>0.0</inputObjectQuerySequence>
        <linkedObjectSequence>0.0</linkedObjectSequence>
        <name>transformInvestigationToDisputeCase</name>
        <outputCreationSequence>1.0</outputCreationSequence>
        <outputFieldName>additionalFields:TransactionId</outputFieldName>
        <outputObjectName>json</outputObjectName>
        <requiredForUpsert>false</requiredForUpsert>
        <upsertKey>false</upsertKey>
    </omniDataTransformItem>
    <omniDataTransformItem>
        <disabled>false</disabled>
        <filterGroup>0.0</filterGroup>
        <globalKey>207df978-90f2-43bf-a6c2-cb9da17a700d</globalKey>
        <inputFieldName>accountId</inputFieldName>
        <inputObjectQuerySequence>0.0</inputObjectQuerySequence>
        <linkedObjectSequence>0.0</linkedObjectSequence>
        <name>transformInvestigationToDisputeCase</name>
        <outputCreationSequence>1.0</outputCreationSequence>
        <outputFieldName>CaseAccountId</outputFieldName>
        <outputObjectName>json</outputObjectName>
        <requiredForUpsert>false</requiredForUpsert>
        <upsertKey>false</upsertKey>
    </omniDataTransformItem>
    <omniDataTransformItem>
        <disabled>false</disabled>
        <filterGroup>0.0</filterGroup>
        <globalKey>59a0dc45-0cf0-4234-877c-059f50b0ad60</globalKey>
        <inputFieldName>calcTenDaysFromNow</inputFieldName>
        <inputObjectQuerySequence>0.0</inputObjectQuerySequence>
        <linkedObjectSequence>0.0</linkedObjectSequence>
        <name>transformInvestigationToDisputeCase</name>
        <outputCreationSequence>1.0</outputCreationSequence>
        <outputFieldName>additionalFields:provisionByDate</outputFieldName>
        <outputObjectName>json</outputObjectName>
        <requiredForUpsert>false</requiredForUpsert>
        <upsertKey>false</upsertKey>
    </omniDataTransformItem>
    <omniDataTransformItem>
        <disabled>false</disabled>
        <filterGroup>0.0</filterGroup>
        <globalKey>b5aacd53-3153-464b-acd2-528a98521921</globalKey>
        <inputFieldName>calcClaimAmt</inputFieldName>
        <inputObjectQuerySequence>0.0</inputObjectQuerySequence>
        <linkedObjectSequence>0.0</linkedObjectSequence>
        <name>transformInvestigationToDisputeCase</name>
        <outputCreationSequence>1.0</outputCreationSequence>
        <outputFieldName>additionalFields:requestedAmount</outputFieldName>
        <outputObjectName>json</outputObjectName>
        <requiredForUpsert>false</requiredForUpsert>
        <upsertKey>false</upsertKey>
    </omniDataTransformItem>
    <omniDataTransformItem>
        <disabled>false</disabled>
        <filterGroup>0.0</filterGroup>
        <globalKey>a5c8704b-f29b-4621-aa0f-ba58c21842c1</globalKey>
        <inputFieldName>calcDisclosureRead</inputFieldName>
        <inputObjectQuerySequence>0.0</inputObjectQuerySequence>
        <linkedObjectSequence>0.0</linkedObjectSequence>
        <name>transformInvestigationToDisputeCase</name>
        <outputCreationSequence>1.0</outputCreationSequence>
        <outputFieldName>CaseCardScriptReadToCustomer</outputFieldName>
        <outputObjectName>json</outputObjectName>
        <requiredForUpsert>false</requiredForUpsert>
        <upsertKey>false</upsertKey>
    </omniDataTransformItem>
    <omniDataTransformItem>
        <disabled>false</disabled>
        <filterGroup>0.0</filterGroup>
        <globalKey>6cfce8cf-214b-4e58-9860-5a85af161eb8</globalKey>
        <inputFieldName>calcClaimAmt</inputFieldName>
        <inputObjectQuerySequence>0.0</inputObjectQuerySequence>
        <linkedObjectSequence>0.0</linkedObjectSequence>
        <name>transformInvestigationToDisputeCase</name>
        <outputCreationSequence>1.0</outputCreationSequence>
        <outputFieldName>additionalFields:provisionalAmountRemainder</outputFieldName>
        <outputObjectName>json</outputObjectName>
        <requiredForUpsert>false</requiredForUpsert>
        <upsertKey>false</upsertKey>
    </omniDataTransformItem>
    <omniDataTransformItem>
        <disabled>false</disabled>
        <filterGroup>0.0</filterGroup>
        <globalKey>88a4e2af-69fc-4d4e-a76f-dd8d18b4291d</globalKey>
        <inputFieldName>selectedTrx:trxwithdrawals</inputFieldName>
        <inputObjectQuerySequence>0.0</inputObjectQuerySequence>
        <linkedObjectSequence>0.0</linkedObjectSequence>
        <name>transformInvestigationToDisputeCase</name>
        <outputCreationSequence>1.0</outputCreationSequence>
        <outputFieldName>additionalFields:TrxWithdrawalAmt</outputFieldName>
        <outputObjectName>json</outputObjectName>
        <requiredForUpsert>false</requiredForUpsert>
        <upsertKey>false</upsertKey>
    </omniDataTransformItem>
    <omniDataTransformItem>
        <disabled>false</disabled>
        <filterGroup>0.0</filterGroup>
        <formulaConverted>| $Vlocity.NOW 10 ADDDAY</formulaConverted>
        <formulaExpression>ADDDAY($Vlocity.NOW,10)</formulaExpression>
        <formulaResultPath>calcTenDaysFromNow</formulaResultPath>
        <formulaSequence>4.0</formulaSequence>
        <globalKey>3a2be1fc-3210-4576-9756-67d9a93a9287</globalKey>
        <inputObjectQuerySequence>0.0</inputObjectQuerySequence>
        <linkedObjectSequence>0.0</linkedObjectSequence>
        <name>transformInvestigationToDisputeCase</name>
        <outputCreationSequence>0.0</outputCreationSequence>
        <outputFieldName>Formula</outputFieldName>
        <outputObjectName>Formula</outputObjectName>
        <requiredForUpsert>false</requiredForUpsert>
        <upsertKey>false</upsertKey>
    </omniDataTransformItem>
    <omniDataTransformItem>
        <disabled>false</disabled>
        <filterGroup>0.0</filterGroup>
        <globalKey>6c85059c-1d32-4358-a79c-e6a25ba961ca</globalKey>
        <inputFieldName>selectedTrx:trxsourcecode</inputFieldName>
        <inputObjectQuerySequence>0.0</inputObjectQuerySequence>
        <linkedObjectSequence>0.0</linkedObjectSequence>
        <name>transformInvestigationToDisputeCase</name>
        <outputCreationSequence>1.0</outputCreationSequence>
        <outputFieldName>additionalFields:TrxSourceCode</outputFieldName>
        <outputObjectName>json</outputObjectName>
        <requiredForUpsert>false</requiredForUpsert>
        <upsertKey>false</upsertKey>
    </omniDataTransformItem>
    <omniDataTransformItem>
        <disabled>false</disabled>
        <filterGroup>0.0</filterGroup>
        <formulaConverted>| var:selectedTrx:trxwithdrawals var:Fraud:curPortionDisputed MIN</formulaConverted>
        <formulaExpression>MIN(selectedTrx:trxwithdrawals,Fraud:curPortionDisputed)</formulaExpression>
        <formulaResultPath>calcClaimAmt</formulaResultPath>
        <formulaSequence>3.0</formulaSequence>
        <globalKey>4158c83a-fb2b-4ed4-a784-bdaacd6ce861</globalKey>
        <inputObjectQuerySequence>0.0</inputObjectQuerySequence>
        <linkedObjectSequence>0.0</linkedObjectSequence>
        <name>transformInvestigationToDisputeCase</name>
        <outputCreationSequence>0.0</outputCreationSequence>
        <outputFieldName>Formula</outputFieldName>
        <outputObjectName>Formula</outputObjectName>
        <requiredForUpsert>false</requiredForUpsert>
        <upsertKey>false</upsertKey>
    </omniDataTransformItem>
    <omniDataTransformItem>
        <disabled>false</disabled>
        <filterGroup>0.0</filterGroup>
        <globalKey>afacfcfc-29ab-40e9-8718-76bb473b2d6b</globalKey>
        <inputFieldName>selectedTrx:trxfinaccount</inputFieldName>
        <inputObjectQuerySequence>0.0</inputObjectQuerySequence>
        <linkedObjectSequence>0.0</linkedObjectSequence>
        <name>transformInvestigationToDisputeCase</name>
        <outputCreationSequence>1.0</outputCreationSequence>
        <outputFieldName>additionalFields:TrxFinAccount</outputFieldName>
        <outputObjectName>json</outputObjectName>
        <requiredForUpsert>false</requiredForUpsert>
        <upsertKey>false</upsertKey>
    </omniDataTransformItem>
    <omniDataTransformItem>
        <disabled>false</disabled>
        <filterGroup>0.0</filterGroup>
        <formulaConverted>| var:Transactions:rdoNextActions &quot;/\/\/-/\/\/&quot; var:Fraud:selSection &quot;;/\/\/&quot; var:Fraud:txtAreaMoreDetails CONCAT</formulaConverted>
        <formulaExpression>CONCAT(Transactions:rdoNextActions, &quot; - &quot;, Fraud:selSection,&quot;; &quot;,Fraud:txtAreaMoreDetails)</formulaExpression>
        <formulaResultPath>calcDesc</formulaResultPath>
        <formulaSequence>2.0</formulaSequence>
        <globalKey>d9554e0f-edb0-4efd-930f-91ca4ba8d936</globalKey>
        <inputObjectQuerySequence>0.0</inputObjectQuerySequence>
        <linkedObjectSequence>0.0</linkedObjectSequence>
        <name>transformInvestigationToDisputeCase</name>
        <outputCreationSequence>0.0</outputCreationSequence>
        <outputFieldName>Formula</outputFieldName>
        <outputObjectName>Formula</outputObjectName>
        <requiredForUpsert>false</requiredForUpsert>
        <upsertKey>false</upsertKey>
    </omniDataTransformItem>
    <omniDataTransformItem>
        <disabled>false</disabled>
        <filterGroup>0.0</filterGroup>
        <globalKey>e0a52e02-bd18-4140-be49-2ea9c7f7c6b5</globalKey>
        <inputFieldName>selectedTrx:trxdescription</inputFieldName>
        <inputObjectQuerySequence>0.0</inputObjectQuerySequence>
        <linkedObjectSequence>0.0</linkedObjectSequence>
        <name>transformInvestigationToDisputeCase</name>
        <outputCreationSequence>1.0</outputCreationSequence>
        <outputFieldName>additionalFields:TrxDescription</outputFieldName>
        <outputObjectName>json</outputObjectName>
        <requiredForUpsert>false</requiredForUpsert>
        <upsertKey>false</upsertKey>
    </omniDataTransformItem>
    <omniDataTransformItem>
        <disabled>false</disabled>
        <filterGroup>0.0</filterGroup>
        <formulaConverted>var:Fraud:disSectionI var:Fraud:disSectionII || var:Fraud:disSectionIII ||</formulaConverted>
        <formulaExpression>Fraud:disSectionI || Fraud:disSectionII || Fraud:disSectionIII</formulaExpression>
        <formulaResultPath>calcDisclosureRead</formulaResultPath>
        <formulaSequence>1.0</formulaSequence>
        <globalKey>52672216-9af1-47f4-beb0-0b2944869e5d</globalKey>
        <inputObjectQuerySequence>0.0</inputObjectQuerySequence>
        <linkedObjectSequence>0.0</linkedObjectSequence>
        <name>transformInvestigationToDisputeCase</name>
        <outputCreationSequence>0.0</outputCreationSequence>
        <outputFieldName>Formula</outputFieldName>
        <outputObjectName>Formula</outputObjectName>
        <requiredForUpsert>false</requiredForUpsert>
        <upsertKey>false</upsertKey>
    </omniDataTransformItem>
    <omniDataTransformItem>
        <disabled>false</disabled>
        <filterGroup>0.0</filterGroup>
        <globalKey>73147ee2-8dd8-4797-9d31-a8d4b454cc11</globalKey>
        <inputFieldName>CaseDetails:selRequestMethod</inputFieldName>
        <inputObjectQuerySequence>0.0</inputObjectQuerySequence>
        <linkedObjectSequence>0.0</linkedObjectSequence>
        <name>transformInvestigationToDisputeCase</name>
        <outputCreationSequence>1.0</outputCreationSequence>
        <outputFieldName>CaseRequestMethod</outputFieldName>
        <outputObjectName>json</outputObjectName>
        <requiredForUpsert>false</requiredForUpsert>
        <upsertKey>false</upsertKey>
    </omniDataTransformItem>
    <omniDataTransformItem>
        <disabled>false</disabled>
        <filterGroup>0.0</filterGroup>
        <globalKey>b73aab4d-5c26-4791-9c8d-b363cb36077b</globalKey>
        <inputFieldName>selectedTrx:trxfinaccount</inputFieldName>
        <inputObjectQuerySequence>0.0</inputObjectQuerySequence>
        <linkedObjectSequence>0.0</linkedObjectSequence>
        <name>transformInvestigationToDisputeCase</name>
        <outputCreationSequence>1.0</outputCreationSequence>
        <outputFieldName>CaseFinancialAccountNumber</outputFieldName>
        <outputObjectName>json</outputObjectName>
        <requiredForUpsert>false</requiredForUpsert>
        <upsertKey>false</upsertKey>
    </omniDataTransformItem>
    <omniDataTransformItem>
        <disabled>false</disabled>
        <filterGroup>0.0</filterGroup>
        <globalKey>d89d21cb-71e5-4588-803a-4f5e0529bc4f</globalKey>
        <inputFieldName>Fraud:fRegEFlag</inputFieldName>
        <inputObjectQuerySequence>0.0</inputObjectQuerySequence>
        <linkedObjectSequence>0.0</linkedObjectSequence>
        <name>transformInvestigationToDisputeCase</name>
        <outputCreationSequence>1.0</outputCreationSequence>
        <outputFieldName>CaseRegEFlag</outputFieldName>
        <outputObjectName>json</outputObjectName>
        <requiredForUpsert>false</requiredForUpsert>
        <upsertKey>false</upsertKey>
    </omniDataTransformItem>
    <omniDataTransformItem>
        <disabled>false</disabled>
        <filterGroup>0.0</filterGroup>
        <globalKey>026db9cb-88c9-47fa-a339-50fe5f54d615</globalKey>
        <inputFieldName>financialAccountId</inputFieldName>
        <inputObjectQuerySequence>0.0</inputObjectQuerySequence>
        <linkedObjectSequence>0.0</linkedObjectSequence>
        <name>transformInvestigationToDisputeCase</name>
        <outputCreationSequence>1.0</outputCreationSequence>
        <outputFieldName>CaseFinancialAccountId</outputFieldName>
        <outputObjectName>json</outputObjectName>
        <requiredForUpsert>false</requiredForUpsert>
        <upsertKey>false</upsertKey>
    </omniDataTransformItem>
    <omniDataTransformItem>
        <defaultValue>Retail Banking - Lost Stolen Card</defaultValue>
        <disabled>false</disabled>
        <filterGroup>0.0</filterGroup>
        <globalKey>243eaa00-749f-44e3-9b63-2dc3e7ae5b55</globalKey>
        <inputObjectQuerySequence>0.0</inputObjectQuerySequence>
        <linkedObjectSequence>0.0</linkedObjectSequence>
        <name>transformInvestigationToDisputeCase</name>
        <outputCreationSequence>1.0</outputCreationSequence>
        <outputFieldName>CaseRecordTypeName</outputFieldName>
        <outputObjectName>json</outputObjectName>
        <requiredForUpsert>false</requiredForUpsert>
        <upsertKey>false</upsertKey>
    </omniDataTransformItem>
    <omniDataTransformItem>
        <disabled>false</disabled>
        <filterGroup>0.0</filterGroup>
        <globalKey>b6d67b83-53f2-4a6c-a03e-8eb5c892045b</globalKey>
        <inputFieldName>calcDesc</inputFieldName>
        <inputObjectQuerySequence>0.0</inputObjectQuerySequence>
        <linkedObjectSequence>0.0</linkedObjectSequence>
        <name>transformInvestigationToDisputeCase</name>
        <outputCreationSequence>1.0</outputCreationSequence>
        <outputFieldName>CaseDescription</outputFieldName>
        <outputObjectName>json</outputObjectName>
        <requiredForUpsert>false</requiredForUpsert>
        <upsertKey>false</upsertKey>
    </omniDataTransformItem>
    <omniDataTransformItem>
        <disabled>false</disabled>
        <filterGroup>0.0</filterGroup>
        <globalKey>22345e54-aa4c-412d-bf24-b23825d492a8</globalKey>
        <inputFieldName>financialAccountType</inputFieldName>
        <inputObjectQuerySequence>0.0</inputObjectQuerySequence>
        <linkedObjectSequence>0.0</linkedObjectSequence>
        <name>transformInvestigationToDisputeCase</name>
        <outputCreationSequence>1.0</outputCreationSequence>
        <outputFieldName>CaseFinancialAccountType</outputFieldName>
        <outputObjectName>json</outputObjectName>
        <requiredForUpsert>false</requiredForUpsert>
        <upsertKey>false</upsertKey>
    </omniDataTransformItem>
    <omniDataTransformItem>
        <disabled>false</disabled>
        <filterGroup>0.0</filterGroup>
        <globalKey>23e5cf98-7aa4-4197-8f78-4e51eccdd5b3</globalKey>
        <inputFieldName>calcClaimAmt</inputFieldName>
        <inputObjectQuerySequence>0.0</inputObjectQuerySequence>
        <linkedObjectSequence>0.0</linkedObjectSequence>
        <name>transformInvestigationToDisputeCase</name>
        <outputCreationSequence>1.0</outputCreationSequence>
        <outputFieldName>ClaimAmount</outputFieldName>
        <outputObjectName>json</outputObjectName>
        <requiredForUpsert>false</requiredForUpsert>
        <upsertKey>false</upsertKey>
    </omniDataTransformItem>
    <omniDataTransformItem>
        <defaultValue>0</defaultValue>
        <disabled>false</disabled>
        <filterGroup>0.0</filterGroup>
        <globalKey>c7453f8f-0789-49a8-b75c-e423498ea766</globalKey>
        <inputObjectQuerySequence>0.0</inputObjectQuerySequence>
        <linkedObjectSequence>0.0</linkedObjectSequence>
        <name>transformInvestigationToDisputeCase</name>
        <outputCreationSequence>1.0</outputCreationSequence>
        <outputFieldFormat>Integer</outputFieldFormat>
        <outputFieldName>additionalFields:totalProvisionedAmount</outputFieldName>
        <outputObjectName>json</outputObjectName>
        <requiredForUpsert>false</requiredForUpsert>
        <upsertKey>false</upsertKey>
    </omniDataTransformItem>
    <omniDataTransformItem>
        <disabled>false</disabled>
        <filterGroup>0.0</filterGroup>
        <globalKey>56353d4d-5649-4e09-8427-6a265f710b0e</globalKey>
        <inputFieldName>contactId</inputFieldName>
        <inputObjectQuerySequence>0.0</inputObjectQuerySequence>
        <linkedObjectSequence>0.0</linkedObjectSequence>
        <name>transformInvestigationToDisputeCase</name>
        <outputCreationSequence>1.0</outputCreationSequence>
        <outputFieldName>CaseContactId</outputFieldName>
        <outputObjectName>json</outputObjectName>
        <requiredForUpsert>false</requiredForUpsert>
        <upsertKey>false</upsertKey>
    </omniDataTransformItem>
    <outputType>JSON</outputType>
    <previewJsonData>{
  &quot;Action1&quot; : null,
  &quot;Adjustment&quot; : null,
  &quot;CaseDetails&quot; : {
    &quot;fReplaceCardFlag&quot; : true,
    &quot;msCaseTypes&quot; : &quot;Card Replacement;General&quot;,
    &quot;rdoPriority&quot; : &quot;High&quot;,
    &quot;selAccountAccess&quot; : &quot;Checking &amp; Saving&quot;,
    &quot;selOrigin&quot; : &quot;Phone&quot;,
    &quot;selPinInformation&quot; : &quot;Same&quot;,
    &quot;selRequestMethod&quot; : &quot;Oral&quot;
  },
  &quot;Fraud&quot; : {
    &quot;curPortionDisputed&quot; : 60,
    &quot;disSectionI&quot; : null,
    &quot;disSectionII&quot; : true,
    &quot;fDaysSinceLastStatement&quot; : 36,
    &quot;fRegEFlag&quot; : true,
    &quot;fTrxWithdrawalPlusTrxDeposit&quot; : 567.89,
    &quot;rdoOrderDispute&quot; : &quot;Yes&quot;,
    &quot;rdoRecurringCharge&quot; : &quot;No&quot;,
    &quot;rdoSubscriptionCharge&quot; : &quot;Yes&quot;,
    &quot;rdoSuspiciousActivity&quot; : &quot;No&quot;,
    &quot;selSection&quot; : &quot;SectionII&quot;,
    &quot;txtAreaMoreDetails&quot; : &quot;These are the details.&quot;
  },
  &quot;Transactions&quot; : {
    &quot;fNumberSelected&quot; : 1,
    &quot;rdoNextActions&quot; : &quot;Fraud&quot;,
    &quot;selMore&quot; : null,
    &quot;selStatements&quot; : &quot;12345999&quot;,
    &quot;taAccounts-Block&quot; : {
      &quot;taAccounts&quot; : &quot;Classic Checking - 58412390&quot;
    },
    &quot;trxs&quot; : [ {
      &quot;StatementId&quot; : &quot;12345678&quot;,
      &quot;TrxBalance&quot; : 59566.88,
      &quot;TrxDate&quot; : &quot;2020-08-31&quot;,
      &quot;TrxDesc&quot; : &quot;GINOS PIZZA&quot;,
      &quot;TrxSourceCode&quot; : &quot;DEB&quot;,
      &quot;TrxUID&quot; : &quot;100115011&quot;,
      &quot;TrxWithdrawals&quot; : 567.89,
      &quot;checked&quot; : true,
      &quot;filtered&quot; : false,
      &quot;finAccountId&quot; : &quot;a4l4W0000026TmTQAU&quot;,
      &quot;rowid&quot; : 6,
      &quot;tagname&quot; : &quot;cb_6&quot;
    } ]
  },
  &quot;accountId&quot; : &quot;0014W000024fX5xQAE&quot;,
  &quot;contactId&quot; : &quot;0034W00002DFUmzQAH&quot;,
  &quot;financialAccountDropdownData&quot; : [ {
    &quot;NameAndNumber&quot; : &quot;Day to Day Banking - 58413762&quot;,
    &quot;financialAccountId&quot; : &quot;a4l4W0000026TmUQAU&quot;
  }, {
    &quot;NameAndNumber&quot; : &quot;Classic Checking - 58412390&quot;,
    &quot;financialAccountId&quot; : &quot;a4l4W0000026TmTQAU&quot;
  }, {
    &quot;NameAndNumber&quot; : &quot;Rewards Card - 58419954&quot;,
    &quot;financialAccountId&quot; : &quot;a4l4W0000026TmNQAU&quot;
  }, {
    &quot;NameAndNumber&quot; : &quot;SA 42848198 - 42848198&quot;,
    &quot;financialAccountId&quot; : &quot;a4l4W0000026TmPQAU&quot;
  } ],
  &quot;financialAccountId&quot; : &quot;a4l4W0000026TmTQAU&quot;,
  &quot;financialAccountName&quot; : &quot;Classic Checking&quot;,
  &quot;financialAccountNumber&quot; : &quot;58412390&quot;,
  &quot;lastStatementDate&quot; : &quot;2020-08-27T04:00:00.000Z&quot;,
  &quot;omnidesignerChannelId&quot; : &quot;omni-designer-channel-id-1601675991816&quot;,
  &quot;timeStamp&quot; : &quot;2020-10-03T03:12:51.152Z&quot;,
  &quot;trxSelected&quot; : 6,
  &quot;trxs&quot; : [ {
    &quot;StatementId&quot; : &quot;12345678&quot;,
    &quot;TrxBalance&quot; : 55796.18,
    &quot;TrxDate&quot; : &quot;2020-09-03&quot;,
    &quot;TrxDeposits&quot; : 5678.9,
    &quot;TrxDesc&quot; : &quot;SPOUSEEMP PAY&quot;,
    &quot;TrxSourceCode&quot; : &quot;EFT&quot;,
    &quot;TrxUID&quot; : &quot;10013014&quot;,
    &quot;finAccountId&quot; : &quot;a4l4W0000026TmTQAU&quot;
  }, {
    &quot;StatementId&quot; : &quot;12345678&quot;,
    &quot;TrxBalance&quot; : 50117.28,
    &quot;TrxDate&quot; : &quot;2020-09-01&quot;,
    &quot;TrxDesc&quot; : &quot;TD VISA PREAUTH PYMT&quot;,
    &quot;TrxSourceCode&quot; : &quot;CC&quot;,
    &quot;TrxUID&quot; : &quot;10012878&quot;,
    &quot;TrxWithdrawals&quot; : 9876.5,
    &quot;finAccountId&quot; : &quot;a4l4W0000026TmTQAU&quot;
  }, {
    &quot;StatementId&quot; : &quot;12345678&quot;,
    &quot;TrxBalance&quot; : 59993.78,
    &quot;TrxDate&quot; : &quot;2020-09-01&quot;,
    &quot;TrxDesc&quot; : &quot;MANULIFE MSP&quot;,
    &quot;TrxSourceCode&quot; : &quot;SCH&quot;,
    &quot;TrxUID&quot; : &quot;100121111&quot;,
    &quot;TrxWithdrawals&quot; : 53.1,
    &quot;finAccountId&quot; : &quot;a4l4W0000026TmTQAU&quot;
  }, {
    &quot;StatementId&quot; : &quot;12345678&quot;,
    &quot;TrxBalance&quot; : 60046.88,
    &quot;TrxDate&quot; : &quot;2020-08-31&quot;,
    &quot;TrxDeposits&quot; : 29.95,
    &quot;TrxDesc&quot; : &quot;ACCT BAL REBATE&quot;,
    &quot;TrxSourceCode&quot; : &quot;INT&quot;,
    &quot;TrxUID&quot; : &quot;100118012&quot;,
    &quot;finAccountId&quot; : &quot;a4l4W0000026TmTQAU&quot;
  }, {
    &quot;StatementId&quot; : &quot;12345678&quot;,
    &quot;TrxBalance&quot; : 60046.88,
    &quot;TrxDate&quot; : &quot;2020-08-31&quot;,
    &quot;TrxDeposits&quot; : 480,
    &quot;TrxDesc&quot; : &quot;SUN LIFE MSP&quot;,
    &quot;TrxSourceCode&quot; : &quot;EFT&quot;,
    &quot;TrxUID&quot; : &quot;100117088&quot;,
    &quot;finAccountId&quot; : &quot;a4l4W0000026TmTQAU&quot;
  }, {
    &quot;StatementId&quot; : &quot;12345678&quot;,
    &quot;TrxBalance&quot; : 60016.93,
    &quot;TrxDate&quot; : &quot;2020-08-31&quot;,
    &quot;TrxDesc&quot; : &quot;MONTHLY ACCOUNT FEE&quot;,
    &quot;TrxSourceCode&quot; : &quot;FEE&quot;,
    &quot;TrxUID&quot; : &quot;100118011&quot;,
    &quot;TrxWithdrawals&quot; : 29.95,
    &quot;finAccountId&quot; : &quot;a4l4W0000026TmTQAU&quot;
  }, {
    &quot;StatementId&quot; : &quot;12345678&quot;,
    &quot;TrxBalance&quot; : 59566.88,
    &quot;TrxDate&quot; : &quot;2020-08-31&quot;,
    &quot;TrxDesc&quot; : &quot;GINOS PIZZA&quot;,
    &quot;TrxSourceCode&quot; : &quot;DEB&quot;,
    &quot;TrxUID&quot; : &quot;100115011&quot;,
    &quot;TrxWithdrawals&quot; : 567.89,
    &quot;finAccountId&quot; : &quot;a4l4W0000026TmTQAU&quot;
  }, {
    &quot;StatementId&quot; : &quot;12345678&quot;,
    &quot;TrxBalance&quot; : 60099.77,
    &quot;TrxDate&quot; : &quot;2020-08-28&quot;,
    &quot;TrxDeposits&quot; : 11.3,
    &quot;TrxDesc&quot; : &quot;E-TRANSFER CA***6fy&quot;,
    &quot;TrxSourceCode&quot; : &quot;ETR&quot;,
    &quot;TrxUID&quot; : &quot;100112034&quot;,
    &quot;finAccountId&quot; : &quot;a4l4W0000026TmTQAU&quot;
  }, {
    &quot;StatementId&quot; : &quot;12345678&quot;,
    &quot;TrxBalance&quot; : 60134.77,
    &quot;TrxDate&quot; : &quot;2020-08-28&quot;,
    &quot;TrxDeposits&quot; : 35,
    &quot;TrxDesc&quot; : &quot;CANADA LIFE INS&quot;,
    &quot;TrxSourceCode&quot; : &quot;EFT&quot;,
    &quot;TrxUID&quot; : &quot;100112102&quot;,
    &quot;finAccountId&quot; : &quot;a4l4W0000026TmTQAU&quot;
  }, {
    &quot;StatementId&quot; : &quot;12345678&quot;,
    &quot;TrxBalance&quot; : 60088.47,
    &quot;TrxDate&quot; : &quot;2020-08-28&quot;,
    &quot;TrxDeposits&quot; : 4567.8,
    &quot;TrxDesc&quot; : &quot;A S YOUREMPLOYER PAY&quot;,
    &quot;TrxSourceCode&quot; : &quot;EFT&quot;,
    &quot;TrxUID&quot; : &quot;100112021&quot;,
    &quot;finAccountId&quot; : &quot;a4l4W0000026TmTQAU&quot;
  }, {
    &quot;StatementId&quot; : &quot;12345999&quot;,
    &quot;TrxBalance&quot; : 55520.67,
    &quot;TrxDate&quot; : &quot;2020-08-27&quot;,
    &quot;TrxDesc&quot; : &quot;SEND E-TFR CA***ZhK&quot;,
    &quot;TrxSourceCode&quot; : &quot;ETR&quot;,
    &quot;TrxUID&quot; : &quot;100110909&quot;,
    &quot;TrxWithdrawals&quot; : 60,
    &quot;finAccountId&quot; : &quot;a4l4W0000026TmTQAU&quot;
  }, {
    &quot;StatementId&quot; : &quot;12345999&quot;,
    &quot;TrxBalance&quot; : 55580.67,
    &quot;TrxDate&quot; : &quot;2020-08-26&quot;,
    &quot;TrxDesc&quot; : &quot;SEND E-TFR CA***M8t&quot;,
    &quot;TrxSourceCode&quot; : &quot;ETR&quot;,
    &quot;TrxUID&quot; : &quot;100110234&quot;,
    &quot;TrxWithdrawals&quot; : 160,
    &quot;finAccountId&quot; : &quot;a4l4W0000026TmTQAU&quot;
  }, {
    &quot;StatementId&quot; : &quot;12345999&quot;,
    &quot;TrxBalance&quot; : 55740.67,
    &quot;TrxDate&quot; : &quot;2020-08-25&quot;,
    &quot;TrxDesc&quot; : &quot;LIFE FORCE PHYS _F&quot;,
    &quot;TrxSourceCode&quot; : &quot;SCH&quot;,
    &quot;TrxUID&quot; : &quot;10009999&quot;,
    &quot;TrxWithdrawals&quot; : 80,
    &quot;finAccountId&quot; : &quot;a4l4W0000026TmTQAU&quot;
  }, {
    &quot;StatementId&quot; : &quot;12345999&quot;,
    &quot;TrxBalance&quot; : 55820.67,
    &quot;TrxDate&quot; : &quot;2020-08-25&quot;,
    &quot;TrxDesc&quot; : &quot;SEND E-TFR CA***ZKS&quot;,
    &quot;TrxSourceCode&quot; : &quot;ETR&quot;,
    &quot;TrxUID&quot; : &quot;10003040&quot;,
    &quot;TrxWithdrawals&quot; : 10,
    &quot;finAccountId&quot; : &quot;a4l4W0000026TmTQAU&quot;
  }, {
    &quot;StatementId&quot; : &quot;12345999&quot;,
    &quot;TrxBalance&quot; : 55830.67,
    &quot;TrxDate&quot; : &quot;2020-08-24&quot;,
    &quot;TrxDesc&quot; : &quot;CERTAS H&amp;A INS INS&quot;,
    &quot;TrxSourceCode&quot; : &quot;EFT&quot;,
    &quot;TrxUID&quot; : &quot;10000001&quot;,
    &quot;TrxWithdrawals&quot; : 543.21,
    &quot;finAccountId&quot; : &quot;a4l4W0000026TmTQAU&quot;
  } ],
  &quot;userCurrencyCode&quot; : &quot;USD&quot;,
  &quot;userId&quot; : &quot;0054W00000BPTa5QAH&quot;,
  &quot;userName&quot; : &quot;duane@bankingdisputedemo123456.com&quot;,
  &quot;userProfile&quot; : &quot;Custom: System Administrator&quot;,
  &quot;userTimeZone&quot; : &quot;-420&quot;
}</previewJsonData>
    <processSuperBulk>false</processSuperBulk>
    <responseCacheTtlMinutes>0.0</responseCacheTtlMinutes>
    <rollbackOnError>false</rollbackOnError>
    <sourceObject>json</sourceObject>
    <sourceObjectDefault>false</sourceObjectDefault>
    <synchronousProcessThreshold>-1.0</synchronousProcessThreshold>
    <type>Transform</type>
    <uniqueName>transformInvestigationToDisputeCase_1</uniqueName>
    <versionNumber>1.0</versionNumber>
    <xmlDeclarationRemoved>false</xmlDeclarationRemoved>
</OmniDataTransform>
