<?xml version="1.0" encoding="UTF-8"?>
<OmniDataTransform xmlns="http://soap.sforce.com/2006/04/metadata">
    <active>true</active>
    <assignmentRulesUsed>false</assignmentRulesUsed>
    <deletedOnSuccess>false</deletedOnSuccess>
    <description>Looks for duplicate RegE transactions as part of the dupeCheck OS.</description>
    <errorIgnored>false</errorIgnored>
    <fieldLevelSecurityEnabled>false</fieldLevelSecurityEnabled>
    <inputType>JSON</inputType>
    <name>trxQuickCheck</name>
    <nullInputsIncludedInOutput>false</nullInputsIncludedInOutput>
    <omniDataTransformItem>
        <disabled>false</disabled>
        <filterGroup>0.0</filterGroup>
        <globalKey>2c1bb1cf-9571-47db-9438-bfa01d487641</globalKey>
        <inputFieldName>CaseSubjRegE:CaseNumber</inputFieldName>
        <inputObjectQuerySequence>0.0</inputObjectQuerySequence>
        <linkedObjectSequence>0.0</linkedObjectSequence>
        <name>trxQuickCheck</name>
        <outputCreationSequence>1.0</outputCreationSequence>
        <outputFieldName>regE:Case</outputFieldName>
        <outputObjectName>json</outputObjectName>
        <requiredForUpsert>false</requiredForUpsert>
        <upsertKey>false</upsertKey>
    </omniDataTransformItem>
    <omniDataTransformItem>
        <disabled>false</disabled>
        <filterGroup>0.0</filterGroup>
        <filterOperator>=</filterOperator>
        <filterValue>accountId</filterValue>
        <globalKey>db0e859e-2d92-42a1-888d-3bd44047ac35</globalKey>
        <inputFieldName>AccountId</inputFieldName>
        <inputObjectName>Case</inputObjectName>
        <inputObjectQuerySequence>2.0</inputObjectQuerySequence>
        <linkedObjectSequence>0.0</linkedObjectSequence>
        <name>trxQuickCheck</name>
        <outputCreationSequence>0.0</outputCreationSequence>
        <outputFieldName>CaseSubjRegE</outputFieldName>
        <outputObjectName>json</outputObjectName>
        <requiredForUpsert>false</requiredForUpsert>
        <upsertKey>false</upsertKey>
    </omniDataTransformItem>
    <omniDataTransformItem>
        <disabled>false</disabled>
        <filterGroup>0.0</filterGroup>
        <globalKey>6d3f41b1-209c-46af-929e-52f343e342b9</globalKey>
        <inputFieldName>TtlDupesRecent</inputFieldName>
        <inputObjectQuerySequence>0.0</inputObjectQuerySequence>
        <linkedObjectSequence>0.0</linkedObjectSequence>
        <name>trxQuickCheck</name>
        <outputCreationSequence>1.0</outputCreationSequence>
        <outputFieldName>NumOfPastRegEClosedLast18Mo</outputFieldName>
        <outputObjectName>json</outputObjectName>
        <requiredForUpsert>false</requiredForUpsert>
        <upsertKey>false</upsertKey>
    </omniDataTransformItem>
    <omniDataTransformItem>
        <disabled>false</disabled>
        <filterGroup>0.0</filterGroup>
        <globalKey>3e0aee9e-dd35-4309-93fa-b269a0277c23</globalKey>
        <inputFieldName>CaseDupTrx:Description</inputFieldName>
        <inputObjectQuerySequence>0.0</inputObjectQuerySequence>
        <linkedObjectSequence>0.0</linkedObjectSequence>
        <name>trxQuickCheck</name>
        <outputCreationSequence>1.0</outputCreationSequence>
        <outputFieldName>Dupe:Description</outputFieldName>
        <outputObjectName>json</outputObjectName>
        <requiredForUpsert>false</requiredForUpsert>
        <upsertKey>false</upsertKey>
    </omniDataTransformItem>
    <omniDataTransformItem>
        <disabled>false</disabled>
        <filterGroup>0.0</filterGroup>
        <globalKey>4ea28d04-7028-4ec6-8a0c-27d94ba34376</globalKey>
        <inputFieldName>CaseDupTrx:ClosedDate</inputFieldName>
        <inputObjectQuerySequence>0.0</inputObjectQuerySequence>
        <linkedObjectSequence>0.0</linkedObjectSequence>
        <name>trxQuickCheck</name>
        <outputCreationSequence>1.0</outputCreationSequence>
        <outputFieldName>Dupe:ClosedDate</outputFieldName>
        <outputObjectName>json</outputObjectName>
        <requiredForUpsert>false</requiredForUpsert>
        <upsertKey>false</upsertKey>
    </omniDataTransformItem>
    <omniDataTransformItem>
        <disabled>false</disabled>
        <filterGroup>0.0</filterGroup>
        <formulaConverted>| var:CaseSubjRegE:Counter SUM</formulaConverted>
        <formulaExpression>SUM(CaseSubjRegE:Counter)</formulaExpression>
        <formulaResultPath>NumOfPastRegE</formulaResultPath>
        <formulaSequence>2.0</formulaSequence>
        <globalKey>457764a4-e9ec-4eaf-bb98-b6b52929d739</globalKey>
        <inputObjectQuerySequence>0.0</inputObjectQuerySequence>
        <linkedObjectSequence>0.0</linkedObjectSequence>
        <name>trxQuickCheck</name>
        <outputCreationSequence>0.0</outputCreationSequence>
        <outputFieldName>Formula</outputFieldName>
        <outputObjectName>Formula</outputObjectName>
        <requiredForUpsert>false</requiredForUpsert>
        <upsertKey>false</upsertKey>
    </omniDataTransformItem>
    <omniDataTransformItem>
        <disabled>false</disabled>
        <filterGroup>0.0</filterGroup>
        <formulaConverted>| var:CaseSubjRegE:Id 1 0 IF</formulaConverted>
        <formulaExpression>IF(CaseSubjRegE:Id,1,0)</formulaExpression>
        <formulaResultPath>CaseSubjRegE:Counter</formulaResultPath>
        <formulaSequence>1.0</formulaSequence>
        <globalKey>9440a071-97e7-4390-bfdd-acd72e9974cb</globalKey>
        <inputObjectQuerySequence>0.0</inputObjectQuerySequence>
        <linkedObjectSequence>0.0</linkedObjectSequence>
        <name>trxQuickCheck</name>
        <outputCreationSequence>0.0</outputCreationSequence>
        <outputFieldName>Formula</outputFieldName>
        <outputObjectName>Formula</outputObjectName>
        <requiredForUpsert>false</requiredForUpsert>
        <upsertKey>false</upsertKey>
    </omniDataTransformItem>
    <omniDataTransformItem>
        <disabled>false</disabled>
        <filterGroup>0.0</filterGroup>
        <filterOperator>=</filterOperator>
        <filterValue>transactionId</filterValue>
        <globalKey>c00e5982-bdd6-4fbb-a919-d2187eb47503</globalKey>
        <inputFieldName>TransactionId__c</inputFieldName>
        <inputObjectName>Case</inputObjectName>
        <inputObjectQuerySequence>1.0</inputObjectQuerySequence>
        <linkedObjectSequence>0.0</linkedObjectSequence>
        <name>trxQuickCheck</name>
        <outputCreationSequence>0.0</outputCreationSequence>
        <outputFieldName>CaseDupTrx</outputFieldName>
        <outputObjectName>json</outputObjectName>
        <requiredForUpsert>false</requiredForUpsert>
        <upsertKey>false</upsertKey>
    </omniDataTransformItem>
    <omniDataTransformItem>
        <disabled>false</disabled>
        <filterGroup>0.0</filterGroup>
        <filterOperator>&lt;&gt;</filterOperator>
        <filterValue>&quot;$Vlocity.TRUE&quot;</filterValue>
        <globalKey>fbb13166-b79a-4a94-9284-4defbd55bc0a</globalKey>
        <inputFieldName>Verified_Fraudulent__c</inputFieldName>
        <inputObjectName>Case</inputObjectName>
        <inputObjectQuerySequence>2.0</inputObjectQuerySequence>
        <linkedObjectSequence>0.0</linkedObjectSequence>
        <name>trxQuickCheck</name>
        <outputCreationSequence>0.0</outputCreationSequence>
        <outputFieldName>CaseSubjRegE</outputFieldName>
        <outputObjectName>json</outputObjectName>
        <requiredForUpsert>false</requiredForUpsert>
        <upsertKey>false</upsertKey>
    </omniDataTransformItem>
    <omniDataTransformItem>
        <disabled>false</disabled>
        <filterGroup>0.0</filterGroup>
        <filterOperator>=</filterOperator>
        <filterValue>&quot;$Vlocity.TRUE&quot;</filterValue>
        <globalKey>c9f57c3f-ff05-44da-9e3e-05cab0f418ef</globalKey>
        <inputFieldName>Sent_to_Network__c</inputFieldName>
        <inputObjectName>Case</inputObjectName>
        <inputObjectQuerySequence>2.0</inputObjectQuerySequence>
        <linkedObjectSequence>0.0</linkedObjectSequence>
        <name>trxQuickCheck</name>
        <outputCreationSequence>0.0</outputCreationSequence>
        <outputFieldName>CaseSubjRegE</outputFieldName>
        <outputObjectName>json</outputObjectName>
        <requiredForUpsert>false</requiredForUpsert>
        <upsertKey>false</upsertKey>
    </omniDataTransformItem>
    <omniDataTransformItem>
        <disabled>false</disabled>
        <filterGroup>0.0</filterGroup>
        <filterOperator>=</filterOperator>
        <filterValue>&quot;$Vlocity.NULL&quot;</filterValue>
        <globalKey>7d2367af-de60-4cab-81f1-f698b7fd8fc3</globalKey>
        <inputFieldName>ClosedDate</inputFieldName>
        <inputObjectName>Case</inputObjectName>
        <inputObjectQuerySequence>2.0</inputObjectQuerySequence>
        <linkedObjectSequence>0.0</linkedObjectSequence>
        <name>trxQuickCheck</name>
        <outputCreationSequence>0.0</outputCreationSequence>
        <outputFieldName>CaseSubjRegE</outputFieldName>
        <outputObjectName>json</outputObjectName>
        <requiredForUpsert>false</requiredForUpsert>
        <upsertKey>false</upsertKey>
    </omniDataTransformItem>
    <omniDataTransformItem>
        <disabled>false</disabled>
        <filterGroup>0.0</filterGroup>
        <filterOperator>&lt;&gt;</filterOperator>
        <filterValue>&quot;$Vlocity.TRUE&quot;</filterValue>
        <globalKey>d75abcd7-8065-4de7-ab46-c25c909c23c5</globalKey>
        <inputFieldName>Verified_Fraudulent__c</inputFieldName>
        <inputObjectName>Case</inputObjectName>
        <inputObjectQuerySequence>3.0</inputObjectQuerySequence>
        <linkedObjectSequence>0.0</linkedObjectSequence>
        <name>trxQuickCheck</name>
        <outputCreationSequence>0.0</outputCreationSequence>
        <outputFieldName>CaseSubjRegERecents</outputFieldName>
        <outputObjectName>json</outputObjectName>
        <requiredForUpsert>false</requiredForUpsert>
        <upsertKey>false</upsertKey>
    </omniDataTransformItem>
    <omniDataTransformItem>
        <disabled>false</disabled>
        <filterGroup>0.0</filterGroup>
        <filterOperator>=</filterOperator>
        <filterValue>&quot;$Vlocity.TRUE&quot;</filterValue>
        <globalKey>bcff789c-3e92-44e8-aecb-69181b93cc9d</globalKey>
        <inputFieldName>Sent_to_Network__c</inputFieldName>
        <inputObjectName>Case</inputObjectName>
        <inputObjectQuerySequence>3.0</inputObjectQuerySequence>
        <linkedObjectSequence>0.0</linkedObjectSequence>
        <name>trxQuickCheck</name>
        <outputCreationSequence>0.0</outputCreationSequence>
        <outputFieldName>CaseSubjRegERecents</outputFieldName>
        <outputObjectName>json</outputObjectName>
        <requiredForUpsert>false</requiredForUpsert>
        <upsertKey>false</upsertKey>
    </omniDataTransformItem>
    <omniDataTransformItem>
        <disabled>false</disabled>
        <filterGroup>0.0</filterGroup>
        <filterOperator>&gt;</filterOperator>
        <filterValue>NumOfMonthsBackDate</filterValue>
        <globalKey>58cb8018-2862-4263-89b8-eb0afab2ff92</globalKey>
        <inputFieldName>ClosedDate</inputFieldName>
        <inputObjectName>Case</inputObjectName>
        <inputObjectQuerySequence>3.0</inputObjectQuerySequence>
        <linkedObjectSequence>0.0</linkedObjectSequence>
        <name>trxQuickCheck</name>
        <outputCreationSequence>0.0</outputCreationSequence>
        <outputFieldName>CaseSubjRegERecents</outputFieldName>
        <outputObjectName>json</outputObjectName>
        <requiredForUpsert>false</requiredForUpsert>
        <upsertKey>false</upsertKey>
    </omniDataTransformItem>
    <omniDataTransformItem>
        <disabled>false</disabled>
        <filterGroup>0.0</filterGroup>
        <filterOperator>=</filterOperator>
        <filterValue>accountId</filterValue>
        <globalKey>a1671b08-7215-4bc2-b7f3-e86a634c4afc</globalKey>
        <inputFieldName>AccountId</inputFieldName>
        <inputObjectName>Case</inputObjectName>
        <inputObjectQuerySequence>3.0</inputObjectQuerySequence>
        <linkedObjectSequence>0.0</linkedObjectSequence>
        <name>trxQuickCheck</name>
        <outputCreationSequence>0.0</outputCreationSequence>
        <outputFieldName>CaseSubjRegERecents</outputFieldName>
        <outputObjectName>json</outputObjectName>
        <requiredForUpsert>false</requiredForUpsert>
        <upsertKey>false</upsertKey>
    </omniDataTransformItem>
    <omniDataTransformItem>
        <disabled>false</disabled>
        <filterGroup>0.0</filterGroup>
        <formulaConverted>| var:CaseDupTrx:Counter SUM</formulaConverted>
        <formulaExpression>SUM(CaseDupTrx:Counter)</formulaExpression>
        <formulaResultPath>TtlDupes</formulaResultPath>
        <formulaSequence>4.0</formulaSequence>
        <globalKey>1f004cd4-cd6b-4414-bd80-21fa9207adfe</globalKey>
        <inputObjectQuerySequence>0.0</inputObjectQuerySequence>
        <linkedObjectSequence>0.0</linkedObjectSequence>
        <name>trxQuickCheck</name>
        <outputCreationSequence>0.0</outputCreationSequence>
        <outputFieldName>Formula</outputFieldName>
        <outputObjectName>Formula</outputObjectName>
        <requiredForUpsert>false</requiredForUpsert>
        <upsertKey>false</upsertKey>
    </omniDataTransformItem>
    <omniDataTransformItem>
        <disabled>false</disabled>
        <filterGroup>0.0</filterGroup>
        <globalKey>7b4ec817-e316-4cb8-80cb-fd41b86248c0</globalKey>
        <inputFieldName>CaseSubjRegERecents:CaseNumber</inputFieldName>
        <inputObjectQuerySequence>0.0</inputObjectQuerySequence>
        <linkedObjectSequence>0.0</linkedObjectSequence>
        <name>trxQuickCheck</name>
        <outputCreationSequence>1.0</outputCreationSequence>
        <outputFieldName>regE2:Case</outputFieldName>
        <outputObjectName>json</outputObjectName>
        <requiredForUpsert>false</requiredForUpsert>
        <upsertKey>false</upsertKey>
    </omniDataTransformItem>
    <omniDataTransformItem>
        <disabled>false</disabled>
        <filterGroup>0.0</filterGroup>
        <globalKey>7246a022-24f6-4419-ad69-638b3b4cec82</globalKey>
        <inputFieldName>CaseSubjRegE:CaseNumber</inputFieldName>
        <inputObjectQuerySequence>0.0</inputObjectQuerySequence>
        <linkedObjectSequence>0.0</linkedObjectSequence>
        <name>trxQuickCheck</name>
        <outputCreationSequence>1.0</outputCreationSequence>
        <outputFieldName>next:CaseNumber</outputFieldName>
        <outputObjectName>json</outputObjectName>
        <requiredForUpsert>false</requiredForUpsert>
        <upsertKey>false</upsertKey>
    </omniDataTransformItem>
    <omniDataTransformItem>
        <disabled>false</disabled>
        <filterGroup>0.0</filterGroup>
        <globalKey>2a5e3931-043f-4eee-985e-90a5583d683c</globalKey>
        <inputFieldName>TtlDupes</inputFieldName>
        <inputObjectQuerySequence>0.0</inputObjectQuerySequence>
        <linkedObjectSequence>0.0</linkedObjectSequence>
        <name>trxQuickCheck</name>
        <outputCreationSequence>1.0</outputCreationSequence>
        <outputFieldName>TtlDupes</outputFieldName>
        <outputObjectName>json</outputObjectName>
        <requiredForUpsert>false</requiredForUpsert>
        <upsertKey>false</upsertKey>
    </omniDataTransformItem>
    <omniDataTransformItem>
        <disabled>false</disabled>
        <filterGroup>0.0</filterGroup>
        <globalKey>720eecfc-a194-4cbd-b95b-2b5744d85dfb</globalKey>
        <inputFieldName>NumOfPastRegE</inputFieldName>
        <inputObjectQuerySequence>0.0</inputObjectQuerySequence>
        <linkedObjectSequence>0.0</linkedObjectSequence>
        <name>trxQuickCheck</name>
        <outputCreationSequence>1.0</outputCreationSequence>
        <outputFieldName>NumOfPastRegEStillOpen</outputFieldName>
        <outputObjectName>json</outputObjectName>
        <requiredForUpsert>false</requiredForUpsert>
        <upsertKey>false</upsertKey>
    </omniDataTransformItem>
    <omniDataTransformItem>
        <disabled>false</disabled>
        <filterGroup>0.0</filterGroup>
        <globalKey>1e4a7cdd-5c36-4bcb-a26a-9d8106ef17d7</globalKey>
        <inputFieldName>CaseDupTrx:CaseNumber</inputFieldName>
        <inputObjectQuerySequence>0.0</inputObjectQuerySequence>
        <linkedObjectSequence>0.0</linkedObjectSequence>
        <name>trxQuickCheck</name>
        <outputCreationSequence>1.0</outputCreationSequence>
        <outputFieldName>Dupe:CaseNumber</outputFieldName>
        <outputObjectName>json</outputObjectName>
        <requiredForUpsert>false</requiredForUpsert>
        <upsertKey>false</upsertKey>
    </omniDataTransformItem>
    <omniDataTransformItem>
        <disabled>false</disabled>
        <filterGroup>0.0</filterGroup>
        <formulaConverted>| var:CaseSubjRegERecents:Counter SUM</formulaConverted>
        <formulaExpression>SUM(CaseSubjRegERecents:Counter)</formulaExpression>
        <formulaResultPath>TtlDupesRecent</formulaResultPath>
        <formulaSequence>6.0</formulaSequence>
        <globalKey>ade3f162-9650-46f6-a2ad-26672b33de03</globalKey>
        <inputObjectQuerySequence>0.0</inputObjectQuerySequence>
        <linkedObjectSequence>0.0</linkedObjectSequence>
        <name>trxQuickCheck</name>
        <outputCreationSequence>0.0</outputCreationSequence>
        <outputFieldName>Formula</outputFieldName>
        <outputObjectName>Formula</outputObjectName>
        <requiredForUpsert>false</requiredForUpsert>
        <upsertKey>false</upsertKey>
    </omniDataTransformItem>
    <omniDataTransformItem>
        <disabled>false</disabled>
        <filterGroup>0.0</filterGroup>
        <formulaConverted>| var:CaseSubjRegERecents:Id 1 0 IF</formulaConverted>
        <formulaExpression>IF(CaseSubjRegERecents:Id,1,0)</formulaExpression>
        <formulaResultPath>CaseSubjRegERecents:Counter</formulaResultPath>
        <formulaSequence>5.0</formulaSequence>
        <globalKey>510968de-bde9-4b83-a47d-86481ab07120</globalKey>
        <inputObjectQuerySequence>0.0</inputObjectQuerySequence>
        <linkedObjectSequence>0.0</linkedObjectSequence>
        <name>trxQuickCheck</name>
        <outputCreationSequence>0.0</outputCreationSequence>
        <outputFieldName>Formula</outputFieldName>
        <outputObjectName>Formula</outputObjectName>
        <requiredForUpsert>false</requiredForUpsert>
        <upsertKey>false</upsertKey>
    </omniDataTransformItem>
    <omniDataTransformItem>
        <disabled>false</disabled>
        <filterGroup>0.0</filterGroup>
        <formulaConverted>| var:CaseDupTrx:Id 1 var:null IF</formulaConverted>
        <formulaExpression>IF(CaseDupTrx:Id,1,null)</formulaExpression>
        <formulaResultPath>CaseDupTrx:Counter</formulaResultPath>
        <formulaSequence>3.0</formulaSequence>
        <globalKey>c4405fb3-3d0c-4d21-bc4a-bc347a607ed8</globalKey>
        <inputObjectQuerySequence>0.0</inputObjectQuerySequence>
        <linkedObjectSequence>0.0</linkedObjectSequence>
        <name>trxQuickCheck</name>
        <outputCreationSequence>0.0</outputCreationSequence>
        <outputFieldName>Formula</outputFieldName>
        <outputObjectName>Formula</outputObjectName>
        <requiredForUpsert>false</requiredForUpsert>
        <upsertKey>false</upsertKey>
    </omniDataTransformItem>
    <outputType>JSON</outputType>
    <previewJsonData>{
  &quot;NumOfMonthsBackDate&quot; : &quot;2021-02-19T01:41:00.824Z&quot;,
  &quot;accountId&quot; : &quot;001B000001QTvuqIAD&quot;,
  &quot;transactionId&quot; : &quot;666c4e7c-1d88-11&quot;
}</previewJsonData>
    <processSuperBulk>false</processSuperBulk>
    <responseCacheTtlMinutes>0.0</responseCacheTtlMinutes>
    <rollbackOnError>false</rollbackOnError>
    <sourceObject>json</sourceObject>
    <sourceObjectDefault>false</sourceObjectDefault>
    <synchronousProcessThreshold>-1.0</synchronousProcessThreshold>
    <type>Extract</type>
    <uniqueName>trxQuickCheck_1</uniqueName>
    <versionNumber>1.0</versionNumber>
    <xmlDeclarationRemoved>false</xmlDeclarationRemoved>
</OmniDataTransform>
