<?xml version="1.0" encoding="UTF-8"?>
<OmniDataTransform xmlns="http://soap.sforce.com/2006/04/metadata">
    <active>true</active>
    <assignmentRulesUsed>false</assignmentRulesUsed>
    <deletedOnSuccess>false</deletedOnSuccess>
    <description>Resets the Classic Checking account balance. Part of the RegE demo cleanup.</description>
    <errorIgnored>false</errorIgnored>
    <expectedInputJson>{
  &quot;vlcTimeTracking&quot; : {
    &quot;drUpdateAccountBalance&quot; : null,
    &quot;ResponseAction3&quot; : null,
    &quot;httpGetAirTableData&quot; : null,
    &quot;svAirTableCreds&quot; : null
  },
  &quot;vlcPersistentComponent&quot; : { },
  &quot;userTimeZone&quot; : null,
  &quot;userProfile&quot; : null,
  &quot;userName&quot; : null,
  &quot;userId&quot; : null,
  &quot;timeStamp&quot; : null,
  &quot;ContextId&quot; : null
}</expectedInputJson>
    <fieldLevelSecurityEnabled>false</fieldLevelSecurityEnabled>
    <inputType>JSON</inputType>
    <name>updateFinancialAccountBalanceOnly</name>
    <nullInputsIncludedInOutput>false</nullInputsIncludedInOutput>
    <omniDataTransformItem>
        <disabled>false</disabled>
        <filterGroup>0.0</filterGroup>
        <globalKey>574b7fd9-867a-432a-98f8-23d28edaad84</globalKey>
        <inputFieldName>financialAccountId</inputFieldName>
        <inputObjectQuerySequence>0.0</inputObjectQuerySequence>
        <linkedObjectSequence>0.0</linkedObjectSequence>
        <name>updateFinancialAccountBalanceOnly</name>
        <outputCreationSequence>1.0</outputCreationSequence>
        <outputFieldName>Id</outputFieldName>
        <outputObjectName>FinServ__FinancialAccount__c</outputObjectName>
        <requiredForUpsert>false</requiredForUpsert>
        <upsertKey>true</upsertKey>
    </omniDataTransformItem>
    <omniDataTransformItem>
        <disabled>false</disabled>
        <filterGroup>0.0</filterGroup>
        <filterOperator>=</filterOperator>
        <globalKey>fb8ca755-cf78-49db-8fa8-7510280d7f4b</globalKey>
        <inputObjectQuerySequence>0.0</inputObjectQuerySequence>
        <linkedObjectSequence>0.0</linkedObjectSequence>
        <migrationValue>FAKEMAPPING</migrationValue>
        <name>updateFinancialAccountBalanceOnly</name>
        <outputCreationSequence>1.0</outputCreationSequence>
        <outputFieldName>Id</outputFieldName>
        <outputObjectName>FinServ__FinancialAccount__c</outputObjectName>
        <requiredForUpsert>false</requiredForUpsert>
        <upsertKey>false</upsertKey>
    </omniDataTransformItem>
    <omniDataTransformItem>
        <disabled>false</disabled>
        <filterGroup>0.0</filterGroup>
        <globalKey>d51878c8-6e4e-4c53-bf21-d3e36af460b6</globalKey>
        <inputFieldName>newBalance</inputFieldName>
        <inputObjectQuerySequence>0.0</inputObjectQuerySequence>
        <linkedObjectSequence>0.0</linkedObjectSequence>
        <name>updateFinancialAccountBalanceOnly</name>
        <outputCreationSequence>1.0</outputCreationSequence>
        <outputFieldName>FinServ__Balance__c</outputFieldName>
        <outputObjectName>FinServ__FinancialAccount__c</outputObjectName>
        <requiredForUpsert>false</requiredForUpsert>
        <upsertKey>false</upsertKey>
    </omniDataTransformItem>
    <outputType>SObject</outputType>
    <previewJsonData>{
  &quot;financialAccountId&quot; : &quot;a4l4W0000026TmTQAU&quot;,
  &quot;newBalance&quot; : 8046.18
}</previewJsonData>
    <processSuperBulk>false</processSuperBulk>
    <responseCacheTtlMinutes>0.0</responseCacheTtlMinutes>
    <rollbackOnError>false</rollbackOnError>
    <sourceObject>json</sourceObject>
    <sourceObjectDefault>false</sourceObjectDefault>
    <synchronousProcessThreshold>-1.0</synchronousProcessThreshold>
    <type>Load</type>
    <uniqueName>updateFinancialAccountBalanceOnly_1</uniqueName>
    <versionNumber>1.0</versionNumber>
    <xmlDeclarationRemoved>false</xmlDeclarationRemoved>
</OmniDataTransform>
